<?xml version="1.0" encoding="UTF-8"?>
<testsuite name="com.app.server.service.appbasicsetup.aaa.JwtConfigTestCase" tests="5" skipped="0" failures="0" errors="0" timestamp="2016-10-27T13:59:19" hostname="40520a1252e0" time="20.082">
  <properties/>
  <testcase name="test1Save" classname="com.app.server.service.appbasicsetup.aaa.JwtConfigTestCase" time="19.947"/>
  <testcase name="test2Update" classname="com.app.server.service.appbasicsetup.aaa.JwtConfigTestCase" time="0.042"/>
  <testcase name="test3FindById" classname="com.app.server.service.appbasicsetup.aaa.JwtConfigTestCase" time="0.026"/>
  <testcase name="test5NegativeTesting" classname="com.app.server.service.appbasicsetup.aaa.JwtConfigTestCase" time="0.032"/>
  <testcase name="test6Delete" classname="com.app.server.service.appbasicsetup.aaa.JwtConfigTestCase" time="0.032"/>
  <system-out><![CDATA[Thu Oct 27 13:59:18 UTC 2016|Log Manager Factory|Initialization Process started.....
Thu Oct 27 13:59:18 UTC 2016|Log Manager|Initialized with Path = [/home/applifire/workspace/appsetup/src/main/webapp/WEB-INF/conf]
Thu Oct 27 13:59:18 UTC 2016|Alarm Manager|Initialized with Path = [/home/applifire/workspace/appsetup/src/main/webapp/WEB-INF/conf]
Thu Oct 27 13:59:18 UTC 2016|Alarm Manager|Loading Alarms ......
Thu Oct 27 13:59:19 UTC 2016|Alarm XML Parser|FWA|XML Parsing Complete........ 
Thu Oct 27 13:59:18 UTC 2016|Alarm File Manager|FWA|Alarm File Status.. [ApplicationFrameworkAlarms.xml]|Version=15|Status=Done 
Thu Oct 27 13:59:19 UTC 2016|Alarm File Manager|FWA|Alarm Stats = ( BC/AL=5/786 SYS=5/11 [786/0]  TPL=0/0 [0/0]  APP= A.Map=[875]  E.Map EC/RC=[391/79] )
Thu Oct 27 13:59:19 UTC 2016|Alarm XML Parser|APP|XML Parsing Complete........ 
Thu Oct 27 13:59:19 UTC 2016|Alarm File Manager|APP|Alarm File Status.. [ApplicationAlarms.xml]|Version=1|Status=Done 
Thu Oct 27 13:59:19 UTC 2016|Alarm File Manager|APP|Alarm Stats = ( BC/AL=5/786 SYS=5/11 [786/0]  TPL=0/0 [0/0]  APP=0/0 [0/0]  A.Map=[875]  E.Map EC/RC=[391/79] )
Thu Oct 27 13:59:19 UTC 2016|ApplicationAlarmContext| <><><><><> Create App Alarms ....  <><><><><> 
Thu Oct 27 13:59:19 UTC 2016|ApplicationAlarmContext|Alarms are generated ONLY in Development Mode.. 
Thu Oct 27 13:59:19 UTC 2016|Alarm Manager|APP|Alarm Stats = ( BC/AL=5/786 SYS=5/11 [786/0]  TPL=0/0 [0/0]  APP=0/0 [0/0]  A.Map=[875]  E.Map EC/RC=[391/79] )
Thu Oct 27 13:59:19 UTC 2016|Alarm Manager|Initialized Exception Lookup...
Thu Oct 27 13:59:19 UTC 2016|Log Manager|Initialize Log Config File ......
Thu Oct 27 13:59:19 UTC 2016|Pluggable Connectors|Adding Connectors : StandardOutputConnector isEnabled=true isDefault=false isFallBack=true
Thu Oct 27 13:59:19 UTC 2016|Pluggable Connectors|Adding Connectors : StandardFileConnector isEnabled=true isDefault=false isFallBack=false
Thu Oct 27 13:59:19 UTC 2016|Pluggable Connectors|Adding Connectors : Sprinkler isEnabled=true isDefault=true isFallBack=false
Thu Oct 27 13:59:19 UTC 2016|Pluggable Connectors|Default Connector Name : com.spartan.logger.core.LogMessenger
Thu Oct 27 13:59:19 UTC 2016|Log Config Parser|Connector Least Log Level =[4]  FallBack Log Level =[3]
Thu Oct 27 13:59:19 UTC 2016|Log Manager|Loading Default Connector for Logging ......
Thu Oct 27 13:59:19 UTC 2016|Log Manager|Loading class .. com.spartan.logger.core.LogMessenger
Thu Oct 27 13:59:19 UTC 2016|Plugggable Connector|Connector class com.spartan.logger.core.LogMessenger Initialized... @ Log Level = 3
Thu Oct 27 13:59:19 UTC 2016|Log Manager|Starting the Default Connector [com.spartan.logger.core.LogMessenger@4ec60971] ....
Thu Oct 27 13:59:19 UTC 2016|Scheduler|Starting the Scheduler ......
Thu Oct 27 13:59:19 UTC 2016|Scheduler|Adding [LMID=[9a328665-5dd6-4e7b-b824-be92cc7f8f12]] Delay=5 Time Unit=MINUTES
Thu Oct 27 13:59:19 UTC 2016|Scheduler|Adding [App Alarm Manager File=[ApplicationAlarms.xml]] Delay=30 Time Unit=MINUTES
Thu Oct 27 13:59:19 UTC 2016|Scheduler|Adding [FW Alarm Manager File=[ApplicationFrameworkAlarms.xml]] Delay=3 Time Unit=MINUTES
Thu Oct 27 13:59:19 UTC 2016|Scheduler|Startup Completed..
Thu Oct 27 13:59:19 UTC 2016|Log Manager|Initialization Process Complete ......
Thu Oct 27 13:59:19 UTC 2016|Log Manager Factory|Log Manager READY! ID = 9a328665-5dd6-4e7b-b824-be92cc7f8f12
[EL Finest]: jpa: 2016-10-27 13:59:25.478--ServerSession(1535227590)--Thread(Thread[Test worker,5,main])--Begin predeploying Persistence Unit com; session file:/home/applifire/workspace/appsetup/build/libs/app-shared-appbasicsetup-aaa-1.0.jar_com; state Initial; factoryCount 0
[EL Finest]: properties: 2016-10-27 13:59:25.491--ServerSession(1535227590)--Thread(Thread[Test worker,5,main])--property=eclipselink.orm.throw.exceptions; default value=true
[EL Finest]: properties: 2016-10-27 13:59:25.492--ServerSession(1535227590)--Thread(Thread[Test worker,5,main])--property=eclipselink.multitenant.tenants-share-emf; default value=true
[EL Finest]: properties: 2016-10-27 13:59:25.492--ServerSession(1535227590)--Thread(Thread[Test worker,5,main])--property=eclipselink.multitenant.tenants-share-cache; default value=false
[EL Finer]: metadata: 2016-10-27 13:59:25.505--ServerSession(1535227590)--Thread(Thread[Test worker,5,main])--Searching for default mapping file in file:/home/applifire/workspace/appsetup/build/libs/app-shared-appbasicsetup-aaa-1.0.jar (There is no English translation for this message.)
[EL Finer]: metadata: 2016-10-27 13:59:25.508--ServerSession(1535227590)--Thread(Thread[Test worker,5,main])--Searching for default mapping file in file:/home/applifire/workspace/appsetup/build/libs/app-shared-appbasicsetup-aaa-1.0.jar (There is no English translation for this message.)
[EL Config]: metadata: 2016-10-27 13:59:25.652--ServerSession(1535227590)--Thread(Thread[Test worker,5,main])--The access type for the persistent class [class com.app.shared.appbasicsetup.usermanagement.ArtPasswordPolicy] is set to [FIELD].
[EL Config]: metadata: 2016-10-27 13:59:25.696--ServerSession(1535227590)--Thread(Thread[Test worker,5,main])--The access type for the persistent class [class com.app.shared.organization.contactmanagement.ContactType] is set to [FIELD].
[EL Config]: metadata: 2016-10-27 13:59:25.697--ServerSession(1535227590)--Thread(Thread[Test worker,5,main])--The access type for the persistent class [class com.app.shared.appbasicsetup.usermanagement.PasswordAlgo] is set to [FIELD].
[EL Config]: metadata: 2016-10-27 13:59:25.698--ServerSession(1535227590)--Thread(Thread[Test worker,5,main])--The access type for the persistent class [class com.app.shared.organization.contactmanagement.CoreContacts] is set to [FIELD].
[EL Config]: metadata: 2016-10-27 13:59:25.704--ServerSession(1535227590)--Thread(Thread[Test worker,5,main])--The target entity (reference) class for the one to one mapping element [field timezone] is being defaulted to: class com.app.shared.organization.locationmanagement.Timezone.
[EL Config]: metadata: 2016-10-27 13:59:25.709--ServerSession(1535227590)--Thread(Thread[Test worker,5,main])--The target entity (reference) class for the one to many mapping element [field address] is being defaulted to: class com.app.shared.organization.locationmanagement.Address.
[EL Config]: metadata: 2016-10-27 13:59:25.71--ServerSession(1535227590)--Thread(Thread[Test worker,5,main])--The access type for the persistent class [class com.app.shared.organization.locationmanagement.City] is set to [FIELD].
[EL Config]: metadata: 2016-10-27 13:59:25.71--ServerSession(1535227590)--Thread(Thread[Test worker,5,main])--The access type for the persistent class [class com.app.shared.appbasicsetup.usermanagement.SessionData] is set to [FIELD].
[EL Config]: metadata: 2016-10-27 13:59:25.711--ServerSession(1535227590)--Thread(Thread[Test worker,5,main])--The access type for the persistent class [class com.app.shared.appbasicsetup.usermanagement.ArtPasswordAlgorithm] is set to [FIELD].
[EL Config]: metadata: 2016-10-27 13:59:25.712--ServerSession(1535227590)--Thread(Thread[Test worker,5,main])--The access type for the persistent class [class com.athena.shared.pluggable.entity.ArtEntity] is set to [FIELD].
[EL Config]: metadata: 2016-10-27 13:59:25.713--ServerSession(1535227590)--Thread(Thread[Test worker,5,main])--The access type for the persistent class [class com.athena.shared.pluggable.entity.AuditPropertiesEntity] is set to [FIELD].
[EL Config]: metadata: 2016-10-27 13:59:25.715--ServerSession(1535227590)--Thread(Thread[Test worker,5,main])--The access type for the persistent class [class com.app.shared.appbasicsetup.aaa.ArtUserLastStatus] is set to [FIELD].
[EL Config]: metadata: 2016-10-27 13:59:25.716--ServerSession(1535227590)--Thread(Thread[Test worker,5,main])--The access type for the persistent class [class com.spartan.healthmeter.entity.ArtHealthStatusConfiguration] is set to [FIELD].
[EL Config]: metadata: 2016-10-27 13:59:25.716--ServerSession(1535227590)--Thread(Thread[Test worker,5,main])--The access type for the persistent class [class com.app.shared.appinsight.alarms.ArtLogSeverity] is set to [FIELD].
[EL Config]: metadata: 2016-10-27 13:59:25.716--ServerSession(1535227590)--Thread(Thread[Test worker,5,main])--The access type for the persistent class [class com.app.shared.organization.contactmanagement.PhoneCategory] is set to [FIELD].
[EL Config]: metadata: 2016-10-27 13:59:25.717--ServerSession(1535227590)--Thread(Thread[Test worker,5,main])--The access type for the persistent class [class com.app.shared.appinsight.alarms.ArtDomain] is set to [FIELD].
[EL Config]: metadata: 2016-10-27 13:59:25.717--ServerSession(1535227590)--Thread(Thread[Test worker,5,main])--The target entity (reference) class for the many to one mapping element [field artBoundedContext] is being defaulted to: class com.app.shared.appinsight.alarms.ArtBoundedContext.
[EL Config]: metadata: 2016-10-27 13:59:25.718--ServerSession(1535227590)--Thread(Thread[Test worker,5,main])--The access type for the persistent class [class com.app.shared.appbasicsetup.usermanagement.ArtAppNotificationTemplate] is set to [FIELD].
[EL Config]: metadata: 2016-10-27 13:59:25.719--ServerSession(1535227590)--Thread(Thread[Test worker,5,main])--The access type for the persistent class [class com.athena.deo.model.ArtExternalIntegration] is set to [FIELD].
[EL Config]: metadata: 2016-10-27 13:59:25.72--ServerSession(1535227590)--Thread(Thread[Test worker,5,main])--The access type for the persistent class [class com.app.shared.appbasicsetup.userrolemanagement.Roles] is set to [FIELD].
[EL Config]: metadata: 2016-10-27 13:59:25.72--ServerSession(1535227590)--Thread(Thread[Test worker,5,main])--The target entity (reference) class for the one to many mapping element [field roleMenuBridge] is being defaulted to: class com.app.shared.appbasicsetup.userrolemanagement.RoleMenuBridge.
[EL Config]: metadata: 2016-10-27 13:59:25.72--ServerSession(1535227590)--Thread(Thread[Test worker,5,main])--The access type for the persistent class [class com.app.shared.organization.contactmanagement.EmailCategory] is set to [FIELD].
[EL Config]: metadata: 2016-10-27 13:59:25.721--ServerSession(1535227590)--Thread(Thread[Test worker,5,main])--The access type for the persistent class [class com.app.shared.organization.locationmanagement.Country] is set to [FIELD].
[EL Config]: metadata: 2016-10-27 13:59:25.722--ServerSession(1535227590)--Thread(Thread[Test worker,5,main])--The access type for the persistent class [class com.app.shared.appbasicsetup.usermanagement.UserDetail] is set to [FIELD].
[EL Config]: metadata: 2016-10-27 13:59:25.722--ServerSession(1535227590)--Thread(Thread[Test worker,5,main])--The target entity (reference) class for the one to one mapping element [field userData] is being defaulted to: class com.app.shared.appbasicsetup.usermanagement.UserData.
[EL Config]: metadata: 2016-10-27 13:59:25.723--ServerSession(1535227590)--Thread(Thread[Test worker,5,main])--The target entity (reference) class for the one to many mapping element [field passRecovery] is being defaulted to: class com.app.shared.appbasicsetup.usermanagement.PassRecovery.
[EL Config]: metadata: 2016-10-27 13:59:25.724--ServerSession(1535227590)--Thread(Thread[Test worker,5,main])--The access type for the persistent class [class com.app.shared.appbasicsetup.usermanagement.ArtDocumentTemplate] is set to [FIELD].
[EL Config]: metadata: 2016-10-27 13:59:25.724--ServerSession(1535227590)--Thread(Thread[Test worker,5,main])--The access type for the persistent class [class com.app.shared.appinsight.alarms.ArtLogAlarm] is set to [FIELD].
[EL Config]: metadata: 2016-10-27 13:59:25.725--ServerSession(1535227590)--Thread(Thread[Test worker,5,main])--The access type for the persistent class [class com.app.shared.organization.contactmanagement.SocialCategory] is set to [FIELD].
[EL Config]: metadata: 2016-10-27 13:59:25.726--ServerSession(1535227590)--Thread(Thread[Test worker,5,main])--The access type for the persistent class [class com.spartan.healthmeter.entity.ZenHealthGauge] is set to [FIELD].
[EL Config]: metadata: 2016-10-27 13:59:25.726--ServerSession(1535227590)--Thread(Thread[Test worker,5,main])--The access type for the persistent class [class com.app.shared.appinsight.alarms.ArtBoundedContext] is set to [FIELD].
[EL Config]: metadata: 2016-10-27 13:59:25.727--ServerSession(1535227590)--Thread(Thread[Test worker,5,main])--The target entity (reference) class for the one to many mapping element [field artDomain] is being defaulted to: class com.app.shared.appinsight.alarms.ArtDomain.
[EL Config]: metadata: 2016-10-27 13:59:25.727--ServerSession(1535227590)--Thread(Thread[Test worker,5,main])--The access type for the persistent class [class com.app.shared.organization.contactmanagement.Gender] is set to [FIELD].
[EL Config]: metadata: 2016-10-27 13:59:25.728--ServerSession(1535227590)--Thread(Thread[Test worker,5,main])--The access type for the persistent class [class com.app.shared.appbasicsetup.usermanagement.SMSNotification] is set to [FIELD].
[EL Config]: metadata: 2016-10-27 13:59:25.728--ServerSession(1535227590)--Thread(Thread[Test worker,5,main])--The access type for the persistent class [class com.app.shared.appbasicsetup.userrolemanagement.RoleMenuBridge] is set to [FIELD].
[EL Config]: metadata: 2016-10-27 13:59:25.729--ServerSession(1535227590)--Thread(Thread[Test worker,5,main])--The target entity (reference) class for the one to one mapping element [field roles] is being defaulted to: class com.app.shared.appbasicsetup.userrolemanagement.Roles.
[EL Config]: metadata: 2016-10-27 13:59:25.729--ServerSession(1535227590)--Thread(Thread[Test worker,5,main])--The access type for the persistent class [class com.app.shared.organization.locationmanagement.Timezone] is set to [FIELD].
[EL Config]: metadata: 2016-10-27 13:59:25.73--ServerSession(1535227590)--Thread(Thread[Test worker,5,main])--The access type for the persistent class [class com.app.shared.appbasicsetup.usermanagement.PasswordPolicy] is set to [FIELD].
[EL Config]: metadata: 2016-10-27 13:59:25.731--ServerSession(1535227590)--Thread(Thread[Test worker,5,main])--The access type for the persistent class [class com.spartan.healthmeter.entity.HealthSchedulerConfiguration] is set to [FIELD].
[EL Config]: metadata: 2016-10-27 13:59:25.731--ServerSession(1535227590)--Thread(Thread[Test worker,5,main])--The access type for the persistent class [class com.app.shared.appinsight.alarms.ArtLogStatus] is set to [FIELD].
[EL Config]: metadata: 2016-10-27 13:59:25.732--ServerSession(1535227590)--Thread(Thread[Test worker,5,main])--The access type for the persistent class [class com.spartan.healthmeter.entity.ZenSchedulerHealth] is set to [FIELD].
[EL Config]: metadata: 2016-10-27 13:59:25.734--ServerSession(1535227590)--Thread(Thread[Test worker,5,main])--The access type for the persistent class [class com.app.shared.organization.locationmanagement.Address] is set to [FIELD].
[EL Config]: metadata: 2016-10-27 13:59:25.734--ServerSession(1535227590)--Thread(Thread[Test worker,5,main])--The access type for the persistent class [class com.app.shared.organization.locationmanagement.Language] is set to [FIELD].
[EL Config]: metadata: 2016-10-27 13:59:25.735--ServerSession(1535227590)--Thread(Thread[Test worker,5,main])--The access type for the persistent class [class com.app.shared.appbasicsetup.usermanagement.PassRecovery] is set to [FIELD].
[EL Config]: metadata: 2016-10-27 13:59:25.735--ServerSession(1535227590)--Thread(Thread[Test worker,5,main])--The target entity (reference) class for the one to one mapping element [field userDetail] is being defaulted to: class com.app.shared.appbasicsetup.usermanagement.UserDetail.
[EL Config]: metadata: 2016-10-27 13:59:25.736--ServerSession(1535227590)--Thread(Thread[Test worker,5,main])--The access type for the persistent class [class com.app.shared.appinsight.alarms.ArtLogConfig] is set to [FIELD].
[EL Config]: metadata: 2016-10-27 13:59:25.736--ServerSession(1535227590)--Thread(Thread[Test worker,5,main])--The access type for the persistent class [class com.app.shared.appinsight.alarms.ArtLogEventAction] is set to [FIELD].
[EL Config]: metadata: 2016-10-27 13:59:25.737--ServerSession(1535227590)--Thread(Thread[Test worker,5,main])--The access type for the persistent class [class com.app.shared.appbasicsetup.usermanagement.SMSConfig] is set to [FIELD].
[EL Config]: metadata: 2016-10-27 13:59:25.737--ServerSession(1535227590)--Thread(Thread[Test worker,5,main])--The access type for the persistent class [class com.app.shared.organization.contactmanagement.EmailCommunication] is set to [FIELD].
[EL Config]: metadata: 2016-10-27 13:59:25.738--ServerSession(1535227590)--Thread(Thread[Test worker,5,main])--The access type for the persistent class [class com.app.shared.appbasicsetup.usermanagement.LoginSession] is set to [FIELD].
[EL Config]: metadata: 2016-10-27 13:59:25.739--ServerSession(1535227590)--Thread(Thread[Test worker,5,main])--The access type for the persistent class [class com.app.shared.organization.locationmanagement.State] is set to [FIELD].
[EL Config]: metadata: 2016-10-27 13:59:25.74--ServerSession(1535227590)--Thread(Thread[Test worker,5,main])--The access type for the persistent class [class com.app.shared.appbasicsetup.usermanagement.UserAccessDomain] is set to [FIELD].
[EL Config]: metadata: 2016-10-27 13:59:25.74--ServerSession(1535227590)--Thread(Thread[Test worker,5,main])--The access type for the persistent class [class com.app.shared.appinsight.alarms.ArtLogConnector] is set to [FIELD].
[EL Config]: metadata: 2016-10-27 13:59:25.74--ServerSession(1535227590)--Thread(Thread[Test worker,5,main])--The target entity (reference) class for the one to many mapping element [field logConnectorAttributes] is being defaulted to: class com.app.shared.appinsight.alarms.ArtLogConnectorAttributes.
[EL Config]: metadata: 2016-10-27 13:59:25.741--ServerSession(1535227590)--Thread(Thread[Test worker,5,main])--The target entity (reference) class for the many to one mapping element [field artLogConfig] is being defaulted to: class com.app.shared.appinsight.alarms.ArtLogConfig.
[EL Config]: metadata: 2016-10-27 13:59:25.741--ServerSession(1535227590)--Thread(Thread[Test worker,5,main])--The access type for the persistent class [class com.app.shared.appinsight.alarms.ArtLoggingProperties] is set to [FIELD].
[EL Config]: metadata: 2016-10-27 13:59:25.742--ServerSession(1535227590)--Thread(Thread[Test worker,5,main])--The target entity (reference) class for the many to one mapping element [field artLogConfig] is being defaulted to: class com.app.shared.appinsight.alarms.ArtLogConfig.
[EL Config]: metadata: 2016-10-27 13:59:25.742--ServerSession(1535227590)--Thread(Thread[Test worker,5,main])--The access type for the persistent class [class com.app.shared.appbasicsetup.aaa.JwtConfig] is set to [FIELD].
[EL Config]: metadata: 2016-10-27 13:59:25.742--ServerSession(1535227590)--Thread(Thread[Test worker,5,main])--The access type for the persistent class [class com.app.shared.appinsight.alarms.ArtLogArchitectureLayer] is set to [FIELD].
[EL Config]: metadata: 2016-10-27 13:59:25.743--ServerSession(1535227590)--Thread(Thread[Test worker,5,main])--The access type for the persistent class [class com.spartan.healthmeter.entity.ZenHealthStatus] is set to [FIELD].
[EL Config]: metadata: 2016-10-27 13:59:25.743--ServerSession(1535227590)--Thread(Thread[Test worker,5,main])--The access type for the persistent class [class com.app.shared.appbasicsetup.userrolemanagement.UserRoleBridge] is set to [FIELD].
[EL Config]: metadata: 2016-10-27 13:59:25.743--ServerSession(1535227590)--Thread(Thread[Test worker,5,main])--The access type for the persistent class [class com.app.shared.organization.contactmanagement.PhoneCommunication] is set to [FIELD].
[EL Config]: metadata: 2016-10-27 13:59:25.744--ServerSession(1535227590)--Thread(Thread[Test worker,5,main])--The access type for the persistent class [class com.app.shared.appbasicsetup.usermanagement.Question] is set to [FIELD].
[EL Config]: metadata: 2016-10-27 13:59:25.744--ServerSession(1535227590)--Thread(Thread[Test worker,5,main])--The access type for the persistent class [class com.app.shared.appbasicsetup.aaa.PublicApi] is set to [FIELD].
[EL Config]: metadata: 2016-10-27 13:59:25.745--ServerSession(1535227590)--Thread(Thread[Test worker,5,main])--The access type for the persistent class [class com.app.shared.appinsight.alarms.ArtLogException] is set to [FIELD].
[EL Config]: metadata: 2016-10-27 13:59:25.745--ServerSession(1535227590)--Thread(Thread[Test worker,5,main])--The access type for the persistent class [class com.spartan.healthmeter.entity.ZenRequestDetails] is set to [FIELD].
[EL Config]: metadata: 2016-10-27 13:59:25.746--ServerSession(1535227590)--Thread(Thread[Test worker,5,main])--The access type for the persistent class [class com.spartan.healthmeter.entity.ArtHealthSchedulerConfiguration] is set to [FIELD].
[EL Config]: metadata: 2016-10-27 13:59:25.747--ServerSession(1535227590)--Thread(Thread[Test worker,5,main])--The access type for the persistent class [class com.athena.shared.dataengine.report.ArtReportUI] is set to [FIELD].
[EL Config]: metadata: 2016-10-27 13:59:25.748--ServerSession(1535227590)--Thread(Thread[Test worker,5,main])--The access type for the persistent class [class com.spartan.healthmeter.entity.ZenHealthCounter] is set to [FIELD].
[EL Config]: metadata: 2016-10-27 13:59:25.748--ServerSession(1535227590)--Thread(Thread[Test worker,5,main])--The access type for the persistent class [class com.app.shared.organization.contactmanagement.SocialCommunication] is set to [FIELD].
[EL Config]: metadata: 2016-10-27 13:59:25.749--ServerSession(1535227590)--Thread(Thread[Test worker,5,main])--The access type for the persistent class [class com.app.shared.appbasicsetup.usermanagement.Login] is set to [FIELD].
[EL Config]: metadata: 2016-10-27 13:59:25.749--ServerSession(1535227590)--Thread(Thread[Test worker,5,main])--The target entity (reference) class for the one to one mapping element [field userDetail] is being defaulted to: class com.app.shared.appbasicsetup.usermanagement.UserDetail.
[EL Config]: metadata: 2016-10-27 13:59:25.749--ServerSession(1535227590)--Thread(Thread[Test worker,5,main])--The target entity (reference) class for the one to one mapping element [field coreContacts] is being defaulted to: class com.app.shared.organization.contactmanagement.CoreContacts.
[EL Config]: metadata: 2016-10-27 13:59:25.75--ServerSession(1535227590)--Thread(Thread[Test worker,5,main])--The access type for the persistent class [class com.spartan.healthmeter.entity.ZenHealth] is set to [FIELD].
[EL Config]: metadata: 2016-10-27 13:59:25.751--ServerSession(1535227590)--Thread(Thread[Test worker,5,main])--The access type for the persistent class [class com.spartan.server.session.entity.AppSessionConfig] is set to [FIELD].
[EL Config]: metadata: 2016-10-27 13:59:25.752--ServerSession(1535227590)--Thread(Thread[Test worker,5,main])--The access type for the persistent class [class com.app.shared.appbasicsetup.userrolemanagement.AppMenus] is set to [FIELD].
[EL Config]: metadata: 2016-10-27 13:59:25.752--ServerSession(1535227590)--Thread(Thread[Test worker,5,main])--The access type for the persistent class [class com.app.shared.appinsight.health.ArtLogEvents] is set to [FIELD].
[EL Config]: metadata: 2016-10-27 13:59:25.754--ServerSession(1535227590)--Thread(Thread[Test worker,5,main])--The access type for the persistent class [class com.app.shared.appinsight.alarms.ArtLogConnectorAttributes] is set to [FIELD].
[EL Config]: metadata: 2016-10-27 13:59:25.754--ServerSession(1535227590)--Thread(Thread[Test worker,5,main])--The target entity (reference) class for the many to one mapping element [field artLogConnector] is being defaulted to: class com.app.shared.appinsight.alarms.ArtLogConnector.
[EL Config]: metadata: 2016-10-27 13:59:25.754--ServerSession(1535227590)--Thread(Thread[Test worker,5,main])--The access type for the persistent class [class com.app.shared.appbasicsetup.usermanagement.UserData] is set to [FIELD].
[EL Config]: metadata: 2016-10-27 13:59:25.754--ServerSession(1535227590)--Thread(Thread[Test worker,5,main])--The target entity (reference) class for the one to one mapping element [field userDetail] is being defaulted to: class com.app.shared.appbasicsetup.usermanagement.UserDetail.
[EL Config]: metadata: 2016-10-27 13:59:25.755--ServerSession(1535227590)--Thread(Thread[Test worker,5,main])--The access type for the persistent class [class com.app.shared.appbasicsetup.usermanagement.UserAccessLevel] is set to [FIELD].
[EL Config]: metadata: 2016-10-27 13:59:25.755--ServerSession(1535227590)--Thread(Thread[Test worker,5,main])--The access type for the persistent class [class com.app.shared.organization.locationmanagement.AddressType] is set to [FIELD].
[EL Config]: metadata: 2016-10-27 13:59:25.756--ServerSession(1535227590)--Thread(Thread[Test worker,5,main])--The access type for the persistent class [class com.app.shared.organization.contactmanagement.Title] is set to [FIELD].
[EL Config]: metadata: 2016-10-27 13:59:25.756--ServerSession(1535227590)--Thread(Thread[Test worker,5,main])--The access type for the persistent class [class com.athena.shared.dataengine.query.ArtQuery] is set to [FIELD].
[EL Config]: metadata: 2016-10-27 13:59:25.757--ServerSession(1535227590)--Thread(Thread[Test worker,5,main])--The access type for the persistent class [class com.spartan.healthmeter.shared.EntityAudit] is set to [FIELD].
[EL Config]: metadata: 2016-10-27 13:59:25.758--ServerSession(1535227590)--Thread(Thread[Test worker,5,main])--The access type for the persistent class [class com.app.shared.SystemInfo] is set to [FIELD].
[EL Config]: metadata: 2016-10-27 13:59:25.758--ServerSession(1535227590)--Thread(Thread[Test worker,5,main])--The access type for the persistent class [class com.spartan.healthmeter.shared.SystemInfo] is set to [FIELD].
[EL Config]: metadata: 2016-10-27 13:59:25.758--ServerSession(1535227590)--Thread(Thread[Test worker,5,main])--The access type for the persistent class [class com.app.shared.EntityAudit] is set to [FIELD].
[EL Config]: metadata: 2016-10-27 13:59:25.765--ServerSession(1535227590)--Thread(Thread[Test worker,5,main])--The alias name for the entity class [class com.app.shared.appbasicsetup.usermanagement.ArtPasswordPolicy] is being defaulted to: ArtPasswordPolicy.
[EL Config]: metadata: 2016-10-27 13:59:25.779--ServerSession(1535227590)--Thread(Thread[Test worker,5,main])--The alias name for the entity class [class com.app.shared.organization.contactmanagement.ContactType] is being defaulted to: ContactType.
[EL Config]: metadata: 2016-10-27 13:59:25.781--ServerSession(1535227590)--Thread(Thread[Test worker,5,main])--The alias name for the entity class [class com.app.shared.appbasicsetup.usermanagement.PasswordAlgo] is being defaulted to: PasswordAlgo.
[EL Config]: metadata: 2016-10-27 13:59:25.781--ServerSession(1535227590)--Thread(Thread[Test worker,5,main])--The alias name for the entity class [class com.app.shared.organization.contactmanagement.CoreContacts] is being defaulted to: CoreContacts.
[EL Config]: metadata: 2016-10-27 13:59:25.782--ServerSession(1535227590)--Thread(Thread[Test worker,5,main])--The alias name for the entity class [class com.app.shared.organization.locationmanagement.City] is being defaulted to: City.
[EL Config]: metadata: 2016-10-27 13:59:25.783--ServerSession(1535227590)--Thread(Thread[Test worker,5,main])--The alias name for the entity class [class com.app.shared.appbasicsetup.usermanagement.SessionData] is being defaulted to: SessionData.
[EL Config]: metadata: 2016-10-27 13:59:25.784--ServerSession(1535227590)--Thread(Thread[Test worker,5,main])--The alias name for the entity class [class com.app.shared.appbasicsetup.usermanagement.ArtPasswordAlgorithm] is being defaulted to: ArtPasswordAlgorithm.
[EL Config]: metadata: 2016-10-27 13:59:25.784--ServerSession(1535227590)--Thread(Thread[Test worker,5,main])--The alias name for the entity class [class com.app.shared.appbasicsetup.aaa.ArtUserLastStatus] is being defaulted to: ArtUserLastStatus.
[EL Config]: metadata: 2016-10-27 13:59:25.785--ServerSession(1535227590)--Thread(Thread[Test worker,5,main])--The alias name for the entity class [class com.spartan.healthmeter.entity.ArtHealthStatusConfiguration] is being defaulted to: ArtHealthStatusConfiguration.
[EL Config]: metadata: 2016-10-27 13:59:25.786--ServerSession(1535227590)--Thread(Thread[Test worker,5,main])--The alias name for the entity class [class com.app.shared.appinsight.alarms.ArtLogSeverity] is being defaulted to: ArtLogSeverity.
[EL Config]: metadata: 2016-10-27 13:59:25.786--ServerSession(1535227590)--Thread(Thread[Test worker,5,main])--The alias name for the entity class [class com.app.shared.organization.contactmanagement.PhoneCategory] is being defaulted to: PhoneCategory.
[EL Config]: metadata: 2016-10-27 13:59:25.787--ServerSession(1535227590)--Thread(Thread[Test worker,5,main])--The alias name for the entity class [class com.app.shared.appinsight.alarms.ArtDomain] is being defaulted to: ArtDomain.
[EL Warning]: metadata: 2016-10-27 13:59:25.787--ServerSession(1535227590)--Thread(Thread[Test worker,5,main])--You have specified multiple ids for the entity class [com.app.shared.appinsight.alarms.ArtDomain] without specifying an @IdClass. By doing this you may lose the ability to find by identity, distributed cache support etc. Note: You may however use entity manager find operations by passing a list of primary key fields. Else, you will have to use JPQL queries to read your entities. For other id options see @PrimaryKey.
[EL Config]: metadata: 2016-10-27 13:59:25.787--ServerSession(1535227590)--Thread(Thread[Test worker,5,main])--The alias name for the entity class [class com.app.shared.appbasicsetup.usermanagement.ArtAppNotificationTemplate] is being defaulted to: ArtAppNotificationTemplate.
[EL Config]: metadata: 2016-10-27 13:59:25.788--ServerSession(1535227590)--Thread(Thread[Test worker,5,main])--The alias name for the entity class [class com.athena.deo.model.ArtExternalIntegration] is being defaulted to: ArtExternalIntegration.
[EL Config]: metadata: 2016-10-27 13:59:25.789--ServerSession(1535227590)--Thread(Thread[Test worker,5,main])--The alias name for the entity class [class com.app.shared.appbasicsetup.userrolemanagement.Roles] is being defaulted to: Roles.
[EL Config]: metadata: 2016-10-27 13:59:25.789--ServerSession(1535227590)--Thread(Thread[Test worker,5,main])--The alias name for the entity class [class com.app.shared.organization.contactmanagement.EmailCategory] is being defaulted to: EmailCategory.
[EL Config]: metadata: 2016-10-27 13:59:25.789--ServerSession(1535227590)--Thread(Thread[Test worker,5,main])--The alias name for the entity class [class com.app.shared.organization.locationmanagement.Country] is being defaulted to: Country.
[EL Config]: metadata: 2016-10-27 13:59:25.79--ServerSession(1535227590)--Thread(Thread[Test worker,5,main])--The alias name for the entity class [class com.app.shared.appbasicsetup.usermanagement.UserDetail] is being defaulted to: UserDetail.
[EL Config]: metadata: 2016-10-27 13:59:25.791--ServerSession(1535227590)--Thread(Thread[Test worker,5,main])--The alias name for the entity class [class com.app.shared.appbasicsetup.usermanagement.ArtDocumentTemplate] is being defaulted to: ArtDocumentTemplate.
[EL Config]: metadata: 2016-10-27 13:59:25.792--ServerSession(1535227590)--Thread(Thread[Test worker,5,main])--The alias name for the entity class [class com.app.shared.appinsight.alarms.ArtLogAlarm] is being defaulted to: ArtLogAlarm.
[EL Config]: metadata: 2016-10-27 13:59:25.792--ServerSession(1535227590)--Thread(Thread[Test worker,5,main])--The alias name for the entity class [class com.app.shared.organization.contactmanagement.SocialCategory] is being defaulted to: SocialCategory.
[EL Config]: metadata: 2016-10-27 13:59:25.793--ServerSession(1535227590)--Thread(Thread[Test worker,5,main])--The alias name for the entity class [class com.spartan.healthmeter.entity.ZenHealthGauge] is being defaulted to: ZenHealthGauge.
[EL Config]: metadata: 2016-10-27 13:59:25.793--ServerSession(1535227590)--Thread(Thread[Test worker,5,main])--The alias name for the entity class [class com.app.shared.appinsight.alarms.ArtBoundedContext] is being defaulted to: ArtBoundedContext.
[EL Config]: metadata: 2016-10-27 13:59:25.794--ServerSession(1535227590)--Thread(Thread[Test worker,5,main])--The alias name for the entity class [class com.app.shared.organization.contactmanagement.Gender] is being defaulted to: Gender.
[EL Config]: metadata: 2016-10-27 13:59:25.794--ServerSession(1535227590)--Thread(Thread[Test worker,5,main])--The alias name for the entity class [class com.app.shared.appbasicsetup.usermanagement.SMSNotification] is being defaulted to: SMSNotification.
[EL Config]: metadata: 2016-10-27 13:59:25.795--ServerSession(1535227590)--Thread(Thread[Test worker,5,main])--The alias name for the entity class [class com.app.shared.appbasicsetup.userrolemanagement.RoleMenuBridge] is being defaulted to: RoleMenuBridge.
[EL Config]: metadata: 2016-10-27 13:59:25.795--ServerSession(1535227590)--Thread(Thread[Test worker,5,main])--The alias name for the entity class [class com.app.shared.organization.locationmanagement.Timezone] is being defaulted to: Timezone.
[EL Config]: metadata: 2016-10-27 13:59:25.796--ServerSession(1535227590)--Thread(Thread[Test worker,5,main])--The alias name for the entity class [class com.app.shared.appbasicsetup.usermanagement.PasswordPolicy] is being defaulted to: PasswordPolicy.
[EL Config]: metadata: 2016-10-27 13:59:25.797--ServerSession(1535227590)--Thread(Thread[Test worker,5,main])--The alias name for the entity class [class com.spartan.healthmeter.entity.HealthSchedulerConfiguration] is being defaulted to: HealthSchedulerConfiguration.
[EL Config]: metadata: 2016-10-27 13:59:25.797--ServerSession(1535227590)--Thread(Thread[Test worker,5,main])--The alias name for the entity class [class com.app.shared.appinsight.alarms.ArtLogStatus] is being defaulted to: ArtLogStatus.
[EL Config]: metadata: 2016-10-27 13:59:25.798--ServerSession(1535227590)--Thread(Thread[Test worker,5,main])--The alias name for the entity class [class com.spartan.healthmeter.entity.ZenSchedulerHealth] is being defaulted to: ZenSchedulerHealth.
[EL Config]: metadata: 2016-10-27 13:59:25.799--ServerSession(1535227590)--Thread(Thread[Test worker,5,main])--The alias name for the entity class [class com.app.shared.organization.locationmanagement.Address] is being defaulted to: Address.
[EL Config]: metadata: 2016-10-27 13:59:25.8--ServerSession(1535227590)--Thread(Thread[Test worker,5,main])--The alias name for the entity class [class com.app.shared.organization.locationmanagement.Language] is being defaulted to: Language.
[EL Config]: metadata: 2016-10-27 13:59:25.8--ServerSession(1535227590)--Thread(Thread[Test worker,5,main])--The alias name for the entity class [class com.app.shared.appbasicsetup.usermanagement.PassRecovery] is being defaulted to: PassRecovery.
[EL Config]: metadata: 2016-10-27 13:59:25.801--ServerSession(1535227590)--Thread(Thread[Test worker,5,main])--The alias name for the entity class [class com.app.shared.appinsight.alarms.ArtLogConfig] is being defaulted to: ArtLogConfig.
[EL Config]: metadata: 2016-10-27 13:59:25.801--ServerSession(1535227590)--Thread(Thread[Test worker,5,main])--The alias name for the entity class [class com.app.shared.appinsight.alarms.ArtLogEventAction] is being defaulted to: ArtLogEventAction.
[EL Config]: metadata: 2016-10-27 13:59:25.801--ServerSession(1535227590)--Thread(Thread[Test worker,5,main])--The alias name for the entity class [class com.app.shared.appbasicsetup.usermanagement.SMSConfig] is being defaulted to: SMSConfig.
[EL Config]: metadata: 2016-10-27 13:59:25.802--ServerSession(1535227590)--Thread(Thread[Test worker,5,main])--The alias name for the entity class [class com.app.shared.organization.contactmanagement.EmailCommunication] is being defaulted to: EmailCommunication.
[EL Config]: metadata: 2016-10-27 13:59:25.802--ServerSession(1535227590)--Thread(Thread[Test worker,5,main])--The alias name for the entity class [class com.app.shared.appbasicsetup.usermanagement.LoginSession] is being defaulted to: LoginSession.
[EL Config]: metadata: 2016-10-27 13:59:25.803--ServerSession(1535227590)--Thread(Thread[Test worker,5,main])--The alias name for the entity class [class com.app.shared.organization.locationmanagement.State] is being defaulted to: State.
[EL Config]: metadata: 2016-10-27 13:59:25.804--ServerSession(1535227590)--Thread(Thread[Test worker,5,main])--The alias name for the entity class [class com.app.shared.appbasicsetup.usermanagement.UserAccessDomain] is being defaulted to: UserAccessDomain.
[EL Config]: metadata: 2016-10-27 13:59:25.804--ServerSession(1535227590)--Thread(Thread[Test worker,5,main])--The alias name for the entity class [class com.app.shared.appinsight.alarms.ArtLogConnector] is being defaulted to: ArtLogConnector.
[EL Config]: metadata: 2016-10-27 13:59:25.805--ServerSession(1535227590)--Thread(Thread[Test worker,5,main])--The alias name for the entity class [class com.app.shared.appinsight.alarms.ArtLoggingProperties] is being defaulted to: ArtLoggingProperties.
[EL Config]: metadata: 2016-10-27 13:59:25.805--ServerSession(1535227590)--Thread(Thread[Test worker,5,main])--The alias name for the entity class [class com.app.shared.appbasicsetup.aaa.JwtConfig] is being defaulted to: JwtConfig.
[EL Config]: metadata: 2016-10-27 13:59:25.806--ServerSession(1535227590)--Thread(Thread[Test worker,5,main])--The alias name for the entity class [class com.app.shared.appinsight.alarms.ArtLogArchitectureLayer] is being defaulted to: ArtLogArchitectureLayer.
[EL Config]: metadata: 2016-10-27 13:59:25.806--ServerSession(1535227590)--Thread(Thread[Test worker,5,main])--The alias name for the entity class [class com.spartan.healthmeter.entity.ZenHealthStatus] is being defaulted to: ZenHealthStatus.
[EL Config]: metadata: 2016-10-27 13:59:25.807--ServerSession(1535227590)--Thread(Thread[Test worker,5,main])--The alias name for the entity class [class com.app.shared.appbasicsetup.userrolemanagement.UserRoleBridge] is being defaulted to: UserRoleBridge.
[EL Config]: metadata: 2016-10-27 13:59:25.807--ServerSession(1535227590)--Thread(Thread[Test worker,5,main])--The alias name for the entity class [class com.app.shared.organization.contactmanagement.PhoneCommunication] is being defaulted to: PhoneCommunication.
[EL Config]: metadata: 2016-10-27 13:59:25.807--ServerSession(1535227590)--Thread(Thread[Test worker,5,main])--The alias name for the entity class [class com.app.shared.appbasicsetup.usermanagement.Question] is being defaulted to: Question.
[EL Config]: metadata: 2016-10-27 13:59:25.808--ServerSession(1535227590)--Thread(Thread[Test worker,5,main])--The alias name for the entity class [class com.app.shared.appbasicsetup.aaa.PublicApi] is being defaulted to: PublicApi.
[EL Config]: metadata: 2016-10-27 13:59:25.808--ServerSession(1535227590)--Thread(Thread[Test worker,5,main])--The alias name for the entity class [class com.app.shared.appinsight.alarms.ArtLogException] is being defaulted to: ArtLogException.
[EL Config]: metadata: 2016-10-27 13:59:25.809--ServerSession(1535227590)--Thread(Thread[Test worker,5,main])--The alias name for the entity class [class com.spartan.healthmeter.entity.ZenRequestDetails] is being defaulted to: ZenRequestDetails.
[EL Config]: metadata: 2016-10-27 13:59:25.809--ServerSession(1535227590)--Thread(Thread[Test worker,5,main])--The alias name for the entity class [class com.spartan.healthmeter.entity.ArtHealthSchedulerConfiguration] is being defaulted to: ArtHealthSchedulerConfiguration.
[EL Config]: metadata: 2016-10-27 13:59:25.81--ServerSession(1535227590)--Thread(Thread[Test worker,5,main])--The alias name for the entity class [class com.athena.shared.dataengine.report.ArtReportUI] is being defaulted to: ArtReportUI.
[EL Config]: metadata: 2016-10-27 13:59:25.811--ServerSession(1535227590)--Thread(Thread[Test worker,5,main])--The alias name for the entity class [class com.spartan.healthmeter.entity.ZenHealthCounter] is being defaulted to: ZenHealthCounter.
[EL Config]: metadata: 2016-10-27 13:59:25.811--ServerSession(1535227590)--Thread(Thread[Test worker,5,main])--The alias name for the entity class [class com.app.shared.organization.contactmanagement.SocialCommunication] is being defaulted to: SocialCommunication.
[EL Config]: metadata: 2016-10-27 13:59:25.812--ServerSession(1535227590)--Thread(Thread[Test worker,5,main])--The alias name for the entity class [class com.app.shared.appbasicsetup.usermanagement.Login] is being defaulted to: Login.
[EL Config]: metadata: 2016-10-27 13:59:25.813--ServerSession(1535227590)--Thread(Thread[Test worker,5,main])--The alias name for the entity class [class com.spartan.healthmeter.entity.ZenHealth] is being defaulted to: ZenHealth.
[EL Config]: metadata: 2016-10-27 13:59:25.814--ServerSession(1535227590)--Thread(Thread[Test worker,5,main])--The alias name for the entity class [class com.spartan.server.session.entity.AppSessionConfig] is being defaulted to: AppSessionConfig.
[EL Config]: metadata: 2016-10-27 13:59:25.815--ServerSession(1535227590)--Thread(Thread[Test worker,5,main])--The alias name for the entity class [class com.app.shared.appbasicsetup.userrolemanagement.AppMenus] is being defaulted to: AppMenus.
[EL Config]: metadata: 2016-10-27 13:59:25.816--ServerSession(1535227590)--Thread(Thread[Test worker,5,main])--The alias name for the entity class [class com.app.shared.appinsight.health.ArtLogEvents] is being defaulted to: ArtLogEvents.
[EL Config]: metadata: 2016-10-27 13:59:25.817--ServerSession(1535227590)--Thread(Thread[Test worker,5,main])--The alias name for the entity class [class com.app.shared.appinsight.alarms.ArtLogConnectorAttributes] is being defaulted to: ArtLogConnectorAttributes.
[EL Config]: metadata: 2016-10-27 13:59:25.817--ServerSession(1535227590)--Thread(Thread[Test worker,5,main])--The alias name for the entity class [class com.app.shared.appbasicsetup.usermanagement.UserData] is being defaulted to: UserData.
[EL Config]: metadata: 2016-10-27 13:59:25.818--ServerSession(1535227590)--Thread(Thread[Test worker,5,main])--The alias name for the entity class [class com.app.shared.appbasicsetup.usermanagement.UserAccessLevel] is being defaulted to: UserAccessLevel.
[EL Config]: metadata: 2016-10-27 13:59:25.818--ServerSession(1535227590)--Thread(Thread[Test worker,5,main])--The alias name for the entity class [class com.app.shared.organization.locationmanagement.AddressType] is being defaulted to: AddressType.
[EL Config]: metadata: 2016-10-27 13:59:25.819--ServerSession(1535227590)--Thread(Thread[Test worker,5,main])--The alias name for the entity class [class com.app.shared.organization.contactmanagement.Title] is being defaulted to: Title.
[EL Config]: metadata: 2016-10-27 13:59:25.819--ServerSession(1535227590)--Thread(Thread[Test worker,5,main])--The alias name for the entity class [class com.athena.shared.dataengine.query.ArtQuery] is being defaulted to: ArtQuery.
[EL Finest]: jpa: 2016-10-27 13:59:26.014--ServerSession(1535227590)--Thread(Thread[Test worker,5,main])--End predeploying Persistence Unit com; session file:/home/applifire/workspace/appsetup/build/libs/app-shared-appbasicsetup-aaa-1.0.jar_com; state Predeployed; factoryCount 1
[EL Finest]: properties: 2016-10-27 13:59:26.018--ServerSession(1535227590)--Thread(Thread[Test worker,5,main])--property=eclipselink.deploy-on-startup; value=true
[EL Finest]: jpa: 2016-10-27 13:59:26.018--ServerSession(1535227590)--Thread(Thread[Test worker,5,main])--Begin deploying Persistence Unit com; session file:/home/applifire/workspace/appsetup/build/libs/app-shared-appbasicsetup-aaa-1.0.jar_com; state Predeployed; factoryCount 1
[EL Finest]: properties: 2016-10-27 13:59:26.076--ServerSession(1535227590)--Thread(Thread[Test worker,5,main])--property=eclipselink.logging.level; value=FINEST; translated value=FINEST
[EL Finest]: properties: 2016-10-27 13:59:26.076--ServerSession(1535227590)--Thread(Thread[Test worker,5,main])--property=eclipselink.logging.level; value=FINEST; translated value=FINEST
[EL Finest]: properties: 2016-10-27 13:59:26.078--ServerSession(1535227590)--Thread(Thread[Test worker,5,main])--property=eclipselink.connection-pool.default.min; value=6
[EL Finest]: properties: 2016-10-27 13:59:26.078--ServerSession(1535227590)--Thread(Thread[Test worker,5,main])--property=eclipselink.connection-pool.default.initial; value=15
[EL Finest]: properties: 2016-10-27 13:59:26.078--ServerSession(1535227590)--Thread(Thread[Test worker,5,main])--property=eclipselink.connection-pool.default.max; value=10
[EL Finest]: properties: 2016-10-27 13:59:26.079--ServerSession(1535227590)--Thread(Thread[Test worker,5,main])--property=eclipselink.cache.shared.default; value=false; translated value=false
[EL Finest]: properties: 2016-10-27 13:59:26.079--ServerSession(1535227590)--Thread(Thread[Test worker,5,main])--property=eclipselink.jdbc.batch-writing; value=JDBC; translated value=JDBC
[EL Finest]: properties: 2016-10-27 13:59:26.079--ServerSession(1535227590)--Thread(Thread[Test worker,5,main])--property=eclipselink.jdbc.batch-writing.size; value=500
[EL Finest]: properties: 2016-10-27 13:59:26.079--ServerSession(1535227590)--Thread(Thread[Test worker,5,main])--property=eclipselink.jdbc.allow-native-sql-queries; value=true
[EL Finest]: properties: 2016-10-27 13:59:26.079--ServerSession(1535227590)--Thread(Thread[Test worker,5,main])--property=eclipselink.allow-zero-id; value=true
[EL Finest]: properties: 2016-10-27 13:59:26.08--ServerSession(1535227590)--Thread(Thread[Test worker,5,main])--property=eclipselink.session.customizer; value=com.app.config.UUIDGenerator
[EL Info]: 2016-10-27 13:59:26.081--ServerSession(1535227590)--Thread(Thread[Test worker,5,main])--EclipseLink, version: Eclipse Persistence Services - 2.5.1.v20130918-f2b9fc5
[EL Finest]: dbPlatformHelper_regExprDbPlatform: 2016-10-27 13:59:26.274--Thread(Thread[Test worker,5,main])--(?i)oracle.*12 (There is no English translation for this message.)
[EL Finest]: dbPlatformHelper_regExprDbPlatform: 2016-10-27 13:59:26.275--Thread(Thread[Test worker,5,main])--(?i)oracle.*11 (There is no English translation for this message.)
[EL Finest]: dbPlatformHelper_regExprDbPlatform: 2016-10-27 13:59:26.275--Thread(Thread[Test worker,5,main])--(?i)oracle.*10 (There is no English translation for this message.)
[EL Finest]: dbPlatformHelper_regExprDbPlatform: 2016-10-27 13:59:26.275--Thread(Thread[Test worker,5,main])--(?i)oracle.*9 (There is no English translation for this message.)
[EL Finest]: dbPlatformHelper_regExprDbPlatform: 2016-10-27 13:59:26.275--Thread(Thread[Test worker,5,main])--(?i)oracle.* (There is no English translation for this message.)
[EL Finest]: dbPlatformHelper_regExprDbPlatform: 2016-10-27 13:59:26.275--Thread(Thread[Test worker,5,main])--SQL\ Anywhere.* (There is no English translation for this message.)
[EL Finest]: dbPlatformHelper_regExprDbPlatform: 2016-10-27 13:59:26.276--Thread(Thread[Test worker,5,main])--(?i)(sybase.*)|(adaptive\ server\ enterprise.*)|(SQL\ Server.*) (There is no English translation for this message.)
[EL Finest]: dbPlatformHelper_regExprDbPlatform: 2016-10-27 13:59:26.276--Thread(Thread[Test worker,5,main])--(?i)microsoft.* (There is no English translation for this message.)
[EL Finest]: dbPlatformHelper_regExprDbPlatform: 2016-10-27 13:59:26.276--Thread(Thread[Test worker,5,main])--(?i).*derby.* (There is no English translation for this message.)
[EL Finest]: dbPlatformHelper_regExprDbPlatform: 2016-10-27 13:59:26.276--Thread(Thread[Test worker,5,main])--(?i).*db2.* (There is no English translation for this message.)
[EL Finest]: dbPlatformHelper_regExprDbPlatform: 2016-10-27 13:59:26.276--Thread(Thread[Test worker,5,main])--(?i)pointbase.* (There is no English translation for this message.)
[EL Finest]: dbPlatformHelper_regExprDbPlatform: 2016-10-27 13:59:26.277--Thread(Thread[Test worker,5,main])--(?i)mysql.* (There is no English translation for this message.)
[EL Fine]: connection: 2016-10-27 13:59:26.277--Thread(Thread[Test worker,5,main])--Detected database platform: org.eclipse.persistence.platform.database.MySQLPlatform
[EL Config]: connection: 2016-10-27 13:59:26.284--ServerSession(1535227590)--Connection(101113841)--Thread(Thread[Test worker,5,main])--connecting(DatabaseLogin(
	platform=>MySQLPlatform
	user name=> ""
	connector=>JNDIConnector datasource name=>null
))
[EL Config]: connection: 2016-10-27 13:59:26.286--ServerSession(1535227590)--Connection(2138463779)--Thread(Thread[Test worker,5,main])--Connected: jdbc:mysql://localhost-MYSQL:3306/appsetup?useUnicode=true&characterEncoding=UTF-8&zeroDateTimeBehavior=convertToNull
	User: algo@ip-172-17-0-5.us-west-2.compute.internal
	Database: MySQL  Version: 5.7.7-rc
	Driver: MySQL Connector Java  Version: mysql-connector-java-5.1.31 ( Revision: alexander.soklakov@oracle.com-20140520065950-groqzzbvxprqdmnz )
[EL Finest]: connection: 2016-10-27 13:59:26.286--ServerSession(1535227590)--Connection(874417461)--Thread(Thread[Test worker,5,main])--Connection acquired from connection pool [read].
[EL Finest]: connection: 2016-10-27 13:59:26.286--ServerSession(1535227590)--Connection(874417461)--Thread(Thread[Test worker,5,main])--Connection released to connection pool [read].
[EL Config]: connection: 2016-10-27 13:59:26.286--ServerSession(1535227590)--Connection(1103670606)--Thread(Thread[Test worker,5,main])--connecting(DatabaseLogin(
	platform=>MySQLPlatform
	user name=> ""
	connector=>JNDIConnector datasource name=>null
))
[EL Config]: connection: 2016-10-27 13:59:26.287--ServerSession(1535227590)--Connection(755630564)--Thread(Thread[Test worker,5,main])--Connected: jdbc:mysql://localhost-MYSQL:3306/appsetup?useUnicode=true&characterEncoding=UTF-8&zeroDateTimeBehavior=convertToNull
	User: algo@ip-172-17-0-5.us-west-2.compute.internal
	Database: MySQL  Version: 5.7.7-rc
	Driver: MySQL Connector Java  Version: mysql-connector-java-5.1.31 ( Revision: alexander.soklakov@oracle.com-20140520065950-groqzzbvxprqdmnz )
[EL Finest]: sequencing: 2016-10-27 13:59:26.294--ServerSession(1535227590)--Thread(Thread[Test worker,5,main])--sequencing connected, state is NoPreallocation_State
[EL Finest]: sequencing: 2016-10-27 13:59:26.295--ServerSession(1535227590)--Thread(Thread[Test worker,5,main])--sequence UUIDGenerator: preallocation size 50
[EL Finest]: sequencing: 2016-10-27 13:59:26.295--ServerSession(1535227590)--Thread(Thread[Test worker,5,main])--sequence SEQ_GEN_IDENTITY: preallocation size 1
[EL Warning]: metadata: 2016-10-27 13:59:26.299--ServerSession(1535227590)--Thread(Thread[Test worker,5,main])--Reverting the lazy setting on the OneToOne or ManyToOne attribute [userDetail] for the entity class [class com.app.shared.appbasicsetup.usermanagement.UserData] since weaving was not enabled or did not occur.
[EL Warning]: metadata: 2016-10-27 13:59:26.301--ServerSession(1535227590)--Thread(Thread[Test worker,5,main])--Reverting the lazy setting on the OneToOne or ManyToOne attribute [userDetail] for the entity class [class com.app.shared.appbasicsetup.usermanagement.PassRecovery] since weaving was not enabled or did not occur.
[EL Warning]: metadata: 2016-10-27 13:59:26.301--ServerSession(1535227590)--Thread(Thread[Test worker,5,main])--Reverting the lazy setting on the OneToOne or ManyToOne attribute [timezone] for the entity class [class com.app.shared.organization.contactmanagement.CoreContacts] since weaving was not enabled or did not occur.
[EL Warning]: metadata: 2016-10-27 13:59:26.302--ServerSession(1535227590)--Thread(Thread[Test worker,5,main])--Reverting the lazy setting on the OneToOne or ManyToOne attribute [userDetail] for the entity class [class com.app.shared.appbasicsetup.usermanagement.Login] since weaving was not enabled or did not occur.
[EL Warning]: metadata: 2016-10-27 13:59:26.302--ServerSession(1535227590)--Thread(Thread[Test worker,5,main])--Reverting the lazy setting on the OneToOne or ManyToOne attribute [coreContacts] for the entity class [class com.app.shared.appbasicsetup.usermanagement.Login] since weaving was not enabled or did not occur.
[EL Warning]: metadata: 2016-10-27 13:59:26.304--ServerSession(1535227590)--Thread(Thread[Test worker,5,main])--Reverting the lazy setting on the OneToOne or ManyToOne attribute [userData] for the entity class [class com.app.shared.appbasicsetup.usermanagement.UserDetail] since weaving was not enabled or did not occur.
[EL Info]: connection: 2016-10-27 13:59:26.517--ServerSession(1535227590)--Thread(Thread[Test worker,5,main])--file:/home/applifire/workspace/appsetup/build/libs/app-shared-appbasicsetup-aaa-1.0.jar_com login successful
[EL Finer]: metamodel: 2016-10-27 13:59:26.535--ServerSession(1535227590)--Thread(Thread[Test worker,5,main])--Canonical Metamodel class [com.app.shared.organization.locationmanagement.City_] not found during initialization.
[EL Finer]: metamodel: 2016-10-27 13:59:26.535--ServerSession(1535227590)--Thread(Thread[Test worker,5,main])--Canonical Metamodel class [com.app.shared.appbasicsetup.usermanagement.SessionData_] not found during initialization.
[EL Finer]: metamodel: 2016-10-27 13:59:26.536--ServerSession(1535227590)--Thread(Thread[Test worker,5,main])--Canonical Metamodel class [com.athena.shared.dataengine.report.ArtReportUI_] not found during initialization.
[EL Finer]: metamodel: 2016-10-27 13:59:26.536--ServerSession(1535227590)--Thread(Thread[Test worker,5,main])--Canonical Metamodel class [com.app.shared.appbasicsetup.aaa.ArtUserLastStatus_] not found during initialization.
[EL Finer]: metamodel: 2016-10-27 13:59:26.536--ServerSession(1535227590)--Thread(Thread[Test worker,5,main])--Canonical Metamodel class [com.app.shared.organization.contactmanagement.PhoneCommunication_] not found during initialization.
[EL Finer]: metamodel: 2016-10-27 13:59:26.537--ServerSession(1535227590)--Thread(Thread[Test worker,5,main])--Canonical Metamodel class [com.app.shared.organization.contactmanagement.Title_] not found during initialization.
[EL Finer]: metamodel: 2016-10-27 13:59:26.537--ServerSession(1535227590)--Thread(Thread[Test worker,5,main])--Canonical Metamodel class [com.spartan.healthmeter.shared.SystemInfo_] not found during initialization.
[EL Finer]: metamodel: 2016-10-27 13:59:26.538--ServerSession(1535227590)--Thread(Thread[Test worker,5,main])--Canonical Metamodel class [com.app.shared.appinsight.alarms.ArtLogArchitectureLayer_] not found during initialization.
[EL Finer]: metamodel: 2016-10-27 13:59:26.538--ServerSession(1535227590)--Thread(Thread[Test worker,5,main])--Canonical Metamodel class [com.app.shared.appbasicsetup.usermanagement.SMSNotification_] not found during initialization.
[EL Finer]: metamodel: 2016-10-27 13:59:26.538--ServerSession(1535227590)--Thread(Thread[Test worker,5,main])--Canonical Metamodel class [com.app.shared.appbasicsetup.usermanagement.Question_] not found during initialization.
[EL Finer]: metamodel: 2016-10-27 13:59:26.539--ServerSession(1535227590)--Thread(Thread[Test worker,5,main])--Canonical Metamodel class [com.app.shared.organization.contactmanagement.EmailCategory_] not found during initialization.
[EL Finer]: metamodel: 2016-10-27 13:59:26.539--ServerSession(1535227590)--Thread(Thread[Test worker,5,main])--Canonical Metamodel class [com.app.shared.appinsight.health.ArtLogEvents_] not found during initialization.
[EL Finer]: metamodel: 2016-10-27 13:59:26.54--ServerSession(1535227590)--Thread(Thread[Test worker,5,main])--Canonical Metamodel class [com.app.shared.organization.contactmanagement.SocialCategory_] not found during initialization.
[EL Finer]: metamodel: 2016-10-27 13:59:26.54--ServerSession(1535227590)--Thread(Thread[Test worker,5,main])--Canonical Metamodel class [com.spartan.healthmeter.entity.HealthSchedulerConfiguration_] not found during initialization.
[EL Finer]: metamodel: 2016-10-27 13:59:26.54--ServerSession(1535227590)--Thread(Thread[Test worker,5,main])--Canonical Metamodel class [com.spartan.server.session.entity.AppSessionConfig_] not found during initialization.
[EL Finer]: metamodel: 2016-10-27 13:59:26.541--ServerSession(1535227590)--Thread(Thread[Test worker,5,main])--Canonical Metamodel class [com.app.shared.appinsight.alarms.ArtBoundedContext_] not found during initialization.
[EL Finer]: metamodel: 2016-10-27 13:59:26.541--ServerSession(1535227590)--Thread(Thread[Test worker,5,main])--Canonical Metamodel class [com.spartan.healthmeter.entity.ZenHealthCounter_] not found during initialization.
[EL Finer]: metamodel: 2016-10-27 13:59:26.542--ServerSession(1535227590)--Thread(Thread[Test worker,5,main])--Canonical Metamodel class [com.app.shared.appinsight.alarms.ArtLoggingProperties_] not found during initialization.
[EL Finer]: metamodel: 2016-10-27 13:59:26.542--ServerSession(1535227590)--Thread(Thread[Test worker,5,main])--Canonical Metamodel class [com.app.shared.appbasicsetup.usermanagement.ArtPasswordPolicy_] not found during initialization.
[EL Finer]: metamodel: 2016-10-27 13:59:26.542--ServerSession(1535227590)--Thread(Thread[Test worker,5,main])--Canonical Metamodel class [com.app.shared.appbasicsetup.userrolemanagement.AppMenus_] not found during initialization.
[EL Finer]: metamodel: 2016-10-27 13:59:26.543--ServerSession(1535227590)--Thread(Thread[Test worker,5,main])--Canonical Metamodel class [com.app.shared.EntityAudit_] not found during initialization.
[EL Finer]: metamodel: 2016-10-27 13:59:26.543--ServerSession(1535227590)--Thread(Thread[Test worker,5,main])--Canonical Metamodel class [com.app.shared.appbasicsetup.usermanagement.UserData_] not found during initialization.
[EL Finer]: metamodel: 2016-10-27 13:59:26.544--ServerSession(1535227590)--Thread(Thread[Test worker,5,main])--Canonical Metamodel class [com.spartan.healthmeter.entity.ZenHealth_] not found during initialization.
[EL Finer]: metamodel: 2016-10-27 13:59:26.544--ServerSession(1535227590)--Thread(Thread[Test worker,5,main])--Canonical Metamodel class [com.app.shared.appinsight.alarms.ArtLogEventAction_] not found during initialization.
[EL Finer]: metamodel: 2016-10-27 13:59:26.544--ServerSession(1535227590)--Thread(Thread[Test worker,5,main])--Canonical Metamodel class [com.spartan.healthmeter.entity.ArtHealthStatusConfiguration_] not found during initialization.
[EL Finer]: metamodel: 2016-10-27 13:59:26.545--ServerSession(1535227590)--Thread(Thread[Test worker,5,main])--Canonical Metamodel class [com.app.shared.organization.locationmanagement.AddressType_] not found during initialization.
[EL Finer]: metamodel: 2016-10-27 13:59:26.545--ServerSession(1535227590)--Thread(Thread[Test worker,5,main])--Canonical Metamodel class [com.app.shared.appbasicsetup.usermanagement.UserAccessDomain_] not found during initialization.
[EL Finer]: metamodel: 2016-10-27 13:59:26.546--ServerSession(1535227590)--Thread(Thread[Test worker,5,main])--Canonical Metamodel class [com.app.shared.organization.locationmanagement.Address_] not found during initialization.
[EL Finer]: metamodel: 2016-10-27 13:59:26.546--ServerSession(1535227590)--Thread(Thread[Test worker,5,main])--Canonical Metamodel class [com.app.shared.appbasicsetup.usermanagement.PassRecovery_] not found during initialization.
[EL Finer]: metamodel: 2016-10-27 13:59:26.546--ServerSession(1535227590)--Thread(Thread[Test worker,5,main])--Canonical Metamodel class [com.app.shared.organization.contactmanagement.CoreContacts_] not found during initialization.
[EL Finer]: metamodel: 2016-10-27 13:59:26.547--ServerSession(1535227590)--Thread(Thread[Test worker,5,main])--Canonical Metamodel class [com.app.shared.organization.contactmanagement.ContactType_] not found during initialization.
[EL Finer]: metamodel: 2016-10-27 13:59:26.547--ServerSession(1535227590)--Thread(Thread[Test worker,5,main])--Canonical Metamodel class [com.app.shared.organization.contactmanagement.SocialCommunication_] not found during initialization.
[EL Finer]: metamodel: 2016-10-27 13:59:26.548--ServerSession(1535227590)--Thread(Thread[Test worker,5,main])--Canonical Metamodel class [com.app.shared.appbasicsetup.usermanagement.LoginSession_] not found during initialization.
[EL Finer]: metamodel: 2016-10-27 13:59:26.548--ServerSession(1535227590)--Thread(Thread[Test worker,5,main])--Canonical Metamodel class [com.app.shared.appbasicsetup.usermanagement.Login_] not found during initialization.
[EL Finer]: metamodel: 2016-10-27 13:59:26.548--ServerSession(1535227590)--Thread(Thread[Test worker,5,main])--Canonical Metamodel class [com.app.shared.appbasicsetup.userrolemanagement.RoleMenuBridge_] not found during initialization.
[EL Finer]: metamodel: 2016-10-27 13:59:26.549--ServerSession(1535227590)--Thread(Thread[Test worker,5,main])--Canonical Metamodel class [com.app.shared.appinsight.alarms.ArtDomain_] not found during initialization.
[EL Finer]: metamodel: 2016-10-27 13:59:26.549--ServerSession(1535227590)--Thread(Thread[Test worker,5,main])--Canonical Metamodel class [com.app.shared.appinsight.alarms.ArtLogStatus_] not found during initialization.
[EL Finer]: metamodel: 2016-10-27 13:59:26.549--ServerSession(1535227590)--Thread(Thread[Test worker,5,main])--Canonical Metamodel class [com.spartan.healthmeter.entity.ZenSchedulerHealth_] not found during initialization.
[EL Finer]: metamodel: 2016-10-27 13:59:26.55--ServerSession(1535227590)--Thread(Thread[Test worker,5,main])--Canonical Metamodel class [com.app.shared.organization.contactmanagement.EmailCommunication_] not found during initialization.
[EL Finer]: metamodel: 2016-10-27 13:59:26.55--ServerSession(1535227590)--Thread(Thread[Test worker,5,main])--Canonical Metamodel class [com.spartan.healthmeter.entity.ZenHealthGauge_] not found during initialization.
[EL Finer]: metamodel: 2016-10-27 13:59:26.551--ServerSession(1535227590)--Thread(Thread[Test worker,5,main])--Canonical Metamodel class [com.app.shared.organization.contactmanagement.Gender_] not found during initialization.
[EL Finer]: metamodel: 2016-10-27 13:59:26.551--ServerSession(1535227590)--Thread(Thread[Test worker,5,main])--Canonical Metamodel class [com.spartan.healthmeter.entity.ZenRequestDetails_] not found during initialization.
[EL Finer]: metamodel: 2016-10-27 13:59:26.551--ServerSession(1535227590)--Thread(Thread[Test worker,5,main])--Canonical Metamodel class [com.spartan.healthmeter.entity.ArtHealthSchedulerConfiguration_] not found during initialization.
[EL Finer]: metamodel: 2016-10-27 13:59:26.552--ServerSession(1535227590)--Thread(Thread[Test worker,5,main])--Canonical Metamodel class [com.app.shared.appinsight.alarms.ArtLogConfig_] not found during initialization.
[EL Finer]: metamodel: 2016-10-27 13:59:26.552--ServerSession(1535227590)--Thread(Thread[Test worker,5,main])--Canonical Metamodel class [com.app.shared.appinsight.alarms.ArtLogConnector_] not found during initialization.
[EL Finer]: metamodel: 2016-10-27 13:59:26.553--ServerSession(1535227590)--Thread(Thread[Test worker,5,main])--Canonical Metamodel class [com.app.shared.organization.locationmanagement.Timezone_] not found during initialization.
[EL Finer]: metamodel: 2016-10-27 13:59:26.553--ServerSession(1535227590)--Thread(Thread[Test worker,5,main])--Canonical Metamodel class [com.app.shared.organization.contactmanagement.PhoneCategory_] not found during initialization.
[EL Finer]: metamodel: 2016-10-27 13:59:26.553--ServerSession(1535227590)--Thread(Thread[Test worker,5,main])--Canonical Metamodel class [com.app.shared.appinsight.alarms.ArtLogConnectorAttributes_] not found during initialization.
[EL Finer]: metamodel: 2016-10-27 13:59:26.554--ServerSession(1535227590)--Thread(Thread[Test worker,5,main])--Canonical Metamodel class [com.app.shared.organization.locationmanagement.Country_] not found during initialization.
[EL Finer]: metamodel: 2016-10-27 13:59:26.554--ServerSession(1535227590)--Thread(Thread[Test worker,5,main])--Canonical Metamodel class [com.app.shared.appinsight.alarms.ArtLogSeverity_] not found during initialization.
[EL Finer]: metamodel: 2016-10-27 13:59:26.555--ServerSession(1535227590)--Thread(Thread[Test worker,5,main])--Canonical Metamodel class [com.app.shared.appbasicsetup.usermanagement.UserDetail_] not found during initialization.
[EL Finer]: metamodel: 2016-10-27 13:59:26.555--ServerSession(1535227590)--Thread(Thread[Test worker,5,main])--Canonical Metamodel class [com.app.shared.appbasicsetup.usermanagement.ArtAppNotificationTemplate_] not found during initialization.
[EL Finer]: metamodel: 2016-10-27 13:59:26.555--ServerSession(1535227590)--Thread(Thread[Test worker,5,main])--Canonical Metamodel class [com.app.shared.appinsight.alarms.ArtLogException_] not found during initialization.
[EL Finer]: metamodel: 2016-10-27 13:59:26.556--ServerSession(1535227590)--Thread(Thread[Test worker,5,main])--Canonical Metamodel class [com.app.shared.appbasicsetup.userrolemanagement.Roles_] not found during initialization.
[EL Finer]: metamodel: 2016-10-27 13:59:26.556--ServerSession(1535227590)--Thread(Thread[Test worker,5,main])--Canonical Metamodel class [com.app.shared.appinsight.alarms.ArtLogAlarm_] not found during initialization.
[EL Finer]: metamodel: 2016-10-27 13:59:26.557--ServerSession(1535227590)--Thread(Thread[Test worker,5,main])--Canonical Metamodel class [com.app.shared.appbasicsetup.usermanagement.PasswordAlgo_] not found during initialization.
[EL Finer]: metamodel: 2016-10-27 13:59:26.557--ServerSession(1535227590)--Thread(Thread[Test worker,5,main])--Canonical Metamodel class [com.app.shared.appbasicsetup.usermanagement.UserAccessLevel_] not found during initialization.
[EL Finer]: metamodel: 2016-10-27 13:59:26.557--ServerSession(1535227590)--Thread(Thread[Test worker,5,main])--Canonical Metamodel class [com.app.shared.organization.locationmanagement.State_] not found during initialization.
[EL Finer]: metamodel: 2016-10-27 13:59:26.558--ServerSession(1535227590)--Thread(Thread[Test worker,5,main])--Canonical Metamodel class [com.app.shared.appbasicsetup.usermanagement.SMSConfig_] not found during initialization.
[EL Finer]: metamodel: 2016-10-27 13:59:26.558--ServerSession(1535227590)--Thread(Thread[Test worker,5,main])--Canonical Metamodel class [com.spartan.healthmeter.shared.EntityAudit_] not found during initialization.
[EL Finer]: metamodel: 2016-10-27 13:59:26.559--ServerSession(1535227590)--Thread(Thread[Test worker,5,main])--Canonical Metamodel class [com.app.shared.appbasicsetup.usermanagement.ArtPasswordAlgorithm_] not found during initialization.
[EL Finer]: metamodel: 2016-10-27 13:59:26.559--ServerSession(1535227590)--Thread(Thread[Test worker,5,main])--Canonical Metamodel class [com.athena.deo.model.ArtExternalIntegration_] not found during initialization.
[EL Finer]: metamodel: 2016-10-27 13:59:26.559--ServerSession(1535227590)--Thread(Thread[Test worker,5,main])--Canonical Metamodel class [com.app.shared.appbasicsetup.usermanagement.PasswordPolicy_] not found during initialization.
[EL Finer]: metamodel: 2016-10-27 13:59:26.56--ServerSession(1535227590)--Thread(Thread[Test worker,5,main])--Canonical Metamodel class [com.app.shared.SystemInfo_] not found during initialization.
[EL Finer]: metamodel: 2016-10-27 13:59:26.56--ServerSession(1535227590)--Thread(Thread[Test worker,5,main])--Canonical Metamodel class [com.app.shared.appbasicsetup.usermanagement.ArtDocumentTemplate_] not found during initialization.
[EL Finer]: metamodel: 2016-10-27 13:59:26.561--ServerSession(1535227590)--Thread(Thread[Test worker,5,main])--Canonical Metamodel class [com.app.shared.organization.locationmanagement.Language_] not found during initialization.
[EL Finer]: metamodel: 2016-10-27 13:59:26.561--ServerSession(1535227590)--Thread(Thread[Test worker,5,main])--Canonical Metamodel class [com.spartan.healthmeter.entity.ZenHealthStatus_] not found during initialization.
[EL Finer]: metamodel: 2016-10-27 13:59:26.561--ServerSession(1535227590)--Thread(Thread[Test worker,5,main])--Canonical Metamodel class [com.athena.shared.dataengine.query.ArtQuery_] not found during initialization.
[EL Finer]: metamodel: 2016-10-27 13:59:26.562--ServerSession(1535227590)--Thread(Thread[Test worker,5,main])--Canonical Metamodel class [com.app.shared.appbasicsetup.aaa.PublicApi_] not found during initialization.
[EL Finer]: metamodel: 2016-10-27 13:59:26.562--ServerSession(1535227590)--Thread(Thread[Test worker,5,main])--Canonical Metamodel class [com.app.shared.appbasicsetup.aaa.JwtConfig_] not found during initialization.
[EL Finer]: metamodel: 2016-10-27 13:59:26.563--ServerSession(1535227590)--Thread(Thread[Test worker,5,main])--Canonical Metamodel class [com.app.shared.appbasicsetup.userrolemanagement.UserRoleBridge_] not found during initialization.
[EL Finer]: metamodel: 2016-10-27 13:59:26.563--ServerSession(1535227590)--Thread(Thread[Test worker,5,main])--Canonical Metamodel class [com.athena.shared.pluggable.entity.ArtEntity_] not found during initialization.
[EL Finer]: metamodel: 2016-10-27 13:59:26.563--ServerSession(1535227590)--Thread(Thread[Test worker,5,main])--Canonical Metamodel class [com.athena.shared.pluggable.entity.AuditPropertiesEntity_] not found during initialization.
[EL Finest]: jpa: 2016-10-27 13:59:26.563--ServerSession(1535227590)--Thread(Thread[Test worker,5,main])--End deploying Persistence Unit com; session file:/home/applifire/workspace/appsetup/build/libs/app-shared-appbasicsetup-aaa-1.0.jar_com; state Deployed; factoryCount 1
[EL Finer]: connection: 2016-10-27 13:59:31.726--ServerSession(1535227590)--Thread(Thread[Test worker,5,main])--client acquired: 613538734
[EL Finer]: transaction: 2016-10-27 13:59:31.733--ClientSession(613538734)--Thread(Thread[Test worker,5,main])--acquire unit of work: 1771487914
[EL Finest]: connection: 2016-10-27 13:59:31.733--ServerSession(1535227590)--Connection(684088590)--Thread(Thread[Test worker,5,main])--Connection acquired from connection pool [default].
[EL Finer]: transaction: 2016-10-27 13:59:31.734--ClientSession(613538734)--Connection(684088590)--Thread(Thread[Test worker,5,main])--begin transaction
[EL Finest]: connection: 2016-10-27 13:59:31.734--ClientSession(613538734)--Thread(Thread[Test worker,5,main])--reconnecting to external connection pool
[EL Finer]: transaction: 2016-10-27 13:59:31.747--UnitOfWork(1771487914)--Thread(Thread[Test worker,5,main])--begin unit of work flush
[EL Finer]: transaction: 2016-10-27 13:59:31.748--UnitOfWork(1771487914)--Thread(Thread[Test worker,5,main])--end unit of work flush
[EL Finest]: query: 2016-10-27 13:59:31.748--UnitOfWork(1771487914)--Thread(Thread[Test worker,5,main])--Execute query ReadAllQuery(referenceClass=ArtQuery sql="SELECT query_id, active_status, app_creator_id, created_by, created_date, hidden_name, jpql_query, name, project_id, project_version_id, query_json, query_type, sql_query, updated_by, updated_date, user_access, version_id FROM art_query WHERE (active_status = ?)")
[EL Fine]: sql: 2016-10-27 13:59:31.75--ClientSession(613538734)--Connection(724074020)--Thread(Thread[Test worker,5,main])--SELECT query_id, active_status, app_creator_id, created_by, created_date, hidden_name, jpql_query, name, project_id, project_version_id, query_json, query_type, sql_query, updated_by, updated_date, user_access, version_id FROM art_query WHERE (active_status = ?)
	bind => [true]
Repository handle
[EL Finer]: transaction: 2016-10-27 13:59:31.765--UnitOfWork(1771487914)--Thread(Thread[Test worker,5,main])--begin unit of work commit
[EL Finer]: transaction: 2016-10-27 13:59:31.767--ClientSession(613538734)--Connection(724074020)--Thread(Thread[Test worker,5,main])--commit transaction
[EL Finest]: connection: 2016-10-27 13:59:31.768--ServerSession(1535227590)--Connection(684088590)--Thread(Thread[Test worker,5,main])--Connection released to connection pool [default].
[EL Finer]: transaction: 2016-10-27 13:59:31.768--UnitOfWork(1771487914)--Thread(Thread[Test worker,5,main])--end unit of work commit
[EL Finer]: transaction: 2016-10-27 13:59:31.768--UnitOfWork(1771487914)--Thread(Thread[Test worker,5,main])--resume unit of work
[EL Finer]: transaction: 2016-10-27 13:59:31.769--UnitOfWork(1771487914)--Thread(Thread[Test worker,5,main])--release unit of work
[EL Finer]: connection: 2016-10-27 13:59:31.769--ClientSession(613538734)--Thread(Thread[Test worker,5,main])--client released
[EL Finer]: connection: 2016-10-27 13:59:31.769--ServerSession(1535227590)--Thread(Thread[Test worker,5,main])--client acquired: 55533036
[EL Finer]: transaction: 2016-10-27 13:59:31.769--ClientSession(55533036)--Thread(Thread[Test worker,5,main])--acquire unit of work: 1335833254
[EL Finest]: connection: 2016-10-27 13:59:31.77--ServerSession(1535227590)--Connection(1555454240)--Thread(Thread[Test worker,5,main])--Connection acquired from connection pool [default].
[EL Finer]: transaction: 2016-10-27 13:59:31.77--ClientSession(55533036)--Connection(1555454240)--Thread(Thread[Test worker,5,main])--begin transaction
[EL Finest]: connection: 2016-10-27 13:59:31.77--ClientSession(55533036)--Thread(Thread[Test worker,5,main])--reconnecting to external connection pool
[EL Finest]: transaction: 2016-10-27 13:59:31.774--UnitOfWork(1335833254)--Thread(Thread[Test worker,5,main])--Merge clone with references AwsQuery [queryId=0EE86C06-ECFE-4E0A-A6A6-5AA00D8A2607, jpqlQuery=select e from SessionData e where e.systemInfo.activeStatus=1 and e.appSessionId=:appSessionId and e.sessionKey =:sessionKey, queryType=1, name=findBySessionKey, hiddenName=FINDBYSESSIONKEY]
[EL Finest]: query: 2016-10-27 13:59:31.774--UnitOfWork(1335833254)--Thread(Thread[Test worker,5,main])--Execute query ReadObjectQuery(referenceClass=ArtQuery )
[EL Fine]: sql: 2016-10-27 13:59:31.775--ClientSession(55533036)--Connection(929711548)--Thread(Thread[Test worker,5,main])--SELECT query_id, active_status, app_creator_id, created_by, created_date, hidden_name, jpql_query, name, project_id, project_version_id, query_json, query_type, sql_query, updated_by, updated_date, user_access, version_id FROM art_query WHERE (query_id = ?)
	bind => [0EE86C06-ECFE-4E0A-A6A6-5AA00D8A2607]
[EL Finer]: transaction: 2016-10-27 13:59:31.777--UnitOfWork(1335833254)--Thread(Thread[Test worker,5,main])--begin unit of work commit
[EL Finest]: query: 2016-10-27 13:59:31.778--UnitOfWork(1335833254)--Thread(Thread[Test worker,5,main])--Execute query UpdateObjectQuery(AwsQuery [queryId=0EE86C06-ECFE-4E0A-A6A6-5AA00D8A2607, jpqlQuery=select e from SessionData e where e.systemInfo.activeStatus=1 and e.appSessionId=:appSessionId and e.sessionKey =:sessionKey, queryType=1, name=findBySessionKey, hiddenName=FINDBYSESSIONKEY])
[EL Fine]: sql: 2016-10-27 13:59:31.778--ClientSession(55533036)--Connection(929711548)--Thread(Thread[Test worker,5,main])--UPDATE art_query SET sql_query = ? WHERE (query_id = ?)
	bind => [SELECT dataId, appSessionId, booleanValue, customerId, dataType, dateTimeValue, jsonValue, numberValue, sessionKey, stringValue, userId, versionId, createdBy, createdDate, updatedBy, updatedDate, activeStatus, txnAccessCode FROM SessionData WHERE (((activeStatus = ?) AND (appSessionId = ?)) AND (sessionKey = ?)), 0EE86C06-ECFE-4E0A-A6A6-5AA00D8A2607]
[EL Finer]: transaction: 2016-10-27 13:59:31.78--ClientSession(55533036)--Connection(929711548)--Thread(Thread[Test worker,5,main])--commit transaction
[EL Finest]: connection: 2016-10-27 13:59:31.782--ServerSession(1535227590)--Connection(1555454240)--Thread(Thread[Test worker,5,main])--Connection released to connection pool [default].
[EL Finer]: transaction: 2016-10-27 13:59:31.782--UnitOfWork(1335833254)--Thread(Thread[Test worker,5,main])--end unit of work commit
[EL Finer]: transaction: 2016-10-27 13:59:31.782--UnitOfWork(1335833254)--Thread(Thread[Test worker,5,main])--resume unit of work
[EL Finer]: transaction: 2016-10-27 13:59:31.783--UnitOfWork(1335833254)--Thread(Thread[Test worker,5,main])--release unit of work
[EL Finer]: connection: 2016-10-27 13:59:31.783--ClientSession(55533036)--Thread(Thread[Test worker,5,main])--client released
[EL Finer]: connection: 2016-10-27 13:59:31.783--ServerSession(1535227590)--Thread(Thread[Test worker,5,main])--client acquired: 407484519
[EL Finer]: transaction: 2016-10-27 13:59:31.783--ClientSession(407484519)--Thread(Thread[Test worker,5,main])--acquire unit of work: 266960550
[EL Finest]: connection: 2016-10-27 13:59:31.783--ServerSession(1535227590)--Connection(712625267)--Thread(Thread[Test worker,5,main])--Connection acquired from connection pool [default].
[EL Finer]: transaction: 2016-10-27 13:59:31.783--ClientSession(407484519)--Connection(712625267)--Thread(Thread[Test worker,5,main])--begin transaction
[EL Finest]: connection: 2016-10-27 13:59:31.784--ClientSession(407484519)--Thread(Thread[Test worker,5,main])--reconnecting to external connection pool
[EL Finest]: transaction: 2016-10-27 13:59:31.796--UnitOfWork(266960550)--Thread(Thread[Test worker,5,main])--Merge clone with references AwsQuery [queryId=2AB1480E-5F24-4C0A-8EA1-0AE3DED1FBF5, jpqlQuery=SELECT zenHealthStatus.healthId,zenHealthStatus.scheduledDateTime,zenHealthStatus.serverInstanceId,zenHealthStatus.serverIpAddress, FUNCTION('ROUND',100 - (zenHealthStatus.usedSpace/zenHealthStatus.totalSpace )* 100) AS freeSpace, FUNCTION('ROUND',(zenHealthStatus.usedSpace/zenHealthStatus.totalSpace )* 100 ) AS usedSpace, FUNCTION('ROUND',(zenHealthStatus.totalSpace/1024)/1024) AS totalSpace, zenHealthStatus.status FROM ZenHealthStatus AS zenHealthStatus ORDER BY zenHealthStatus.scheduledDateTime DESC, queryType=2, name=System Memory Usage, hiddenName=SYSTEM MEMORY USAGE]
[EL Finest]: query: 2016-10-27 13:59:31.796--UnitOfWork(266960550)--Thread(Thread[Test worker,5,main])--Execute query ReadObjectQuery(referenceClass=ArtQuery )
[EL Fine]: sql: 2016-10-27 13:59:31.796--ClientSession(407484519)--Connection(1683289195)--Thread(Thread[Test worker,5,main])--SELECT query_id, active_status, app_creator_id, created_by, created_date, hidden_name, jpql_query, name, project_id, project_version_id, query_json, query_type, sql_query, updated_by, updated_date, user_access, version_id FROM art_query WHERE (query_id = ?)
	bind => [2AB1480E-5F24-4C0A-8EA1-0AE3DED1FBF5]
[EL Finer]: transaction: 2016-10-27 13:59:31.798--UnitOfWork(266960550)--Thread(Thread[Test worker,5,main])--begin unit of work commit
[EL Finest]: query: 2016-10-27 13:59:31.798--UnitOfWork(266960550)--Thread(Thread[Test worker,5,main])--Execute query UpdateObjectQuery(AwsQuery [queryId=2AB1480E-5F24-4C0A-8EA1-0AE3DED1FBF5, jpqlQuery=SELECT zenHealthStatus.healthId,zenHealthStatus.scheduledDateTime,zenHealthStatus.serverInstanceId,zenHealthStatus.serverIpAddress, FUNCTION('ROUND',100 - (zenHealthStatus.usedSpace/zenHealthStatus.totalSpace )* 100) AS freeSpace, FUNCTION('ROUND',(zenHealthStatus.usedSpace/zenHealthStatus.totalSpace )* 100 ) AS usedSpace, FUNCTION('ROUND',(zenHealthStatus.totalSpace/1024)/1024) AS totalSpace, zenHealthStatus.status FROM ZenHealthStatus AS zenHealthStatus ORDER BY zenHealthStatus.scheduledDateTime DESC, queryType=2, name=System Memory Usage, hiddenName=SYSTEM MEMORY USAGE])
[EL Fine]: sql: 2016-10-27 13:59:31.798--ClientSession(407484519)--Connection(1683289195)--Thread(Thread[Test worker,5,main])--UPDATE art_query SET sql_query = ? WHERE (query_id = ?)
	bind => [SELECT healthId, scheduledDateTime, serverInstanceId, serverIpAddress, ROUND((? - ((usedSpace / totalSpace) * ?))), ROUND(((usedSpace / totalSpace) * ?)), ROUND(((totalSpace / ?) / ?)), status FROM zen_health_status ORDER BY scheduledDateTime DESC, 2AB1480E-5F24-4C0A-8EA1-0AE3DED1FBF5]
[EL Finer]: transaction: 2016-10-27 13:59:31.8--ClientSession(407484519)--Connection(1683289195)--Thread(Thread[Test worker,5,main])--commit transaction
[EL Finest]: connection: 2016-10-27 13:59:31.802--ServerSession(1535227590)--Connection(712625267)--Thread(Thread[Test worker,5,main])--Connection released to connection pool [default].
[EL Finer]: transaction: 2016-10-27 13:59:31.802--UnitOfWork(266960550)--Thread(Thread[Test worker,5,main])--end unit of work commit
[EL Finer]: transaction: 2016-10-27 13:59:31.802--UnitOfWork(266960550)--Thread(Thread[Test worker,5,main])--resume unit of work
[EL Finer]: transaction: 2016-10-27 13:59:31.803--UnitOfWork(266960550)--Thread(Thread[Test worker,5,main])--release unit of work
[EL Finer]: connection: 2016-10-27 13:59:31.803--ClientSession(407484519)--Thread(Thread[Test worker,5,main])--client released
[EL Finer]: connection: 2016-10-27 13:59:31.803--ServerSession(1535227590)--Thread(Thread[Test worker,5,main])--client acquired: 315903885
[EL Finer]: transaction: 2016-10-27 13:59:31.803--ClientSession(315903885)--Thread(Thread[Test worker,5,main])--acquire unit of work: 817019811
[EL Finest]: connection: 2016-10-27 13:59:31.803--ServerSession(1535227590)--Connection(641524559)--Thread(Thread[Test worker,5,main])--Connection acquired from connection pool [default].
[EL Finer]: transaction: 2016-10-27 13:59:31.803--ClientSession(315903885)--Connection(641524559)--Thread(Thread[Test worker,5,main])--begin transaction
[EL Finest]: connection: 2016-10-27 13:59:31.803--ClientSession(315903885)--Thread(Thread[Test worker,5,main])--reconnecting to external connection pool
[EL Finest]: transaction: 2016-10-27 13:59:31.806--UnitOfWork(817019811)--Thread(Thread[Test worker,5,main])--Merge clone with references AwsQuery [queryId=72CDB96A-0192-46E8-AD11-6244115DF65B, jpqlQuery=SELECT u FROM Login u WHERE u.systemInfo.activeStatus=1 AND u.userDetail.userId NOT IN (SELECT ub.userId FROM UserRoleBridge ub), queryType=1, name=findUnMappedUser, hiddenName=FINDUNMAPPEDUSER]
[EL Finest]: query: 2016-10-27 13:59:31.806--UnitOfWork(817019811)--Thread(Thread[Test worker,5,main])--Execute query ReadObjectQuery(referenceClass=ArtQuery )
[EL Fine]: sql: 2016-10-27 13:59:31.806--ClientSession(315903885)--Connection(1815392436)--Thread(Thread[Test worker,5,main])--SELECT query_id, active_status, app_creator_id, created_by, created_date, hidden_name, jpql_query, name, project_id, project_version_id, query_json, query_type, sql_query, updated_by, updated_date, user_access, version_id FROM art_query WHERE (query_id = ?)
	bind => [72CDB96A-0192-46E8-AD11-6244115DF65B]
[EL Finer]: transaction: 2016-10-27 13:59:31.808--UnitOfWork(817019811)--Thread(Thread[Test worker,5,main])--begin unit of work commit
[EL Finest]: query: 2016-10-27 13:59:31.808--UnitOfWork(817019811)--Thread(Thread[Test worker,5,main])--Execute query UpdateObjectQuery(AwsQuery [queryId=72CDB96A-0192-46E8-AD11-6244115DF65B, jpqlQuery=SELECT u FROM Login u WHERE u.systemInfo.activeStatus=1 AND u.userDetail.userId NOT IN (SELECT ub.userId FROM UserRoleBridge ub), queryType=1, name=findUnMappedUser, hiddenName=FINDUNMAPPEDUSER])
[EL Fine]: sql: 2016-10-27 13:59:31.808--ClientSession(315903885)--Connection(1815392436)--Thread(Thread[Test worker,5,main])--UPDATE art_query SET sql_query = ? WHERE (query_id = ?)
	bind => [SELECT t0.loginPk, t0.failedLoginAttempts, t0.loginId, t0.serverAuthImage, t0.serverAuthText, t0.versionId, t0.createdBy, t0.createdDate, t0.updatedBy, t0.updatedDate, t0.activeStatus, t0.txnAccessCode, t0.contactId, t0.userId FROM Login t0, UserDetail t1 WHERE (((t0.activeStatus = ?) AND t1.userId NOT IN (SELECT t2.userId FROM UserRoleBridge t2)) AND (t1.userId = t0.userId)), 72CDB96A-0192-46E8-AD11-6244115DF65B]
[EL Finer]: transaction: 2016-10-27 13:59:31.809--ClientSession(315903885)--Connection(1815392436)--Thread(Thread[Test worker,5,main])--commit transaction
[EL Finest]: connection: 2016-10-27 13:59:31.812--ServerSession(1535227590)--Connection(641524559)--Thread(Thread[Test worker,5,main])--Connection released to connection pool [default].
[EL Finer]: transaction: 2016-10-27 13:59:31.812--UnitOfWork(817019811)--Thread(Thread[Test worker,5,main])--end unit of work commit
[EL Finer]: transaction: 2016-10-27 13:59:31.812--UnitOfWork(817019811)--Thread(Thread[Test worker,5,main])--resume unit of work
[EL Finer]: transaction: 2016-10-27 13:59:31.812--UnitOfWork(817019811)--Thread(Thread[Test worker,5,main])--release unit of work
[EL Finer]: connection: 2016-10-27 13:59:31.812--ClientSession(315903885)--Thread(Thread[Test worker,5,main])--client released
[EL Finer]: connection: 2016-10-27 13:59:31.812--ServerSession(1535227590)--Thread(Thread[Test worker,5,main])--client acquired: 2056799696
[EL Finer]: transaction: 2016-10-27 13:59:31.813--ClientSession(2056799696)--Thread(Thread[Test worker,5,main])--acquire unit of work: 588224913
[EL Finest]: connection: 2016-10-27 13:59:31.813--ServerSession(1535227590)--Connection(1428885650)--Thread(Thread[Test worker,5,main])--Connection acquired from connection pool [default].
[EL Finer]: transaction: 2016-10-27 13:59:31.813--ClientSession(2056799696)--Connection(1428885650)--Thread(Thread[Test worker,5,main])--begin transaction
[EL Finest]: connection: 2016-10-27 13:59:31.813--ClientSession(2056799696)--Thread(Thread[Test worker,5,main])--reconnecting to external connection pool
[EL Finest]: transaction: 2016-10-27 13:59:31.823--UnitOfWork(588224913)--Thread(Thread[Test worker,5,main])--Merge clone with references AwsQuery [queryId=762EB692-286F-4156-81B7-EA58DA7373E4, jpqlQuery=SELECT COUNT(logSeverity.severity) AS logseverity_severity, 'Request' AS logevents_entityaudit_createdby, logArchitectureLayer.layerId, logArchitectureLayer.layerName, myBoundedContext.boundedContextName, logEvents.userId, logEvents.eventDate, myDomain.domainName, logSeverity.severityId, logSeverity.severity, logEventAction.eventActionId, logEventAction.eventAction, logEvents.logeventId, logEvents.requestId, logEvents.className, logEvents.methodName, logEvents.eventDateTime FROM ArtLogArchitectureLayer AS logArchitectureLayer, ArtBoundedContext AS myBoundedContext, ArtDomain AS myDomain, ArtLogSeverity AS logSeverity, ArtLogEventAction AS logEventAction, ArtLogEvents AS logEvents WHERE myBoundedContext.alarmPrefix = logEvents.boundedContextId AND myDomain.alarmPrefix = logEvents.domainId AND myBoundedContext.boundedContextId = myDomain.artBoundedContext.boundedContextId AND logArchitectureLayer.layerId = logEvents.layerId AND logEventAction.eventActionId = logEvents.eventAction AND logSeverity.severityId = logEvents.severity AND logEvents.eventDateTime >= :eventDateTime AND logEvents.eventDateTime <= :eventDateTime1 AND logEvents.boundedContextId LIKE :boundedContextId1 AND logEvents.domainId LIKE :domainId1 AND logArchitectureLayer.layerId >= :layerId AND logArchitectureLayer.layerId <= :layerId1 AND logEventAction.eventActionId >= :eventActionId AND logEventAction.eventActionId <= :eventActionId1 AND logEvents.className LIKE :className GROUP BY logArchitectureLayer.layerId, logArchitectureLayer.layerName, logEvents.userId, myBoundedContext.boundedContextName, myDomain.domainName, logSeverity.severityId, logSeverity.severity, logEventAction.eventActionId, logEventAction.eventAction, logEvents.logeventId, logEvents.requestId, logEvents.className, logEvents.methodName, logEvents.eventDate, logEvents.eventDateTime ORDER BY logEvents.eventDateTime DESC , queryType=2, name=Event Summary, hiddenName=EVENT SUMMARY]
[EL Finest]: query: 2016-10-27 13:59:31.823--UnitOfWork(588224913)--Thread(Thread[Test worker,5,main])--Execute query ReadObjectQuery(referenceClass=ArtQuery )
[EL Fine]: sql: 2016-10-27 13:59:31.823--ClientSession(2056799696)--Connection(1956779664)--Thread(Thread[Test worker,5,main])--SELECT query_id, active_status, app_creator_id, created_by, created_date, hidden_name, jpql_query, name, project_id, project_version_id, query_json, query_type, sql_query, updated_by, updated_date, user_access, version_id FROM art_query WHERE (query_id = ?)
	bind => [762EB692-286F-4156-81B7-EA58DA7373E4]
[EL Finer]: transaction: 2016-10-27 13:59:31.825--UnitOfWork(588224913)--Thread(Thread[Test worker,5,main])--begin unit of work commit
[EL Finest]: query: 2016-10-27 13:59:31.825--UnitOfWork(588224913)--Thread(Thread[Test worker,5,main])--Execute query UpdateObjectQuery(AwsQuery [queryId=762EB692-286F-4156-81B7-EA58DA7373E4, jpqlQuery=SELECT COUNT(logSeverity.severity) AS logseverity_severity, 'Request' AS logevents_entityaudit_createdby, logArchitectureLayer.layerId, logArchitectureLayer.layerName, myBoundedContext.boundedContextName, logEvents.userId, logEvents.eventDate, myDomain.domainName, logSeverity.severityId, logSeverity.severity, logEventAction.eventActionId, logEventAction.eventAction, logEvents.logeventId, logEvents.requestId, logEvents.className, logEvents.methodName, logEvents.eventDateTime FROM ArtLogArchitectureLayer AS logArchitectureLayer, ArtBoundedContext AS myBoundedContext, ArtDomain AS myDomain, ArtLogSeverity AS logSeverity, ArtLogEventAction AS logEventAction, ArtLogEvents AS logEvents WHERE myBoundedContext.alarmPrefix = logEvents.boundedContextId AND myDomain.alarmPrefix = logEvents.domainId AND myBoundedContext.boundedContextId = myDomain.artBoundedContext.boundedContextId AND logArchitectureLayer.layerId = logEvents.layerId AND logEventAction.eventActionId = logEvents.eventAction AND logSeverity.severityId = logEvents.severity AND logEvents.eventDateTime >= :eventDateTime AND logEvents.eventDateTime <= :eventDateTime1 AND logEvents.boundedContextId LIKE :boundedContextId1 AND logEvents.domainId LIKE :domainId1 AND logArchitectureLayer.layerId >= :layerId AND logArchitectureLayer.layerId <= :layerId1 AND logEventAction.eventActionId >= :eventActionId AND logEventAction.eventActionId <= :eventActionId1 AND logEvents.className LIKE :className GROUP BY logArchitectureLayer.layerId, logArchitectureLayer.layerName, logEvents.userId, myBoundedContext.boundedContextName, myDomain.domainName, logSeverity.severityId, logSeverity.severity, logEventAction.eventActionId, logEventAction.eventAction, logEvents.logeventId, logEvents.requestId, logEvents.className, logEvents.methodName, logEvents.eventDate, logEvents.eventDateTime ORDER BY logEvents.eventDateTime DESC , queryType=2, name=Event Summary, hiddenName=EVENT SUMMARY])
[EL Fine]: sql: 2016-10-27 13:59:31.826--ClientSession(2056799696)--Connection(1956779664)--Thread(Thread[Test worker,5,main])--UPDATE art_query SET sql_query = ? WHERE (query_id = ?)
	bind => [SELECT COUNT(t0.severity), ?, t1.layerId, t1.layerName, t2.boundedContextName, t3.userId, t3.eventDate, t4.domainName, t0.severityId, t0.severity, t5.eventActionId, t5.eventAction, t3.logeventId, t3.requestId, t3.className, t3.methodName, t3.eventDateTime FROM art_bounded_context t6, art_log_event_action_m t5, art_domain t4, art_log_events_t t3, art_bounded_context t2, art_log_architecture_layer_m t1, art_log_severity_m t0 WHERE ((((((((((((((((t2.alarmPrefix = t3.boundedContextId) AND (t4.alarmPrefix = t3.domainId)) AND (t2.boundedContextId = t6.boundedContextId)) AND (t1.layerId = t3.layerId)) AND (t5.eventActionId = t3.eventAction)) AND (t0.severityId = t3.severity)) AND (t3.eventDateTime >= ?)) AND (t3.eventDateTime <= ?)) AND t3.boundedContextId LIKE ?) AND t3.domainId LIKE ?) AND (t1.layerId >= ?)) AND (t1.layerId <= ?)) AND (t5.eventActionId >= ?)) AND (t5.eventActionId <= ?)) AND t3.className LIKE ?) AND (t6.boundedContextId = t4.boundedContextId)) GROUP BY t1.layerId, t1.layerName, t3.userId, t2.boundedContextName, t4.domainName, t0.severityId, t0.severity, t5.eventActionId, t5.eventAction, t3.logeventId, t3.requestId, t3.className, t3.methodName, t3.eventDate, t3.eventDateTime ORDER BY t3.eventDateTime DESC, 762EB692-286F-4156-81B7-EA58DA7373E4]
[EL Finer]: transaction: 2016-10-27 13:59:31.827--ClientSession(2056799696)--Connection(1956779664)--Thread(Thread[Test worker,5,main])--commit transaction
[EL Finest]: connection: 2016-10-27 13:59:31.83--ServerSession(1535227590)--Connection(1428885650)--Thread(Thread[Test worker,5,main])--Connection released to connection pool [default].
[EL Finer]: transaction: 2016-10-27 13:59:31.83--UnitOfWork(588224913)--Thread(Thread[Test worker,5,main])--end unit of work commit
[EL Finer]: transaction: 2016-10-27 13:59:31.831--UnitOfWork(588224913)--Thread(Thread[Test worker,5,main])--resume unit of work
[EL Finer]: transaction: 2016-10-27 13:59:31.831--UnitOfWork(588224913)--Thread(Thread[Test worker,5,main])--release unit of work
[EL Finer]: connection: 2016-10-27 13:59:31.831--ClientSession(2056799696)--Thread(Thread[Test worker,5,main])--client released
[EL Finer]: connection: 2016-10-27 13:59:31.831--ServerSession(1535227590)--Thread(Thread[Test worker,5,main])--client acquired: 717064458
[EL Finer]: transaction: 2016-10-27 13:59:31.832--ClientSession(717064458)--Thread(Thread[Test worker,5,main])--acquire unit of work: 24118642
[EL Finest]: connection: 2016-10-27 13:59:31.832--ServerSession(1535227590)--Connection(1635090458)--Thread(Thread[Test worker,5,main])--Connection acquired from connection pool [default].
[EL Finer]: transaction: 2016-10-27 13:59:31.832--ClientSession(717064458)--Connection(1635090458)--Thread(Thread[Test worker,5,main])--begin transaction
[EL Finest]: connection: 2016-10-27 13:59:31.832--ClientSession(717064458)--Thread(Thread[Test worker,5,main])--reconnecting to external connection pool
[EL Finest]: transaction: 2016-10-27 13:59:31.838--UnitOfWork(24118642)--Thread(Thread[Test worker,5,main])--Merge clone with references AwsQuery [queryId=8B9A58B5-D9B9-4079-8C28-7F2F434FE5C4, jpqlQuery=SELECT COUNT(logSeverity.severity) AS logseverity_severity, logSeverity.severityId, logSeverity.severity, myBoundedContext.boundedContextName, logArchitectureLayer.layerId, logArchitectureLayer.layerName, myDomain.domainName, logEvents.eventDate FROM ArtLogSeverity AS logSeverity, ArtBoundedContext AS myBoundedContext, ArtLogArchitectureLayer AS logArchitectureLayer, ArtDomain AS myDomain, ArtLogEvents AS logEvents WHERE logArchitectureLayer.layerId = logEvents.layerId AND logSeverity.severityId = logEvents.severity AND myBoundedContext.alarmPrefix = logEvents.boundedContextId AND myDomain.alarmPrefix = logEvents.domainId AND myBoundedContext.boundedContextId = myDomain.artBoundedContext.boundedContextId AND logEvents.eventDate >= :eventDate AND logEvents.eventDate <= :eventDate1 AND logEvents.boundedContextId LIKE :boundedContextId1 AND logEvents.domainId LIKE :domainId1 GROUP BY logSeverity.severityId, logSeverity.severity, myBoundedContext.boundedContextName, logArchitectureLayer.layerId, logArchitectureLayer.layerName, myDomain.domainName, logEvents.eventDate ORDER BY logEvents.eventDate DESC, queryType=2, name=Event Summary Layer wise, hiddenName=EVENT SUMMARY LAYER WISE]
[EL Finest]: query: 2016-10-27 13:59:31.838--UnitOfWork(24118642)--Thread(Thread[Test worker,5,main])--Execute query ReadObjectQuery(referenceClass=ArtQuery )
[EL Fine]: sql: 2016-10-27 13:59:31.838--ClientSession(717064458)--Connection(717455063)--Thread(Thread[Test worker,5,main])--SELECT query_id, active_status, app_creator_id, created_by, created_date, hidden_name, jpql_query, name, project_id, project_version_id, query_json, query_type, sql_query, updated_by, updated_date, user_access, version_id FROM art_query WHERE (query_id = ?)
	bind => [8B9A58B5-D9B9-4079-8C28-7F2F434FE5C4]
[EL Finer]: transaction: 2016-10-27 13:59:31.84--UnitOfWork(24118642)--Thread(Thread[Test worker,5,main])--begin unit of work commit
[EL Finest]: query: 2016-10-27 13:59:31.841--UnitOfWork(24118642)--Thread(Thread[Test worker,5,main])--Execute query UpdateObjectQuery(AwsQuery [queryId=8B9A58B5-D9B9-4079-8C28-7F2F434FE5C4, jpqlQuery=SELECT COUNT(logSeverity.severity) AS logseverity_severity, logSeverity.severityId, logSeverity.severity, myBoundedContext.boundedContextName, logArchitectureLayer.layerId, logArchitectureLayer.layerName, myDomain.domainName, logEvents.eventDate FROM ArtLogSeverity AS logSeverity, ArtBoundedContext AS myBoundedContext, ArtLogArchitectureLayer AS logArchitectureLayer, ArtDomain AS myDomain, ArtLogEvents AS logEvents WHERE logArchitectureLayer.layerId = logEvents.layerId AND logSeverity.severityId = logEvents.severity AND myBoundedContext.alarmPrefix = logEvents.boundedContextId AND myDomain.alarmPrefix = logEvents.domainId AND myBoundedContext.boundedContextId = myDomain.artBoundedContext.boundedContextId AND logEvents.eventDate >= :eventDate AND logEvents.eventDate <= :eventDate1 AND logEvents.boundedContextId LIKE :boundedContextId1 AND logEvents.domainId LIKE :domainId1 GROUP BY logSeverity.severityId, logSeverity.severity, myBoundedContext.boundedContextName, logArchitectureLayer.layerId, logArchitectureLayer.layerName, myDomain.domainName, logEvents.eventDate ORDER BY logEvents.eventDate DESC, queryType=2, name=Event Summary Layer wise, hiddenName=EVENT SUMMARY LAYER WISE])
[EL Fine]: sql: 2016-10-27 13:59:31.841--ClientSession(717064458)--Connection(717455063)--Thread(Thread[Test worker,5,main])--UPDATE art_query SET sql_query = ? WHERE (query_id = ?)
	bind => [SELECT COUNT(t0.severity), t0.severityId, t0.severity, t1.boundedContextName, t2.layerId, t2.layerName, t3.domainName, t4.eventDate FROM art_bounded_context t5, art_log_events_t t4, art_domain t3, art_log_architecture_layer_m t2, art_bounded_context t1, art_log_severity_m t0 WHERE ((((((((((t2.layerId = t4.layerId) AND (t0.severityId = t4.severity)) AND (t1.alarmPrefix = t4.boundedContextId)) AND (t3.alarmPrefix = t4.domainId)) AND (t1.boundedContextId = t5.boundedContextId)) AND (t4.eventDate >= ?)) AND (t4.eventDate <= ?)) AND t4.boundedContextId LIKE ?) AND t4.domainId LIKE ?) AND (t5.boundedContextId = t3.boundedContextId)) GROUP BY t0.severityId, t0.severity, t1.boundedContextName, t2.layerId, t2.layerName, t3.domainName, t4.eventDate ORDER BY t4.eventDate DESC, 8B9A58B5-D9B9-4079-8C28-7F2F434FE5C4]
[EL Finer]: transaction: 2016-10-27 13:59:31.842--ClientSession(717064458)--Connection(717455063)--Thread(Thread[Test worker,5,main])--commit transaction
[EL Finest]: connection: 2016-10-27 13:59:31.845--ServerSession(1535227590)--Connection(1635090458)--Thread(Thread[Test worker,5,main])--Connection released to connection pool [default].
[EL Finer]: transaction: 2016-10-27 13:59:31.846--UnitOfWork(24118642)--Thread(Thread[Test worker,5,main])--end unit of work commit
[EL Finer]: transaction: 2016-10-27 13:59:31.846--UnitOfWork(24118642)--Thread(Thread[Test worker,5,main])--resume unit of work
[EL Finer]: transaction: 2016-10-27 13:59:31.846--UnitOfWork(24118642)--Thread(Thread[Test worker,5,main])--release unit of work
[EL Finer]: connection: 2016-10-27 13:59:31.846--ClientSession(717064458)--Thread(Thread[Test worker,5,main])--client released
[EL Finer]: connection: 2016-10-27 13:59:31.847--ServerSession(1535227590)--Thread(Thread[Test worker,5,main])--client acquired: 1385513834
[EL Finer]: transaction: 2016-10-27 13:59:31.847--ClientSession(1385513834)--Thread(Thread[Test worker,5,main])--acquire unit of work: 1165823617
[EL Finest]: connection: 2016-10-27 13:59:31.847--ServerSession(1535227590)--Connection(356735691)--Thread(Thread[Test worker,5,main])--Connection acquired from connection pool [default].
[EL Finer]: transaction: 2016-10-27 13:59:31.847--ClientSession(1385513834)--Connection(356735691)--Thread(Thread[Test worker,5,main])--begin transaction
[EL Finest]: connection: 2016-10-27 13:59:31.847--ClientSession(1385513834)--Thread(Thread[Test worker,5,main])--reconnecting to external connection pool
[EL Finest]: transaction: 2016-10-27 13:59:31.856--UnitOfWork(1165823617)--Thread(Thread[Test worker,5,main])--Merge clone with references AwsQuery [queryId=939C5B61-24FB-4F96-903C-2A16A9FEE622, jpqlQuery=SELECT CONCAT(login.coreContacts.firstName, ' : ', login.coreContacts.lastName, ' : ', logEvents.sessionId, ' : ', logEvents.requestId) AS login_corecontacts_lastname, myDomain.domainName, logSeverity.severityId, logSeverity.severity, logEventAction.eventActionId, logEventAction.eventAction, logStatus.statusId, logStatus.alarmStatus, myBoundedContext.boundedContextName, logEvents.logeventId, logEvents.alarmId, logEvents.multiTenantId, CONCAT(logEvents.userIpAddress, ':', logEvents.userPort) AS ipPort, CONCAT(logEvents.geoLatitude, ' / ', logEvents.geoLongitude) AS latLong, logEvents.sessionId, logEvents.requestId, logEvents.className, logEvents.methodName, logEvents.message, logEvents.context, logEvents.eventDateTime, logArchitectureLayer.layerName FROM ArtDomain AS myDomain, ArtLogStatus AS logStatus, ArtLogEventAction AS logEventAction, ArtLogSeverity AS logSeverity, ArtBoundedContext AS myBoundedContext, ArtLogEvents AS logEvents, ArtLogArchitectureLayer AS logArchitectureLayer, Login AS login WHERE logArchitectureLayer.layerId = logEvents.layerId AND logEventAction.eventActionId = logEvents.eventAction AND logSeverity.severityId = logEvents.severity AND logStatus.statusId = logEvents.alarmStatus AND login.userDetail.userId = logEvents.userId AND myBoundedContext.alarmPrefix = logEvents.boundedContextId AND myDomain.alarmPrefix = logEvents.domainId AND myBoundedContext.boundedContextId = myDomain.artBoundedContext.boundedContextId AND logEvents.eventDateTime >= :eventDateTime1 AND logEvents.eventDateTime <= :eventDateTime2 AND logEvents.requestId LIKE :requestId , queryType=2, name=Event Details, hiddenName=EVENT DETAILS]
[EL Finest]: query: 2016-10-27 13:59:31.856--UnitOfWork(1165823617)--Thread(Thread[Test worker,5,main])--Execute query ReadObjectQuery(referenceClass=ArtQuery )
[EL Fine]: sql: 2016-10-27 13:59:31.856--ClientSession(1385513834)--Connection(1041722940)--Thread(Thread[Test worker,5,main])--SELECT query_id, active_status, app_creator_id, created_by, created_date, hidden_name, jpql_query, name, project_id, project_version_id, query_json, query_type, sql_query, updated_by, updated_date, user_access, version_id FROM art_query WHERE (query_id = ?)
	bind => [939C5B61-24FB-4F96-903C-2A16A9FEE622]
[EL Finer]: transaction: 2016-10-27 13:59:31.858--UnitOfWork(1165823617)--Thread(Thread[Test worker,5,main])--begin unit of work commit
[EL Finest]: query: 2016-10-27 13:59:31.858--UnitOfWork(1165823617)--Thread(Thread[Test worker,5,main])--Execute query UpdateObjectQuery(AwsQuery [queryId=939C5B61-24FB-4F96-903C-2A16A9FEE622, jpqlQuery=SELECT CONCAT(login.coreContacts.firstName, ' : ', login.coreContacts.lastName, ' : ', logEvents.sessionId, ' : ', logEvents.requestId) AS login_corecontacts_lastname, myDomain.domainName, logSeverity.severityId, logSeverity.severity, logEventAction.eventActionId, logEventAction.eventAction, logStatus.statusId, logStatus.alarmStatus, myBoundedContext.boundedContextName, logEvents.logeventId, logEvents.alarmId, logEvents.multiTenantId, CONCAT(logEvents.userIpAddress, ':', logEvents.userPort) AS ipPort, CONCAT(logEvents.geoLatitude, ' / ', logEvents.geoLongitude) AS latLong, logEvents.sessionId, logEvents.requestId, logEvents.className, logEvents.methodName, logEvents.message, logEvents.context, logEvents.eventDateTime, logArchitectureLayer.layerName FROM ArtDomain AS myDomain, ArtLogStatus AS logStatus, ArtLogEventAction AS logEventAction, ArtLogSeverity AS logSeverity, ArtBoundedContext AS myBoundedContext, ArtLogEvents AS logEvents, ArtLogArchitectureLayer AS logArchitectureLayer, Login AS login WHERE logArchitectureLayer.layerId = logEvents.layerId AND logEventAction.eventActionId = logEvents.eventAction AND logSeverity.severityId = logEvents.severity AND logStatus.statusId = logEvents.alarmStatus AND login.userDetail.userId = logEvents.userId AND myBoundedContext.alarmPrefix = logEvents.boundedContextId AND myDomain.alarmPrefix = logEvents.domainId AND myBoundedContext.boundedContextId = myDomain.artBoundedContext.boundedContextId AND logEvents.eventDateTime >= :eventDateTime1 AND logEvents.eventDateTime <= :eventDateTime2 AND logEvents.requestId LIKE :requestId , queryType=2, name=Event Details, hiddenName=EVENT DETAILS])
[EL Fine]: sql: 2016-10-27 13:59:31.859--ClientSession(1385513834)--Connection(1041722940)--Thread(Thread[Test worker,5,main])--UPDATE art_query SET sql_query = ? WHERE (query_id = ?)
	bind => [SELECT CONCAT(CONCAT(CONCAT(CONCAT(CONCAT(CONCAT(t0.firstName, ?), t0.lastName), ?), t2.sessionId), ?), t2.requestId), t3.domainName, t4.severityId, t4.severity, t5.eventActionId, t5.eventAction, t6.statusId, t6.alarmStatus, t7.boundedContextName, t2.logeventId, t2.alarmId, t2.multiTenantId, CONCAT(CONCAT(t2.userIpAddress, ?), t2.userPort), CONCAT(CONCAT(t2.geoLatitude, ?), t2.geoLongitude), t2.sessionId, t2.requestId, t2.className, t2.methodName, t2.message, t2.context, t2.eventDateTime, t8.layerName FROM art_bounded_context t10, UserDetail t9, art_log_architecture_layer_m t8, art_bounded_context t7, art_log_status_m t6, art_log_event_action_m t5, art_log_severity_m t4, art_domain t3, art_log_events_t t2, Login t1, CoreContacts t0 WHERE ((((((((((((t8.layerId = t2.layerId) AND (t5.eventActionId = t2.eventAction)) AND (t4.severityId = t2.severity)) AND (t6.statusId = t2.alarmStatus)) AND (t9.userId = t2.userId)) AND (t7.alarmPrefix = t2.boundedContextId)) AND (t3.alarmPrefix = t2.domainId)) AND (t7.boundedContextId = t10.boundedContextId)) AND (t2.eventDateTime >= ?)) AND (t2.eventDateTime <= ?)) AND t2.requestId LIKE ?) AND (((t9.userId = t1.userId) AND (t10.boundedContextId = t3.boundedContextId)) AND (t0.contactId = t1.contactId))), 939C5B61-24FB-4F96-903C-2A16A9FEE622]
[EL Finer]: transaction: 2016-10-27 13:59:31.86--ClientSession(1385513834)--Connection(1041722940)--Thread(Thread[Test worker,5,main])--commit transaction
[EL Finest]: connection: 2016-10-27 13:59:31.863--ServerSession(1535227590)--Connection(356735691)--Thread(Thread[Test worker,5,main])--Connection released to connection pool [default].
[EL Finer]: transaction: 2016-10-27 13:59:31.863--UnitOfWork(1165823617)--Thread(Thread[Test worker,5,main])--end unit of work commit
[EL Finer]: transaction: 2016-10-27 13:59:31.863--UnitOfWork(1165823617)--Thread(Thread[Test worker,5,main])--resume unit of work
[EL Finer]: transaction: 2016-10-27 13:59:31.863--UnitOfWork(1165823617)--Thread(Thread[Test worker,5,main])--release unit of work
[EL Finer]: connection: 2016-10-27 13:59:31.863--ClientSession(1385513834)--Thread(Thread[Test worker,5,main])--client released
[EL Finer]: connection: 2016-10-27 13:59:31.864--ServerSession(1535227590)--Thread(Thread[Test worker,5,main])--client acquired: 41980717
[EL Finer]: transaction: 2016-10-27 13:59:31.864--ClientSession(41980717)--Thread(Thread[Test worker,5,main])--acquire unit of work: 1195274403
[EL Finest]: connection: 2016-10-27 13:59:31.864--ServerSession(1535227590)--Connection(1414857183)--Thread(Thread[Test worker,5,main])--Connection acquired from connection pool [default].
[EL Finer]: transaction: 2016-10-27 13:59:31.864--ClientSession(41980717)--Connection(1414857183)--Thread(Thread[Test worker,5,main])--begin transaction
[EL Finest]: connection: 2016-10-27 13:59:31.864--ClientSession(41980717)--Thread(Thread[Test worker,5,main])--reconnecting to external connection pool
[EL Finest]: transaction: 2016-10-27 13:59:31.866--UnitOfWork(1195274403)--Thread(Thread[Test worker,5,main])--Merge clone with references AwsQuery [queryId=B0E7BACB-73AD-4DFF-BF7F-EFC7EDC3922B, jpqlQuery=SELECT u FROM Login u WHERE u.systemInfo.activeStatus=1 AND u.userDetail.userId IN (SELECT ub.userId FROM UserRoleBridge ub), queryType=1, name=findMappedUser, hiddenName=FINDMAPPEDUSER]
[EL Finest]: query: 2016-10-27 13:59:31.867--UnitOfWork(1195274403)--Thread(Thread[Test worker,5,main])--Execute query ReadObjectQuery(referenceClass=ArtQuery )
[EL Fine]: sql: 2016-10-27 13:59:31.867--ClientSession(41980717)--Connection(768092655)--Thread(Thread[Test worker,5,main])--SELECT query_id, active_status, app_creator_id, created_by, created_date, hidden_name, jpql_query, name, project_id, project_version_id, query_json, query_type, sql_query, updated_by, updated_date, user_access, version_id FROM art_query WHERE (query_id = ?)
	bind => [B0E7BACB-73AD-4DFF-BF7F-EFC7EDC3922B]
[EL Finer]: transaction: 2016-10-27 13:59:31.868--UnitOfWork(1195274403)--Thread(Thread[Test worker,5,main])--begin unit of work commit
[EL Finest]: query: 2016-10-27 13:59:31.868--UnitOfWork(1195274403)--Thread(Thread[Test worker,5,main])--Execute query UpdateObjectQuery(AwsQuery [queryId=B0E7BACB-73AD-4DFF-BF7F-EFC7EDC3922B, jpqlQuery=SELECT u FROM Login u WHERE u.systemInfo.activeStatus=1 AND u.userDetail.userId IN (SELECT ub.userId FROM UserRoleBridge ub), queryType=1, name=findMappedUser, hiddenName=FINDMAPPEDUSER])
[EL Fine]: sql: 2016-10-27 13:59:31.869--ClientSession(41980717)--Connection(768092655)--Thread(Thread[Test worker,5,main])--UPDATE art_query SET sql_query = ? WHERE (query_id = ?)
	bind => [SELECT t0.loginPk, t0.failedLoginAttempts, t0.loginId, t0.serverAuthImage, t0.serverAuthText, t0.versionId, t0.createdBy, t0.createdDate, t0.updatedBy, t0.updatedDate, t0.activeStatus, t0.txnAccessCode, t0.contactId, t0.userId FROM Login t0, UserDetail t1 WHERE (((t0.activeStatus = ?) AND t1.userId IN (SELECT t2.userId FROM UserRoleBridge t2)) AND (t1.userId = t0.userId)), B0E7BACB-73AD-4DFF-BF7F-EFC7EDC3922B]
[EL Finer]: transaction: 2016-10-27 13:59:31.87--ClientSession(41980717)--Connection(768092655)--Thread(Thread[Test worker,5,main])--commit transaction
[EL Finest]: connection: 2016-10-27 13:59:31.872--ServerSession(1535227590)--Connection(1414857183)--Thread(Thread[Test worker,5,main])--Connection released to connection pool [default].
[EL Finer]: transaction: 2016-10-27 13:59:31.872--UnitOfWork(1195274403)--Thread(Thread[Test worker,5,main])--end unit of work commit
[EL Finer]: transaction: 2016-10-27 13:59:31.872--UnitOfWork(1195274403)--Thread(Thread[Test worker,5,main])--resume unit of work
[EL Finer]: transaction: 2016-10-27 13:59:31.872--UnitOfWork(1195274403)--Thread(Thread[Test worker,5,main])--release unit of work
[EL Finer]: connection: 2016-10-27 13:59:31.873--ClientSession(41980717)--Thread(Thread[Test worker,5,main])--client released
[EL Finer]: connection: 2016-10-27 13:59:31.873--ServerSession(1535227590)--Thread(Thread[Test worker,5,main])--client acquired: 1913409952
[EL Finer]: transaction: 2016-10-27 13:59:31.873--ClientSession(1913409952)--Thread(Thread[Test worker,5,main])--acquire unit of work: 113449439
[EL Finest]: connection: 2016-10-27 13:59:31.873--ServerSession(1535227590)--Connection(1926726384)--Thread(Thread[Test worker,5,main])--Connection acquired from connection pool [default].
[EL Finer]: transaction: 2016-10-27 13:59:31.873--ClientSession(1913409952)--Connection(1926726384)--Thread(Thread[Test worker,5,main])--begin transaction
[EL Finest]: connection: 2016-10-27 13:59:31.873--ClientSession(1913409952)--Thread(Thread[Test worker,5,main])--reconnecting to external connection pool
[EL Finest]: transaction: 2016-10-27 13:59:31.881--UnitOfWork(113449439)--Thread(Thread[Test worker,5,main])--Merge clone with references AwsQuery [queryId=B5164BB3-7157-42EC-A53B-384F7A731479, jpqlQuery=SELECT zenHealth.monitorId,zenHealth.scheduledDateTime,zenHealth.serverInstanceId,zenHealth.serverIpAddress,zenHealth.totalClass,zenHealth.classLoaded, zenHealth.classUnloaded,zenHealth.gcCollectionTime,zenHealth.gcMemoryName, ((zenHealth.nonHeapCommitted/1024)/1024) AS nonHeapCommitted, (zenHealth.nonHeapUsed/1024)/1024 AS nonHeapUsed, (zenHealth.heapCommitted/1024)/1024 AS heapCommitted, (zenHealth.maxMemory/1024)/1024 AS maxMemory , 100 - ((zenHealth.usedMemory/zenHealth.totalMemory) * 100) AS freeMemory, (zenHealth.heapUsed/1024)/1024 AS heapUsed, (zenHealth.totalMemory/1024)/1024 AS totalMemory, zenHealth.startTime, zenHealth.upTime,zenHealth.cpuTime, (zenHealth.freePhysicalSize/1024)/1024 AS freePhysicalSize, (zenHealth.totalPhysicalMemorySize/1024)/1024 AS totalPhysicalMemorySize, zenHealth.cpuLoadTime, FUNCTION('ROUND',(zenHealth.freeSwapSize/1024)/1024) AS freeSwapSize, zenHealth.systemLoadAverage, FUNCTION('ROUND',(zenHealth.totalSwapSize/1024)/1024) AS totalSwapSize, zenHealth.availableProcessor,zenHealth.totalThread, zenHealth.threadPeakCount,zenHealth.threadStartedCount,zenHealth.threadDaemonCount,zenHealth.threadCpuTime, zenHealth.threadUserTime,zenHealth.cpuLoad, (zenHealth.usedMemory/zenHealth.totalMemory) * 100 AS usedMemory, (zenHealth.usedSwapSize/1024)/1024 AS usedSwapSize, (zenHealth.usedPhysicalMemory /1024)/1024 AS usedPhysicalMemory FROM ZenHealth AS zenHealth ORDER BY zenHealth.scheduledDateTime DESC, queryType=2, name=App Server Memory Usage, hiddenName=APP SERVER MEMORY USAGE]
[EL Finest]: query: 2016-10-27 13:59:31.881--UnitOfWork(113449439)--Thread(Thread[Test worker,5,main])--Execute query ReadObjectQuery(referenceClass=ArtQuery )
[EL Fine]: sql: 2016-10-27 13:59:31.881--ClientSession(1913409952)--Connection(1196284276)--Thread(Thread[Test worker,5,main])--SELECT query_id, active_status, app_creator_id, created_by, created_date, hidden_name, jpql_query, name, project_id, project_version_id, query_json, query_type, sql_query, updated_by, updated_date, user_access, version_id FROM art_query WHERE (query_id = ?)
	bind => [B5164BB3-7157-42EC-A53B-384F7A731479]
[EL Finer]: transaction: 2016-10-27 13:59:31.883--UnitOfWork(113449439)--Thread(Thread[Test worker,5,main])--begin unit of work commit
[EL Finest]: query: 2016-10-27 13:59:31.883--UnitOfWork(113449439)--Thread(Thread[Test worker,5,main])--Execute query UpdateObjectQuery(AwsQuery [queryId=B5164BB3-7157-42EC-A53B-384F7A731479, jpqlQuery=SELECT zenHealth.monitorId,zenHealth.scheduledDateTime,zenHealth.serverInstanceId,zenHealth.serverIpAddress,zenHealth.totalClass,zenHealth.classLoaded, zenHealth.classUnloaded,zenHealth.gcCollectionTime,zenHealth.gcMemoryName, ((zenHealth.nonHeapCommitted/1024)/1024) AS nonHeapCommitted, (zenHealth.nonHeapUsed/1024)/1024 AS nonHeapUsed, (zenHealth.heapCommitted/1024)/1024 AS heapCommitted, (zenHealth.maxMemory/1024)/1024 AS maxMemory , 100 - ((zenHealth.usedMemory/zenHealth.totalMemory) * 100) AS freeMemory, (zenHealth.heapUsed/1024)/1024 AS heapUsed, (zenHealth.totalMemory/1024)/1024 AS totalMemory, zenHealth.startTime, zenHealth.upTime,zenHealth.cpuTime, (zenHealth.freePhysicalSize/1024)/1024 AS freePhysicalSize, (zenHealth.totalPhysicalMemorySize/1024)/1024 AS totalPhysicalMemorySize, zenHealth.cpuLoadTime, FUNCTION('ROUND',(zenHealth.freeSwapSize/1024)/1024) AS freeSwapSize, zenHealth.systemLoadAverage, FUNCTION('ROUND',(zenHealth.totalSwapSize/1024)/1024) AS totalSwapSize, zenHealth.availableProcessor,zenHealth.totalThread, zenHealth.threadPeakCount,zenHealth.threadStartedCount,zenHealth.threadDaemonCount,zenHealth.threadCpuTime, zenHealth.threadUserTime,zenHealth.cpuLoad, (zenHealth.usedMemory/zenHealth.totalMemory) * 100 AS usedMemory, (zenHealth.usedSwapSize/1024)/1024 AS usedSwapSize, (zenHealth.usedPhysicalMemory /1024)/1024 AS usedPhysicalMemory FROM ZenHealth AS zenHealth ORDER BY zenHealth.scheduledDateTime DESC, queryType=2, name=App Server Memory Usage, hiddenName=APP SERVER MEMORY USAGE])
[EL Fine]: sql: 2016-10-27 13:59:31.883--ClientSession(1913409952)--Connection(1196284276)--Thread(Thread[Test worker,5,main])--UPDATE art_query SET sql_query = ? WHERE (query_id = ?)
	bind => [SELECT monitorId, scheduledDateTime, serverInstanceId, serverIpAddress, totalClass, classLoaded, classUnloaded, gcCollectionTime, gcMemoryName, ((nonHeapCommitted / ?) / ?), ((nonHeapUsed / ?) / ?), ((heapCommitted / ?) / ?), ((maxMemory / ?) / ?), (? - ((usedMemory / totalMemory) * ?)), ((heapUsed / ?) / ?), ((totalMemory / ?) / ?), startTime, upTime, cpuTime, ((freePhysicalSize / ?) / ?), ((totalPhysicalMemorySize / ?) / ?), cpuLoadTime, ROUND(((freeSwapSize / ?) / ?)), systemLoadAverage, ROUND(((totalSwapSize / ?) / ?)), availableProcessor, totalThread, threadPeakCount, threadStartedCount, threadDaemonCount, threadCpuTime, threadUserTime, cpuLoad, ((usedMemory / totalMemory) * ?), ((usedSwapSize / ?) / ?), ((usedPhysicalMemory / ?) / ?) FROM zen_health ORDER BY scheduledDateTime DESC, B5164BB3-7157-42EC-A53B-384F7A731479]
[EL Finer]: transaction: 2016-10-27 13:59:31.884--ClientSession(1913409952)--Connection(1196284276)--Thread(Thread[Test worker,5,main])--commit transaction
[EL Finest]: connection: 2016-10-27 13:59:31.887--ServerSession(1535227590)--Connection(1926726384)--Thread(Thread[Test worker,5,main])--Connection released to connection pool [default].
[EL Finer]: transaction: 2016-10-27 13:59:31.887--UnitOfWork(113449439)--Thread(Thread[Test worker,5,main])--end unit of work commit
[EL Finer]: transaction: 2016-10-27 13:59:31.887--UnitOfWork(113449439)--Thread(Thread[Test worker,5,main])--resume unit of work
[EL Finer]: transaction: 2016-10-27 13:59:31.887--UnitOfWork(113449439)--Thread(Thread[Test worker,5,main])--release unit of work
[EL Finer]: connection: 2016-10-27 13:59:31.887--ClientSession(1913409952)--Thread(Thread[Test worker,5,main])--client released
[EL Finer]: connection: 2016-10-27 13:59:31.887--ServerSession(1535227590)--Thread(Thread[Test worker,5,main])--client acquired: 98040725
[EL Finer]: transaction: 2016-10-27 13:59:31.888--ClientSession(98040725)--Thread(Thread[Test worker,5,main])--acquire unit of work: 650507826
[EL Finest]: connection: 2016-10-27 13:59:31.888--ServerSession(1535227590)--Connection(245784705)--Thread(Thread[Test worker,5,main])--Connection acquired from connection pool [default].
[EL Finer]: transaction: 2016-10-27 13:59:31.888--ClientSession(98040725)--Connection(245784705)--Thread(Thread[Test worker,5,main])--begin transaction
[EL Finest]: connection: 2016-10-27 13:59:31.888--ClientSession(98040725)--Thread(Thread[Test worker,5,main])--reconnecting to external connection pool
[EL Finest]: transaction: 2016-10-27 13:59:31.893--UnitOfWork(650507826)--Thread(Thread[Test worker,5,main])--Merge clone with references AwsQuery [queryId=D19AD261-020C-4E8C-B3A6-3C83D31C73A6, jpqlQuery=SELECT CONCAT(login.coreContacts.firstName, ' : ', abcRequestDetails.ipAddress, ' : ', abcRequestDetails.requestId, ' : ', abcRequestDetails.appSessionId) AS login_corecontacts_firstname, abcRequestDetails.requestId, abcRequestDetails.className, abcRequestDetails.requestTime, abcRequestDetails.requestMethod, abcRequestDetails.httpStatus, abcRequestDetails.returnStatus, abcRequestDetails.executionTime, abcRequestDetails.methodName, abcRequestDetails.startTime, abcRequestDetails.endTime, abcRequestDetails.typeofClass, abcRequestDetails.callSeqId, abcRequestDetails.exceptionId, abcRequestDetails.userId, abcRequestDetails.appSessionId FROM ZenRequestDetails AS abcRequestDetails LEFT OUTER JOIN Login AS login WHERE login.userDetail.userId = abcRequestDetails.userId AND abcRequestDetails.requestTime >= :requestTime AND abcRequestDetails.requestTime <= :updatedDate ORDER BY abcRequestDetails.requestTime DESC, abcRequestDetails.requestId, abcRequestDetails.callSeqId ASC , queryType=2, name=Request Details, hiddenName=REQUEST DETAILS]
[EL Finest]: query: 2016-10-27 13:59:31.893--UnitOfWork(650507826)--Thread(Thread[Test worker,5,main])--Execute query ReadObjectQuery(referenceClass=ArtQuery )
[EL Fine]: sql: 2016-10-27 13:59:31.894--ClientSession(98040725)--Connection(1388249808)--Thread(Thread[Test worker,5,main])--SELECT query_id, active_status, app_creator_id, created_by, created_date, hidden_name, jpql_query, name, project_id, project_version_id, query_json, query_type, sql_query, updated_by, updated_date, user_access, version_id FROM art_query WHERE (query_id = ?)
	bind => [D19AD261-020C-4E8C-B3A6-3C83D31C73A6]
[EL Finer]: transaction: 2016-10-27 13:59:31.895--UnitOfWork(650507826)--Thread(Thread[Test worker,5,main])--begin unit of work commit
[EL Finest]: query: 2016-10-27 13:59:31.896--UnitOfWork(650507826)--Thread(Thread[Test worker,5,main])--Execute query UpdateObjectQuery(AwsQuery [queryId=D19AD261-020C-4E8C-B3A6-3C83D31C73A6, jpqlQuery=SELECT CONCAT(login.coreContacts.firstName, ' : ', abcRequestDetails.ipAddress, ' : ', abcRequestDetails.requestId, ' : ', abcRequestDetails.appSessionId) AS login_corecontacts_firstname, abcRequestDetails.requestId, abcRequestDetails.className, abcRequestDetails.requestTime, abcRequestDetails.requestMethod, abcRequestDetails.httpStatus, abcRequestDetails.returnStatus, abcRequestDetails.executionTime, abcRequestDetails.methodName, abcRequestDetails.startTime, abcRequestDetails.endTime, abcRequestDetails.typeofClass, abcRequestDetails.callSeqId, abcRequestDetails.exceptionId, abcRequestDetails.userId, abcRequestDetails.appSessionId FROM ZenRequestDetails AS abcRequestDetails LEFT OUTER JOIN Login AS login WHERE login.userDetail.userId = abcRequestDetails.userId AND abcRequestDetails.requestTime >= :requestTime AND abcRequestDetails.requestTime <= :updatedDate ORDER BY abcRequestDetails.requestTime DESC, abcRequestDetails.requestId, abcRequestDetails.callSeqId ASC , queryType=2, name=Request Details, hiddenName=REQUEST DETAILS])
[EL Fine]: sql: 2016-10-27 13:59:31.896--ClientSession(98040725)--Connection(1388249808)--Thread(Thread[Test worker,5,main])--UPDATE art_query SET sql_query = ? WHERE (query_id = ?)
	bind => [SELECT CONCAT(CONCAT(CONCAT(CONCAT(CONCAT(CONCAT(t0.firstName, ?), t2.ipAddress), ?), t2.requestId), ?), t2.appSessionId), t2.requestId, t2.className, t2.requestTime, t2.requestMethod, t2.httpStatus, t2.returnStatus, t2.executionTime, t2.methodName, t2.startTime, t2.endTime, t2.typeofClass, t2.callSeqId, t2.exceptionId, t2.userId, t2.appSessionId FROM UserDetail t3, zen_request_details t2, Login t1, CoreContacts t0 WHERE ((((t3.userId = t2.userId) AND (t2.requestTime >= ?)) AND (t2.requestTime <= ?)) AND ((t3.userId = t1.userId) AND (t0.contactId = t1.contactId))) ORDER BY t2.requestTime DESC, t2.requestId, t2.callSeqId ASC, D19AD261-020C-4E8C-B3A6-3C83D31C73A6]
[EL Finer]: transaction: 2016-10-27 13:59:31.902--ClientSession(98040725)--Connection(1388249808)--Thread(Thread[Test worker,5,main])--commit transaction
[EL Finest]: connection: 2016-10-27 13:59:31.904--ServerSession(1535227590)--Connection(245784705)--Thread(Thread[Test worker,5,main])--Connection released to connection pool [default].
[EL Finer]: transaction: 2016-10-27 13:59:31.904--UnitOfWork(650507826)--Thread(Thread[Test worker,5,main])--end unit of work commit
[EL Finer]: transaction: 2016-10-27 13:59:31.904--UnitOfWork(650507826)--Thread(Thread[Test worker,5,main])--resume unit of work
[EL Finer]: transaction: 2016-10-27 13:59:31.904--UnitOfWork(650507826)--Thread(Thread[Test worker,5,main])--release unit of work
[EL Finer]: connection: 2016-10-27 13:59:31.905--ClientSession(98040725)--Thread(Thread[Test worker,5,main])--client released
[EL Finer]: connection: 2016-10-27 13:59:31.905--ServerSession(1535227590)--Thread(Thread[Test worker,5,main])--client acquired: 2099738496
[EL Finer]: transaction: 2016-10-27 13:59:31.905--ClientSession(2099738496)--Thread(Thread[Test worker,5,main])--acquire unit of work: 706131121
[EL Finest]: connection: 2016-10-27 13:59:31.905--ServerSession(1535227590)--Connection(951117325)--Thread(Thread[Test worker,5,main])--Connection acquired from connection pool [default].
[EL Finer]: transaction: 2016-10-27 13:59:31.905--ClientSession(2099738496)--Connection(951117325)--Thread(Thread[Test worker,5,main])--begin transaction
[EL Finest]: connection: 2016-10-27 13:59:31.905--ClientSession(2099738496)--Thread(Thread[Test worker,5,main])--reconnecting to external connection pool
[EL Finest]: transaction: 2016-10-27 13:59:31.91--UnitOfWork(706131121)--Thread(Thread[Test worker,5,main])--Merge clone with references AwsQuery [queryId=E217B5C6-DBB2-477C-A69E-7F5DA5E6B28B, jpqlQuery=SELECT COUNT(logSeverity.severity) AS logseverity_severity, logEvents.eventDate, logArchitectureLayer.layerId, logArchitectureLayer.layerName, myBoundedContext.boundedContextName, logSeverity.severityId, logSeverity.severity, myDomain.domainName, logEventAction.eventActionId, logEventAction.eventAction FROM ArtLogEvents AS logEvents, ArtLogArchitectureLayer AS logArchitectureLayer, ArtBoundedContext AS myBoundedContext, ArtLogSeverity AS logSeverity, ArtDomain AS myDomain, ArtLogEventAction AS logEventAction WHERE myBoundedContext.alarmPrefix = logEvents.boundedContextId AND myDomain.alarmPrefix = logEvents.domainId AND logArchitectureLayer.layerId = logEvents.layerId AND logEventAction.eventActionId = logEvents.eventAction AND logSeverity.severityId = logEvents.severity AND logEvents.eventDate >= :eventDate AND logEvents.eventDate <= :eventDate1 AND logEvents.boundedContextId LIKE :boundedContextId1 AND logEvents.domainId LIKE :domainId1 AND logArchitectureLayer.layerId >= :layerId AND logArchitectureLayer.layerId <= :layerId1 GROUP BY logArchitectureLayer.layerId, logArchitectureLayer.layerName, myBoundedContext.boundedContextName, logSeverity.severityId, logSeverity.severity, myDomain.domainName, logEventAction.eventActionId, logEventAction.eventAction, logEvents.eventDate ORDER BY logEvents.eventDate DESC , queryType=2, name=Event Summary Action wise, hiddenName=EVENT SUMMARY ACTION WISE]
[EL Finest]: query: 2016-10-27 13:59:31.91--UnitOfWork(706131121)--Thread(Thread[Test worker,5,main])--Execute query ReadObjectQuery(referenceClass=ArtQuery )
[EL Fine]: sql: 2016-10-27 13:59:31.911--ClientSession(2099738496)--Connection(294722344)--Thread(Thread[Test worker,5,main])--SELECT query_id, active_status, app_creator_id, created_by, created_date, hidden_name, jpql_query, name, project_id, project_version_id, query_json, query_type, sql_query, updated_by, updated_date, user_access, version_id FROM art_query WHERE (query_id = ?)
	bind => [E217B5C6-DBB2-477C-A69E-7F5DA5E6B28B]
[EL Finer]: transaction: 2016-10-27 13:59:31.912--UnitOfWork(706131121)--Thread(Thread[Test worker,5,main])--begin unit of work commit
[EL Finest]: query: 2016-10-27 13:59:31.913--UnitOfWork(706131121)--Thread(Thread[Test worker,5,main])--Execute query UpdateObjectQuery(AwsQuery [queryId=E217B5C6-DBB2-477C-A69E-7F5DA5E6B28B, jpqlQuery=SELECT COUNT(logSeverity.severity) AS logseverity_severity, logEvents.eventDate, logArchitectureLayer.layerId, logArchitectureLayer.layerName, myBoundedContext.boundedContextName, logSeverity.severityId, logSeverity.severity, myDomain.domainName, logEventAction.eventActionId, logEventAction.eventAction FROM ArtLogEvents AS logEvents, ArtLogArchitectureLayer AS logArchitectureLayer, ArtBoundedContext AS myBoundedContext, ArtLogSeverity AS logSeverity, ArtDomain AS myDomain, ArtLogEventAction AS logEventAction WHERE myBoundedContext.alarmPrefix = logEvents.boundedContextId AND myDomain.alarmPrefix = logEvents.domainId AND logArchitectureLayer.layerId = logEvents.layerId AND logEventAction.eventActionId = logEvents.eventAction AND logSeverity.severityId = logEvents.severity AND logEvents.eventDate >= :eventDate AND logEvents.eventDate <= :eventDate1 AND logEvents.boundedContextId LIKE :boundedContextId1 AND logEvents.domainId LIKE :domainId1 AND logArchitectureLayer.layerId >= :layerId AND logArchitectureLayer.layerId <= :layerId1 GROUP BY logArchitectureLayer.layerId, logArchitectureLayer.layerName, myBoundedContext.boundedContextName, logSeverity.severityId, logSeverity.severity, myDomain.domainName, logEventAction.eventActionId, logEventAction.eventAction, logEvents.eventDate ORDER BY logEvents.eventDate DESC , queryType=2, name=Event Summary Action wise, hiddenName=EVENT SUMMARY ACTION WISE])
[EL Fine]: sql: 2016-10-27 13:59:31.913--ClientSession(2099738496)--Connection(294722344)--Thread(Thread[Test worker,5,main])--UPDATE art_query SET sql_query = ? WHERE (query_id = ?)
	bind => [SELECT COUNT(t0.severity), t1.eventDate, t2.layerId, t2.layerName, t3.boundedContextName, t0.severityId, t0.severity, t4.domainName, t5.eventActionId, t5.eventAction FROM art_log_event_action_m t5, art_domain t4, art_bounded_context t3, art_log_architecture_layer_m t2, art_log_events_t t1, art_log_severity_m t0 WHERE (((((((((((t3.alarmPrefix = t1.boundedContextId) AND (t4.alarmPrefix = t1.domainId)) AND (t2.layerId = t1.layerId)) AND (t5.eventActionId = t1.eventAction)) AND (t0.severityId = t1.severity)) AND (t1.eventDate >= ?)) AND (t1.eventDate <= ?)) AND t1.boundedContextId LIKE ?) AND t1.domainId LIKE ?) AND (t2.layerId >= ?)) AND (t2.layerId <= ?)) GROUP BY t2.layerId, t2.layerName, t3.boundedContextName, t0.severityId, t0.severity, t4.domainName, t5.eventActionId, t5.eventAction, t1.eventDate ORDER BY t1.eventDate DESC, E217B5C6-DBB2-477C-A69E-7F5DA5E6B28B]
[EL Finer]: transaction: 2016-10-27 13:59:31.914--ClientSession(2099738496)--Connection(294722344)--Thread(Thread[Test worker,5,main])--commit transaction
[EL Finest]: connection: 2016-10-27 13:59:31.917--ServerSession(1535227590)--Connection(951117325)--Thread(Thread[Test worker,5,main])--Connection released to connection pool [default].
[EL Finer]: transaction: 2016-10-27 13:59:31.917--UnitOfWork(706131121)--Thread(Thread[Test worker,5,main])--end unit of work commit
[EL Finer]: transaction: 2016-10-27 13:59:31.917--UnitOfWork(706131121)--Thread(Thread[Test worker,5,main])--resume unit of work
[EL Finer]: transaction: 2016-10-27 13:59:31.917--UnitOfWork(706131121)--Thread(Thread[Test worker,5,main])--release unit of work
[EL Finer]: connection: 2016-10-27 13:59:31.917--ClientSession(2099738496)--Thread(Thread[Test worker,5,main])--client released
[EL Finer]: connection: 2016-10-27 13:59:31.918--ServerSession(1535227590)--Thread(Thread[Test worker,5,main])--client acquired: 2145210796
[EL Finer]: transaction: 2016-10-27 13:59:31.918--ClientSession(2145210796)--Thread(Thread[Test worker,5,main])--acquire unit of work: 454898889
[EL Finest]: connection: 2016-10-27 13:59:31.918--ServerSession(1535227590)--Connection(443844103)--Thread(Thread[Test worker,5,main])--Connection acquired from connection pool [default].
[EL Finer]: transaction: 2016-10-27 13:59:31.918--ClientSession(2145210796)--Connection(443844103)--Thread(Thread[Test worker,5,main])--begin transaction
[EL Finest]: connection: 2016-10-27 13:59:31.918--ClientSession(2145210796)--Thread(Thread[Test worker,5,main])--reconnecting to external connection pool
[EL Finest]: transaction: 2016-10-27 13:59:31.919--UnitOfWork(454898889)--Thread(Thread[Test worker,5,main])--Merge clone with references AwsQuery [queryId=EADB0C52-34E4-4E7B-B7B2-B6881613C26B, jpqlQuery=select e from SessionData e where e.systemInfo.activeStatus=1 and e.appSessionId=:appSessionId, queryType=1, name=findByAppSessionId, hiddenName=FINDBYAPPSESSIONID]
[EL Finest]: query: 2016-10-27 13:59:31.92--UnitOfWork(454898889)--Thread(Thread[Test worker,5,main])--Execute query ReadObjectQuery(referenceClass=ArtQuery )
[EL Fine]: sql: 2016-10-27 13:59:31.92--ClientSession(2145210796)--Connection(828666657)--Thread(Thread[Test worker,5,main])--SELECT query_id, active_status, app_creator_id, created_by, created_date, hidden_name, jpql_query, name, project_id, project_version_id, query_json, query_type, sql_query, updated_by, updated_date, user_access, version_id FROM art_query WHERE (query_id = ?)
	bind => [EADB0C52-34E4-4E7B-B7B2-B6881613C26B]
[EL Finer]: transaction: 2016-10-27 13:59:31.921--UnitOfWork(454898889)--Thread(Thread[Test worker,5,main])--begin unit of work commit
[EL Finest]: query: 2016-10-27 13:59:31.921--UnitOfWork(454898889)--Thread(Thread[Test worker,5,main])--Execute query UpdateObjectQuery(AwsQuery [queryId=EADB0C52-34E4-4E7B-B7B2-B6881613C26B, jpqlQuery=select e from SessionData e where e.systemInfo.activeStatus=1 and e.appSessionId=:appSessionId, queryType=1, name=findByAppSessionId, hiddenName=FINDBYAPPSESSIONID])
[EL Fine]: sql: 2016-10-27 13:59:31.922--ClientSession(2145210796)--Connection(828666657)--Thread(Thread[Test worker,5,main])--UPDATE art_query SET sql_query = ? WHERE (query_id = ?)
	bind => [SELECT dataId, appSessionId, booleanValue, customerId, dataType, dateTimeValue, jsonValue, numberValue, sessionKey, stringValue, userId, versionId, createdBy, createdDate, updatedBy, updatedDate, activeStatus, txnAccessCode FROM SessionData WHERE ((activeStatus = ?) AND (appSessionId = ?)), EADB0C52-34E4-4E7B-B7B2-B6881613C26B]
[EL Finer]: transaction: 2016-10-27 13:59:31.923--ClientSession(2145210796)--Connection(828666657)--Thread(Thread[Test worker,5,main])--commit transaction
[EL Finest]: connection: 2016-10-27 13:59:31.925--ServerSession(1535227590)--Connection(443844103)--Thread(Thread[Test worker,5,main])--Connection released to connection pool [default].
[EL Finer]: transaction: 2016-10-27 13:59:31.925--UnitOfWork(454898889)--Thread(Thread[Test worker,5,main])--end unit of work commit
[EL Finer]: transaction: 2016-10-27 13:59:31.925--UnitOfWork(454898889)--Thread(Thread[Test worker,5,main])--resume unit of work
[EL Finer]: transaction: 2016-10-27 13:59:31.926--UnitOfWork(454898889)--Thread(Thread[Test worker,5,main])--release unit of work
[EL Finer]: connection: 2016-10-27 13:59:31.926--ClientSession(2145210796)--Thread(Thread[Test worker,5,main])--client released
[EL Finer]: connection: 2016-10-27 13:59:31.926--ServerSession(1535227590)--Thread(Thread[Test worker,5,main])--client acquired: 1582138604
[EL Finer]: transaction: 2016-10-27 13:59:31.926--ClientSession(1582138604)--Thread(Thread[Test worker,5,main])--acquire unit of work: 861000274
[EL Finest]: connection: 2016-10-27 13:59:31.926--ServerSession(1535227590)--Connection(1086791632)--Thread(Thread[Test worker,5,main])--Connection acquired from connection pool [default].
[EL Finer]: transaction: 2016-10-27 13:59:31.926--ClientSession(1582138604)--Connection(1086791632)--Thread(Thread[Test worker,5,main])--begin transaction
[EL Finest]: connection: 2016-10-27 13:59:31.927--ClientSession(1582138604)--Thread(Thread[Test worker,5,main])--reconnecting to external connection pool
[EL Finest]: transaction: 2016-10-27 13:59:31.928--UnitOfWork(861000274)--Thread(Thread[Test worker,5,main])--Merge clone with references AwsQuery [queryId=ED1E1866-3C59-4280-BC9E-A957EDDB0C35, jpqlQuery=delete from SessionData e where e.systemInfo.activeStatus=1 and e.appSessionId=:appSessionId, queryType=1, name=deleteAllSessionData, hiddenName=DELETEALLSESSIONDATA]
[EL Finest]: query: 2016-10-27 13:59:31.929--UnitOfWork(861000274)--Thread(Thread[Test worker,5,main])--Execute query ReadObjectQuery(referenceClass=ArtQuery )
[EL Fine]: sql: 2016-10-27 13:59:31.929--ClientSession(1582138604)--Connection(1240406612)--Thread(Thread[Test worker,5,main])--SELECT query_id, active_status, app_creator_id, created_by, created_date, hidden_name, jpql_query, name, project_id, project_version_id, query_json, query_type, sql_query, updated_by, updated_date, user_access, version_id FROM art_query WHERE (query_id = ?)
	bind => [ED1E1866-3C59-4280-BC9E-A957EDDB0C35]
[EL Finer]: transaction: 2016-10-27 13:59:31.93--UnitOfWork(861000274)--Thread(Thread[Test worker,5,main])--begin unit of work commit
[EL Finest]: query: 2016-10-27 13:59:31.93--UnitOfWork(861000274)--Thread(Thread[Test worker,5,main])--Execute query UpdateObjectQuery(AwsQuery [queryId=ED1E1866-3C59-4280-BC9E-A957EDDB0C35, jpqlQuery=delete from SessionData e where e.systemInfo.activeStatus=1 and e.appSessionId=:appSessionId, queryType=1, name=deleteAllSessionData, hiddenName=DELETEALLSESSIONDATA])
[EL Fine]: sql: 2016-10-27 13:59:31.931--ClientSession(1582138604)--Connection(1240406612)--Thread(Thread[Test worker,5,main])--UPDATE art_query SET sql_query = ? WHERE (query_id = ?)
	bind => [DELETE FROM SessionData WHERE ((activeStatus = ?) AND (appSessionId = ?)), ED1E1866-3C59-4280-BC9E-A957EDDB0C35]
[EL Finer]: transaction: 2016-10-27 13:59:31.932--ClientSession(1582138604)--Connection(1240406612)--Thread(Thread[Test worker,5,main])--commit transaction
[EL Finest]: connection: 2016-10-27 13:59:31.934--ServerSession(1535227590)--Connection(1086791632)--Thread(Thread[Test worker,5,main])--Connection released to connection pool [default].
[EL Finer]: transaction: 2016-10-27 13:59:31.934--UnitOfWork(861000274)--Thread(Thread[Test worker,5,main])--end unit of work commit
[EL Finer]: transaction: 2016-10-27 13:59:31.934--UnitOfWork(861000274)--Thread(Thread[Test worker,5,main])--resume unit of work
[EL Finer]: transaction: 2016-10-27 13:59:31.934--UnitOfWork(861000274)--Thread(Thread[Test worker,5,main])--release unit of work
[EL Finer]: connection: 2016-10-27 13:59:31.935--ClientSession(1582138604)--Thread(Thread[Test worker,5,main])--client released
[EL Finer]: connection: 2016-10-27 13:59:31.935--ServerSession(1535227590)--Thread(Thread[Test worker,5,main])--client acquired: 660499685
[EL Finer]: transaction: 2016-10-27 13:59:31.935--ClientSession(660499685)--Thread(Thread[Test worker,5,main])--acquire unit of work: 675234452
[EL Finest]: connection: 2016-10-27 13:59:31.935--ServerSession(1535227590)--Connection(1361844016)--Thread(Thread[Test worker,5,main])--Connection acquired from connection pool [default].
[EL Finer]: transaction: 2016-10-27 13:59:31.935--ClientSession(660499685)--Connection(1361844016)--Thread(Thread[Test worker,5,main])--begin transaction
[EL Finest]: connection: 2016-10-27 13:59:31.935--ClientSession(660499685)--Thread(Thread[Test worker,5,main])--reconnecting to external connection pool
[EL Finest]: transaction: 2016-10-27 13:59:31.941--UnitOfWork(675234452)--Thread(Thread[Test worker,5,main])--Merge clone with references AwsQuery [queryId=F51A8890-50F9-45E0-AE7B-1E3888FF01CD, jpqlQuery=SELECT COUNT(logSeverity.severity) AS logseverity_severity, logArchitectureLayer.layerId, logArchitectureLayer.layerName, logEventAction.eventActionId, logEventAction.eventAction, myBoundedContext.boundedContextName, logSeverity.severityId, logSeverity.severity, myDomain.domainName, logEvents.eventDate, logEvents.className FROM ArtLogArchitectureLayer AS logArchitectureLayer, ArtLogEventAction AS logEventAction, ArtBoundedContext AS myBoundedContext, ArtLogSeverity AS logSeverity, ArtDomain AS myDomain, ArtLogEvents AS logEvents WHERE myBoundedContext.alarmPrefix = logEvents.boundedContextId AND myDomain.alarmPrefix = logEvents.domainId AND myBoundedContext.boundedContextId = myDomain.artBoundedContext.boundedContextId AND logArchitectureLayer.layerId = logEvents.layerId AND logEventAction.eventActionId = logEvents.eventAction AND logSeverity.severityId = logEvents.severity AND logEvents.eventDate >= :eventDate AND logEvents.eventDate <= :eventDate1 AND logEvents.boundedContextId LIKE :boundedContextId1 AND logEvents.domainId LIKE :domainId1 AND logArchitectureLayer.layerId >= :layerId AND logArchitectureLayer.layerId <= :layerId1 AND logEventAction.eventActionId >= :eventActionId AND logEventAction.eventActionId <= :eventActionId1 GROUP BY logArchitectureLayer.layerId, logArchitectureLayer.layerName, logEventAction.eventActionId, logEventAction.eventAction, myBoundedContext.boundedContextName, logSeverity.severityId, logSeverity.severity, myDomain.domainName, logEvents.eventDate, logEvents.className , queryType=2, name=Event Summary Class wise, hiddenName=EVENT SUMMARY CLASS WISE]
[EL Finest]: query: 2016-10-27 13:59:31.941--UnitOfWork(675234452)--Thread(Thread[Test worker,5,main])--Execute query ReadObjectQuery(referenceClass=ArtQuery )
[EL Fine]: sql: 2016-10-27 13:59:31.941--ClientSession(660499685)--Connection(1697909752)--Thread(Thread[Test worker,5,main])--SELECT query_id, active_status, app_creator_id, created_by, created_date, hidden_name, jpql_query, name, project_id, project_version_id, query_json, query_type, sql_query, updated_by, updated_date, user_access, version_id FROM art_query WHERE (query_id = ?)
	bind => [F51A8890-50F9-45E0-AE7B-1E3888FF01CD]
[EL Finer]: transaction: 2016-10-27 13:59:31.943--UnitOfWork(675234452)--Thread(Thread[Test worker,5,main])--begin unit of work commit
[EL Finest]: query: 2016-10-27 13:59:31.943--UnitOfWork(675234452)--Thread(Thread[Test worker,5,main])--Execute query UpdateObjectQuery(AwsQuery [queryId=F51A8890-50F9-45E0-AE7B-1E3888FF01CD, jpqlQuery=SELECT COUNT(logSeverity.severity) AS logseverity_severity, logArchitectureLayer.layerId, logArchitectureLayer.layerName, logEventAction.eventActionId, logEventAction.eventAction, myBoundedContext.boundedContextName, logSeverity.severityId, logSeverity.severity, myDomain.domainName, logEvents.eventDate, logEvents.className FROM ArtLogArchitectureLayer AS logArchitectureLayer, ArtLogEventAction AS logEventAction, ArtBoundedContext AS myBoundedContext, ArtLogSeverity AS logSeverity, ArtDomain AS myDomain, ArtLogEvents AS logEvents WHERE myBoundedContext.alarmPrefix = logEvents.boundedContextId AND myDomain.alarmPrefix = logEvents.domainId AND myBoundedContext.boundedContextId = myDomain.artBoundedContext.boundedContextId AND logArchitectureLayer.layerId = logEvents.layerId AND logEventAction.eventActionId = logEvents.eventAction AND logSeverity.severityId = logEvents.severity AND logEvents.eventDate >= :eventDate AND logEvents.eventDate <= :eventDate1 AND logEvents.boundedContextId LIKE :boundedContextId1 AND logEvents.domainId LIKE :domainId1 AND logArchitectureLayer.layerId >= :layerId AND logArchitectureLayer.layerId <= :layerId1 AND logEventAction.eventActionId >= :eventActionId AND logEventAction.eventActionId <= :eventActionId1 GROUP BY logArchitectureLayer.layerId, logArchitectureLayer.layerName, logEventAction.eventActionId, logEventAction.eventAction, myBoundedContext.boundedContextName, logSeverity.severityId, logSeverity.severity, myDomain.domainName, logEvents.eventDate, logEvents.className , queryType=2, name=Event Summary Class wise, hiddenName=EVENT SUMMARY CLASS WISE])
[EL Fine]: sql: 2016-10-27 13:59:31.943--ClientSession(660499685)--Connection(1697909752)--Thread(Thread[Test worker,5,main])--UPDATE art_query SET sql_query = ? WHERE (query_id = ?)
	bind => [SELECT COUNT(t0.severity), t1.layerId, t1.layerName, t2.eventActionId, t2.eventAction, t3.boundedContextName, t0.severityId, t0.severity, t4.domainName, t5.eventDate, t5.className FROM art_bounded_context t6, art_log_events_t t5, art_domain t4, art_bounded_context t3, art_log_event_action_m t2, art_log_architecture_layer_m t1, art_log_severity_m t0 WHERE (((((((((((((((t3.alarmPrefix = t5.boundedContextId) AND (t4.alarmPrefix = t5.domainId)) AND (t3.boundedContextId = t6.boundedContextId)) AND (t1.layerId = t5.layerId)) AND (t2.eventActionId = t5.eventAction)) AND (t0.severityId = t5.severity)) AND (t5.eventDate >= ?)) AND (t5.eventDate <= ?)) AND t5.boundedContextId LIKE ?) AND t5.domainId LIKE ?) AND (t1.layerId >= ?)) AND (t1.layerId <= ?)) AND (t2.eventActionId >= ?)) AND (t2.eventActionId <= ?)) AND (t6.boundedContextId = t4.boundedContextId)) GROUP BY t1.layerId, t1.layerName, t2.eventActionId, t2.eventAction, t3.boundedContextName, t0.severityId, t0.severity, t4.domainName, t5.eventDate, t5.className, F51A8890-50F9-45E0-AE7B-1E3888FF01CD]
[EL Finer]: transaction: 2016-10-27 13:59:31.944--ClientSession(660499685)--Connection(1697909752)--Thread(Thread[Test worker,5,main])--commit transaction
[EL Finest]: connection: 2016-10-27 13:59:31.947--ServerSession(1535227590)--Connection(1361844016)--Thread(Thread[Test worker,5,main])--Connection released to connection pool [default].
[EL Finer]: transaction: 2016-10-27 13:59:31.947--UnitOfWork(675234452)--Thread(Thread[Test worker,5,main])--end unit of work commit
[EL Finer]: transaction: 2016-10-27 13:59:31.947--UnitOfWork(675234452)--Thread(Thread[Test worker,5,main])--resume unit of work
[EL Finer]: transaction: 2016-10-27 13:59:31.947--UnitOfWork(675234452)--Thread(Thread[Test worker,5,main])--release unit of work
[EL Finer]: connection: 2016-10-27 13:59:31.947--ClientSession(660499685)--Thread(Thread[Test worker,5,main])--client released
[EL Finer]: connection: 2016-10-27 13:59:39.023--ServerSession(1535227590)--Thread(Thread[Test worker,5,main])--client acquired: 1622301481
[EL Finer]: transaction: 2016-10-27 13:59:39.023--ClientSession(1622301481)--Thread(Thread[Test worker,5,main])--acquire unit of work: 1568608855
[EL Finest]: connection: 2016-10-27 13:59:39.024--ServerSession(1535227590)--Connection(1099775413)--Thread(Thread[Test worker,5,main])--Connection acquired from connection pool [default].
[EL Finer]: transaction: 2016-10-27 13:59:39.024--ClientSession(1622301481)--Connection(1099775413)--Thread(Thread[Test worker,5,main])--begin transaction
[EL Finest]: connection: 2016-10-27 13:59:39.024--ClientSession(1622301481)--Thread(Thread[Test worker,5,main])--reconnecting to external connection pool
[EL Finest]: transaction: 2016-10-27 13:59:39.036--UnitOfWork(1568608855)--Thread(Thread[Test worker,5,main])--persist() operation called on: .
[EL Finest]: sequencing: 2016-10-27 13:59:39.037--UnitOfWork(1568608855)--Thread(Thread[Test worker,5,main])--assign sequence to the object (4B2DD6CC-C8C2-4025-AD1C-52F26107B92B -> )
Thu Oct 27 13:59:39 UTC 2016|Unknown Alarm = ABSAA322100200 Alarm Split = ABS-AA-3-2-2-100-200
[EL Finer]: transaction: 2016-10-27 13:59:39.038--UnitOfWork(1568608855)--Thread(Thread[Test worker,5,main])--begin unit of work commit
[EL Finest]: query: 2016-10-27 13:59:39.039--UnitOfWork(1568608855)--Thread(Thread[Test worker,5,main])--Execute query InsertObjectQuery()
[EL Fine]: sql: 2016-10-27 13:59:39.041--ClientSession(1622301481)--Connection(2132419754)--Thread(Thread[Test worker,5,main])--INSERT INTO JwtConfig (configId, expiration, jwtAlgorithm, tokenKey, versionId, createdBy, createdDate, updatedBy, updatedDate, activeStatus, txnAccessCode) VALUES (?, ?, ?, ?, ?, ?, ?, ?, ?, ?, ?)
	bind => [4B2DD6CC-C8C2-4025-AD1C-52F26107B92B, 2016-10-25 10:37:34.164, vstGiceVVELOc2rcAh6sceTtqB3YE180cvpPvo1lwIsx0RSROZ, OePyEOkDUsgdpEj2jtEjrCgk5e89fbP8BqwGgseixMlAbOvQiS, 1, AAAAA, 2016-10-27 13:59:38.923, AAAAA, 2016-10-27 13:59:38.923, 1, 51000]
[EL Finer]: transaction: 2016-10-27 13:59:39.043--ClientSession(1622301481)--Connection(2132419754)--Thread(Thread[Test worker,5,main])--commit transaction
[EL Finest]: connection: 2016-10-27 13:59:39.046--ServerSession(1535227590)--Connection(1099775413)--Thread(Thread[Test worker,5,main])--Connection released to connection pool [default].
[EL Finer]: transaction: 2016-10-27 13:59:39.046--UnitOfWork(1568608855)--Thread(Thread[Test worker,5,main])--end unit of work commit
[EL Finer]: transaction: 2016-10-27 13:59:39.046--UnitOfWork(1568608855)--Thread(Thread[Test worker,5,main])--resume unit of work
[EL Finer]: transaction: 2016-10-27 13:59:39.047--UnitOfWork(1568608855)--Thread(Thread[Test worker,5,main])--release unit of work
[EL Finer]: connection: 2016-10-27 13:59:39.047--ClientSession(1622301481)--Thread(Thread[Test worker,5,main])--client released
[EL Finer]: connection: 2016-10-27 13:59:39.07--ServerSession(1535227590)--Thread(Thread[Test worker,5,main])--client acquired: 1858250607
[EL Finer]: transaction: 2016-10-27 13:59:39.07--ClientSession(1858250607)--Thread(Thread[Test worker,5,main])--acquire unit of work: 763273528
[EL Finest]: connection: 2016-10-27 13:59:39.071--ServerSession(1535227590)--Connection(1418361565)--Thread(Thread[Test worker,5,main])--Connection acquired from connection pool [default].
[EL Finer]: transaction: 2016-10-27 13:59:39.071--ClientSession(1858250607)--Connection(1418361565)--Thread(Thread[Test worker,5,main])--begin transaction
[EL Finest]: connection: 2016-10-27 13:59:39.071--ClientSession(1858250607)--Thread(Thread[Test worker,5,main])--reconnecting to external connection pool
[EL Finer]: transaction: 2016-10-27 13:59:39.073--UnitOfWork(763273528)--Thread(Thread[Test worker,5,main])--begin unit of work flush
[EL Finer]: transaction: 2016-10-27 13:59:39.073--UnitOfWork(763273528)--Thread(Thread[Test worker,5,main])--end unit of work flush
[EL Finest]: query: 2016-10-27 13:59:39.073--UnitOfWork(763273528)--Thread(Thread[Test worker,5,main])--Execute query ReadAllQuery(name="JwtConfig.findById" referenceClass=JwtConfig sql="SELECT configId, expiration, jwtAlgorithm, tokenKey, versionId, createdBy, createdDate, updatedBy, updatedDate, activeStatus, txnAccessCode FROM JwtConfig WHERE ((activeStatus = ?) AND (configId = ?))")
[EL Fine]: sql: 2016-10-27 13:59:39.073--ClientSession(1858250607)--Connection(800853179)--Thread(Thread[Test worker,5,main])--SELECT configId, expiration, jwtAlgorithm, tokenKey, versionId, createdBy, createdDate, updatedBy, updatedDate, activeStatus, txnAccessCode FROM JwtConfig WHERE ((activeStatus = ?) AND (configId = ?))
	bind => [1, 4B2DD6CC-C8C2-4025-AD1C-52F26107B92B]
Thu Oct 27 13:59:39 UTC 2016|Unknown Alarm = ABSAA324100200 Alarm Split = ABS-AA-3-2-4-100-200
[EL Finer]: transaction: 2016-10-27 13:59:39.075--UnitOfWork(763273528)--Thread(Thread[Test worker,5,main])--begin unit of work commit
[EL Finer]: transaction: 2016-10-27 13:59:39.076--ClientSession(1858250607)--Connection(800853179)--Thread(Thread[Test worker,5,main])--commit transaction
[EL Finest]: connection: 2016-10-27 13:59:39.077--ServerSession(1535227590)--Connection(1418361565)--Thread(Thread[Test worker,5,main])--Connection released to connection pool [default].
[EL Finer]: transaction: 2016-10-27 13:59:39.077--UnitOfWork(763273528)--Thread(Thread[Test worker,5,main])--end unit of work commit
[EL Finer]: transaction: 2016-10-27 13:59:39.077--UnitOfWork(763273528)--Thread(Thread[Test worker,5,main])--resume unit of work
[EL Finer]: transaction: 2016-10-27 13:59:39.077--UnitOfWork(763273528)--Thread(Thread[Test worker,5,main])--release unit of work
[EL Finer]: connection: 2016-10-27 13:59:39.077--ClientSession(1858250607)--Thread(Thread[Test worker,5,main])--client released
[EL Finer]: connection: 2016-10-27 13:59:39.078--ServerSession(1535227590)--Thread(Thread[Test worker,5,main])--client acquired: 1932158439
[EL Finer]: transaction: 2016-10-27 13:59:39.078--ClientSession(1932158439)--Thread(Thread[Test worker,5,main])--acquire unit of work: 1686657986
[EL Finest]: connection: 2016-10-27 13:59:39.078--ServerSession(1535227590)--Connection(876630302)--Thread(Thread[Test worker,5,main])--Connection acquired from connection pool [default].
[EL Finer]: transaction: 2016-10-27 13:59:39.078--ClientSession(1932158439)--Connection(876630302)--Thread(Thread[Test worker,5,main])--begin transaction
[EL Finest]: connection: 2016-10-27 13:59:39.078--ClientSession(1932158439)--Thread(Thread[Test worker,5,main])--reconnecting to external connection pool
[EL Finest]: transaction: 2016-10-27 13:59:39.083--UnitOfWork(1686657986)--Thread(Thread[Test worker,5,main])--Merge clone with references 
[EL Finest]: query: 2016-10-27 13:59:39.083--UnitOfWork(1686657986)--Thread(Thread[Test worker,5,main])--Execute query ReadObjectQuery(referenceClass=JwtConfig )
[EL Fine]: sql: 2016-10-27 13:59:39.083--ClientSession(1932158439)--Connection(589475491)--Thread(Thread[Test worker,5,main])--SELECT configId, expiration, jwtAlgorithm, tokenKey, versionId, createdBy, createdDate, updatedBy, updatedDate, activeStatus, txnAccessCode FROM JwtConfig WHERE (configId = ?)
	bind => [4B2DD6CC-C8C2-4025-AD1C-52F26107B92B]
Thu Oct 27 13:59:39 UTC 2016|Unknown Alarm = ABSAA321100200 Alarm Split = ABS-AA-3-2-1-100-200
[EL Finer]: transaction: 2016-10-27 13:59:39.085--UnitOfWork(1686657986)--Thread(Thread[Test worker,5,main])--begin unit of work commit
[EL Finest]: query: 2016-10-27 13:59:39.085--UnitOfWork(1686657986)--Thread(Thread[Test worker,5,main])--Execute query UpdateObjectQuery()
[EL Fine]: sql: 2016-10-27 13:59:39.086--ClientSession(1932158439)--Connection(589475491)--Thread(Thread[Test worker,5,main])--UPDATE JwtConfig SET expiration = ?, jwtAlgorithm = ?, tokenKey = ?, versionId = ? WHERE ((configId = ?) AND (versionId = ?))
	bind => [2016-10-25 10:37:34.199, zxJ4iPl6gzuvpY8isXgzNnxFsjCku7MS8ulh3Of27L87RujC6R, oaTyjHyWXRXWPbZekFVJ5dHATc4VQhajEKArVDDtlqtog4Hx30, 2, 4B2DD6CC-C8C2-4025-AD1C-52F26107B92B, 1]
[EL Finer]: transaction: 2016-10-27 13:59:39.087--ClientSession(1932158439)--Connection(589475491)--Thread(Thread[Test worker,5,main])--commit transaction
[EL Finest]: connection: 2016-10-27 13:59:39.09--ServerSession(1535227590)--Connection(876630302)--Thread(Thread[Test worker,5,main])--Connection released to connection pool [default].
[EL Finer]: transaction: 2016-10-27 13:59:39.09--UnitOfWork(1686657986)--Thread(Thread[Test worker,5,main])--end unit of work commit
[EL Finer]: transaction: 2016-10-27 13:59:39.09--UnitOfWork(1686657986)--Thread(Thread[Test worker,5,main])--resume unit of work
[EL Finer]: transaction: 2016-10-27 13:59:39.09--UnitOfWork(1686657986)--Thread(Thread[Test worker,5,main])--release unit of work
[EL Finer]: connection: 2016-10-27 13:59:39.091--ClientSession(1932158439)--Thread(Thread[Test worker,5,main])--client released
[EL Finer]: connection: 2016-10-27 13:59:39.112--ServerSession(1535227590)--Thread(Thread[Test worker,5,main])--client acquired: 1673167170
[EL Finer]: transaction: 2016-10-27 13:59:39.112--ClientSession(1673167170)--Thread(Thread[Test worker,5,main])--acquire unit of work: 1769752372
[EL Finest]: connection: 2016-10-27 13:59:39.112--ServerSession(1535227590)--Connection(1579605254)--Thread(Thread[Test worker,5,main])--Connection acquired from connection pool [default].
[EL Finer]: transaction: 2016-10-27 13:59:39.112--ClientSession(1673167170)--Connection(1579605254)--Thread(Thread[Test worker,5,main])--begin transaction
[EL Finest]: connection: 2016-10-27 13:59:39.113--ClientSession(1673167170)--Thread(Thread[Test worker,5,main])--reconnecting to external connection pool
[EL Finer]: transaction: 2016-10-27 13:59:39.114--UnitOfWork(1769752372)--Thread(Thread[Test worker,5,main])--begin unit of work flush
[EL Finer]: transaction: 2016-10-27 13:59:39.114--UnitOfWork(1769752372)--Thread(Thread[Test worker,5,main])--end unit of work flush
[EL Finest]: query: 2016-10-27 13:59:39.114--UnitOfWork(1769752372)--Thread(Thread[Test worker,5,main])--Execute query ReadAllQuery(name="JwtConfig.findById" referenceClass=JwtConfig sql="SELECT configId, expiration, jwtAlgorithm, tokenKey, versionId, createdBy, createdDate, updatedBy, updatedDate, activeStatus, txnAccessCode FROM JwtConfig WHERE ((activeStatus = ?) AND (configId = ?))")
[EL Fine]: sql: 2016-10-27 13:59:39.114--ClientSession(1673167170)--Connection(537910939)--Thread(Thread[Test worker,5,main])--SELECT configId, expiration, jwtAlgorithm, tokenKey, versionId, createdBy, createdDate, updatedBy, updatedDate, activeStatus, txnAccessCode FROM JwtConfig WHERE ((activeStatus = ?) AND (configId = ?))
	bind => [1, 4B2DD6CC-C8C2-4025-AD1C-52F26107B92B]
Thu Oct 27 13:59:39 UTC 2016|Unknown Alarm = ABSAA324100200 Alarm Split = ABS-AA-3-2-4-100-200
[EL Finer]: transaction: 2016-10-27 13:59:39.116--UnitOfWork(1769752372)--Thread(Thread[Test worker,5,main])--begin unit of work commit
[EL Finer]: transaction: 2016-10-27 13:59:39.116--ClientSession(1673167170)--Connection(537910939)--Thread(Thread[Test worker,5,main])--commit transaction
[EL Finest]: connection: 2016-10-27 13:59:39.116--ServerSession(1535227590)--Connection(1579605254)--Thread(Thread[Test worker,5,main])--Connection released to connection pool [default].
[EL Finer]: transaction: 2016-10-27 13:59:39.117--UnitOfWork(1769752372)--Thread(Thread[Test worker,5,main])--end unit of work commit
[EL Finer]: transaction: 2016-10-27 13:59:39.117--UnitOfWork(1769752372)--Thread(Thread[Test worker,5,main])--resume unit of work
[EL Finer]: transaction: 2016-10-27 13:59:39.117--UnitOfWork(1769752372)--Thread(Thread[Test worker,5,main])--release unit of work
[EL Finer]: connection: 2016-10-27 13:59:39.117--ClientSession(1673167170)--Thread(Thread[Test worker,5,main])--client released
[EL Finer]: connection: 2016-10-27 13:59:39.172--ServerSession(1535227590)--Thread(Thread[Test worker,5,main])--client acquired: 501813214
[EL Finer]: transaction: 2016-10-27 13:59:39.172--ClientSession(501813214)--Thread(Thread[Test worker,5,main])--acquire unit of work: 806405929
[EL Finest]: connection: 2016-10-27 13:59:39.172--ServerSession(1535227590)--Connection(495152486)--Thread(Thread[Test worker,5,main])--Connection acquired from connection pool [default].
[EL Finer]: transaction: 2016-10-27 13:59:39.172--ClientSession(501813214)--Connection(495152486)--Thread(Thread[Test worker,5,main])--begin transaction
[EL Finest]: connection: 2016-10-27 13:59:39.172--ClientSession(501813214)--Thread(Thread[Test worker,5,main])--reconnecting to external connection pool
[EL Finest]: query: 2016-10-27 13:59:39.174--UnitOfWork(806405929)--Thread(Thread[Test worker,5,main])--Execute query ReadObjectQuery(name="readJwtConfig" referenceClass=JwtConfig sql="SELECT configId, expiration, jwtAlgorithm, tokenKey, versionId, createdBy, createdDate, updatedBy, updatedDate, activeStatus, txnAccessCode FROM JwtConfig WHERE (configId = ?)")
[EL Fine]: sql: 2016-10-27 13:59:39.175--ClientSession(501813214)--Connection(461782564)--Thread(Thread[Test worker,5,main])--SELECT configId, expiration, jwtAlgorithm, tokenKey, versionId, createdBy, createdDate, updatedBy, updatedDate, activeStatus, txnAccessCode FROM JwtConfig WHERE (configId = ?)
	bind => [4B2DD6CC-C8C2-4025-AD1C-52F26107B92B]
[EL Finest]: transaction: 2016-10-27 13:59:39.176--UnitOfWork(806405929)--Thread(Thread[Test worker,5,main])--remove() operation called on: 
Thu Oct 27 13:59:39 UTC 2016|Unknown Alarm = ABSAA328100200 Alarm Split = ABS-AA-3-2-8-100-200
[EL Finer]: transaction: 2016-10-27 13:59:39.177--UnitOfWork(806405929)--Thread(Thread[Test worker,5,main])--begin unit of work commit
[EL Finest]: query: 2016-10-27 13:59:39.177--UnitOfWork(806405929)--Thread(Thread[Test worker,5,main])--Execute query DoesExistQuery(referenceClass=JwtConfig )
[EL Finest]: query: 2016-10-27 13:59:39.177--UnitOfWork(806405929)--Thread(Thread[Test worker,5,main])--Execute query DeleteObjectQuery()
[EL Fine]: sql: 2016-10-27 13:59:39.178--ClientSession(501813214)--Connection(461782564)--Thread(Thread[Test worker,5,main])--DELETE FROM JwtConfig WHERE ((configId = ?) AND (versionId = ?))
	bind => [4B2DD6CC-C8C2-4025-AD1C-52F26107B92B, 2]
[EL Finer]: transaction: 2016-10-27 13:59:39.179--ClientSession(501813214)--Connection(461782564)--Thread(Thread[Test worker,5,main])--commit transaction
[EL Finest]: connection: 2016-10-27 13:59:39.182--ServerSession(1535227590)--Connection(495152486)--Thread(Thread[Test worker,5,main])--Connection released to connection pool [default].
[EL Finer]: transaction: 2016-10-27 13:59:39.182--UnitOfWork(806405929)--Thread(Thread[Test worker,5,main])--end unit of work commit
[EL Finer]: transaction: 2016-10-27 13:59:39.182--UnitOfWork(806405929)--Thread(Thread[Test worker,5,main])--resume unit of work
[EL Finer]: transaction: 2016-10-27 13:59:39.182--UnitOfWork(806405929)--Thread(Thread[Test worker,5,main])--release unit of work
[EL Finer]: connection: 2016-10-27 13:59:39.182--ClientSession(501813214)--Thread(Thread[Test worker,5,main])--client released
]]></system-out>
  <system-err><![CDATA[log4j:WARN No appenders could be found for logger (org.springframework.test.context.junit4.SpringJUnit4ClassRunner).
log4j:WARN Please initialize the log4j system properly.
log4j:WARN See http://logging.apache.org/log4j/1.2/faq.html#noconfig for more info.
JwtConfig.jwtAlgorithm may not be null
java.lang.SecurityException: JwtConfig.jwtAlgorithm may not be null
	at com.athena.server.pluggable.utils.helper.EntityValidatorHelper.validateEntity(EntityValidatorHelper.java:37)
	at com.app.shared.appbasicsetup.aaa.JwtConfig.isValid(JwtConfig.java:186)
	at com.app.server.service.appbasicsetup.aaa.JwtConfigTestCase.validateJwtConfig(JwtConfigTestCase.java:208)
	at com.app.server.service.appbasicsetup.aaa.JwtConfigTestCase.test5NegativeTesting(JwtConfigTestCase.java:242)
	at sun.reflect.NativeMethodAccessorImpl.invoke0(Native Method)
	at sun.reflect.NativeMethodAccessorImpl.invoke(NativeMethodAccessorImpl.java:57)
	at sun.reflect.DelegatingMethodAccessorImpl.invoke(DelegatingMethodAccessorImpl.java:43)
	at java.lang.reflect.Method.invoke(Method.java:606)
	at org.junit.runners.model.FrameworkMethod$1.runReflectiveCall(FrameworkMethod.java:47)
	at org.junit.internal.runners.model.ReflectiveCallable.run(ReflectiveCallable.java:12)
	at org.junit.runners.model.FrameworkMethod.invokeExplosively(FrameworkMethod.java:44)
	at org.junit.internal.runners.statements.InvokeMethod.evaluate(InvokeMethod.java:17)
	at org.junit.internal.runners.statements.RunBefores.evaluate(RunBefores.java:26)
	at org.springframework.test.context.junit4.statements.RunBeforeTestMethodCallbacks.evaluate(RunBeforeTestMethodCallbacks.java:74)
	at org.junit.internal.runners.statements.RunAfters.evaluate(RunAfters.java:27)
	at org.springframework.test.context.junit4.statements.RunAfterTestMethodCallbacks.evaluate(RunAfterTestMethodCallbacks.java:83)
	at org.springframework.test.context.junit4.statements.SpringRepeat.evaluate(SpringRepeat.java:72)
	at org.springframework.test.context.junit4.SpringJUnit4ClassRunner.runChild(SpringJUnit4ClassRunner.java:233)
	at org.springframework.test.context.junit4.SpringJUnit4ClassRunner.runChild(SpringJUnit4ClassRunner.java:87)
	at org.junit.runners.ParentRunner$3.run(ParentRunner.java:238)
	at org.junit.runners.ParentRunner$1.schedule(ParentRunner.java:63)
	at org.junit.runners.ParentRunner.runChildren(ParentRunner.java:236)
	at org.junit.runners.ParentRunner.access$000(ParentRunner.java:53)
	at org.junit.runners.ParentRunner$2.evaluate(ParentRunner.java:229)
	at org.junit.internal.runners.statements.RunBefores.evaluate(RunBefores.java:26)
	at org.springframework.test.context.junit4.statements.RunBeforeTestClassCallbacks.evaluate(RunBeforeTestClassCallbacks.java:61)
	at org.springframework.test.context.junit4.statements.RunAfterTestClassCallbacks.evaluate(RunAfterTestClassCallbacks.java:71)
	at org.junit.runners.ParentRunner.run(ParentRunner.java:309)
	at org.springframework.test.context.junit4.SpringJUnit4ClassRunner.run(SpringJUnit4ClassRunner.java:176)
	at org.gradle.api.internal.tasks.testing.junit.JUnitTestClassExecuter.runTestClass(JUnitTestClassExecuter.java:86)
	at org.gradle.api.internal.tasks.testing.junit.JUnitTestClassExecuter.execute(JUnitTestClassExecuter.java:49)
	at org.gradle.api.internal.tasks.testing.junit.JUnitTestClassProcessor.processTestClass(JUnitTestClassProcessor.java:64)
	at org.gradle.api.internal.tasks.testing.SuiteTestClassProcessor.processTestClass(SuiteTestClassProcessor.java:50)
	at sun.reflect.NativeMethodAccessorImpl.invoke0(Native Method)
	at sun.reflect.NativeMethodAccessorImpl.invoke(NativeMethodAccessorImpl.java:57)
	at sun.reflect.DelegatingMethodAccessorImpl.invoke(DelegatingMethodAccessorImpl.java:43)
	at java.lang.reflect.Method.invoke(Method.java:606)
	at org.gradle.messaging.dispatch.ReflectionDispatch.dispatch(ReflectionDispatch.java:35)
	at org.gradle.messaging.dispatch.ReflectionDispatch.dispatch(ReflectionDispatch.java:24)
	at org.gradle.messaging.dispatch.ContextClassLoaderDispatch.dispatch(ContextClassLoaderDispatch.java:32)
	at org.gradle.messaging.dispatch.ProxyDispatchAdapter$DispatchingInvocationHandler.invoke(ProxyDispatchAdapter.java:93)
	at com.sun.proxy.$Proxy2.processTestClass(Unknown Source)
	at org.gradle.api.internal.tasks.testing.worker.TestWorker.processTestClass(TestWorker.java:106)
	at sun.reflect.NativeMethodAccessorImpl.invoke0(Native Method)
	at sun.reflect.NativeMethodAccessorImpl.invoke(NativeMethodAccessorImpl.java:57)
	at sun.reflect.DelegatingMethodAccessorImpl.invoke(DelegatingMethodAccessorImpl.java:43)
	at java.lang.reflect.Method.invoke(Method.java:606)
	at org.gradle.messaging.dispatch.ReflectionDispatch.dispatch(ReflectionDispatch.java:35)
	at org.gradle.messaging.dispatch.ReflectionDispatch.dispatch(ReflectionDispatch.java:24)
	at org.gradle.messaging.remote.internal.hub.MessageHub$Handler.run(MessageHub.java:360)
	at org.gradle.internal.concurrent.DefaultExecutorFactory$StoppableExecutorImpl$1.run(DefaultExecutorFactory.java:64)
	at java.util.concurrent.ThreadPoolExecutor.runWorker(ThreadPoolExecutor.java:1145)
	at java.util.concurrent.ThreadPoolExecutor$Worker.run(ThreadPoolExecutor.java:615)
	at java.lang.Thread.run(Thread.java:745)
JwtConfig.jwtAlgorithm size must be between 1 and 256
java.lang.SecurityException: JwtConfig.jwtAlgorithm size must be between 1 and 256
	at com.athena.server.pluggable.utils.helper.EntityValidatorHelper.validateEntity(EntityValidatorHelper.java:37)
	at com.app.shared.appbasicsetup.aaa.JwtConfig.isValid(JwtConfig.java:186)
	at com.app.server.service.appbasicsetup.aaa.JwtConfigTestCase.validateJwtConfig(JwtConfigTestCase.java:206)
	at com.app.server.service.appbasicsetup.aaa.JwtConfigTestCase.test5NegativeTesting(JwtConfigTestCase.java:247)
	at sun.reflect.NativeMethodAccessorImpl.invoke0(Native Method)
	at sun.reflect.NativeMethodAccessorImpl.invoke(NativeMethodAccessorImpl.java:57)
	at sun.reflect.DelegatingMethodAccessorImpl.invoke(DelegatingMethodAccessorImpl.java:43)
	at java.lang.reflect.Method.invoke(Method.java:606)
	at org.junit.runners.model.FrameworkMethod$1.runReflectiveCall(FrameworkMethod.java:47)
	at org.junit.internal.runners.model.ReflectiveCallable.run(ReflectiveCallable.java:12)
	at org.junit.runners.model.FrameworkMethod.invokeExplosively(FrameworkMethod.java:44)
	at org.junit.internal.runners.statements.InvokeMethod.evaluate(InvokeMethod.java:17)
	at org.junit.internal.runners.statements.RunBefores.evaluate(RunBefores.java:26)
	at org.springframework.test.context.junit4.statements.RunBeforeTestMethodCallbacks.evaluate(RunBeforeTestMethodCallbacks.java:74)
	at org.junit.internal.runners.statements.RunAfters.evaluate(RunAfters.java:27)
	at org.springframework.test.context.junit4.statements.RunAfterTestMethodCallbacks.evaluate(RunAfterTestMethodCallbacks.java:83)
	at org.springframework.test.context.junit4.statements.SpringRepeat.evaluate(SpringRepeat.java:72)
	at org.springframework.test.context.junit4.SpringJUnit4ClassRunner.runChild(SpringJUnit4ClassRunner.java:233)
	at org.springframework.test.context.junit4.SpringJUnit4ClassRunner.runChild(SpringJUnit4ClassRunner.java:87)
	at org.junit.runners.ParentRunner$3.run(ParentRunner.java:238)
	at org.junit.runners.ParentRunner$1.schedule(ParentRunner.java:63)
	at org.junit.runners.ParentRunner.runChildren(ParentRunner.java:236)
	at org.junit.runners.ParentRunner.access$000(ParentRunner.java:53)
	at org.junit.runners.ParentRunner$2.evaluate(ParentRunner.java:229)
	at org.junit.internal.runners.statements.RunBefores.evaluate(RunBefores.java:26)
	at org.springframework.test.context.junit4.statements.RunBeforeTestClassCallbacks.evaluate(RunBeforeTestClassCallbacks.java:61)
	at org.springframework.test.context.junit4.statements.RunAfterTestClassCallbacks.evaluate(RunAfterTestClassCallbacks.java:71)
	at org.junit.runners.ParentRunner.run(ParentRunner.java:309)
	at org.springframework.test.context.junit4.SpringJUnit4ClassRunner.run(SpringJUnit4ClassRunner.java:176)
	at org.gradle.api.internal.tasks.testing.junit.JUnitTestClassExecuter.runTestClass(JUnitTestClassExecuter.java:86)
	at org.gradle.api.internal.tasks.testing.junit.JUnitTestClassExecuter.execute(JUnitTestClassExecuter.java:49)
	at org.gradle.api.internal.tasks.testing.junit.JUnitTestClassProcessor.processTestClass(JUnitTestClassProcessor.java:64)
	at org.gradle.api.internal.tasks.testing.SuiteTestClassProcessor.processTestClass(SuiteTestClassProcessor.java:50)
	at sun.reflect.NativeMethodAccessorImpl.invoke0(Native Method)
	at sun.reflect.NativeMethodAccessorImpl.invoke(NativeMethodAccessorImpl.java:57)
	at sun.reflect.DelegatingMethodAccessorImpl.invoke(DelegatingMethodAccessorImpl.java:43)
	at java.lang.reflect.Method.invoke(Method.java:606)
	at org.gradle.messaging.dispatch.ReflectionDispatch.dispatch(ReflectionDispatch.java:35)
	at org.gradle.messaging.dispatch.ReflectionDispatch.dispatch(ReflectionDispatch.java:24)
	at org.gradle.messaging.dispatch.ContextClassLoaderDispatch.dispatch(ContextClassLoaderDispatch.java:32)
	at org.gradle.messaging.dispatch.ProxyDispatchAdapter$DispatchingInvocationHandler.invoke(ProxyDispatchAdapter.java:93)
	at com.sun.proxy.$Proxy2.processTestClass(Unknown Source)
	at org.gradle.api.internal.tasks.testing.worker.TestWorker.processTestClass(TestWorker.java:106)
	at sun.reflect.NativeMethodAccessorImpl.invoke0(Native Method)
	at sun.reflect.NativeMethodAccessorImpl.invoke(NativeMethodAccessorImpl.java:57)
	at sun.reflect.DelegatingMethodAccessorImpl.invoke(DelegatingMethodAccessorImpl.java:43)
	at java.lang.reflect.Method.invoke(Method.java:606)
	at org.gradle.messaging.dispatch.ReflectionDispatch.dispatch(ReflectionDispatch.java:35)
	at org.gradle.messaging.dispatch.ReflectionDispatch.dispatch(ReflectionDispatch.java:24)
	at org.gradle.messaging.remote.internal.hub.MessageHub$Handler.run(MessageHub.java:360)
	at org.gradle.internal.concurrent.DefaultExecutorFactory$StoppableExecutorImpl$1.run(DefaultExecutorFactory.java:64)
	at java.util.concurrent.ThreadPoolExecutor.runWorker(ThreadPoolExecutor.java:1145)
	at java.util.concurrent.ThreadPoolExecutor$Worker.run(ThreadPoolExecutor.java:615)
	at java.lang.Thread.run(Thread.java:745)
JwtConfig.expiration may not be null
java.lang.SecurityException: JwtConfig.expiration may not be null
	at com.athena.server.pluggable.utils.helper.EntityValidatorHelper.validateEntity(EntityValidatorHelper.java:37)
	at com.app.shared.appbasicsetup.aaa.JwtConfig.isValid(JwtConfig.java:186)
	at com.app.server.service.appbasicsetup.aaa.JwtConfigTestCase.validateJwtConfig(JwtConfigTestCase.java:208)
	at com.app.server.service.appbasicsetup.aaa.JwtConfigTestCase.test5NegativeTesting(JwtConfigTestCase.java:253)
	at sun.reflect.NativeMethodAccessorImpl.invoke0(Native Method)
	at sun.reflect.NativeMethodAccessorImpl.invoke(NativeMethodAccessorImpl.java:57)
	at sun.reflect.DelegatingMethodAccessorImpl.invoke(DelegatingMethodAccessorImpl.java:43)
	at java.lang.reflect.Method.invoke(Method.java:606)
	at org.junit.runners.model.FrameworkMethod$1.runReflectiveCall(FrameworkMethod.java:47)
	at org.junit.internal.runners.model.ReflectiveCallable.run(ReflectiveCallable.java:12)
	at org.junit.runners.model.FrameworkMethod.invokeExplosively(FrameworkMethod.java:44)
	at org.junit.internal.runners.statements.InvokeMethod.evaluate(InvokeMethod.java:17)
	at org.junit.internal.runners.statements.RunBefores.evaluate(RunBefores.java:26)
	at org.springframework.test.context.junit4.statements.RunBeforeTestMethodCallbacks.evaluate(RunBeforeTestMethodCallbacks.java:74)
	at org.junit.internal.runners.statements.RunAfters.evaluate(RunAfters.java:27)
	at org.springframework.test.context.junit4.statements.RunAfterTestMethodCallbacks.evaluate(RunAfterTestMethodCallbacks.java:83)
	at org.springframework.test.context.junit4.statements.SpringRepeat.evaluate(SpringRepeat.java:72)
	at org.springframework.test.context.junit4.SpringJUnit4ClassRunner.runChild(SpringJUnit4ClassRunner.java:233)
	at org.springframework.test.context.junit4.SpringJUnit4ClassRunner.runChild(SpringJUnit4ClassRunner.java:87)
	at org.junit.runners.ParentRunner$3.run(ParentRunner.java:238)
	at org.junit.runners.ParentRunner$1.schedule(ParentRunner.java:63)
	at org.junit.runners.ParentRunner.runChildren(ParentRunner.java:236)
	at org.junit.runners.ParentRunner.access$000(ParentRunner.java:53)
	at org.junit.runners.ParentRunner$2.evaluate(ParentRunner.java:229)
	at org.junit.internal.runners.statements.RunBefores.evaluate(RunBefores.java:26)
	at org.springframework.test.context.junit4.statements.RunBeforeTestClassCallbacks.evaluate(RunBeforeTestClassCallbacks.java:61)
	at org.springframework.test.context.junit4.statements.RunAfterTestClassCallbacks.evaluate(RunAfterTestClassCallbacks.java:71)
	at org.junit.runners.ParentRunner.run(ParentRunner.java:309)
	at org.springframework.test.context.junit4.SpringJUnit4ClassRunner.run(SpringJUnit4ClassRunner.java:176)
	at org.gradle.api.internal.tasks.testing.junit.JUnitTestClassExecuter.runTestClass(JUnitTestClassExecuter.java:86)
	at org.gradle.api.internal.tasks.testing.junit.JUnitTestClassExecuter.execute(JUnitTestClassExecuter.java:49)
	at org.gradle.api.internal.tasks.testing.junit.JUnitTestClassProcessor.processTestClass(JUnitTestClassProcessor.java:64)
	at org.gradle.api.internal.tasks.testing.SuiteTestClassProcessor.processTestClass(SuiteTestClassProcessor.java:50)
	at sun.reflect.NativeMethodAccessorImpl.invoke0(Native Method)
	at sun.reflect.NativeMethodAccessorImpl.invoke(NativeMethodAccessorImpl.java:57)
	at sun.reflect.DelegatingMethodAccessorImpl.invoke(DelegatingMethodAccessorImpl.java:43)
	at java.lang.reflect.Method.invoke(Method.java:606)
	at org.gradle.messaging.dispatch.ReflectionDispatch.dispatch(ReflectionDispatch.java:35)
	at org.gradle.messaging.dispatch.ReflectionDispatch.dispatch(ReflectionDispatch.java:24)
	at org.gradle.messaging.dispatch.ContextClassLoaderDispatch.dispatch(ContextClassLoaderDispatch.java:32)
	at org.gradle.messaging.dispatch.ProxyDispatchAdapter$DispatchingInvocationHandler.invoke(ProxyDispatchAdapter.java:93)
	at com.sun.proxy.$Proxy2.processTestClass(Unknown Source)
	at org.gradle.api.internal.tasks.testing.worker.TestWorker.processTestClass(TestWorker.java:106)
	at sun.reflect.NativeMethodAccessorImpl.invoke0(Native Method)
	at sun.reflect.NativeMethodAccessorImpl.invoke(NativeMethodAccessorImpl.java:57)
	at sun.reflect.DelegatingMethodAccessorImpl.invoke(DelegatingMethodAccessorImpl.java:43)
	at java.lang.reflect.Method.invoke(Method.java:606)
	at org.gradle.messaging.dispatch.ReflectionDispatch.dispatch(ReflectionDispatch.java:35)
	at org.gradle.messaging.dispatch.ReflectionDispatch.dispatch(ReflectionDispatch.java:24)
	at org.gradle.messaging.remote.internal.hub.MessageHub$Handler.run(MessageHub.java:360)
	at org.gradle.internal.concurrent.DefaultExecutorFactory$StoppableExecutorImpl$1.run(DefaultExecutorFactory.java:64)
	at java.util.concurrent.ThreadPoolExecutor.runWorker(ThreadPoolExecutor.java:1145)
	at java.util.concurrent.ThreadPoolExecutor$Worker.run(ThreadPoolExecutor.java:615)
	at java.lang.Thread.run(Thread.java:745)
JwtConfig.tokenKey may not be null
java.lang.SecurityException: JwtConfig.tokenKey may not be null
	at com.athena.server.pluggable.utils.helper.EntityValidatorHelper.validateEntity(EntityValidatorHelper.java:37)
	at com.app.shared.appbasicsetup.aaa.JwtConfig.isValid(JwtConfig.java:186)
	at com.app.server.service.appbasicsetup.aaa.JwtConfigTestCase.validateJwtConfig(JwtConfigTestCase.java:208)
	at com.app.server.service.appbasicsetup.aaa.JwtConfigTestCase.test5NegativeTesting(JwtConfigTestCase.java:259)
	at sun.reflect.NativeMethodAccessorImpl.invoke0(Native Method)
	at sun.reflect.NativeMethodAccessorImpl.invoke(NativeMethodAccessorImpl.java:57)
	at sun.reflect.DelegatingMethodAccessorImpl.invoke(DelegatingMethodAccessorImpl.java:43)
	at java.lang.reflect.Method.invoke(Method.java:606)
	at org.junit.runners.model.FrameworkMethod$1.runReflectiveCall(FrameworkMethod.java:47)
	at org.junit.internal.runners.model.ReflectiveCallable.run(ReflectiveCallable.java:12)
	at org.junit.runners.model.FrameworkMethod.invokeExplosively(FrameworkMethod.java:44)
	at org.junit.internal.runners.statements.InvokeMethod.evaluate(InvokeMethod.java:17)
	at org.junit.internal.runners.statements.RunBefores.evaluate(RunBefores.java:26)
	at org.springframework.test.context.junit4.statements.RunBeforeTestMethodCallbacks.evaluate(RunBeforeTestMethodCallbacks.java:74)
	at org.junit.internal.runners.statements.RunAfters.evaluate(RunAfters.java:27)
	at org.springframework.test.context.junit4.statements.RunAfterTestMethodCallbacks.evaluate(RunAfterTestMethodCallbacks.java:83)
	at org.springframework.test.context.junit4.statements.SpringRepeat.evaluate(SpringRepeat.java:72)
	at org.springframework.test.context.junit4.SpringJUnit4ClassRunner.runChild(SpringJUnit4ClassRunner.java:233)
	at org.springframework.test.context.junit4.SpringJUnit4ClassRunner.runChild(SpringJUnit4ClassRunner.java:87)
	at org.junit.runners.ParentRunner$3.run(ParentRunner.java:238)
	at org.junit.runners.ParentRunner$1.schedule(ParentRunner.java:63)
	at org.junit.runners.ParentRunner.runChildren(ParentRunner.java:236)
	at org.junit.runners.ParentRunner.access$000(ParentRunner.java:53)
	at org.junit.runners.ParentRunner$2.evaluate(ParentRunner.java:229)
	at org.junit.internal.runners.statements.RunBefores.evaluate(RunBefores.java:26)
	at org.springframework.test.context.junit4.statements.RunBeforeTestClassCallbacks.evaluate(RunBeforeTestClassCallbacks.java:61)
	at org.springframework.test.context.junit4.statements.RunAfterTestClassCallbacks.evaluate(RunAfterTestClassCallbacks.java:71)
	at org.junit.runners.ParentRunner.run(ParentRunner.java:309)
	at org.springframework.test.context.junit4.SpringJUnit4ClassRunner.run(SpringJUnit4ClassRunner.java:176)
	at org.gradle.api.internal.tasks.testing.junit.JUnitTestClassExecuter.runTestClass(JUnitTestClassExecuter.java:86)
	at org.gradle.api.internal.tasks.testing.junit.JUnitTestClassExecuter.execute(JUnitTestClassExecuter.java:49)
	at org.gradle.api.internal.tasks.testing.junit.JUnitTestClassProcessor.processTestClass(JUnitTestClassProcessor.java:64)
	at org.gradle.api.internal.tasks.testing.SuiteTestClassProcessor.processTestClass(SuiteTestClassProcessor.java:50)
	at sun.reflect.NativeMethodAccessorImpl.invoke0(Native Method)
	at sun.reflect.NativeMethodAccessorImpl.invoke(NativeMethodAccessorImpl.java:57)
	at sun.reflect.DelegatingMethodAccessorImpl.invoke(DelegatingMethodAccessorImpl.java:43)
	at java.lang.reflect.Method.invoke(Method.java:606)
	at org.gradle.messaging.dispatch.ReflectionDispatch.dispatch(ReflectionDispatch.java:35)
	at org.gradle.messaging.dispatch.ReflectionDispatch.dispatch(ReflectionDispatch.java:24)
	at org.gradle.messaging.dispatch.ContextClassLoaderDispatch.dispatch(ContextClassLoaderDispatch.java:32)
	at org.gradle.messaging.dispatch.ProxyDispatchAdapter$DispatchingInvocationHandler.invoke(ProxyDispatchAdapter.java:93)
	at com.sun.proxy.$Proxy2.processTestClass(Unknown Source)
	at org.gradle.api.internal.tasks.testing.worker.TestWorker.processTestClass(TestWorker.java:106)
	at sun.reflect.NativeMethodAccessorImpl.invoke0(Native Method)
	at sun.reflect.NativeMethodAccessorImpl.invoke(NativeMethodAccessorImpl.java:57)
	at sun.reflect.DelegatingMethodAccessorImpl.invoke(DelegatingMethodAccessorImpl.java:43)
	at java.lang.reflect.Method.invoke(Method.java:606)
	at org.gradle.messaging.dispatch.ReflectionDispatch.dispatch(ReflectionDispatch.java:35)
	at org.gradle.messaging.dispatch.ReflectionDispatch.dispatch(ReflectionDispatch.java:24)
	at org.gradle.messaging.remote.internal.hub.MessageHub$Handler.run(MessageHub.java:360)
	at org.gradle.internal.concurrent.DefaultExecutorFactory$StoppableExecutorImpl$1.run(DefaultExecutorFactory.java:64)
	at java.util.concurrent.ThreadPoolExecutor.runWorker(ThreadPoolExecutor.java:1145)
	at java.util.concurrent.ThreadPoolExecutor$Worker.run(ThreadPoolExecutor.java:615)
	at java.lang.Thread.run(Thread.java:745)
JwtConfig.tokenKey size must be between 1 and 256
java.lang.SecurityException: JwtConfig.tokenKey size must be between 1 and 256
	at com.athena.server.pluggable.utils.helper.EntityValidatorHelper.validateEntity(EntityValidatorHelper.java:37)
	at com.app.shared.appbasicsetup.aaa.JwtConfig.isValid(JwtConfig.java:186)
	at com.app.server.service.appbasicsetup.aaa.JwtConfigTestCase.validateJwtConfig(JwtConfigTestCase.java:206)
	at com.app.server.service.appbasicsetup.aaa.JwtConfigTestCase.test5NegativeTesting(JwtConfigTestCase.java:264)
	at sun.reflect.NativeMethodAccessorImpl.invoke0(Native Method)
	at sun.reflect.NativeMethodAccessorImpl.invoke(NativeMethodAccessorImpl.java:57)
	at sun.reflect.DelegatingMethodAccessorImpl.invoke(DelegatingMethodAccessorImpl.java:43)
	at java.lang.reflect.Method.invoke(Method.java:606)
	at org.junit.runners.model.FrameworkMethod$1.runReflectiveCall(FrameworkMethod.java:47)
	at org.junit.internal.runners.model.ReflectiveCallable.run(ReflectiveCallable.java:12)
	at org.junit.runners.model.FrameworkMethod.invokeExplosively(FrameworkMethod.java:44)
	at org.junit.internal.runners.statements.InvokeMethod.evaluate(InvokeMethod.java:17)
	at org.junit.internal.runners.statements.RunBefores.evaluate(RunBefores.java:26)
	at org.springframework.test.context.junit4.statements.RunBeforeTestMethodCallbacks.evaluate(RunBeforeTestMethodCallbacks.java:74)
	at org.junit.internal.runners.statements.RunAfters.evaluate(RunAfters.java:27)
	at org.springframework.test.context.junit4.statements.RunAfterTestMethodCallbacks.evaluate(RunAfterTestMethodCallbacks.java:83)
	at org.springframework.test.context.junit4.statements.SpringRepeat.evaluate(SpringRepeat.java:72)
	at org.springframework.test.context.junit4.SpringJUnit4ClassRunner.runChild(SpringJUnit4ClassRunner.java:233)
	at org.springframework.test.context.junit4.SpringJUnit4ClassRunner.runChild(SpringJUnit4ClassRunner.java:87)
	at org.junit.runners.ParentRunner$3.run(ParentRunner.java:238)
	at org.junit.runners.ParentRunner$1.schedule(ParentRunner.java:63)
	at org.junit.runners.ParentRunner.runChildren(ParentRunner.java:236)
	at org.junit.runners.ParentRunner.access$000(ParentRunner.java:53)
	at org.junit.runners.ParentRunner$2.evaluate(ParentRunner.java:229)
	at org.junit.internal.runners.statements.RunBefores.evaluate(RunBefores.java:26)
	at org.springframework.test.context.junit4.statements.RunBeforeTestClassCallbacks.evaluate(RunBeforeTestClassCallbacks.java:61)
	at org.springframework.test.context.junit4.statements.RunAfterTestClassCallbacks.evaluate(RunAfterTestClassCallbacks.java:71)
	at org.junit.runners.ParentRunner.run(ParentRunner.java:309)
	at org.springframework.test.context.junit4.SpringJUnit4ClassRunner.run(SpringJUnit4ClassRunner.java:176)
	at org.gradle.api.internal.tasks.testing.junit.JUnitTestClassExecuter.runTestClass(JUnitTestClassExecuter.java:86)
	at org.gradle.api.internal.tasks.testing.junit.JUnitTestClassExecuter.execute(JUnitTestClassExecuter.java:49)
	at org.gradle.api.internal.tasks.testing.junit.JUnitTestClassProcessor.processTestClass(JUnitTestClassProcessor.java:64)
	at org.gradle.api.internal.tasks.testing.SuiteTestClassProcessor.processTestClass(SuiteTestClassProcessor.java:50)
	at sun.reflect.NativeMethodAccessorImpl.invoke0(Native Method)
	at sun.reflect.NativeMethodAccessorImpl.invoke(NativeMethodAccessorImpl.java:57)
	at sun.reflect.DelegatingMethodAccessorImpl.invoke(DelegatingMethodAccessorImpl.java:43)
	at java.lang.reflect.Method.invoke(Method.java:606)
	at org.gradle.messaging.dispatch.ReflectionDispatch.dispatch(ReflectionDispatch.java:35)
	at org.gradle.messaging.dispatch.ReflectionDispatch.dispatch(ReflectionDispatch.java:24)
	at org.gradle.messaging.dispatch.ContextClassLoaderDispatch.dispatch(ContextClassLoaderDispatch.java:32)
	at org.gradle.messaging.dispatch.ProxyDispatchAdapter$DispatchingInvocationHandler.invoke(ProxyDispatchAdapter.java:93)
	at com.sun.proxy.$Proxy2.processTestClass(Unknown Source)
	at org.gradle.api.internal.tasks.testing.worker.TestWorker.processTestClass(TestWorker.java:106)
	at sun.reflect.NativeMethodAccessorImpl.invoke0(Native Method)
	at sun.reflect.NativeMethodAccessorImpl.invoke(NativeMethodAccessorImpl.java:57)
	at sun.reflect.DelegatingMethodAccessorImpl.invoke(DelegatingMethodAccessorImpl.java:43)
	at java.lang.reflect.Method.invoke(Method.java:606)
	at org.gradle.messaging.dispatch.ReflectionDispatch.dispatch(ReflectionDispatch.java:35)
	at org.gradle.messaging.dispatch.ReflectionDispatch.dispatch(ReflectionDispatch.java:24)
	at org.gradle.messaging.remote.internal.hub.MessageHub$Handler.run(MessageHub.java:360)
	at org.gradle.internal.concurrent.DefaultExecutorFactory$StoppableExecutorImpl$1.run(DefaultExecutorFactory.java:64)
	at java.util.concurrent.ThreadPoolExecutor.runWorker(ThreadPoolExecutor.java:1145)
	at java.util.concurrent.ThreadPoolExecutor$Worker.run(ThreadPoolExecutor.java:615)
	at java.lang.Thread.run(Thread.java:745)
]]></system-err>
</testsuite>
