<?xml version="1.0" encoding="UTF-8"?>
<testsuite name="com.app.server.service.organization.contactmanagement.PhoneCategoryTestCase" tests="5" skipped="0" failures="0" errors="0" timestamp="2016-10-27T13:59:47" hostname="40520a1252e0" time="0.177">
  <properties/>
  <testcase name="test1Save" classname="com.app.server.service.organization.contactmanagement.PhoneCategoryTestCase" time="0.092"/>
  <testcase name="test2Update" classname="com.app.server.service.organization.contactmanagement.PhoneCategoryTestCase" time="0.031"/>
  <testcase name="test3FindById" classname="com.app.server.service.organization.contactmanagement.PhoneCategoryTestCase" time="0.021"/>
  <testcase name="test5NegativeTesting" classname="com.app.server.service.organization.contactmanagement.PhoneCategoryTestCase" time="0.008"/>
  <testcase name="test6Delete" classname="com.app.server.service.organization.contactmanagement.PhoneCategoryTestCase" time="0.025"/>
  <system-out><![CDATA[Thu Oct 27 13:59:47 UTC 2016|Log Manager Factory|Initialization Process started.....
Thu Oct 27 13:59:47 UTC 2016|Log Manager|Initialized with Path = [/home/applifire/workspace/appsetup/src/main/webapp/WEB-INF/conf]
Thu Oct 27 13:59:47 UTC 2016|Alarm Manager|Initialized with Path = [/home/applifire/workspace/appsetup/src/main/webapp/WEB-INF/conf]
Thu Oct 27 13:59:47 UTC 2016|Alarm Manager|Loading Alarms ......
Thu Oct 27 13:59:47 UTC 2016|Alarm XML Parser|FWA|XML Parsing Complete........ 
Thu Oct 27 13:59:47 UTC 2016|Alarm File Manager|FWA|Alarm File Status.. [ApplicationFrameworkAlarms.xml]|Version=15|Status=Done 
Thu Oct 27 13:59:47 UTC 2016|Alarm File Manager|FWA|Alarm Stats = ( BC/AL=5/786 SYS=5/11 [786/0]  TPL=0/0 [0/0]  APP= A.Map=[875]  E.Map EC/RC=[391/79] )
Thu Oct 27 13:59:47 UTC 2016|Alarm XML Parser|APP|XML Parsing Complete........ 
Thu Oct 27 13:59:47 UTC 2016|Alarm File Manager|APP|Alarm File Status.. [ApplicationAlarms.xml]|Version=1|Status=Done 
Thu Oct 27 13:59:47 UTC 2016|Alarm File Manager|APP|Alarm Stats = ( BC/AL=5/786 SYS=5/11 [786/0]  TPL=0/0 [0/0]  APP=0/0 [0/0]  A.Map=[875]  E.Map EC/RC=[391/79] )
Thu Oct 27 13:59:47 UTC 2016|ApplicationAlarmContext| <><><><><> Create App Alarms ....  <><><><><> 
Thu Oct 27 13:59:47 UTC 2016|ApplicationAlarmContext|Alarms are generated ONLY in Development Mode.. 
Thu Oct 27 13:59:47 UTC 2016|Alarm Manager|APP|Alarm Stats = ( BC/AL=5/786 SYS=5/11 [786/0]  TPL=0/0 [0/0]  APP=0/0 [0/0]  A.Map=[875]  E.Map EC/RC=[391/79] )
Thu Oct 27 13:59:47 UTC 2016|Alarm Manager|Initialized Exception Lookup...
Thu Oct 27 13:59:47 UTC 2016|Log Manager|Initialize Log Config File ......
Thu Oct 27 13:59:47 UTC 2016|Pluggable Connectors|Adding Connectors : StandardOutputConnector isEnabled=true isDefault=false isFallBack=true
Thu Oct 27 13:59:47 UTC 2016|Pluggable Connectors|Adding Connectors : StandardFileConnector isEnabled=true isDefault=false isFallBack=false
Thu Oct 27 13:59:47 UTC 2016|Pluggable Connectors|Adding Connectors : Sprinkler isEnabled=true isDefault=true isFallBack=false
Thu Oct 27 13:59:47 UTC 2016|Pluggable Connectors|Default Connector Name : com.spartan.logger.core.LogMessenger
Thu Oct 27 13:59:47 UTC 2016|Log Config Parser|Connector Least Log Level =[4]  FallBack Log Level =[3]
Thu Oct 27 13:59:47 UTC 2016|Log Manager|Loading Default Connector for Logging ......
Thu Oct 27 13:59:47 UTC 2016|Log Manager|Loading class .. com.spartan.logger.core.LogMessenger
Thu Oct 27 13:59:47 UTC 2016|Plugggable Connector|Connector class com.spartan.logger.core.LogMessenger Initialized... @ Log Level = 3
Thu Oct 27 13:59:47 UTC 2016|Log Manager|Starting the Default Connector [com.spartan.logger.core.LogMessenger@149bd04b] ....
Thu Oct 27 13:59:47 UTC 2016|Scheduler|Starting the Scheduler ......
Thu Oct 27 13:59:47 UTC 2016|Scheduler|Adding [LMID=[9a328665-5dd6-4e7b-b824-be92cc7f8f12]] Delay=5 Time Unit=MINUTES
Thu Oct 27 13:59:47 UTC 2016|Scheduler|Adding [App Alarm Manager File=[ApplicationAlarms.xml]] Delay=30 Time Unit=MINUTES
Thu Oct 27 13:59:47 UTC 2016|Scheduler|Adding [FW Alarm Manager File=[ApplicationFrameworkAlarms.xml]] Delay=3 Time Unit=MINUTES
Thu Oct 27 13:59:47 UTC 2016|Scheduler|Startup Completed..
Thu Oct 27 13:59:47 UTC 2016|Log Manager|Initialization Process Complete ......
Thu Oct 27 13:59:47 UTC 2016|Log Manager Factory|Log Manager READY! ID = 9a328665-5dd6-4e7b-b824-be92cc7f8f12
[EL Finer]: connection: 2016-10-27 13:59:47.256--ServerSession(1535227590)--Thread(Thread[Test worker,5,main])--client acquired: 508089991
[EL Finer]: transaction: 2016-10-27 13:59:47.256--ClientSession(508089991)--Thread(Thread[Test worker,5,main])--acquire unit of work: 1073498265
[EL Finest]: connection: 2016-10-27 13:59:47.256--ServerSession(1535227590)--Connection(1275221408)--Thread(Thread[Test worker,5,main])--Connection acquired from connection pool [default].
[EL Finer]: transaction: 2016-10-27 13:59:47.256--ClientSession(508089991)--Connection(1275221408)--Thread(Thread[Test worker,5,main])--begin transaction
[EL Finest]: connection: 2016-10-27 13:59:47.256--ClientSession(508089991)--Thread(Thread[Test worker,5,main])--reconnecting to external connection pool
[EL Finest]: transaction: 2016-10-27 13:59:47.26--UnitOfWork(1073498265)--Thread(Thread[Test worker,5,main])--persist() operation called on: ECyNJZwXGmmfuPU7rvZ8j5VRAUg7TE9A1UXMjF6bF30m3FB4bq.
[EL Finest]: sequencing: 2016-10-27 13:59:47.261--UnitOfWork(1073498265)--Thread(Thread[Test worker,5,main])--assign sequence to the object (D3F40D8E-1656-4208-880E-6AF9BD4DBFAD -> ECyNJZwXGmmfuPU7rvZ8j5VRAUg7TE9A1UXMjF6bF30m3FB4bq)
Thu Oct 27 13:59:47 UTC 2016|Unknown Alarm = ORGCM322100200 Alarm Split = ORG-CM-3-2-2-100-200
[EL Finer]: transaction: 2016-10-27 13:59:47.261--UnitOfWork(1073498265)--Thread(Thread[Test worker,5,main])--begin unit of work commit
[EL Finest]: query: 2016-10-27 13:59:47.261--UnitOfWork(1073498265)--Thread(Thread[Test worker,5,main])--Execute query InsertObjectQuery(ECyNJZwXGmmfuPU7rvZ8j5VRAUg7TE9A1UXMjF6bF30m3FB4bq)
[EL Fine]: sql: 2016-10-27 13:59:47.262--ClientSession(508089991)--Connection(1737871942)--Thread(Thread[Test worker,5,main])--INSERT INTO PhoneCategory (phoneCatId, phoneCatName, versionId, createdBy, createdDate, updatedBy, updatedDate, activeStatus, txnAccessCode) VALUES (?, ?, ?, ?, ?, ?, ?, ?, ?)
	bind => [D3F40D8E-1656-4208-880E-6AF9BD4DBFAD, ECyNJZwXGmmfuPU7rvZ8j5VRAUg7TE9A1UXMjF6bF30m3FB4bq, 1, AAAAA, 2016-10-27 13:59:47.197, AAAAA, 2016-10-27 13:59:47.197, 1, 51000]
[EL Finer]: transaction: 2016-10-27 13:59:47.263--ClientSession(508089991)--Connection(1737871942)--Thread(Thread[Test worker,5,main])--commit transaction
[EL Finest]: connection: 2016-10-27 13:59:47.266--ServerSession(1535227590)--Connection(1275221408)--Thread(Thread[Test worker,5,main])--Connection released to connection pool [default].
[EL Finer]: transaction: 2016-10-27 13:59:47.267--UnitOfWork(1073498265)--Thread(Thread[Test worker,5,main])--end unit of work commit
[EL Finer]: transaction: 2016-10-27 13:59:47.267--UnitOfWork(1073498265)--Thread(Thread[Test worker,5,main])--resume unit of work
[EL Finer]: transaction: 2016-10-27 13:59:47.267--UnitOfWork(1073498265)--Thread(Thread[Test worker,5,main])--release unit of work
[EL Finer]: connection: 2016-10-27 13:59:47.267--ClientSession(508089991)--Thread(Thread[Test worker,5,main])--client released
[EL Finer]: connection: 2016-10-27 13:59:47.285--ServerSession(1535227590)--Thread(Thread[Test worker,5,main])--client acquired: 735604729
[EL Finer]: transaction: 2016-10-27 13:59:47.285--ClientSession(735604729)--Thread(Thread[Test worker,5,main])--acquire unit of work: 245324524
[EL Finest]: connection: 2016-10-27 13:59:47.285--ServerSession(1535227590)--Connection(672628)--Thread(Thread[Test worker,5,main])--Connection acquired from connection pool [default].
[EL Finer]: transaction: 2016-10-27 13:59:47.286--ClientSession(735604729)--Connection(672628)--Thread(Thread[Test worker,5,main])--begin transaction
[EL Finest]: connection: 2016-10-27 13:59:47.286--ClientSession(735604729)--Thread(Thread[Test worker,5,main])--reconnecting to external connection pool
[EL Finer]: transaction: 2016-10-27 13:59:47.287--UnitOfWork(245324524)--Thread(Thread[Test worker,5,main])--begin unit of work flush
[EL Finer]: transaction: 2016-10-27 13:59:47.287--UnitOfWork(245324524)--Thread(Thread[Test worker,5,main])--end unit of work flush
[EL Finest]: query: 2016-10-27 13:59:47.287--UnitOfWork(245324524)--Thread(Thread[Test worker,5,main])--Execute query ReadAllQuery(name="PhoneCategory.findById" referenceClass=PhoneCategory sql="SELECT phoneCatId, phoneCatName, versionId, createdBy, createdDate, updatedBy, updatedDate, activeStatus, txnAccessCode FROM PhoneCategory WHERE ((activeStatus = ?) AND (phoneCatId = ?))")
[EL Fine]: sql: 2016-10-27 13:59:47.287--ClientSession(735604729)--Connection(2137844289)--Thread(Thread[Test worker,5,main])--SELECT phoneCatId, phoneCatName, versionId, createdBy, createdDate, updatedBy, updatedDate, activeStatus, txnAccessCode FROM PhoneCategory WHERE ((activeStatus = ?) AND (phoneCatId = ?))
	bind => [1, D3F40D8E-1656-4208-880E-6AF9BD4DBFAD]
Thu Oct 27 13:59:47 UTC 2016|Unknown Alarm = ORGCM324100200 Alarm Split = ORG-CM-3-2-4-100-200
[EL Finer]: transaction: 2016-10-27 13:59:47.289--UnitOfWork(245324524)--Thread(Thread[Test worker,5,main])--begin unit of work commit
[EL Finer]: transaction: 2016-10-27 13:59:47.289--ClientSession(735604729)--Connection(2137844289)--Thread(Thread[Test worker,5,main])--commit transaction
[EL Finest]: connection: 2016-10-27 13:59:47.289--ServerSession(1535227590)--Connection(672628)--Thread(Thread[Test worker,5,main])--Connection released to connection pool [default].
[EL Finer]: transaction: 2016-10-27 13:59:47.289--UnitOfWork(245324524)--Thread(Thread[Test worker,5,main])--end unit of work commit
[EL Finer]: transaction: 2016-10-27 13:59:47.289--UnitOfWork(245324524)--Thread(Thread[Test worker,5,main])--resume unit of work
[EL Finer]: transaction: 2016-10-27 13:59:47.289--UnitOfWork(245324524)--Thread(Thread[Test worker,5,main])--release unit of work
[EL Finer]: connection: 2016-10-27 13:59:47.289--ClientSession(735604729)--Thread(Thread[Test worker,5,main])--client released
[EL Finer]: connection: 2016-10-27 13:59:47.29--ServerSession(1535227590)--Thread(Thread[Test worker,5,main])--client acquired: 1193935658
[EL Finer]: transaction: 2016-10-27 13:59:47.29--ClientSession(1193935658)--Thread(Thread[Test worker,5,main])--acquire unit of work: 389406438
[EL Finest]: connection: 2016-10-27 13:59:47.29--ServerSession(1535227590)--Connection(1371331057)--Thread(Thread[Test worker,5,main])--Connection acquired from connection pool [default].
[EL Finer]: transaction: 2016-10-27 13:59:47.29--ClientSession(1193935658)--Connection(1371331057)--Thread(Thread[Test worker,5,main])--begin transaction
[EL Finest]: connection: 2016-10-27 13:59:47.29--ClientSession(1193935658)--Thread(Thread[Test worker,5,main])--reconnecting to external connection pool
[EL Finest]: transaction: 2016-10-27 13:59:47.292--UnitOfWork(389406438)--Thread(Thread[Test worker,5,main])--Merge clone with references FfyYPI8GZQi4R6sCLXvOV2sdMcTJyrCyYqbxhTGAVH5LlvPwpp
[EL Finest]: query: 2016-10-27 13:59:47.292--UnitOfWork(389406438)--Thread(Thread[Test worker,5,main])--Execute query ReadObjectQuery(referenceClass=PhoneCategory )
[EL Fine]: sql: 2016-10-27 13:59:47.292--ClientSession(1193935658)--Connection(2063573201)--Thread(Thread[Test worker,5,main])--SELECT phoneCatId, phoneCatName, versionId, createdBy, createdDate, updatedBy, updatedDate, activeStatus, txnAccessCode FROM PhoneCategory WHERE (phoneCatId = ?)
	bind => [D3F40D8E-1656-4208-880E-6AF9BD4DBFAD]
Thu Oct 27 13:59:47 UTC 2016|Unknown Alarm = ORGCM321100200 Alarm Split = ORG-CM-3-2-1-100-200
[EL Finer]: transaction: 2016-10-27 13:59:47.293--UnitOfWork(389406438)--Thread(Thread[Test worker,5,main])--begin unit of work commit
[EL Finest]: query: 2016-10-27 13:59:47.293--UnitOfWork(389406438)--Thread(Thread[Test worker,5,main])--Execute query UpdateObjectQuery(FfyYPI8GZQi4R6sCLXvOV2sdMcTJyrCyYqbxhTGAVH5LlvPwpp)
[EL Fine]: sql: 2016-10-27 13:59:47.294--ClientSession(1193935658)--Connection(2063573201)--Thread(Thread[Test worker,5,main])--UPDATE PhoneCategory SET phoneCatName = ?, versionId = ? WHERE ((phoneCatId = ?) AND (versionId = ?))
	bind => [FfyYPI8GZQi4R6sCLXvOV2sdMcTJyrCyYqbxhTGAVH5LlvPwpp, 2, D3F40D8E-1656-4208-880E-6AF9BD4DBFAD, 1]
[EL Finer]: transaction: 2016-10-27 13:59:47.295--ClientSession(1193935658)--Connection(2063573201)--Thread(Thread[Test worker,5,main])--commit transaction
[EL Finest]: connection: 2016-10-27 13:59:47.297--ServerSession(1535227590)--Connection(1371331057)--Thread(Thread[Test worker,5,main])--Connection released to connection pool [default].
[EL Finer]: transaction: 2016-10-27 13:59:47.297--UnitOfWork(389406438)--Thread(Thread[Test worker,5,main])--end unit of work commit
[EL Finer]: transaction: 2016-10-27 13:59:47.297--UnitOfWork(389406438)--Thread(Thread[Test worker,5,main])--resume unit of work
[EL Finer]: transaction: 2016-10-27 13:59:47.297--UnitOfWork(389406438)--Thread(Thread[Test worker,5,main])--release unit of work
[EL Finer]: connection: 2016-10-27 13:59:47.297--ClientSession(1193935658)--Thread(Thread[Test worker,5,main])--client released
[EL Finer]: connection: 2016-10-27 13:59:47.315--ServerSession(1535227590)--Thread(Thread[Test worker,5,main])--client acquired: 1469954307
[EL Finer]: transaction: 2016-10-27 13:59:47.315--ClientSession(1469954307)--Thread(Thread[Test worker,5,main])--acquire unit of work: 870162661
[EL Finest]: connection: 2016-10-27 13:59:47.315--ServerSession(1535227590)--Connection(460207357)--Thread(Thread[Test worker,5,main])--Connection acquired from connection pool [default].
[EL Finer]: transaction: 2016-10-27 13:59:47.315--ClientSession(1469954307)--Connection(460207357)--Thread(Thread[Test worker,5,main])--begin transaction
[EL Finest]: connection: 2016-10-27 13:59:47.316--ClientSession(1469954307)--Thread(Thread[Test worker,5,main])--reconnecting to external connection pool
[EL Finer]: transaction: 2016-10-27 13:59:47.316--UnitOfWork(870162661)--Thread(Thread[Test worker,5,main])--begin unit of work flush
[EL Finer]: transaction: 2016-10-27 13:59:47.316--UnitOfWork(870162661)--Thread(Thread[Test worker,5,main])--end unit of work flush
[EL Finest]: query: 2016-10-27 13:59:47.317--UnitOfWork(870162661)--Thread(Thread[Test worker,5,main])--Execute query ReadAllQuery(name="PhoneCategory.findById" referenceClass=PhoneCategory sql="SELECT phoneCatId, phoneCatName, versionId, createdBy, createdDate, updatedBy, updatedDate, activeStatus, txnAccessCode FROM PhoneCategory WHERE ((activeStatus = ?) AND (phoneCatId = ?))")
[EL Fine]: sql: 2016-10-27 13:59:47.317--ClientSession(1469954307)--Connection(1775952814)--Thread(Thread[Test worker,5,main])--SELECT phoneCatId, phoneCatName, versionId, createdBy, createdDate, updatedBy, updatedDate, activeStatus, txnAccessCode FROM PhoneCategory WHERE ((activeStatus = ?) AND (phoneCatId = ?))
	bind => [1, D3F40D8E-1656-4208-880E-6AF9BD4DBFAD]
Thu Oct 27 13:59:47 UTC 2016|Unknown Alarm = ORGCM324100200 Alarm Split = ORG-CM-3-2-4-100-200
[EL Finer]: transaction: 2016-10-27 13:59:47.318--UnitOfWork(870162661)--Thread(Thread[Test worker,5,main])--begin unit of work commit
[EL Finer]: transaction: 2016-10-27 13:59:47.318--ClientSession(1469954307)--Connection(1775952814)--Thread(Thread[Test worker,5,main])--commit transaction
[EL Finest]: connection: 2016-10-27 13:59:47.318--ServerSession(1535227590)--Connection(460207357)--Thread(Thread[Test worker,5,main])--Connection released to connection pool [default].
[EL Finer]: transaction: 2016-10-27 13:59:47.318--UnitOfWork(870162661)--Thread(Thread[Test worker,5,main])--end unit of work commit
[EL Finer]: transaction: 2016-10-27 13:59:47.319--UnitOfWork(870162661)--Thread(Thread[Test worker,5,main])--resume unit of work
[EL Finer]: transaction: 2016-10-27 13:59:47.319--UnitOfWork(870162661)--Thread(Thread[Test worker,5,main])--release unit of work
[EL Finer]: connection: 2016-10-27 13:59:47.319--ClientSession(1469954307)--Thread(Thread[Test worker,5,main])--client released
[EL Finer]: connection: 2016-10-27 13:59:47.344--ServerSession(1535227590)--Thread(Thread[Test worker,5,main])--client acquired: 1138359604
[EL Finer]: transaction: 2016-10-27 13:59:47.344--ClientSession(1138359604)--Thread(Thread[Test worker,5,main])--acquire unit of work: 478053305
[EL Finest]: connection: 2016-10-27 13:59:47.345--ServerSession(1535227590)--Connection(905573708)--Thread(Thread[Test worker,5,main])--Connection acquired from connection pool [default].
[EL Finer]: transaction: 2016-10-27 13:59:47.345--ClientSession(1138359604)--Connection(905573708)--Thread(Thread[Test worker,5,main])--begin transaction
[EL Finest]: connection: 2016-10-27 13:59:47.345--ClientSession(1138359604)--Thread(Thread[Test worker,5,main])--reconnecting to external connection pool
[EL Finest]: query: 2016-10-27 13:59:47.346--UnitOfWork(478053305)--Thread(Thread[Test worker,5,main])--Execute query ReadObjectQuery(name="readPhoneCategory" referenceClass=PhoneCategory sql="SELECT phoneCatId, phoneCatName, versionId, createdBy, createdDate, updatedBy, updatedDate, activeStatus, txnAccessCode FROM PhoneCategory WHERE (phoneCatId = ?)")
[EL Fine]: sql: 2016-10-27 13:59:47.346--ClientSession(1138359604)--Connection(1183103478)--Thread(Thread[Test worker,5,main])--SELECT phoneCatId, phoneCatName, versionId, createdBy, createdDate, updatedBy, updatedDate, activeStatus, txnAccessCode FROM PhoneCategory WHERE (phoneCatId = ?)
	bind => [D3F40D8E-1656-4208-880E-6AF9BD4DBFAD]
[EL Finest]: transaction: 2016-10-27 13:59:47.347--UnitOfWork(478053305)--Thread(Thread[Test worker,5,main])--remove() operation called on: FfyYPI8GZQi4R6sCLXvOV2sdMcTJyrCyYqbxhTGAVH5LlvPwpp
Thu Oct 27 13:59:47 UTC 2016|Unknown Alarm = ORGCM328100200 Alarm Split = ORG-CM-3-2-8-100-200
[EL Finer]: transaction: 2016-10-27 13:59:47.347--UnitOfWork(478053305)--Thread(Thread[Test worker,5,main])--begin unit of work commit
[EL Finest]: query: 2016-10-27 13:59:47.347--UnitOfWork(478053305)--Thread(Thread[Test worker,5,main])--Execute query DoesExistQuery(referenceClass=PhoneCategory )
[EL Finest]: query: 2016-10-27 13:59:47.348--UnitOfWork(478053305)--Thread(Thread[Test worker,5,main])--Execute query DeleteObjectQuery(FfyYPI8GZQi4R6sCLXvOV2sdMcTJyrCyYqbxhTGAVH5LlvPwpp)
[EL Fine]: sql: 2016-10-27 13:59:47.348--ClientSession(1138359604)--Connection(1183103478)--Thread(Thread[Test worker,5,main])--DELETE FROM PhoneCategory WHERE ((phoneCatId = ?) AND (versionId = ?))
	bind => [D3F40D8E-1656-4208-880E-6AF9BD4DBFAD, 2]
[EL Finer]: transaction: 2016-10-27 13:59:47.349--ClientSession(1138359604)--Connection(1183103478)--Thread(Thread[Test worker,5,main])--commit transaction
[EL Finest]: connection: 2016-10-27 13:59:47.351--ServerSession(1535227590)--Connection(905573708)--Thread(Thread[Test worker,5,main])--Connection released to connection pool [default].
[EL Finer]: transaction: 2016-10-27 13:59:47.351--UnitOfWork(478053305)--Thread(Thread[Test worker,5,main])--end unit of work commit
[EL Finer]: transaction: 2016-10-27 13:59:47.351--UnitOfWork(478053305)--Thread(Thread[Test worker,5,main])--resume unit of work
[EL Finer]: transaction: 2016-10-27 13:59:47.351--UnitOfWork(478053305)--Thread(Thread[Test worker,5,main])--release unit of work
[EL Finer]: connection: 2016-10-27 13:59:47.352--ClientSession(1138359604)--Thread(Thread[Test worker,5,main])--client released
]]></system-out>
  <system-err><![CDATA[PhoneCategory.phoneCatName may not be null
java.lang.SecurityException: PhoneCategory.phoneCatName may not be null
	at com.athena.server.pluggable.utils.helper.EntityValidatorHelper.validateEntity(EntityValidatorHelper.java:37)
	at com.app.shared.organization.contactmanagement.PhoneCategory.isValid(PhoneCategory.java:149)
	at com.app.server.service.organization.contactmanagement.PhoneCategoryTestCase.validatePhoneCategory(PhoneCategoryTestCase.java:204)
	at com.app.server.service.organization.contactmanagement.PhoneCategoryTestCase.test5NegativeTesting(PhoneCategoryTestCase.java:235)
	at sun.reflect.NativeMethodAccessorImpl.invoke0(Native Method)
	at sun.reflect.NativeMethodAccessorImpl.invoke(NativeMethodAccessorImpl.java:57)
	at sun.reflect.DelegatingMethodAccessorImpl.invoke(DelegatingMethodAccessorImpl.java:43)
	at java.lang.reflect.Method.invoke(Method.java:606)
	at org.junit.runners.model.FrameworkMethod$1.runReflectiveCall(FrameworkMethod.java:47)
	at org.junit.internal.runners.model.ReflectiveCallable.run(ReflectiveCallable.java:12)
	at org.junit.runners.model.FrameworkMethod.invokeExplosively(FrameworkMethod.java:44)
	at org.junit.internal.runners.statements.InvokeMethod.evaluate(InvokeMethod.java:17)
	at org.junit.internal.runners.statements.RunBefores.evaluate(RunBefores.java:26)
	at org.springframework.test.context.junit4.statements.RunBeforeTestMethodCallbacks.evaluate(RunBeforeTestMethodCallbacks.java:74)
	at org.junit.internal.runners.statements.RunAfters.evaluate(RunAfters.java:27)
	at org.springframework.test.context.junit4.statements.RunAfterTestMethodCallbacks.evaluate(RunAfterTestMethodCallbacks.java:83)
	at org.springframework.test.context.junit4.statements.SpringRepeat.evaluate(SpringRepeat.java:72)
	at org.springframework.test.context.junit4.SpringJUnit4ClassRunner.runChild(SpringJUnit4ClassRunner.java:233)
	at org.springframework.test.context.junit4.SpringJUnit4ClassRunner.runChild(SpringJUnit4ClassRunner.java:87)
	at org.junit.runners.ParentRunner$3.run(ParentRunner.java:238)
	at org.junit.runners.ParentRunner$1.schedule(ParentRunner.java:63)
	at org.junit.runners.ParentRunner.runChildren(ParentRunner.java:236)
	at org.junit.runners.ParentRunner.access$000(ParentRunner.java:53)
	at org.junit.runners.ParentRunner$2.evaluate(ParentRunner.java:229)
	at org.junit.internal.runners.statements.RunBefores.evaluate(RunBefores.java:26)
	at org.springframework.test.context.junit4.statements.RunBeforeTestClassCallbacks.evaluate(RunBeforeTestClassCallbacks.java:61)
	at org.springframework.test.context.junit4.statements.RunAfterTestClassCallbacks.evaluate(RunAfterTestClassCallbacks.java:71)
	at org.junit.runners.ParentRunner.run(ParentRunner.java:309)
	at org.springframework.test.context.junit4.SpringJUnit4ClassRunner.run(SpringJUnit4ClassRunner.java:176)
	at org.gradle.api.internal.tasks.testing.junit.JUnitTestClassExecuter.runTestClass(JUnitTestClassExecuter.java:86)
	at org.gradle.api.internal.tasks.testing.junit.JUnitTestClassExecuter.execute(JUnitTestClassExecuter.java:49)
	at org.gradle.api.internal.tasks.testing.junit.JUnitTestClassProcessor.processTestClass(JUnitTestClassProcessor.java:64)
	at org.gradle.api.internal.tasks.testing.SuiteTestClassProcessor.processTestClass(SuiteTestClassProcessor.java:50)
	at sun.reflect.GeneratedMethodAccessor109.invoke(Unknown Source)
	at sun.reflect.DelegatingMethodAccessorImpl.invoke(DelegatingMethodAccessorImpl.java:43)
	at java.lang.reflect.Method.invoke(Method.java:606)
	at org.gradle.messaging.dispatch.ReflectionDispatch.dispatch(ReflectionDispatch.java:35)
	at org.gradle.messaging.dispatch.ReflectionDispatch.dispatch(ReflectionDispatch.java:24)
	at org.gradle.messaging.dispatch.ContextClassLoaderDispatch.dispatch(ContextClassLoaderDispatch.java:32)
	at org.gradle.messaging.dispatch.ProxyDispatchAdapter$DispatchingInvocationHandler.invoke(ProxyDispatchAdapter.java:93)
	at com.sun.proxy.$Proxy2.processTestClass(Unknown Source)
	at org.gradle.api.internal.tasks.testing.worker.TestWorker.processTestClass(TestWorker.java:106)
	at sun.reflect.GeneratedMethodAccessor108.invoke(Unknown Source)
	at sun.reflect.DelegatingMethodAccessorImpl.invoke(DelegatingMethodAccessorImpl.java:43)
	at java.lang.reflect.Method.invoke(Method.java:606)
	at org.gradle.messaging.dispatch.ReflectionDispatch.dispatch(ReflectionDispatch.java:35)
	at org.gradle.messaging.dispatch.ReflectionDispatch.dispatch(ReflectionDispatch.java:24)
	at org.gradle.messaging.remote.internal.hub.MessageHub$Handler.run(MessageHub.java:360)
	at org.gradle.internal.concurrent.DefaultExecutorFactory$StoppableExecutorImpl$1.run(DefaultExecutorFactory.java:64)
	at java.util.concurrent.ThreadPoolExecutor.runWorker(ThreadPoolExecutor.java:1145)
	at java.util.concurrent.ThreadPoolExecutor$Worker.run(ThreadPoolExecutor.java:615)
	at java.lang.Thread.run(Thread.java:745)
PhoneCategory.phoneCatName size must be between 1 and 256
java.lang.SecurityException: PhoneCategory.phoneCatName size must be between 1 and 256
	at com.athena.server.pluggable.utils.helper.EntityValidatorHelper.validateEntity(EntityValidatorHelper.java:37)
	at com.app.shared.organization.contactmanagement.PhoneCategory.isValid(PhoneCategory.java:149)
	at com.app.server.service.organization.contactmanagement.PhoneCategoryTestCase.validatePhoneCategory(PhoneCategoryTestCase.java:202)
	at com.app.server.service.organization.contactmanagement.PhoneCategoryTestCase.test5NegativeTesting(PhoneCategoryTestCase.java:240)
	at sun.reflect.NativeMethodAccessorImpl.invoke0(Native Method)
	at sun.reflect.NativeMethodAccessorImpl.invoke(NativeMethodAccessorImpl.java:57)
	at sun.reflect.DelegatingMethodAccessorImpl.invoke(DelegatingMethodAccessorImpl.java:43)
	at java.lang.reflect.Method.invoke(Method.java:606)
	at org.junit.runners.model.FrameworkMethod$1.runReflectiveCall(FrameworkMethod.java:47)
	at org.junit.internal.runners.model.ReflectiveCallable.run(ReflectiveCallable.java:12)
	at org.junit.runners.model.FrameworkMethod.invokeExplosively(FrameworkMethod.java:44)
	at org.junit.internal.runners.statements.InvokeMethod.evaluate(InvokeMethod.java:17)
	at org.junit.internal.runners.statements.RunBefores.evaluate(RunBefores.java:26)
	at org.springframework.test.context.junit4.statements.RunBeforeTestMethodCallbacks.evaluate(RunBeforeTestMethodCallbacks.java:74)
	at org.junit.internal.runners.statements.RunAfters.evaluate(RunAfters.java:27)
	at org.springframework.test.context.junit4.statements.RunAfterTestMethodCallbacks.evaluate(RunAfterTestMethodCallbacks.java:83)
	at org.springframework.test.context.junit4.statements.SpringRepeat.evaluate(SpringRepeat.java:72)
	at org.springframework.test.context.junit4.SpringJUnit4ClassRunner.runChild(SpringJUnit4ClassRunner.java:233)
	at org.springframework.test.context.junit4.SpringJUnit4ClassRunner.runChild(SpringJUnit4ClassRunner.java:87)
	at org.junit.runners.ParentRunner$3.run(ParentRunner.java:238)
	at org.junit.runners.ParentRunner$1.schedule(ParentRunner.java:63)
	at org.junit.runners.ParentRunner.runChildren(ParentRunner.java:236)
	at org.junit.runners.ParentRunner.access$000(ParentRunner.java:53)
	at org.junit.runners.ParentRunner$2.evaluate(ParentRunner.java:229)
	at org.junit.internal.runners.statements.RunBefores.evaluate(RunBefores.java:26)
	at org.springframework.test.context.junit4.statements.RunBeforeTestClassCallbacks.evaluate(RunBeforeTestClassCallbacks.java:61)
	at org.springframework.test.context.junit4.statements.RunAfterTestClassCallbacks.evaluate(RunAfterTestClassCallbacks.java:71)
	at org.junit.runners.ParentRunner.run(ParentRunner.java:309)
	at org.springframework.test.context.junit4.SpringJUnit4ClassRunner.run(SpringJUnit4ClassRunner.java:176)
	at org.gradle.api.internal.tasks.testing.junit.JUnitTestClassExecuter.runTestClass(JUnitTestClassExecuter.java:86)
	at org.gradle.api.internal.tasks.testing.junit.JUnitTestClassExecuter.execute(JUnitTestClassExecuter.java:49)
	at org.gradle.api.internal.tasks.testing.junit.JUnitTestClassProcessor.processTestClass(JUnitTestClassProcessor.java:64)
	at org.gradle.api.internal.tasks.testing.SuiteTestClassProcessor.processTestClass(SuiteTestClassProcessor.java:50)
	at sun.reflect.GeneratedMethodAccessor109.invoke(Unknown Source)
	at sun.reflect.DelegatingMethodAccessorImpl.invoke(DelegatingMethodAccessorImpl.java:43)
	at java.lang.reflect.Method.invoke(Method.java:606)
	at org.gradle.messaging.dispatch.ReflectionDispatch.dispatch(ReflectionDispatch.java:35)
	at org.gradle.messaging.dispatch.ReflectionDispatch.dispatch(ReflectionDispatch.java:24)
	at org.gradle.messaging.dispatch.ContextClassLoaderDispatch.dispatch(ContextClassLoaderDispatch.java:32)
	at org.gradle.messaging.dispatch.ProxyDispatchAdapter$DispatchingInvocationHandler.invoke(ProxyDispatchAdapter.java:93)
	at com.sun.proxy.$Proxy2.processTestClass(Unknown Source)
	at org.gradle.api.internal.tasks.testing.worker.TestWorker.processTestClass(TestWorker.java:106)
	at sun.reflect.GeneratedMethodAccessor108.invoke(Unknown Source)
	at sun.reflect.DelegatingMethodAccessorImpl.invoke(DelegatingMethodAccessorImpl.java:43)
	at java.lang.reflect.Method.invoke(Method.java:606)
	at org.gradle.messaging.dispatch.ReflectionDispatch.dispatch(ReflectionDispatch.java:35)
	at org.gradle.messaging.dispatch.ReflectionDispatch.dispatch(ReflectionDispatch.java:24)
	at org.gradle.messaging.remote.internal.hub.MessageHub$Handler.run(MessageHub.java:360)
	at org.gradle.internal.concurrent.DefaultExecutorFactory$StoppableExecutorImpl$1.run(DefaultExecutorFactory.java:64)
	at java.util.concurrent.ThreadPoolExecutor.runWorker(ThreadPoolExecutor.java:1145)
	at java.util.concurrent.ThreadPoolExecutor$Worker.run(ThreadPoolExecutor.java:615)
	at java.lang.Thread.run(Thread.java:745)
]]></system-err>
</testsuite>
