<?xml version="1.0" encoding="UTF-8"?>
<testsuite name="com.app.server.service.organization.contactmanagement.SocialCommunicationTestCase" tests="6" skipped="0" failures="0" errors="0" timestamp="2016-10-27T13:59:46" hostname="40520a1252e0" time="0.256">
  <properties/>
  <testcase name="test1Save" classname="com.app.server.service.organization.contactmanagement.SocialCommunicationTestCase" time="0.117"/>
  <testcase name="test2Update" classname="com.app.server.service.organization.contactmanagement.SocialCommunicationTestCase" time="0.034"/>
  <testcase name="test3FindById" classname="com.app.server.service.organization.contactmanagement.SocialCommunicationTestCase" time="0.025"/>
  <testcase name="test3findBycommType" classname="com.app.server.service.organization.contactmanagement.SocialCommunicationTestCase" time="0.022"/>
  <testcase name="test5NegativeTesting" classname="com.app.server.service.organization.contactmanagement.SocialCommunicationTestCase" time="0.008"/>
  <testcase name="test6Delete" classname="com.app.server.service.organization.contactmanagement.SocialCommunicationTestCase" time="0.049"/>
  <system-out><![CDATA[Thu Oct 27 13:59:46 UTC 2016|Log Manager Factory|Initialization Process started.....
Thu Oct 27 13:59:46 UTC 2016|Log Manager|Initialized with Path = [/home/applifire/workspace/appsetup/src/main/webapp/WEB-INF/conf]
Thu Oct 27 13:59:46 UTC 2016|Alarm Manager|Initialized with Path = [/home/applifire/workspace/appsetup/src/main/webapp/WEB-INF/conf]
Thu Oct 27 13:59:46 UTC 2016|Alarm Manager|Loading Alarms ......
Thu Oct 27 13:59:46 UTC 2016|Alarm XML Parser|FWA|XML Parsing Complete........ 
Thu Oct 27 13:59:46 UTC 2016|Alarm File Manager|FWA|Alarm File Status.. [ApplicationFrameworkAlarms.xml]|Version=15|Status=Done 
Thu Oct 27 13:59:46 UTC 2016|Alarm File Manager|FWA|Alarm Stats = ( BC/AL=5/786 SYS=5/11 [786/0]  TPL=0/0 [0/0]  APP= A.Map=[875]  E.Map EC/RC=[391/79] )
Thu Oct 27 13:59:46 UTC 2016|Alarm XML Parser|APP|XML Parsing Complete........ 
Thu Oct 27 13:59:46 UTC 2016|Alarm File Manager|APP|Alarm File Status.. [ApplicationAlarms.xml]|Version=1|Status=Done 
Thu Oct 27 13:59:46 UTC 2016|Alarm File Manager|APP|Alarm Stats = ( BC/AL=5/786 SYS=5/11 [786/0]  TPL=0/0 [0/0]  APP=0/0 [0/0]  A.Map=[875]  E.Map EC/RC=[391/79] )
Thu Oct 27 13:59:46 UTC 2016|ApplicationAlarmContext| <><><><><> Create App Alarms ....  <><><><><> 
Thu Oct 27 13:59:46 UTC 2016|ApplicationAlarmContext|Alarms are generated ONLY in Development Mode.. 
Thu Oct 27 13:59:46 UTC 2016|Alarm Manager|APP|Alarm Stats = ( BC/AL=5/786 SYS=5/11 [786/0]  TPL=0/0 [0/0]  APP=0/0 [0/0]  A.Map=[875]  E.Map EC/RC=[391/79] )
Thu Oct 27 13:59:46 UTC 2016|Alarm Manager|Initialized Exception Lookup...
Thu Oct 27 13:59:46 UTC 2016|Log Manager|Initialize Log Config File ......
Thu Oct 27 13:59:46 UTC 2016|Pluggable Connectors|Adding Connectors : StandardOutputConnector isEnabled=true isDefault=false isFallBack=true
Thu Oct 27 13:59:46 UTC 2016|Pluggable Connectors|Adding Connectors : StandardFileConnector isEnabled=true isDefault=false isFallBack=false
Thu Oct 27 13:59:46 UTC 2016|Pluggable Connectors|Adding Connectors : Sprinkler isEnabled=true isDefault=true isFallBack=false
Thu Oct 27 13:59:46 UTC 2016|Pluggable Connectors|Default Connector Name : com.spartan.logger.core.LogMessenger
Thu Oct 27 13:59:46 UTC 2016|Log Config Parser|Connector Least Log Level =[4]  FallBack Log Level =[3]
Thu Oct 27 13:59:46 UTC 2016|Log Manager|Loading Default Connector for Logging ......
Thu Oct 27 13:59:46 UTC 2016|Log Manager|Loading class .. com.spartan.logger.core.LogMessenger
Thu Oct 27 13:59:46 UTC 2016|Plugggable Connector|Connector class com.spartan.logger.core.LogMessenger Initialized... @ Log Level = 3
Thu Oct 27 13:59:46 UTC 2016|Log Manager|Starting the Default Connector [com.spartan.logger.core.LogMessenger@1bdd052d] ....
Thu Oct 27 13:59:46 UTC 2016|Scheduler|Starting the Scheduler ......
Thu Oct 27 13:59:46 UTC 2016|Scheduler|Adding [LMID=[9a328665-5dd6-4e7b-b824-be92cc7f8f12]] Delay=5 Time Unit=MINUTES
Thu Oct 27 13:59:46 UTC 2016|Scheduler|Adding [App Alarm Manager File=[ApplicationAlarms.xml]] Delay=30 Time Unit=MINUTES
Thu Oct 27 13:59:46 UTC 2016|Scheduler|Adding [FW Alarm Manager File=[ApplicationFrameworkAlarms.xml]] Delay=3 Time Unit=MINUTES
Thu Oct 27 13:59:46 UTC 2016|Scheduler|Startup Completed..
Thu Oct 27 13:59:46 UTC 2016|Log Manager|Initialization Process Complete ......
Thu Oct 27 13:59:46 UTC 2016|Log Manager Factory|Log Manager READY! ID = 9a328665-5dd6-4e7b-b824-be92cc7f8f12
[EL Finer]: connection: 2016-10-27 13:59:46.941--ServerSession(1535227590)--Thread(Thread[Test worker,5,main])--client acquired: 1960048857
[EL Finer]: transaction: 2016-10-27 13:59:46.941--ClientSession(1960048857)--Thread(Thread[Test worker,5,main])--acquire unit of work: 141994619
[EL Finest]: connection: 2016-10-27 13:59:46.941--ServerSession(1535227590)--Connection(649229716)--Thread(Thread[Test worker,5,main])--Connection acquired from connection pool [default].
[EL Finer]: transaction: 2016-10-27 13:59:46.941--ClientSession(1960048857)--Connection(649229716)--Thread(Thread[Test worker,5,main])--begin transaction
[EL Finest]: connection: 2016-10-27 13:59:46.941--ClientSession(1960048857)--Thread(Thread[Test worker,5,main])--reconnecting to external connection pool
[EL Finest]: transaction: 2016-10-27 13:59:46.944--UnitOfWork(141994619)--Thread(Thread[Test worker,5,main])--persist() operation called on: g1Op2PWJcMSiY7xw1ceeiclRFZTs63wo4WcQ3Ar4O48GEJ3exZ.
[EL Finest]: sequencing: 2016-10-27 13:59:46.944--UnitOfWork(141994619)--Thread(Thread[Test worker,5,main])--assign sequence to the object (B423F68E-EBD4-40C4-A070-819575E84821 -> g1Op2PWJcMSiY7xw1ceeiclRFZTs63wo4WcQ3Ar4O48GEJ3exZ)
Thu Oct 27 13:59:46 UTC 2016|Unknown Alarm = ORGCM322100200 Alarm Split = ORG-CM-3-2-2-100-200
[EL Finer]: transaction: 2016-10-27 13:59:46.944--UnitOfWork(141994619)--Thread(Thread[Test worker,5,main])--begin unit of work commit
[EL Finest]: query: 2016-10-27 13:59:46.944--UnitOfWork(141994619)--Thread(Thread[Test worker,5,main])--Execute query InsertObjectQuery(g1Op2PWJcMSiY7xw1ceeiclRFZTs63wo4WcQ3Ar4O48GEJ3exZ)
[EL Fine]: sql: 2016-10-27 13:59:46.945--ClientSession(1960048857)--Connection(1834276272)--Thread(Thread[Test worker,5,main])--INSERT INTO SocialCategory (socialCatId, socialCatName, versionId, createdBy, createdDate, updatedBy, updatedDate, activeStatus, txnAccessCode) VALUES (?, ?, ?, ?, ?, ?, ?, ?, ?)
	bind => [B423F68E-EBD4-40C4-A070-819575E84821, g1Op2PWJcMSiY7xw1ceeiclRFZTs63wo4WcQ3Ar4O48GEJ3exZ, 1, AAAAA, 2016-10-27 13:59:46.928, AAAAA, 2016-10-27 13:59:46.928, 1, 51000]
[EL Finer]: transaction: 2016-10-27 13:59:46.946--ClientSession(1960048857)--Connection(1834276272)--Thread(Thread[Test worker,5,main])--commit transaction
[EL Finest]: connection: 2016-10-27 13:59:46.949--ServerSession(1535227590)--Connection(649229716)--Thread(Thread[Test worker,5,main])--Connection released to connection pool [default].
[EL Finer]: transaction: 2016-10-27 13:59:46.949--UnitOfWork(141994619)--Thread(Thread[Test worker,5,main])--end unit of work commit
[EL Finer]: transaction: 2016-10-27 13:59:46.949--UnitOfWork(141994619)--Thread(Thread[Test worker,5,main])--resume unit of work
[EL Finer]: transaction: 2016-10-27 13:59:46.949--UnitOfWork(141994619)--Thread(Thread[Test worker,5,main])--release unit of work
[EL Finer]: connection: 2016-10-27 13:59:46.949--ClientSession(1960048857)--Thread(Thread[Test worker,5,main])--client released
[EL Finer]: connection: 2016-10-27 13:59:47.011--ServerSession(1535227590)--Thread(Thread[Test worker,5,main])--client acquired: 585578046
[EL Finer]: transaction: 2016-10-27 13:59:47.011--ClientSession(585578046)--Thread(Thread[Test worker,5,main])--acquire unit of work: 2040148568
[EL Finest]: connection: 2016-10-27 13:59:47.012--ServerSession(1535227590)--Connection(2053074374)--Thread(Thread[Test worker,5,main])--Connection acquired from connection pool [default].
[EL Finer]: transaction: 2016-10-27 13:59:47.012--ClientSession(585578046)--Connection(2053074374)--Thread(Thread[Test worker,5,main])--begin transaction
[EL Finest]: connection: 2016-10-27 13:59:47.012--ClientSession(585578046)--Thread(Thread[Test worker,5,main])--reconnecting to external connection pool
[EL Finest]: transaction: 2016-10-27 13:59:47.016--UnitOfWork(2040148568)--Thread(Thread[Test worker,5,main])--persist() operation called on: .
[EL Finest]: sequencing: 2016-10-27 13:59:47.016--UnitOfWork(2040148568)--Thread(Thread[Test worker,5,main])--assign sequence to the object (97AE0C41-0B0E-40FE-950B-A01948DCB255 -> )
Thu Oct 27 13:59:47 UTC 2016|Unknown Alarm = ORGCM322100200 Alarm Split = ORG-CM-3-2-2-100-200
[EL Finer]: transaction: 2016-10-27 13:59:47.017--UnitOfWork(2040148568)--Thread(Thread[Test worker,5,main])--begin unit of work commit
[EL Finest]: query: 2016-10-27 13:59:47.017--UnitOfWork(2040148568)--Thread(Thread[Test worker,5,main])--Execute query InsertObjectQuery()
[EL Fine]: sql: 2016-10-27 13:59:47.018--ClientSession(585578046)--Connection(1320941181)--Thread(Thread[Test worker,5,main])--INSERT INTO SocialCommunication (socialId, commType, social, versionId, createdBy, createdDate, updatedBy, updatedDate, activeStatus, txnAccessCode) VALUES (?, ?, ?, ?, ?, ?, ?, ?, ?, ?)
	bind => [97AE0C41-0B0E-40FE-950B-A01948DCB255, B423F68E-EBD4-40C4-A070-819575E84821, rvSb9TSslIXYtn7wcpxEwJBmGvvjqWfGrELA7pUQswdEGxsi9J, 1, AAAAA, 2016-10-27 13:59:46.949, AAAAA, 2016-10-27 13:59:46.949, 1, 51000]
[EL Finer]: transaction: 2016-10-27 13:59:47.019--ClientSession(585578046)--Connection(1320941181)--Thread(Thread[Test worker,5,main])--commit transaction
[EL Finest]: connection: 2016-10-27 13:59:47.022--ServerSession(1535227590)--Connection(2053074374)--Thread(Thread[Test worker,5,main])--Connection released to connection pool [default].
[EL Finer]: transaction: 2016-10-27 13:59:47.022--UnitOfWork(2040148568)--Thread(Thread[Test worker,5,main])--end unit of work commit
[EL Finer]: transaction: 2016-10-27 13:59:47.022--UnitOfWork(2040148568)--Thread(Thread[Test worker,5,main])--resume unit of work
[EL Finer]: transaction: 2016-10-27 13:59:47.022--UnitOfWork(2040148568)--Thread(Thread[Test worker,5,main])--release unit of work
[EL Finer]: connection: 2016-10-27 13:59:47.022--ClientSession(585578046)--Thread(Thread[Test worker,5,main])--client released
[EL Finer]: connection: 2016-10-27 13:59:47.041--ServerSession(1535227590)--Thread(Thread[Test worker,5,main])--client acquired: 1234523451
[EL Finer]: transaction: 2016-10-27 13:59:47.042--ClientSession(1234523451)--Thread(Thread[Test worker,5,main])--acquire unit of work: 1796127290
[EL Finest]: connection: 2016-10-27 13:59:47.042--ServerSession(1535227590)--Connection(333737151)--Thread(Thread[Test worker,5,main])--Connection acquired from connection pool [default].
[EL Finer]: transaction: 2016-10-27 13:59:47.042--ClientSession(1234523451)--Connection(333737151)--Thread(Thread[Test worker,5,main])--begin transaction
[EL Finest]: connection: 2016-10-27 13:59:47.042--ClientSession(1234523451)--Thread(Thread[Test worker,5,main])--reconnecting to external connection pool
[EL Finer]: transaction: 2016-10-27 13:59:47.044--UnitOfWork(1796127290)--Thread(Thread[Test worker,5,main])--begin unit of work flush
[EL Finer]: transaction: 2016-10-27 13:59:47.044--UnitOfWork(1796127290)--Thread(Thread[Test worker,5,main])--end unit of work flush
[EL Finest]: query: 2016-10-27 13:59:47.044--UnitOfWork(1796127290)--Thread(Thread[Test worker,5,main])--Execute query ReadAllQuery(name="SocialCommunication.findById" referenceClass=SocialCommunication sql="SELECT socialId, commType, social, versionId, createdBy, createdDate, updatedBy, updatedDate, activeStatus, txnAccessCode FROM SocialCommunication WHERE ((activeStatus = ?) AND (socialId = ?))")
[EL Fine]: sql: 2016-10-27 13:59:47.044--ClientSession(1234523451)--Connection(422442535)--Thread(Thread[Test worker,5,main])--SELECT socialId, commType, social, versionId, createdBy, createdDate, updatedBy, updatedDate, activeStatus, txnAccessCode FROM SocialCommunication WHERE ((activeStatus = ?) AND (socialId = ?))
	bind => [1, 97AE0C41-0B0E-40FE-950B-A01948DCB255]
Thu Oct 27 13:59:47 UTC 2016|Unknown Alarm = ORGCM324100200 Alarm Split = ORG-CM-3-2-4-100-200
[EL Finer]: transaction: 2016-10-27 13:59:47.046--UnitOfWork(1796127290)--Thread(Thread[Test worker,5,main])--begin unit of work commit
[EL Finer]: transaction: 2016-10-27 13:59:47.046--ClientSession(1234523451)--Connection(422442535)--Thread(Thread[Test worker,5,main])--commit transaction
[EL Finest]: connection: 2016-10-27 13:59:47.047--ServerSession(1535227590)--Connection(333737151)--Thread(Thread[Test worker,5,main])--Connection released to connection pool [default].
[EL Finer]: transaction: 2016-10-27 13:59:47.047--UnitOfWork(1796127290)--Thread(Thread[Test worker,5,main])--end unit of work commit
[EL Finer]: transaction: 2016-10-27 13:59:47.047--UnitOfWork(1796127290)--Thread(Thread[Test worker,5,main])--resume unit of work
[EL Finer]: transaction: 2016-10-27 13:59:47.047--UnitOfWork(1796127290)--Thread(Thread[Test worker,5,main])--release unit of work
[EL Finer]: connection: 2016-10-27 13:59:47.047--ClientSession(1234523451)--Thread(Thread[Test worker,5,main])--client released
[EL Finer]: connection: 2016-10-27 13:59:47.048--ServerSession(1535227590)--Thread(Thread[Test worker,5,main])--client acquired: 875603023
[EL Finer]: transaction: 2016-10-27 13:59:47.048--ClientSession(875603023)--Thread(Thread[Test worker,5,main])--acquire unit of work: 1702058317
[EL Finest]: connection: 2016-10-27 13:59:47.048--ServerSession(1535227590)--Connection(2011955779)--Thread(Thread[Test worker,5,main])--Connection acquired from connection pool [default].
[EL Finer]: transaction: 2016-10-27 13:59:47.048--ClientSession(875603023)--Connection(2011955779)--Thread(Thread[Test worker,5,main])--begin transaction
[EL Finest]: connection: 2016-10-27 13:59:47.048--ClientSession(875603023)--Thread(Thread[Test worker,5,main])--reconnecting to external connection pool
[EL Finest]: transaction: 2016-10-27 13:59:47.05--UnitOfWork(1702058317)--Thread(Thread[Test worker,5,main])--Merge clone with references 
[EL Finest]: query: 2016-10-27 13:59:47.051--UnitOfWork(1702058317)--Thread(Thread[Test worker,5,main])--Execute query ReadObjectQuery(referenceClass=SocialCommunication )
[EL Fine]: sql: 2016-10-27 13:59:47.051--ClientSession(875603023)--Connection(1242091180)--Thread(Thread[Test worker,5,main])--SELECT socialId, commType, social, versionId, createdBy, createdDate, updatedBy, updatedDate, activeStatus, txnAccessCode FROM SocialCommunication WHERE (socialId = ?)
	bind => [97AE0C41-0B0E-40FE-950B-A01948DCB255]
Thu Oct 27 13:59:47 UTC 2016|Unknown Alarm = ORGCM321100200 Alarm Split = ORG-CM-3-2-1-100-200
[EL Finer]: transaction: 2016-10-27 13:59:47.052--UnitOfWork(1702058317)--Thread(Thread[Test worker,5,main])--begin unit of work commit
[EL Finest]: query: 2016-10-27 13:59:47.052--UnitOfWork(1702058317)--Thread(Thread[Test worker,5,main])--Execute query UpdateObjectQuery()
[EL Fine]: sql: 2016-10-27 13:59:47.053--ClientSession(875603023)--Connection(1242091180)--Thread(Thread[Test worker,5,main])--UPDATE SocialCommunication SET social = ?, versionId = ? WHERE ((socialId = ?) AND (versionId = ?))
	bind => [DiZ4cAEBJtZirS6UnG4Btx8luZ8GLkZ8Vd9mXGWmmIKSZh4bVo, 2, 97AE0C41-0B0E-40FE-950B-A01948DCB255, 1]
[EL Finer]: transaction: 2016-10-27 13:59:47.054--ClientSession(875603023)--Connection(1242091180)--Thread(Thread[Test worker,5,main])--commit transaction
[EL Finest]: connection: 2016-10-27 13:59:47.056--ServerSession(1535227590)--Connection(2011955779)--Thread(Thread[Test worker,5,main])--Connection released to connection pool [default].
[EL Finer]: transaction: 2016-10-27 13:59:47.056--UnitOfWork(1702058317)--Thread(Thread[Test worker,5,main])--end unit of work commit
[EL Finer]: transaction: 2016-10-27 13:59:47.057--UnitOfWork(1702058317)--Thread(Thread[Test worker,5,main])--resume unit of work
[EL Finer]: transaction: 2016-10-27 13:59:47.057--UnitOfWork(1702058317)--Thread(Thread[Test worker,5,main])--release unit of work
[EL Finer]: connection: 2016-10-27 13:59:47.057--ClientSession(875603023)--Thread(Thread[Test worker,5,main])--client released
[EL Finer]: connection: 2016-10-27 13:59:47.078--ServerSession(1535227590)--Thread(Thread[Test worker,5,main])--client acquired: 1391026578
[EL Finer]: transaction: 2016-10-27 13:59:47.078--ClientSession(1391026578)--Thread(Thread[Test worker,5,main])--acquire unit of work: 1476715204
[EL Finest]: connection: 2016-10-27 13:59:47.078--ServerSession(1535227590)--Connection(683925249)--Thread(Thread[Test worker,5,main])--Connection acquired from connection pool [default].
[EL Finer]: transaction: 2016-10-27 13:59:47.078--ClientSession(1391026578)--Connection(683925249)--Thread(Thread[Test worker,5,main])--begin transaction
[EL Finest]: connection: 2016-10-27 13:59:47.078--ClientSession(1391026578)--Thread(Thread[Test worker,5,main])--reconnecting to external connection pool
[EL Finer]: transaction: 2016-10-27 13:59:47.079--UnitOfWork(1476715204)--Thread(Thread[Test worker,5,main])--begin unit of work flush
[EL Finer]: transaction: 2016-10-27 13:59:47.08--UnitOfWork(1476715204)--Thread(Thread[Test worker,5,main])--end unit of work flush
[EL Finest]: query: 2016-10-27 13:59:47.08--UnitOfWork(1476715204)--Thread(Thread[Test worker,5,main])--Execute query ReadAllQuery(name="SocialCommunication.findById" referenceClass=SocialCommunication sql="SELECT socialId, commType, social, versionId, createdBy, createdDate, updatedBy, updatedDate, activeStatus, txnAccessCode FROM SocialCommunication WHERE ((activeStatus = ?) AND (socialId = ?))")
[EL Fine]: sql: 2016-10-27 13:59:47.08--ClientSession(1391026578)--Connection(1092476943)--Thread(Thread[Test worker,5,main])--SELECT socialId, commType, social, versionId, createdBy, createdDate, updatedBy, updatedDate, activeStatus, txnAccessCode FROM SocialCommunication WHERE ((activeStatus = ?) AND (socialId = ?))
	bind => [1, 97AE0C41-0B0E-40FE-950B-A01948DCB255]
Thu Oct 27 13:59:47 UTC 2016|Unknown Alarm = ORGCM324100200 Alarm Split = ORG-CM-3-2-4-100-200
[EL Finer]: transaction: 2016-10-27 13:59:47.081--UnitOfWork(1476715204)--Thread(Thread[Test worker,5,main])--begin unit of work commit
[EL Finer]: transaction: 2016-10-27 13:59:47.081--ClientSession(1391026578)--Connection(1092476943)--Thread(Thread[Test worker,5,main])--commit transaction
[EL Finest]: connection: 2016-10-27 13:59:47.082--ServerSession(1535227590)--Connection(683925249)--Thread(Thread[Test worker,5,main])--Connection released to connection pool [default].
[EL Finer]: transaction: 2016-10-27 13:59:47.082--UnitOfWork(1476715204)--Thread(Thread[Test worker,5,main])--end unit of work commit
[EL Finer]: transaction: 2016-10-27 13:59:47.082--UnitOfWork(1476715204)--Thread(Thread[Test worker,5,main])--resume unit of work
[EL Finer]: transaction: 2016-10-27 13:59:47.082--UnitOfWork(1476715204)--Thread(Thread[Test worker,5,main])--release unit of work
[EL Finer]: connection: 2016-10-27 13:59:47.082--ClientSession(1391026578)--Thread(Thread[Test worker,5,main])--client released
[EL Finer]: connection: 2016-10-27 13:59:47.1--ServerSession(1535227590)--Thread(Thread[Test worker,5,main])--client acquired: 149232741
[EL Finer]: transaction: 2016-10-27 13:59:47.1--ClientSession(149232741)--Thread(Thread[Test worker,5,main])--acquire unit of work: 2041261938
[EL Finest]: connection: 2016-10-27 13:59:47.1--ServerSession(1535227590)--Connection(1438131141)--Thread(Thread[Test worker,5,main])--Connection acquired from connection pool [default].
[EL Finer]: transaction: 2016-10-27 13:59:47.1--ClientSession(149232741)--Connection(1438131141)--Thread(Thread[Test worker,5,main])--begin transaction
[EL Finest]: connection: 2016-10-27 13:59:47.1--ClientSession(149232741)--Thread(Thread[Test worker,5,main])--reconnecting to external connection pool
[EL Finer]: transaction: 2016-10-27 13:59:47.101--UnitOfWork(2041261938)--Thread(Thread[Test worker,5,main])--begin unit of work flush
[EL Finer]: transaction: 2016-10-27 13:59:47.101--UnitOfWork(2041261938)--Thread(Thread[Test worker,5,main])--end unit of work flush
[EL Finest]: query: 2016-10-27 13:59:47.102--UnitOfWork(2041261938)--Thread(Thread[Test worker,5,main])--Execute query ReadAllQuery(name="SocialCommunication.findByCommType" referenceClass=SocialCommunication sql="SELECT socialId, commType, social, versionId, createdBy, createdDate, updatedBy, updatedDate, activeStatus, txnAccessCode FROM SocialCommunication WHERE ((activeStatus = ?) AND (commType = ?))")
[EL Fine]: sql: 2016-10-27 13:59:47.102--ClientSession(149232741)--Connection(1631306406)--Thread(Thread[Test worker,5,main])--SELECT socialId, commType, social, versionId, createdBy, createdDate, updatedBy, updatedDate, activeStatus, txnAccessCode FROM SocialCommunication WHERE ((activeStatus = ?) AND (commType = ?))
	bind => [1, B423F68E-EBD4-40C4-A070-819575E84821]
Thu Oct 27 13:59:47 UTC 2016|Unknown Alarm = ORGCM324100200 Alarm Split = ORG-CM-3-2-4-100-200
[EL Finer]: transaction: 2016-10-27 13:59:47.103--UnitOfWork(2041261938)--Thread(Thread[Test worker,5,main])--begin unit of work commit
[EL Finer]: transaction: 2016-10-27 13:59:47.103--ClientSession(149232741)--Connection(1631306406)--Thread(Thread[Test worker,5,main])--commit transaction
[EL Finest]: connection: 2016-10-27 13:59:47.103--ServerSession(1535227590)--Connection(1438131141)--Thread(Thread[Test worker,5,main])--Connection released to connection pool [default].
[EL Finer]: transaction: 2016-10-27 13:59:47.104--UnitOfWork(2041261938)--Thread(Thread[Test worker,5,main])--end unit of work commit
[EL Finer]: transaction: 2016-10-27 13:59:47.104--UnitOfWork(2041261938)--Thread(Thread[Test worker,5,main])--resume unit of work
[EL Finer]: transaction: 2016-10-27 13:59:47.104--UnitOfWork(2041261938)--Thread(Thread[Test worker,5,main])--release unit of work
[EL Finer]: connection: 2016-10-27 13:59:47.104--ClientSession(149232741)--Thread(Thread[Test worker,5,main])--client released
[EL Finer]: connection: 2016-10-27 13:59:47.128--ServerSession(1535227590)--Thread(Thread[Test worker,5,main])--client acquired: 1481953455
[EL Finer]: transaction: 2016-10-27 13:59:47.128--ClientSession(1481953455)--Thread(Thread[Test worker,5,main])--acquire unit of work: 676380279
[EL Finest]: connection: 2016-10-27 13:59:47.128--ServerSession(1535227590)--Connection(1292405582)--Thread(Thread[Test worker,5,main])--Connection acquired from connection pool [default].
[EL Finer]: transaction: 2016-10-27 13:59:47.128--ClientSession(1481953455)--Connection(1292405582)--Thread(Thread[Test worker,5,main])--begin transaction
[EL Finest]: connection: 2016-10-27 13:59:47.129--ClientSession(1481953455)--Thread(Thread[Test worker,5,main])--reconnecting to external connection pool
[EL Finest]: query: 2016-10-27 13:59:47.129--UnitOfWork(676380279)--Thread(Thread[Test worker,5,main])--Execute query ReadObjectQuery(name="readSocialCommunication" referenceClass=SocialCommunication sql="SELECT socialId, commType, social, versionId, createdBy, createdDate, updatedBy, updatedDate, activeStatus, txnAccessCode FROM SocialCommunication WHERE (socialId = ?)")
[EL Fine]: sql: 2016-10-27 13:59:47.13--ClientSession(1481953455)--Connection(1374736281)--Thread(Thread[Test worker,5,main])--SELECT socialId, commType, social, versionId, createdBy, createdDate, updatedBy, updatedDate, activeStatus, txnAccessCode FROM SocialCommunication WHERE (socialId = ?)
	bind => [97AE0C41-0B0E-40FE-950B-A01948DCB255]
[EL Finest]: transaction: 2016-10-27 13:59:47.131--UnitOfWork(676380279)--Thread(Thread[Test worker,5,main])--remove() operation called on: 
Thu Oct 27 13:59:47 UTC 2016|Unknown Alarm = ORGCM328100200 Alarm Split = ORG-CM-3-2-8-100-200
[EL Finer]: transaction: 2016-10-27 13:59:47.131--UnitOfWork(676380279)--Thread(Thread[Test worker,5,main])--begin unit of work commit
[EL Finest]: query: 2016-10-27 13:59:47.131--UnitOfWork(676380279)--Thread(Thread[Test worker,5,main])--Execute query DoesExistQuery(referenceClass=SocialCommunication )
[EL Finest]: query: 2016-10-27 13:59:47.131--UnitOfWork(676380279)--Thread(Thread[Test worker,5,main])--Execute query DeleteObjectQuery()
[EL Fine]: sql: 2016-10-27 13:59:47.132--ClientSession(1481953455)--Connection(1374736281)--Thread(Thread[Test worker,5,main])--DELETE FROM SocialCommunication WHERE ((socialId = ?) AND (versionId = ?))
	bind => [97AE0C41-0B0E-40FE-950B-A01948DCB255, 2]
[EL Finer]: transaction: 2016-10-27 13:59:47.132--ClientSession(1481953455)--Connection(1374736281)--Thread(Thread[Test worker,5,main])--commit transaction
[EL Finest]: connection: 2016-10-27 13:59:47.137--ServerSession(1535227590)--Connection(1292405582)--Thread(Thread[Test worker,5,main])--Connection released to connection pool [default].
[EL Finer]: transaction: 2016-10-27 13:59:47.137--UnitOfWork(676380279)--Thread(Thread[Test worker,5,main])--end unit of work commit
[EL Finer]: transaction: 2016-10-27 13:59:47.137--UnitOfWork(676380279)--Thread(Thread[Test worker,5,main])--resume unit of work
[EL Finer]: transaction: 2016-10-27 13:59:47.138--UnitOfWork(676380279)--Thread(Thread[Test worker,5,main])--release unit of work
[EL Finer]: connection: 2016-10-27 13:59:47.138--ClientSession(1481953455)--Thread(Thread[Test worker,5,main])--client released
[EL Finer]: connection: 2016-10-27 13:59:47.154--ServerSession(1535227590)--Thread(Thread[Test worker,5,main])--client acquired: 1831163981
[EL Finer]: transaction: 2016-10-27 13:59:47.154--ClientSession(1831163981)--Thread(Thread[Test worker,5,main])--acquire unit of work: 784883510
[EL Finest]: connection: 2016-10-27 13:59:47.154--ServerSession(1535227590)--Connection(1837053510)--Thread(Thread[Test worker,5,main])--Connection acquired from connection pool [default].
[EL Finer]: transaction: 2016-10-27 13:59:47.154--ClientSession(1831163981)--Connection(1837053510)--Thread(Thread[Test worker,5,main])--begin transaction
[EL Finest]: connection: 2016-10-27 13:59:47.154--ClientSession(1831163981)--Thread(Thread[Test worker,5,main])--reconnecting to external connection pool
[EL Finest]: query: 2016-10-27 13:59:47.155--UnitOfWork(784883510)--Thread(Thread[Test worker,5,main])--Execute query ReadObjectQuery(name="readSocialCategory" referenceClass=SocialCategory sql="SELECT socialCatId, socialCatName, versionId, createdBy, createdDate, updatedBy, updatedDate, activeStatus, txnAccessCode FROM SocialCategory WHERE (socialCatId = ?)")
[EL Fine]: sql: 2016-10-27 13:59:47.155--ClientSession(1831163981)--Connection(1075951119)--Thread(Thread[Test worker,5,main])--SELECT socialCatId, socialCatName, versionId, createdBy, createdDate, updatedBy, updatedDate, activeStatus, txnAccessCode FROM SocialCategory WHERE (socialCatId = ?)
	bind => [B423F68E-EBD4-40C4-A070-819575E84821]
[EL Finest]: transaction: 2016-10-27 13:59:47.156--UnitOfWork(784883510)--Thread(Thread[Test worker,5,main])--remove() operation called on: g1Op2PWJcMSiY7xw1ceeiclRFZTs63wo4WcQ3Ar4O48GEJ3exZ
Thu Oct 27 13:59:47 UTC 2016|Unknown Alarm = ORGCM328100200 Alarm Split = ORG-CM-3-2-8-100-200
[EL Finer]: transaction: 2016-10-27 13:59:47.157--UnitOfWork(784883510)--Thread(Thread[Test worker,5,main])--begin unit of work commit
[EL Finest]: query: 2016-10-27 13:59:47.157--UnitOfWork(784883510)--Thread(Thread[Test worker,5,main])--Execute query DoesExistQuery(referenceClass=SocialCategory )
[EL Finest]: query: 2016-10-27 13:59:47.157--UnitOfWork(784883510)--Thread(Thread[Test worker,5,main])--Execute query DeleteObjectQuery(g1Op2PWJcMSiY7xw1ceeiclRFZTs63wo4WcQ3Ar4O48GEJ3exZ)
[EL Fine]: sql: 2016-10-27 13:59:47.157--ClientSession(1831163981)--Connection(1075951119)--Thread(Thread[Test worker,5,main])--DELETE FROM SocialCategory WHERE ((socialCatId = ?) AND (versionId = ?))
	bind => [B423F68E-EBD4-40C4-A070-819575E84821, 1]
[EL Finer]: transaction: 2016-10-27 13:59:47.158--ClientSession(1831163981)--Connection(1075951119)--Thread(Thread[Test worker,5,main])--commit transaction
[EL Finest]: connection: 2016-10-27 13:59:47.161--ServerSession(1535227590)--Connection(1837053510)--Thread(Thread[Test worker,5,main])--Connection released to connection pool [default].
[EL Finer]: transaction: 2016-10-27 13:59:47.161--UnitOfWork(784883510)--Thread(Thread[Test worker,5,main])--end unit of work commit
[EL Finer]: transaction: 2016-10-27 13:59:47.161--UnitOfWork(784883510)--Thread(Thread[Test worker,5,main])--resume unit of work
[EL Finer]: transaction: 2016-10-27 13:59:47.161--UnitOfWork(784883510)--Thread(Thread[Test worker,5,main])--release unit of work
[EL Finer]: connection: 2016-10-27 13:59:47.161--ClientSession(1831163981)--Thread(Thread[Test worker,5,main])--client released
]]></system-out>
  <system-err><![CDATA[SocialCommunication.social may not be null
java.lang.SecurityException: SocialCommunication.social may not be null
	at com.athena.server.pluggable.utils.helper.EntityValidatorHelper.validateEntity(EntityValidatorHelper.java:37)
	at com.app.shared.organization.contactmanagement.SocialCommunication.isValid(SocialCommunication.java:161)
	at com.app.server.service.organization.contactmanagement.SocialCommunicationTestCase.validateSocialCommunication(SocialCommunicationTestCase.java:230)
	at com.app.server.service.organization.contactmanagement.SocialCommunicationTestCase.test5NegativeTesting(SocialCommunicationTestCase.java:261)
	at sun.reflect.NativeMethodAccessorImpl.invoke0(Native Method)
	at sun.reflect.NativeMethodAccessorImpl.invoke(NativeMethodAccessorImpl.java:57)
	at sun.reflect.DelegatingMethodAccessorImpl.invoke(DelegatingMethodAccessorImpl.java:43)
	at java.lang.reflect.Method.invoke(Method.java:606)
	at org.junit.runners.model.FrameworkMethod$1.runReflectiveCall(FrameworkMethod.java:47)
	at org.junit.internal.runners.model.ReflectiveCallable.run(ReflectiveCallable.java:12)
	at org.junit.runners.model.FrameworkMethod.invokeExplosively(FrameworkMethod.java:44)
	at org.junit.internal.runners.statements.InvokeMethod.evaluate(InvokeMethod.java:17)
	at org.junit.internal.runners.statements.RunBefores.evaluate(RunBefores.java:26)
	at org.springframework.test.context.junit4.statements.RunBeforeTestMethodCallbacks.evaluate(RunBeforeTestMethodCallbacks.java:74)
	at org.junit.internal.runners.statements.RunAfters.evaluate(RunAfters.java:27)
	at org.springframework.test.context.junit4.statements.RunAfterTestMethodCallbacks.evaluate(RunAfterTestMethodCallbacks.java:83)
	at org.springframework.test.context.junit4.statements.SpringRepeat.evaluate(SpringRepeat.java:72)
	at org.springframework.test.context.junit4.SpringJUnit4ClassRunner.runChild(SpringJUnit4ClassRunner.java:233)
	at org.springframework.test.context.junit4.SpringJUnit4ClassRunner.runChild(SpringJUnit4ClassRunner.java:87)
	at org.junit.runners.ParentRunner$3.run(ParentRunner.java:238)
	at org.junit.runners.ParentRunner$1.schedule(ParentRunner.java:63)
	at org.junit.runners.ParentRunner.runChildren(ParentRunner.java:236)
	at org.junit.runners.ParentRunner.access$000(ParentRunner.java:53)
	at org.junit.runners.ParentRunner$2.evaluate(ParentRunner.java:229)
	at org.junit.internal.runners.statements.RunBefores.evaluate(RunBefores.java:26)
	at org.springframework.test.context.junit4.statements.RunBeforeTestClassCallbacks.evaluate(RunBeforeTestClassCallbacks.java:61)
	at org.springframework.test.context.junit4.statements.RunAfterTestClassCallbacks.evaluate(RunAfterTestClassCallbacks.java:71)
	at org.junit.runners.ParentRunner.run(ParentRunner.java:309)
	at org.springframework.test.context.junit4.SpringJUnit4ClassRunner.run(SpringJUnit4ClassRunner.java:176)
	at org.gradle.api.internal.tasks.testing.junit.JUnitTestClassExecuter.runTestClass(JUnitTestClassExecuter.java:86)
	at org.gradle.api.internal.tasks.testing.junit.JUnitTestClassExecuter.execute(JUnitTestClassExecuter.java:49)
	at org.gradle.api.internal.tasks.testing.junit.JUnitTestClassProcessor.processTestClass(JUnitTestClassProcessor.java:64)
	at org.gradle.api.internal.tasks.testing.SuiteTestClassProcessor.processTestClass(SuiteTestClassProcessor.java:50)
	at sun.reflect.GeneratedMethodAccessor109.invoke(Unknown Source)
	at sun.reflect.DelegatingMethodAccessorImpl.invoke(DelegatingMethodAccessorImpl.java:43)
	at java.lang.reflect.Method.invoke(Method.java:606)
	at org.gradle.messaging.dispatch.ReflectionDispatch.dispatch(ReflectionDispatch.java:35)
	at org.gradle.messaging.dispatch.ReflectionDispatch.dispatch(ReflectionDispatch.java:24)
	at org.gradle.messaging.dispatch.ContextClassLoaderDispatch.dispatch(ContextClassLoaderDispatch.java:32)
	at org.gradle.messaging.dispatch.ProxyDispatchAdapter$DispatchingInvocationHandler.invoke(ProxyDispatchAdapter.java:93)
	at com.sun.proxy.$Proxy2.processTestClass(Unknown Source)
	at org.gradle.api.internal.tasks.testing.worker.TestWorker.processTestClass(TestWorker.java:106)
	at sun.reflect.GeneratedMethodAccessor108.invoke(Unknown Source)
	at sun.reflect.DelegatingMethodAccessorImpl.invoke(DelegatingMethodAccessorImpl.java:43)
	at java.lang.reflect.Method.invoke(Method.java:606)
	at org.gradle.messaging.dispatch.ReflectionDispatch.dispatch(ReflectionDispatch.java:35)
	at org.gradle.messaging.dispatch.ReflectionDispatch.dispatch(ReflectionDispatch.java:24)
	at org.gradle.messaging.remote.internal.hub.MessageHub$Handler.run(MessageHub.java:360)
	at org.gradle.internal.concurrent.DefaultExecutorFactory$StoppableExecutorImpl$1.run(DefaultExecutorFactory.java:64)
	at java.util.concurrent.ThreadPoolExecutor.runWorker(ThreadPoolExecutor.java:1145)
	at java.util.concurrent.ThreadPoolExecutor$Worker.run(ThreadPoolExecutor.java:615)
	at java.lang.Thread.run(Thread.java:745)
SocialCommunication.social size must be between 1 and 256
java.lang.SecurityException: SocialCommunication.social size must be between 1 and 256
	at com.athena.server.pluggable.utils.helper.EntityValidatorHelper.validateEntity(EntityValidatorHelper.java:37)
	at com.app.shared.organization.contactmanagement.SocialCommunication.isValid(SocialCommunication.java:161)
	at com.app.server.service.organization.contactmanagement.SocialCommunicationTestCase.validateSocialCommunication(SocialCommunicationTestCase.java:228)
	at com.app.server.service.organization.contactmanagement.SocialCommunicationTestCase.test5NegativeTesting(SocialCommunicationTestCase.java:266)
	at sun.reflect.NativeMethodAccessorImpl.invoke0(Native Method)
	at sun.reflect.NativeMethodAccessorImpl.invoke(NativeMethodAccessorImpl.java:57)
	at sun.reflect.DelegatingMethodAccessorImpl.invoke(DelegatingMethodAccessorImpl.java:43)
	at java.lang.reflect.Method.invoke(Method.java:606)
	at org.junit.runners.model.FrameworkMethod$1.runReflectiveCall(FrameworkMethod.java:47)
	at org.junit.internal.runners.model.ReflectiveCallable.run(ReflectiveCallable.java:12)
	at org.junit.runners.model.FrameworkMethod.invokeExplosively(FrameworkMethod.java:44)
	at org.junit.internal.runners.statements.InvokeMethod.evaluate(InvokeMethod.java:17)
	at org.junit.internal.runners.statements.RunBefores.evaluate(RunBefores.java:26)
	at org.springframework.test.context.junit4.statements.RunBeforeTestMethodCallbacks.evaluate(RunBeforeTestMethodCallbacks.java:74)
	at org.junit.internal.runners.statements.RunAfters.evaluate(RunAfters.java:27)
	at org.springframework.test.context.junit4.statements.RunAfterTestMethodCallbacks.evaluate(RunAfterTestMethodCallbacks.java:83)
	at org.springframework.test.context.junit4.statements.SpringRepeat.evaluate(SpringRepeat.java:72)
	at org.springframework.test.context.junit4.SpringJUnit4ClassRunner.runChild(SpringJUnit4ClassRunner.java:233)
	at org.springframework.test.context.junit4.SpringJUnit4ClassRunner.runChild(SpringJUnit4ClassRunner.java:87)
	at org.junit.runners.ParentRunner$3.run(ParentRunner.java:238)
	at org.junit.runners.ParentRunner$1.schedule(ParentRunner.java:63)
	at org.junit.runners.ParentRunner.runChildren(ParentRunner.java:236)
	at org.junit.runners.ParentRunner.access$000(ParentRunner.java:53)
	at org.junit.runners.ParentRunner$2.evaluate(ParentRunner.java:229)
	at org.junit.internal.runners.statements.RunBefores.evaluate(RunBefores.java:26)
	at org.springframework.test.context.junit4.statements.RunBeforeTestClassCallbacks.evaluate(RunBeforeTestClassCallbacks.java:61)
	at org.springframework.test.context.junit4.statements.RunAfterTestClassCallbacks.evaluate(RunAfterTestClassCallbacks.java:71)
	at org.junit.runners.ParentRunner.run(ParentRunner.java:309)
	at org.springframework.test.context.junit4.SpringJUnit4ClassRunner.run(SpringJUnit4ClassRunner.java:176)
	at org.gradle.api.internal.tasks.testing.junit.JUnitTestClassExecuter.runTestClass(JUnitTestClassExecuter.java:86)
	at org.gradle.api.internal.tasks.testing.junit.JUnitTestClassExecuter.execute(JUnitTestClassExecuter.java:49)
	at org.gradle.api.internal.tasks.testing.junit.JUnitTestClassProcessor.processTestClass(JUnitTestClassProcessor.java:64)
	at org.gradle.api.internal.tasks.testing.SuiteTestClassProcessor.processTestClass(SuiteTestClassProcessor.java:50)
	at sun.reflect.GeneratedMethodAccessor109.invoke(Unknown Source)
	at sun.reflect.DelegatingMethodAccessorImpl.invoke(DelegatingMethodAccessorImpl.java:43)
	at java.lang.reflect.Method.invoke(Method.java:606)
	at org.gradle.messaging.dispatch.ReflectionDispatch.dispatch(ReflectionDispatch.java:35)
	at org.gradle.messaging.dispatch.ReflectionDispatch.dispatch(ReflectionDispatch.java:24)
	at org.gradle.messaging.dispatch.ContextClassLoaderDispatch.dispatch(ContextClassLoaderDispatch.java:32)
	at org.gradle.messaging.dispatch.ProxyDispatchAdapter$DispatchingInvocationHandler.invoke(ProxyDispatchAdapter.java:93)
	at com.sun.proxy.$Proxy2.processTestClass(Unknown Source)
	at org.gradle.api.internal.tasks.testing.worker.TestWorker.processTestClass(TestWorker.java:106)
	at sun.reflect.GeneratedMethodAccessor108.invoke(Unknown Source)
	at sun.reflect.DelegatingMethodAccessorImpl.invoke(DelegatingMethodAccessorImpl.java:43)
	at java.lang.reflect.Method.invoke(Method.java:606)
	at org.gradle.messaging.dispatch.ReflectionDispatch.dispatch(ReflectionDispatch.java:35)
	at org.gradle.messaging.dispatch.ReflectionDispatch.dispatch(ReflectionDispatch.java:24)
	at org.gradle.messaging.remote.internal.hub.MessageHub$Handler.run(MessageHub.java:360)
	at org.gradle.internal.concurrent.DefaultExecutorFactory$StoppableExecutorImpl$1.run(DefaultExecutorFactory.java:64)
	at java.util.concurrent.ThreadPoolExecutor.runWorker(ThreadPoolExecutor.java:1145)
	at java.util.concurrent.ThreadPoolExecutor$Worker.run(ThreadPoolExecutor.java:615)
	at java.lang.Thread.run(Thread.java:745)
]]></system-err>
</testsuite>
