<?xml version="1.0" encoding="UTF-8"?>
<testsuite name="com.app.server.service.organization.contactmanagement.SocialCategoryTestCase" tests="5" skipped="0" failures="0" errors="0" timestamp="2016-10-27T13:59:46" hostname="40520a1252e0" time="0.176">
  <properties/>
  <testcase name="test1Save" classname="com.app.server.service.organization.contactmanagement.SocialCategoryTestCase" time="0.089"/>
  <testcase name="test2Update" classname="com.app.server.service.organization.contactmanagement.SocialCategoryTestCase" time="0.032"/>
  <testcase name="test3FindById" classname="com.app.server.service.organization.contactmanagement.SocialCategoryTestCase" time="0.021"/>
  <testcase name="test5NegativeTesting" classname="com.app.server.service.organization.contactmanagement.SocialCategoryTestCase" time="0.008"/>
  <testcase name="test6Delete" classname="com.app.server.service.organization.contactmanagement.SocialCategoryTestCase" time="0.025"/>
  <system-out><![CDATA[Thu Oct 27 13:59:46 UTC 2016|Log Manager Factory|Initialization Process started.....
Thu Oct 27 13:59:46 UTC 2016|Log Manager|Initialized with Path = [/home/applifire/workspace/appsetup/src/main/webapp/WEB-INF/conf]
Thu Oct 27 13:59:46 UTC 2016|Alarm Manager|Initialized with Path = [/home/applifire/workspace/appsetup/src/main/webapp/WEB-INF/conf]
Thu Oct 27 13:59:46 UTC 2016|Alarm Manager|Loading Alarms ......
Thu Oct 27 13:59:46 UTC 2016|Alarm XML Parser|FWA|XML Parsing Complete........ 
Thu Oct 27 13:59:46 UTC 2016|Alarm File Manager|FWA|Alarm File Status.. [ApplicationFrameworkAlarms.xml]|Version=15|Status=Done 
Thu Oct 27 13:59:46 UTC 2016|Alarm File Manager|FWA|Alarm Stats = ( BC/AL=5/786 SYS=5/11 [786/0]  TPL=0/0 [0/0]  APP= A.Map=[875]  E.Map EC/RC=[391/79] )
Thu Oct 27 13:59:46 UTC 2016|Alarm XML Parser|APP|XML Parsing Complete........ 
Thu Oct 27 13:59:46 UTC 2016|Alarm File Manager|APP|Alarm File Status.. [ApplicationAlarms.xml]|Version=1|Status=Done 
Thu Oct 27 13:59:46 UTC 2016|Alarm File Manager|APP|Alarm Stats = ( BC/AL=5/786 SYS=5/11 [786/0]  TPL=0/0 [0/0]  APP=0/0 [0/0]  A.Map=[875]  E.Map EC/RC=[391/79] )
Thu Oct 27 13:59:46 UTC 2016|ApplicationAlarmContext| <><><><><> Create App Alarms ....  <><><><><> 
Thu Oct 27 13:59:46 UTC 2016|ApplicationAlarmContext|Alarms are generated ONLY in Development Mode.. 
Thu Oct 27 13:59:46 UTC 2016|Alarm Manager|APP|Alarm Stats = ( BC/AL=5/786 SYS=5/11 [786/0]  TPL=0/0 [0/0]  APP=0/0 [0/0]  A.Map=[875]  E.Map EC/RC=[391/79] )
Thu Oct 27 13:59:46 UTC 2016|Alarm Manager|Initialized Exception Lookup...
Thu Oct 27 13:59:46 UTC 2016|Log Manager|Initialize Log Config File ......
Thu Oct 27 13:59:46 UTC 2016|Pluggable Connectors|Adding Connectors : StandardOutputConnector isEnabled=true isDefault=false isFallBack=true
Thu Oct 27 13:59:46 UTC 2016|Pluggable Connectors|Adding Connectors : StandardFileConnector isEnabled=true isDefault=false isFallBack=false
Thu Oct 27 13:59:46 UTC 2016|Pluggable Connectors|Adding Connectors : Sprinkler isEnabled=true isDefault=true isFallBack=false
Thu Oct 27 13:59:46 UTC 2016|Pluggable Connectors|Default Connector Name : com.spartan.logger.core.LogMessenger
Thu Oct 27 13:59:46 UTC 2016|Log Config Parser|Connector Least Log Level =[4]  FallBack Log Level =[3]
Thu Oct 27 13:59:46 UTC 2016|Log Manager|Loading Default Connector for Logging ......
Thu Oct 27 13:59:46 UTC 2016|Log Manager|Loading class .. com.spartan.logger.core.LogMessenger
Thu Oct 27 13:59:46 UTC 2016|Plugggable Connector|Connector class com.spartan.logger.core.LogMessenger Initialized... @ Log Level = 3
Thu Oct 27 13:59:46 UTC 2016|Log Manager|Starting the Default Connector [com.spartan.logger.core.LogMessenger@41fb6732] ....
Thu Oct 27 13:59:46 UTC 2016|Scheduler|Starting the Scheduler ......
Thu Oct 27 13:59:46 UTC 2016|Scheduler|Adding [LMID=[9a328665-5dd6-4e7b-b824-be92cc7f8f12]] Delay=5 Time Unit=MINUTES
Thu Oct 27 13:59:46 UTC 2016|Scheduler|Adding [App Alarm Manager File=[ApplicationAlarms.xml]] Delay=30 Time Unit=MINUTES
Thu Oct 27 13:59:46 UTC 2016|Scheduler|Adding [FW Alarm Manager File=[ApplicationFrameworkAlarms.xml]] Delay=3 Time Unit=MINUTES
Thu Oct 27 13:59:46 UTC 2016|Scheduler|Startup Completed..
Thu Oct 27 13:59:46 UTC 2016|Log Manager|Initialization Process Complete ......
Thu Oct 27 13:59:46 UTC 2016|Log Manager Factory|Log Manager READY! ID = 9a328665-5dd6-4e7b-b824-be92cc7f8f12
[EL Finer]: connection: 2016-10-27 13:59:46.189--ServerSession(1535227590)--Thread(Thread[Test worker,5,main])--client acquired: 1305417961
[EL Finer]: transaction: 2016-10-27 13:59:46.189--ClientSession(1305417961)--Thread(Thread[Test worker,5,main])--acquire unit of work: 1466732775
[EL Finest]: connection: 2016-10-27 13:59:46.19--ServerSession(1535227590)--Connection(412965512)--Thread(Thread[Test worker,5,main])--Connection acquired from connection pool [default].
[EL Finer]: transaction: 2016-10-27 13:59:46.19--ClientSession(1305417961)--Connection(412965512)--Thread(Thread[Test worker,5,main])--begin transaction
[EL Finest]: connection: 2016-10-27 13:59:46.19--ClientSession(1305417961)--Thread(Thread[Test worker,5,main])--reconnecting to external connection pool
[EL Finest]: transaction: 2016-10-27 13:59:46.194--UnitOfWork(1466732775)--Thread(Thread[Test worker,5,main])--persist() operation called on: r9aSlZBy63hDKAGsSsGX3aZQigObKAldRktHuQst0gA08BaGMK.
[EL Finest]: sequencing: 2016-10-27 13:59:46.194--UnitOfWork(1466732775)--Thread(Thread[Test worker,5,main])--assign sequence to the object (26AF880B-5331-4648-AE57-4FD8F5F6D561 -> r9aSlZBy63hDKAGsSsGX3aZQigObKAldRktHuQst0gA08BaGMK)
Thu Oct 27 13:59:46 UTC 2016|Unknown Alarm = ORGCM322100200 Alarm Split = ORG-CM-3-2-2-100-200
[EL Finer]: transaction: 2016-10-27 13:59:46.195--UnitOfWork(1466732775)--Thread(Thread[Test worker,5,main])--begin unit of work commit
[EL Finest]: query: 2016-10-27 13:59:46.195--UnitOfWork(1466732775)--Thread(Thread[Test worker,5,main])--Execute query InsertObjectQuery(r9aSlZBy63hDKAGsSsGX3aZQigObKAldRktHuQst0gA08BaGMK)
[EL Fine]: sql: 2016-10-27 13:59:46.196--ClientSession(1305417961)--Connection(719335298)--Thread(Thread[Test worker,5,main])--INSERT INTO SocialCategory (socialCatId, socialCatName, versionId, createdBy, createdDate, updatedBy, updatedDate, activeStatus, txnAccessCode) VALUES (?, ?, ?, ?, ?, ?, ?, ?, ?)
	bind => [26AF880B-5331-4648-AE57-4FD8F5F6D561, r9aSlZBy63hDKAGsSsGX3aZQigObKAldRktHuQst0gA08BaGMK, 1, AAAAA, 2016-10-27 13:59:46.132, AAAAA, 2016-10-27 13:59:46.132, 1, 51000]
[EL Finer]: transaction: 2016-10-27 13:59:46.197--ClientSession(1305417961)--Connection(719335298)--Thread(Thread[Test worker,5,main])--commit transaction
[EL Finest]: connection: 2016-10-27 13:59:46.199--ServerSession(1535227590)--Connection(412965512)--Thread(Thread[Test worker,5,main])--Connection released to connection pool [default].
[EL Finer]: transaction: 2016-10-27 13:59:46.2--UnitOfWork(1466732775)--Thread(Thread[Test worker,5,main])--end unit of work commit
[EL Finer]: transaction: 2016-10-27 13:59:46.2--UnitOfWork(1466732775)--Thread(Thread[Test worker,5,main])--resume unit of work
[EL Finer]: transaction: 2016-10-27 13:59:46.2--UnitOfWork(1466732775)--Thread(Thread[Test worker,5,main])--release unit of work
[EL Finer]: connection: 2016-10-27 13:59:46.2--ClientSession(1305417961)--Thread(Thread[Test worker,5,main])--client released
[EL Finer]: connection: 2016-10-27 13:59:46.218--ServerSession(1535227590)--Thread(Thread[Test worker,5,main])--client acquired: 1512055471
[EL Finer]: transaction: 2016-10-27 13:59:46.218--ClientSession(1512055471)--Thread(Thread[Test worker,5,main])--acquire unit of work: 1942306146
[EL Finest]: connection: 2016-10-27 13:59:46.218--ServerSession(1535227590)--Connection(440477775)--Thread(Thread[Test worker,5,main])--Connection acquired from connection pool [default].
[EL Finer]: transaction: 2016-10-27 13:59:46.219--ClientSession(1512055471)--Connection(440477775)--Thread(Thread[Test worker,5,main])--begin transaction
[EL Finest]: connection: 2016-10-27 13:59:46.219--ClientSession(1512055471)--Thread(Thread[Test worker,5,main])--reconnecting to external connection pool
[EL Finer]: transaction: 2016-10-27 13:59:46.22--UnitOfWork(1942306146)--Thread(Thread[Test worker,5,main])--begin unit of work flush
[EL Finer]: transaction: 2016-10-27 13:59:46.22--UnitOfWork(1942306146)--Thread(Thread[Test worker,5,main])--end unit of work flush
[EL Finest]: query: 2016-10-27 13:59:46.22--UnitOfWork(1942306146)--Thread(Thread[Test worker,5,main])--Execute query ReadAllQuery(name="SocialCategory.findById" referenceClass=SocialCategory sql="SELECT socialCatId, socialCatName, versionId, createdBy, createdDate, updatedBy, updatedDate, activeStatus, txnAccessCode FROM SocialCategory WHERE ((activeStatus = ?) AND (socialCatId = ?))")
[EL Fine]: sql: 2016-10-27 13:59:46.22--ClientSession(1512055471)--Connection(1862007426)--Thread(Thread[Test worker,5,main])--SELECT socialCatId, socialCatName, versionId, createdBy, createdDate, updatedBy, updatedDate, activeStatus, txnAccessCode FROM SocialCategory WHERE ((activeStatus = ?) AND (socialCatId = ?))
	bind => [1, 26AF880B-5331-4648-AE57-4FD8F5F6D561]
Thu Oct 27 13:59:46 UTC 2016|Unknown Alarm = ORGCM324100200 Alarm Split = ORG-CM-3-2-4-100-200
[EL Finer]: transaction: 2016-10-27 13:59:46.222--UnitOfWork(1942306146)--Thread(Thread[Test worker,5,main])--begin unit of work commit
[EL Finer]: transaction: 2016-10-27 13:59:46.222--ClientSession(1512055471)--Connection(1862007426)--Thread(Thread[Test worker,5,main])--commit transaction
[EL Finest]: connection: 2016-10-27 13:59:46.222--ServerSession(1535227590)--Connection(440477775)--Thread(Thread[Test worker,5,main])--Connection released to connection pool [default].
[EL Finer]: transaction: 2016-10-27 13:59:46.222--UnitOfWork(1942306146)--Thread(Thread[Test worker,5,main])--end unit of work commit
[EL Finer]: transaction: 2016-10-27 13:59:46.223--UnitOfWork(1942306146)--Thread(Thread[Test worker,5,main])--resume unit of work
[EL Finer]: transaction: 2016-10-27 13:59:46.223--UnitOfWork(1942306146)--Thread(Thread[Test worker,5,main])--release unit of work
[EL Finer]: connection: 2016-10-27 13:59:46.223--ClientSession(1512055471)--Thread(Thread[Test worker,5,main])--client released
[EL Finer]: connection: 2016-10-27 13:59:46.223--ServerSession(1535227590)--Thread(Thread[Test worker,5,main])--client acquired: 582539923
[EL Finer]: transaction: 2016-10-27 13:59:46.223--ClientSession(582539923)--Thread(Thread[Test worker,5,main])--acquire unit of work: 370539188
[EL Finest]: connection: 2016-10-27 13:59:46.223--ServerSession(1535227590)--Connection(2097040063)--Thread(Thread[Test worker,5,main])--Connection acquired from connection pool [default].
[EL Finer]: transaction: 2016-10-27 13:59:46.223--ClientSession(582539923)--Connection(2097040063)--Thread(Thread[Test worker,5,main])--begin transaction
[EL Finest]: connection: 2016-10-27 13:59:46.223--ClientSession(582539923)--Thread(Thread[Test worker,5,main])--reconnecting to external connection pool
[EL Finest]: transaction: 2016-10-27 13:59:46.225--UnitOfWork(370539188)--Thread(Thread[Test worker,5,main])--Merge clone with references 0hJjZXVUiV2LzCiGHWC6pWpWufq4l38OTzJ2ATUHKMvBhintuu
[EL Finest]: query: 2016-10-27 13:59:46.226--UnitOfWork(370539188)--Thread(Thread[Test worker,5,main])--Execute query ReadObjectQuery(referenceClass=SocialCategory )
[EL Fine]: sql: 2016-10-27 13:59:46.226--ClientSession(582539923)--Connection(836242164)--Thread(Thread[Test worker,5,main])--SELECT socialCatId, socialCatName, versionId, createdBy, createdDate, updatedBy, updatedDate, activeStatus, txnAccessCode FROM SocialCategory WHERE (socialCatId = ?)
	bind => [26AF880B-5331-4648-AE57-4FD8F5F6D561]
Thu Oct 27 13:59:46 UTC 2016|Unknown Alarm = ORGCM321100200 Alarm Split = ORG-CM-3-2-1-100-200
[EL Finer]: transaction: 2016-10-27 13:59:46.227--UnitOfWork(370539188)--Thread(Thread[Test worker,5,main])--begin unit of work commit
[EL Finest]: query: 2016-10-27 13:59:46.227--UnitOfWork(370539188)--Thread(Thread[Test worker,5,main])--Execute query UpdateObjectQuery(0hJjZXVUiV2LzCiGHWC6pWpWufq4l38OTzJ2ATUHKMvBhintuu)
[EL Fine]: sql: 2016-10-27 13:59:46.228--ClientSession(582539923)--Connection(836242164)--Thread(Thread[Test worker,5,main])--UPDATE SocialCategory SET socialCatName = ?, versionId = ? WHERE ((socialCatId = ?) AND (versionId = ?))
	bind => [0hJjZXVUiV2LzCiGHWC6pWpWufq4l38OTzJ2ATUHKMvBhintuu, 2, 26AF880B-5331-4648-AE57-4FD8F5F6D561, 1]
[EL Finer]: transaction: 2016-10-27 13:59:46.229--ClientSession(582539923)--Connection(836242164)--Thread(Thread[Test worker,5,main])--commit transaction
[EL Finest]: connection: 2016-10-27 13:59:46.231--ServerSession(1535227590)--Connection(2097040063)--Thread(Thread[Test worker,5,main])--Connection released to connection pool [default].
[EL Finer]: transaction: 2016-10-27 13:59:46.231--UnitOfWork(370539188)--Thread(Thread[Test worker,5,main])--end unit of work commit
[EL Finer]: transaction: 2016-10-27 13:59:46.231--UnitOfWork(370539188)--Thread(Thread[Test worker,5,main])--resume unit of work
[EL Finer]: transaction: 2016-10-27 13:59:46.231--UnitOfWork(370539188)--Thread(Thread[Test worker,5,main])--release unit of work
[EL Finer]: connection: 2016-10-27 13:59:46.231--ClientSession(582539923)--Thread(Thread[Test worker,5,main])--client released
[EL Finer]: connection: 2016-10-27 13:59:46.249--ServerSession(1535227590)--Thread(Thread[Test worker,5,main])--client acquired: 1546714714
[EL Finer]: transaction: 2016-10-27 13:59:46.249--ClientSession(1546714714)--Thread(Thread[Test worker,5,main])--acquire unit of work: 344651263
[EL Finest]: connection: 2016-10-27 13:59:46.249--ServerSession(1535227590)--Connection(790381282)--Thread(Thread[Test worker,5,main])--Connection acquired from connection pool [default].
[EL Finer]: transaction: 2016-10-27 13:59:46.25--ClientSession(1546714714)--Connection(790381282)--Thread(Thread[Test worker,5,main])--begin transaction
[EL Finest]: connection: 2016-10-27 13:59:46.25--ClientSession(1546714714)--Thread(Thread[Test worker,5,main])--reconnecting to external connection pool
[EL Finer]: transaction: 2016-10-27 13:59:46.251--UnitOfWork(344651263)--Thread(Thread[Test worker,5,main])--begin unit of work flush
[EL Finer]: transaction: 2016-10-27 13:59:46.251--UnitOfWork(344651263)--Thread(Thread[Test worker,5,main])--end unit of work flush
[EL Finest]: query: 2016-10-27 13:59:46.251--UnitOfWork(344651263)--Thread(Thread[Test worker,5,main])--Execute query ReadAllQuery(name="SocialCategory.findById" referenceClass=SocialCategory sql="SELECT socialCatId, socialCatName, versionId, createdBy, createdDate, updatedBy, updatedDate, activeStatus, txnAccessCode FROM SocialCategory WHERE ((activeStatus = ?) AND (socialCatId = ?))")
[EL Fine]: sql: 2016-10-27 13:59:46.251--ClientSession(1546714714)--Connection(1340115983)--Thread(Thread[Test worker,5,main])--SELECT socialCatId, socialCatName, versionId, createdBy, createdDate, updatedBy, updatedDate, activeStatus, txnAccessCode FROM SocialCategory WHERE ((activeStatus = ?) AND (socialCatId = ?))
	bind => [1, 26AF880B-5331-4648-AE57-4FD8F5F6D561]
Thu Oct 27 13:59:46 UTC 2016|Unknown Alarm = ORGCM324100200 Alarm Split = ORG-CM-3-2-4-100-200
[EL Finer]: transaction: 2016-10-27 13:59:46.252--UnitOfWork(344651263)--Thread(Thread[Test worker,5,main])--begin unit of work commit
[EL Finer]: transaction: 2016-10-27 13:59:46.252--ClientSession(1546714714)--Connection(1340115983)--Thread(Thread[Test worker,5,main])--commit transaction
[EL Finest]: connection: 2016-10-27 13:59:46.253--ServerSession(1535227590)--Connection(790381282)--Thread(Thread[Test worker,5,main])--Connection released to connection pool [default].
[EL Finer]: transaction: 2016-10-27 13:59:46.253--UnitOfWork(344651263)--Thread(Thread[Test worker,5,main])--end unit of work commit
[EL Finer]: transaction: 2016-10-27 13:59:46.253--UnitOfWork(344651263)--Thread(Thread[Test worker,5,main])--resume unit of work
[EL Finer]: transaction: 2016-10-27 13:59:46.253--UnitOfWork(344651263)--Thread(Thread[Test worker,5,main])--release unit of work
[EL Finer]: connection: 2016-10-27 13:59:46.253--ClientSession(1546714714)--Thread(Thread[Test worker,5,main])--client released
[EL Finer]: connection: 2016-10-27 13:59:46.278--ServerSession(1535227590)--Thread(Thread[Test worker,5,main])--client acquired: 2102502824
[EL Finer]: transaction: 2016-10-27 13:59:46.279--ClientSession(2102502824)--Thread(Thread[Test worker,5,main])--acquire unit of work: 2069035230
[EL Finest]: connection: 2016-10-27 13:59:46.279--ServerSession(1535227590)--Connection(72414739)--Thread(Thread[Test worker,5,main])--Connection acquired from connection pool [default].
[EL Finer]: transaction: 2016-10-27 13:59:46.279--ClientSession(2102502824)--Connection(72414739)--Thread(Thread[Test worker,5,main])--begin transaction
[EL Finest]: connection: 2016-10-27 13:59:46.279--ClientSession(2102502824)--Thread(Thread[Test worker,5,main])--reconnecting to external connection pool
[EL Finest]: query: 2016-10-27 13:59:46.28--UnitOfWork(2069035230)--Thread(Thread[Test worker,5,main])--Execute query ReadObjectQuery(name="readSocialCategory" referenceClass=SocialCategory sql="SELECT socialCatId, socialCatName, versionId, createdBy, createdDate, updatedBy, updatedDate, activeStatus, txnAccessCode FROM SocialCategory WHERE (socialCatId = ?)")
[EL Fine]: sql: 2016-10-27 13:59:46.28--ClientSession(2102502824)--Connection(1282100733)--Thread(Thread[Test worker,5,main])--SELECT socialCatId, socialCatName, versionId, createdBy, createdDate, updatedBy, updatedDate, activeStatus, txnAccessCode FROM SocialCategory WHERE (socialCatId = ?)
	bind => [26AF880B-5331-4648-AE57-4FD8F5F6D561]
[EL Finest]: transaction: 2016-10-27 13:59:46.281--UnitOfWork(2069035230)--Thread(Thread[Test worker,5,main])--remove() operation called on: 0hJjZXVUiV2LzCiGHWC6pWpWufq4l38OTzJ2ATUHKMvBhintuu
Thu Oct 27 13:59:46 UTC 2016|Unknown Alarm = ORGCM328100200 Alarm Split = ORG-CM-3-2-8-100-200
[EL Finer]: transaction: 2016-10-27 13:59:46.282--UnitOfWork(2069035230)--Thread(Thread[Test worker,5,main])--begin unit of work commit
[EL Finest]: query: 2016-10-27 13:59:46.282--UnitOfWork(2069035230)--Thread(Thread[Test worker,5,main])--Execute query DoesExistQuery(referenceClass=SocialCategory )
[EL Finest]: query: 2016-10-27 13:59:46.282--UnitOfWork(2069035230)--Thread(Thread[Test worker,5,main])--Execute query DeleteObjectQuery(0hJjZXVUiV2LzCiGHWC6pWpWufq4l38OTzJ2ATUHKMvBhintuu)
[EL Fine]: sql: 2016-10-27 13:59:46.283--ClientSession(2102502824)--Connection(1282100733)--Thread(Thread[Test worker,5,main])--DELETE FROM SocialCategory WHERE ((socialCatId = ?) AND (versionId = ?))
	bind => [26AF880B-5331-4648-AE57-4FD8F5F6D561, 2]
[EL Finer]: transaction: 2016-10-27 13:59:46.283--ClientSession(2102502824)--Connection(1282100733)--Thread(Thread[Test worker,5,main])--commit transaction
[EL Finest]: connection: 2016-10-27 13:59:46.286--ServerSession(1535227590)--Connection(72414739)--Thread(Thread[Test worker,5,main])--Connection released to connection pool [default].
[EL Finer]: transaction: 2016-10-27 13:59:46.286--UnitOfWork(2069035230)--Thread(Thread[Test worker,5,main])--end unit of work commit
[EL Finer]: transaction: 2016-10-27 13:59:46.286--UnitOfWork(2069035230)--Thread(Thread[Test worker,5,main])--resume unit of work
[EL Finer]: transaction: 2016-10-27 13:59:46.287--UnitOfWork(2069035230)--Thread(Thread[Test worker,5,main])--release unit of work
[EL Finer]: connection: 2016-10-27 13:59:46.287--ClientSession(2102502824)--Thread(Thread[Test worker,5,main])--client released
]]></system-out>
  <system-err><![CDATA[SocialCategory.socialCatName may not be null
java.lang.SecurityException: SocialCategory.socialCatName may not be null
	at com.athena.server.pluggable.utils.helper.EntityValidatorHelper.validateEntity(EntityValidatorHelper.java:37)
	at com.app.shared.organization.contactmanagement.SocialCategory.isValid(SocialCategory.java:149)
	at com.app.server.service.organization.contactmanagement.SocialCategoryTestCase.validateSocialCategory(SocialCategoryTestCase.java:204)
	at com.app.server.service.organization.contactmanagement.SocialCategoryTestCase.test5NegativeTesting(SocialCategoryTestCase.java:235)
	at sun.reflect.NativeMethodAccessorImpl.invoke0(Native Method)
	at sun.reflect.NativeMethodAccessorImpl.invoke(NativeMethodAccessorImpl.java:57)
	at sun.reflect.DelegatingMethodAccessorImpl.invoke(DelegatingMethodAccessorImpl.java:43)
	at java.lang.reflect.Method.invoke(Method.java:606)
	at org.junit.runners.model.FrameworkMethod$1.runReflectiveCall(FrameworkMethod.java:47)
	at org.junit.internal.runners.model.ReflectiveCallable.run(ReflectiveCallable.java:12)
	at org.junit.runners.model.FrameworkMethod.invokeExplosively(FrameworkMethod.java:44)
	at org.junit.internal.runners.statements.InvokeMethod.evaluate(InvokeMethod.java:17)
	at org.junit.internal.runners.statements.RunBefores.evaluate(RunBefores.java:26)
	at org.springframework.test.context.junit4.statements.RunBeforeTestMethodCallbacks.evaluate(RunBeforeTestMethodCallbacks.java:74)
	at org.junit.internal.runners.statements.RunAfters.evaluate(RunAfters.java:27)
	at org.springframework.test.context.junit4.statements.RunAfterTestMethodCallbacks.evaluate(RunAfterTestMethodCallbacks.java:83)
	at org.springframework.test.context.junit4.statements.SpringRepeat.evaluate(SpringRepeat.java:72)
	at org.springframework.test.context.junit4.SpringJUnit4ClassRunner.runChild(SpringJUnit4ClassRunner.java:233)
	at org.springframework.test.context.junit4.SpringJUnit4ClassRunner.runChild(SpringJUnit4ClassRunner.java:87)
	at org.junit.runners.ParentRunner$3.run(ParentRunner.java:238)
	at org.junit.runners.ParentRunner$1.schedule(ParentRunner.java:63)
	at org.junit.runners.ParentRunner.runChildren(ParentRunner.java:236)
	at org.junit.runners.ParentRunner.access$000(ParentRunner.java:53)
	at org.junit.runners.ParentRunner$2.evaluate(ParentRunner.java:229)
	at org.junit.internal.runners.statements.RunBefores.evaluate(RunBefores.java:26)
	at org.springframework.test.context.junit4.statements.RunBeforeTestClassCallbacks.evaluate(RunBeforeTestClassCallbacks.java:61)
	at org.springframework.test.context.junit4.statements.RunAfterTestClassCallbacks.evaluate(RunAfterTestClassCallbacks.java:71)
	at org.junit.runners.ParentRunner.run(ParentRunner.java:309)
	at org.springframework.test.context.junit4.SpringJUnit4ClassRunner.run(SpringJUnit4ClassRunner.java:176)
	at org.gradle.api.internal.tasks.testing.junit.JUnitTestClassExecuter.runTestClass(JUnitTestClassExecuter.java:86)
	at org.gradle.api.internal.tasks.testing.junit.JUnitTestClassExecuter.execute(JUnitTestClassExecuter.java:49)
	at org.gradle.api.internal.tasks.testing.junit.JUnitTestClassProcessor.processTestClass(JUnitTestClassProcessor.java:64)
	at org.gradle.api.internal.tasks.testing.SuiteTestClassProcessor.processTestClass(SuiteTestClassProcessor.java:50)
	at sun.reflect.GeneratedMethodAccessor109.invoke(Unknown Source)
	at sun.reflect.DelegatingMethodAccessorImpl.invoke(DelegatingMethodAccessorImpl.java:43)
	at java.lang.reflect.Method.invoke(Method.java:606)
	at org.gradle.messaging.dispatch.ReflectionDispatch.dispatch(ReflectionDispatch.java:35)
	at org.gradle.messaging.dispatch.ReflectionDispatch.dispatch(ReflectionDispatch.java:24)
	at org.gradle.messaging.dispatch.ContextClassLoaderDispatch.dispatch(ContextClassLoaderDispatch.java:32)
	at org.gradle.messaging.dispatch.ProxyDispatchAdapter$DispatchingInvocationHandler.invoke(ProxyDispatchAdapter.java:93)
	at com.sun.proxy.$Proxy2.processTestClass(Unknown Source)
	at org.gradle.api.internal.tasks.testing.worker.TestWorker.processTestClass(TestWorker.java:106)
	at sun.reflect.GeneratedMethodAccessor108.invoke(Unknown Source)
	at sun.reflect.DelegatingMethodAccessorImpl.invoke(DelegatingMethodAccessorImpl.java:43)
	at java.lang.reflect.Method.invoke(Method.java:606)
	at org.gradle.messaging.dispatch.ReflectionDispatch.dispatch(ReflectionDispatch.java:35)
	at org.gradle.messaging.dispatch.ReflectionDispatch.dispatch(ReflectionDispatch.java:24)
	at org.gradle.messaging.remote.internal.hub.MessageHub$Handler.run(MessageHub.java:360)
	at org.gradle.internal.concurrent.DefaultExecutorFactory$StoppableExecutorImpl$1.run(DefaultExecutorFactory.java:64)
	at java.util.concurrent.ThreadPoolExecutor.runWorker(ThreadPoolExecutor.java:1145)
	at java.util.concurrent.ThreadPoolExecutor$Worker.run(ThreadPoolExecutor.java:615)
	at java.lang.Thread.run(Thread.java:745)
SocialCategory.socialCatName size must be between 1 and 256
java.lang.SecurityException: SocialCategory.socialCatName size must be between 1 and 256
	at com.athena.server.pluggable.utils.helper.EntityValidatorHelper.validateEntity(EntityValidatorHelper.java:37)
	at com.app.shared.organization.contactmanagement.SocialCategory.isValid(SocialCategory.java:149)
	at com.app.server.service.organization.contactmanagement.SocialCategoryTestCase.validateSocialCategory(SocialCategoryTestCase.java:202)
	at com.app.server.service.organization.contactmanagement.SocialCategoryTestCase.test5NegativeTesting(SocialCategoryTestCase.java:240)
	at sun.reflect.NativeMethodAccessorImpl.invoke0(Native Method)
	at sun.reflect.NativeMethodAccessorImpl.invoke(NativeMethodAccessorImpl.java:57)
	at sun.reflect.DelegatingMethodAccessorImpl.invoke(DelegatingMethodAccessorImpl.java:43)
	at java.lang.reflect.Method.invoke(Method.java:606)
	at org.junit.runners.model.FrameworkMethod$1.runReflectiveCall(FrameworkMethod.java:47)
	at org.junit.internal.runners.model.ReflectiveCallable.run(ReflectiveCallable.java:12)
	at org.junit.runners.model.FrameworkMethod.invokeExplosively(FrameworkMethod.java:44)
	at org.junit.internal.runners.statements.InvokeMethod.evaluate(InvokeMethod.java:17)
	at org.junit.internal.runners.statements.RunBefores.evaluate(RunBefores.java:26)
	at org.springframework.test.context.junit4.statements.RunBeforeTestMethodCallbacks.evaluate(RunBeforeTestMethodCallbacks.java:74)
	at org.junit.internal.runners.statements.RunAfters.evaluate(RunAfters.java:27)
	at org.springframework.test.context.junit4.statements.RunAfterTestMethodCallbacks.evaluate(RunAfterTestMethodCallbacks.java:83)
	at org.springframework.test.context.junit4.statements.SpringRepeat.evaluate(SpringRepeat.java:72)
	at org.springframework.test.context.junit4.SpringJUnit4ClassRunner.runChild(SpringJUnit4ClassRunner.java:233)
	at org.springframework.test.context.junit4.SpringJUnit4ClassRunner.runChild(SpringJUnit4ClassRunner.java:87)
	at org.junit.runners.ParentRunner$3.run(ParentRunner.java:238)
	at org.junit.runners.ParentRunner$1.schedule(ParentRunner.java:63)
	at org.junit.runners.ParentRunner.runChildren(ParentRunner.java:236)
	at org.junit.runners.ParentRunner.access$000(ParentRunner.java:53)
	at org.junit.runners.ParentRunner$2.evaluate(ParentRunner.java:229)
	at org.junit.internal.runners.statements.RunBefores.evaluate(RunBefores.java:26)
	at org.springframework.test.context.junit4.statements.RunBeforeTestClassCallbacks.evaluate(RunBeforeTestClassCallbacks.java:61)
	at org.springframework.test.context.junit4.statements.RunAfterTestClassCallbacks.evaluate(RunAfterTestClassCallbacks.java:71)
	at org.junit.runners.ParentRunner.run(ParentRunner.java:309)
	at org.springframework.test.context.junit4.SpringJUnit4ClassRunner.run(SpringJUnit4ClassRunner.java:176)
	at org.gradle.api.internal.tasks.testing.junit.JUnitTestClassExecuter.runTestClass(JUnitTestClassExecuter.java:86)
	at org.gradle.api.internal.tasks.testing.junit.JUnitTestClassExecuter.execute(JUnitTestClassExecuter.java:49)
	at org.gradle.api.internal.tasks.testing.junit.JUnitTestClassProcessor.processTestClass(JUnitTestClassProcessor.java:64)
	at org.gradle.api.internal.tasks.testing.SuiteTestClassProcessor.processTestClass(SuiteTestClassProcessor.java:50)
	at sun.reflect.GeneratedMethodAccessor109.invoke(Unknown Source)
	at sun.reflect.DelegatingMethodAccessorImpl.invoke(DelegatingMethodAccessorImpl.java:43)
	at java.lang.reflect.Method.invoke(Method.java:606)
	at org.gradle.messaging.dispatch.ReflectionDispatch.dispatch(ReflectionDispatch.java:35)
	at org.gradle.messaging.dispatch.ReflectionDispatch.dispatch(ReflectionDispatch.java:24)
	at org.gradle.messaging.dispatch.ContextClassLoaderDispatch.dispatch(ContextClassLoaderDispatch.java:32)
	at org.gradle.messaging.dispatch.ProxyDispatchAdapter$DispatchingInvocationHandler.invoke(ProxyDispatchAdapter.java:93)
	at com.sun.proxy.$Proxy2.processTestClass(Unknown Source)
	at org.gradle.api.internal.tasks.testing.worker.TestWorker.processTestClass(TestWorker.java:106)
	at sun.reflect.GeneratedMethodAccessor108.invoke(Unknown Source)
	at sun.reflect.DelegatingMethodAccessorImpl.invoke(DelegatingMethodAccessorImpl.java:43)
	at java.lang.reflect.Method.invoke(Method.java:606)
	at org.gradle.messaging.dispatch.ReflectionDispatch.dispatch(ReflectionDispatch.java:35)
	at org.gradle.messaging.dispatch.ReflectionDispatch.dispatch(ReflectionDispatch.java:24)
	at org.gradle.messaging.remote.internal.hub.MessageHub$Handler.run(MessageHub.java:360)
	at org.gradle.internal.concurrent.DefaultExecutorFactory$StoppableExecutorImpl$1.run(DefaultExecutorFactory.java:64)
	at java.util.concurrent.ThreadPoolExecutor.runWorker(ThreadPoolExecutor.java:1145)
	at java.util.concurrent.ThreadPoolExecutor$Worker.run(ThreadPoolExecutor.java:615)
	at java.lang.Thread.run(Thread.java:745)
]]></system-err>
</testsuite>
