<?xml version="1.0" encoding="UTF-8"?>
<testsuite name="com.app.server.service.appbasicsetup.aaa.PublicApiTestCase" tests="5" skipped="0" failures="0" errors="0" timestamp="2016-10-27T13:59:39" hostname="40520a1252e0" time="0.301">
  <properties/>
  <testcase name="test1Save" classname="com.app.server.service.appbasicsetup.aaa.PublicApiTestCase" time="0.109"/>
  <testcase name="test2Update" classname="com.app.server.service.appbasicsetup.aaa.PublicApiTestCase" time="0.069"/>
  <testcase name="test3FindById" classname="com.app.server.service.appbasicsetup.aaa.PublicApiTestCase" time="0.043"/>
  <testcase name="test5NegativeTesting" classname="com.app.server.service.appbasicsetup.aaa.PublicApiTestCase" time="0.026"/>
  <testcase name="test6Delete" classname="com.app.server.service.appbasicsetup.aaa.PublicApiTestCase" time="0.051"/>
  <system-out><![CDATA[Thu Oct 27 13:59:39 UTC 2016|Log Manager Factory|Initialization Process started.....
Thu Oct 27 13:59:39 UTC 2016|Log Manager|Initialized with Path = [/home/applifire/workspace/appsetup/src/main/webapp/WEB-INF/conf]
Thu Oct 27 13:59:39 UTC 2016|Alarm Manager|Initialized with Path = [/home/applifire/workspace/appsetup/src/main/webapp/WEB-INF/conf]
Thu Oct 27 13:59:39 UTC 2016|Alarm Manager|Loading Alarms ......
Thu Oct 27 13:59:39 UTC 2016|Alarm XML Parser|FWA|XML Parsing Complete........ 
Thu Oct 27 13:59:39 UTC 2016|Alarm File Manager|FWA|Alarm File Status.. [ApplicationFrameworkAlarms.xml]|Version=15|Status=Done 
Thu Oct 27 13:59:39 UTC 2016|Alarm File Manager|FWA|Alarm Stats = ( BC/AL=5/786 SYS=5/11 [786/0]  TPL=0/0 [0/0]  APP= A.Map=[875]  E.Map EC/RC=[391/79] )
Thu Oct 27 13:59:39 UTC 2016|Alarm XML Parser|APP|XML Parsing Complete........ 
Thu Oct 27 13:59:39 UTC 2016|Alarm File Manager|APP|Alarm File Status.. [ApplicationAlarms.xml]|Version=1|Status=Done 
Thu Oct 27 13:59:39 UTC 2016|Alarm File Manager|APP|Alarm Stats = ( BC/AL=5/786 SYS=5/11 [786/0]  TPL=0/0 [0/0]  APP=0/0 [0/0]  A.Map=[875]  E.Map EC/RC=[391/79] )
Thu Oct 27 13:59:39 UTC 2016|ApplicationAlarmContext| <><><><><> Create App Alarms ....  <><><><><> 
Thu Oct 27 13:59:39 UTC 2016|ApplicationAlarmContext|Alarms are generated ONLY in Development Mode.. 
Thu Oct 27 13:59:39 UTC 2016|Alarm Manager|APP|Alarm Stats = ( BC/AL=5/786 SYS=5/11 [786/0]  TPL=0/0 [0/0]  APP=0/0 [0/0]  A.Map=[875]  E.Map EC/RC=[391/79] )
Thu Oct 27 13:59:39 UTC 2016|Alarm Manager|Initialized Exception Lookup...
Thu Oct 27 13:59:39 UTC 2016|Log Manager|Initialize Log Config File ......
Thu Oct 27 13:59:39 UTC 2016|Pluggable Connectors|Adding Connectors : StandardOutputConnector isEnabled=true isDefault=false isFallBack=true
Thu Oct 27 13:59:39 UTC 2016|Pluggable Connectors|Adding Connectors : StandardFileConnector isEnabled=true isDefault=false isFallBack=false
Thu Oct 27 13:59:39 UTC 2016|Pluggable Connectors|Adding Connectors : Sprinkler isEnabled=true isDefault=true isFallBack=false
Thu Oct 27 13:59:39 UTC 2016|Pluggable Connectors|Default Connector Name : com.spartan.logger.core.LogMessenger
Thu Oct 27 13:59:39 UTC 2016|Log Config Parser|Connector Least Log Level =[4]  FallBack Log Level =[3]
Thu Oct 27 13:59:39 UTC 2016|Log Manager|Loading Default Connector for Logging ......
Thu Oct 27 13:59:39 UTC 2016|Log Manager|Loading class .. com.spartan.logger.core.LogMessenger
Thu Oct 27 13:59:39 UTC 2016|Plugggable Connector|Connector class com.spartan.logger.core.LogMessenger Initialized... @ Log Level = 3
Thu Oct 27 13:59:39 UTC 2016|Log Manager|Starting the Default Connector [com.spartan.logger.core.LogMessenger@7d27de5b] ....
Thu Oct 27 13:59:39 UTC 2016|Scheduler|Starting the Scheduler ......
Thu Oct 27 13:59:39 UTC 2016|Scheduler|Adding [LMID=[9a328665-5dd6-4e7b-b824-be92cc7f8f12]] Delay=5 Time Unit=MINUTES
Thu Oct 27 13:59:39 UTC 2016|Scheduler|Adding [App Alarm Manager File=[ApplicationAlarms.xml]] Delay=30 Time Unit=MINUTES
Thu Oct 27 13:59:39 UTC 2016|Scheduler|Adding [FW Alarm Manager File=[ApplicationFrameworkAlarms.xml]] Delay=3 Time Unit=MINUTES
Thu Oct 27 13:59:39 UTC 2016|Scheduler|Startup Completed..
Thu Oct 27 13:59:39 UTC 2016|Log Manager|Initialization Process Complete ......
Thu Oct 27 13:59:39 UTC 2016|Log Manager Factory|Log Manager READY! ID = 9a328665-5dd6-4e7b-b824-be92cc7f8f12
[EL Finer]: connection: 2016-10-27 13:59:39.407--ServerSession(1535227590)--Thread(Thread[Test worker,5,main])--client acquired: 258085787
[EL Finer]: transaction: 2016-10-27 13:59:39.407--ClientSession(258085787)--Thread(Thread[Test worker,5,main])--acquire unit of work: 1878338816
[EL Finest]: connection: 2016-10-27 13:59:39.407--ServerSession(1535227590)--Connection(1230869612)--Thread(Thread[Test worker,5,main])--Connection acquired from connection pool [default].
[EL Finer]: transaction: 2016-10-27 13:59:39.407--ClientSession(258085787)--Connection(1230869612)--Thread(Thread[Test worker,5,main])--begin transaction
[EL Finest]: connection: 2016-10-27 13:59:39.407--ClientSession(258085787)--Thread(Thread[Test worker,5,main])--reconnecting to external connection pool
[EL Finest]: transaction: 2016-10-27 13:59:39.413--UnitOfWork(1878338816)--Thread(Thread[Test worker,5,main])--persist() operation called on: .
[EL Finest]: sequencing: 2016-10-27 13:59:39.414--UnitOfWork(1878338816)--Thread(Thread[Test worker,5,main])--assign sequence to the object (CB7D2582-46E9-4010-B5E6-A8E69F41731E -> )
Thu Oct 27 13:59:39 UTC 2016|Unknown Alarm = ABSAA322100200 Alarm Split = ABS-AA-3-2-2-100-200
[EL Finer]: transaction: 2016-10-27 13:59:39.414--UnitOfWork(1878338816)--Thread(Thread[Test worker,5,main])--begin unit of work commit
[EL Finest]: query: 2016-10-27 13:59:39.414--UnitOfWork(1878338816)--Thread(Thread[Test worker,5,main])--Execute query InsertObjectQuery()
[EL Fine]: sql: 2016-10-27 13:59:39.415--ClientSession(258085787)--Connection(1041755835)--Thread(Thread[Test worker,5,main])--INSERT INTO PublicApi (apiId, apiData, schedulerDetails, versionId, createdBy, createdDate, updatedBy, updatedDate, activeStatus, txnAccessCode) VALUES (?, ?, ?, ?, ?, ?, ?, ?, ?, ?)
	bind => [CB7D2582-46E9-4010-B5E6-A8E69F41731E, KWyE22qqevcHEzbb4moHUXDK4nkCuMaFdqc45r2Pn4XcYrxJBK, 1Zz9nOzmTmLhPyVralFejaXPktjK8vEVqPFGRQt7Y8yhWEn95Y, 1, AAAAA, 2016-10-27 13:59:39.337, AAAAA, 2016-10-27 13:59:39.337, 1, 51000]
[EL Finer]: transaction: 2016-10-27 13:59:39.417--ClientSession(258085787)--Connection(1041755835)--Thread(Thread[Test worker,5,main])--commit transaction
[EL Finest]: connection: 2016-10-27 13:59:39.42--ServerSession(1535227590)--Connection(1230869612)--Thread(Thread[Test worker,5,main])--Connection released to connection pool [default].
[EL Finer]: transaction: 2016-10-27 13:59:39.42--UnitOfWork(1878338816)--Thread(Thread[Test worker,5,main])--end unit of work commit
[EL Finer]: transaction: 2016-10-27 13:59:39.42--UnitOfWork(1878338816)--Thread(Thread[Test worker,5,main])--resume unit of work
[EL Finer]: transaction: 2016-10-27 13:59:39.421--UnitOfWork(1878338816)--Thread(Thread[Test worker,5,main])--release unit of work
[EL Finer]: connection: 2016-10-27 13:59:39.421--ClientSession(258085787)--Thread(Thread[Test worker,5,main])--client released
[EL Finer]: connection: 2016-10-27 13:59:39.459--ServerSession(1535227590)--Thread(Thread[Test worker,5,main])--client acquired: 804904477
[EL Finer]: transaction: 2016-10-27 13:59:39.459--ClientSession(804904477)--Thread(Thread[Test worker,5,main])--acquire unit of work: 1030052486
[EL Finest]: connection: 2016-10-27 13:59:39.46--ServerSession(1535227590)--Connection(1226453735)--Thread(Thread[Test worker,5,main])--Connection acquired from connection pool [default].
[EL Finer]: transaction: 2016-10-27 13:59:39.46--ClientSession(804904477)--Connection(1226453735)--Thread(Thread[Test worker,5,main])--begin transaction
[EL Finest]: connection: 2016-10-27 13:59:39.46--ClientSession(804904477)--Thread(Thread[Test worker,5,main])--reconnecting to external connection pool
[EL Finer]: transaction: 2016-10-27 13:59:39.462--UnitOfWork(1030052486)--Thread(Thread[Test worker,5,main])--begin unit of work flush
[EL Finer]: transaction: 2016-10-27 13:59:39.462--UnitOfWork(1030052486)--Thread(Thread[Test worker,5,main])--end unit of work flush
[EL Finest]: query: 2016-10-27 13:59:39.463--UnitOfWork(1030052486)--Thread(Thread[Test worker,5,main])--Execute query ReadAllQuery(name="PublicApi.findById" referenceClass=PublicApi sql="SELECT apiId, apiData, schedulerDetails, versionId, createdBy, createdDate, updatedBy, updatedDate, activeStatus, txnAccessCode FROM PublicApi WHERE ((activeStatus = ?) AND (apiId = ?))")
[EL Fine]: sql: 2016-10-27 13:59:39.463--ClientSession(804904477)--Connection(1165852872)--Thread(Thread[Test worker,5,main])--SELECT apiId, apiData, schedulerDetails, versionId, createdBy, createdDate, updatedBy, updatedDate, activeStatus, txnAccessCode FROM PublicApi WHERE ((activeStatus = ?) AND (apiId = ?))
	bind => [1, CB7D2582-46E9-4010-B5E6-A8E69F41731E]
Thu Oct 27 13:59:39 UTC 2016|Unknown Alarm = ABSAA324100200 Alarm Split = ABS-AA-3-2-4-100-200
[EL Finer]: transaction: 2016-10-27 13:59:39.465--UnitOfWork(1030052486)--Thread(Thread[Test worker,5,main])--begin unit of work commit
[EL Finer]: transaction: 2016-10-27 13:59:39.466--ClientSession(804904477)--Connection(1165852872)--Thread(Thread[Test worker,5,main])--commit transaction
[EL Finest]: connection: 2016-10-27 13:59:39.466--ServerSession(1535227590)--Connection(1226453735)--Thread(Thread[Test worker,5,main])--Connection released to connection pool [default].
[EL Finer]: transaction: 2016-10-27 13:59:39.466--UnitOfWork(1030052486)--Thread(Thread[Test worker,5,main])--end unit of work commit
[EL Finer]: transaction: 2016-10-27 13:59:39.467--UnitOfWork(1030052486)--Thread(Thread[Test worker,5,main])--resume unit of work
[EL Finer]: transaction: 2016-10-27 13:59:39.467--UnitOfWork(1030052486)--Thread(Thread[Test worker,5,main])--release unit of work
[EL Finer]: connection: 2016-10-27 13:59:39.467--ClientSession(804904477)--Thread(Thread[Test worker,5,main])--client released
[EL Finer]: connection: 2016-10-27 13:59:39.468--ServerSession(1535227590)--Thread(Thread[Test worker,5,main])--client acquired: 366384389
[EL Finer]: transaction: 2016-10-27 13:59:39.468--ClientSession(366384389)--Thread(Thread[Test worker,5,main])--acquire unit of work: 986809974
[EL Finest]: connection: 2016-10-27 13:59:39.468--ServerSession(1535227590)--Connection(299027237)--Thread(Thread[Test worker,5,main])--Connection acquired from connection pool [default].
[EL Finer]: transaction: 2016-10-27 13:59:39.468--ClientSession(366384389)--Connection(299027237)--Thread(Thread[Test worker,5,main])--begin transaction
[EL Finest]: connection: 2016-10-27 13:59:39.468--ClientSession(366384389)--Thread(Thread[Test worker,5,main])--reconnecting to external connection pool
[EL Finest]: transaction: 2016-10-27 13:59:39.473--UnitOfWork(986809974)--Thread(Thread[Test worker,5,main])--Merge clone with references 
[EL Finest]: query: 2016-10-27 13:59:39.473--UnitOfWork(986809974)--Thread(Thread[Test worker,5,main])--Execute query ReadObjectQuery(referenceClass=PublicApi )
[EL Fine]: sql: 2016-10-27 13:59:39.474--ClientSession(366384389)--Connection(250641835)--Thread(Thread[Test worker,5,main])--SELECT apiId, apiData, schedulerDetails, versionId, createdBy, createdDate, updatedBy, updatedDate, activeStatus, txnAccessCode FROM PublicApi WHERE (apiId = ?)
	bind => [CB7D2582-46E9-4010-B5E6-A8E69F41731E]
Thu Oct 27 13:59:39 UTC 2016|Unknown Alarm = ABSAA321100200 Alarm Split = ABS-AA-3-2-1-100-200
[EL Finer]: transaction: 2016-10-27 13:59:39.483--UnitOfWork(986809974)--Thread(Thread[Test worker,5,main])--begin unit of work commit
[EL Finest]: query: 2016-10-27 13:59:39.483--UnitOfWork(986809974)--Thread(Thread[Test worker,5,main])--Execute query UpdateObjectQuery()
[EL Fine]: sql: 2016-10-27 13:59:39.484--ClientSession(366384389)--Connection(250641835)--Thread(Thread[Test worker,5,main])--UPDATE PublicApi SET apiData = ?, schedulerDetails = ?, versionId = ? WHERE ((apiId = ?) AND (versionId = ?))
	bind => [hwfGsT6EQbKVvdnxLDaius6QtXprrPHrfYXpCU3fz3ZZnzrIQp, jCUNGZNQUNrhy6a0OvjhFLsqdWJnnxIjtsYhDnJv4Hz61QrbBG, 2, CB7D2582-46E9-4010-B5E6-A8E69F41731E, 1]
[EL Finer]: transaction: 2016-10-27 13:59:39.486--ClientSession(366384389)--Connection(250641835)--Thread(Thread[Test worker,5,main])--commit transaction
[EL Finest]: connection: 2016-10-27 13:59:39.49--ServerSession(1535227590)--Connection(299027237)--Thread(Thread[Test worker,5,main])--Connection released to connection pool [default].
[EL Finer]: transaction: 2016-10-27 13:59:39.49--UnitOfWork(986809974)--Thread(Thread[Test worker,5,main])--end unit of work commit
[EL Finer]: transaction: 2016-10-27 13:59:39.491--UnitOfWork(986809974)--Thread(Thread[Test worker,5,main])--resume unit of work
[EL Finer]: transaction: 2016-10-27 13:59:39.491--UnitOfWork(986809974)--Thread(Thread[Test worker,5,main])--release unit of work
[EL Finer]: connection: 2016-10-27 13:59:39.491--ClientSession(366384389)--Thread(Thread[Test worker,5,main])--client released
[EL Finer]: connection: 2016-10-27 13:59:39.528--ServerSession(1535227590)--Thread(Thread[Test worker,5,main])--client acquired: 1556641855
[EL Finer]: transaction: 2016-10-27 13:59:39.528--ClientSession(1556641855)--Thread(Thread[Test worker,5,main])--acquire unit of work: 1833869231
[EL Finest]: connection: 2016-10-27 13:59:39.528--ServerSession(1535227590)--Connection(1154863673)--Thread(Thread[Test worker,5,main])--Connection acquired from connection pool [default].
[EL Finer]: transaction: 2016-10-27 13:59:39.529--ClientSession(1556641855)--Connection(1154863673)--Thread(Thread[Test worker,5,main])--begin transaction
[EL Finest]: connection: 2016-10-27 13:59:39.529--ClientSession(1556641855)--Thread(Thread[Test worker,5,main])--reconnecting to external connection pool
[EL Finer]: transaction: 2016-10-27 13:59:39.53--UnitOfWork(1833869231)--Thread(Thread[Test worker,5,main])--begin unit of work flush
[EL Finer]: transaction: 2016-10-27 13:59:39.53--UnitOfWork(1833869231)--Thread(Thread[Test worker,5,main])--end unit of work flush
[EL Finest]: query: 2016-10-27 13:59:39.53--UnitOfWork(1833869231)--Thread(Thread[Test worker,5,main])--Execute query ReadAllQuery(name="PublicApi.findById" referenceClass=PublicApi sql="SELECT apiId, apiData, schedulerDetails, versionId, createdBy, createdDate, updatedBy, updatedDate, activeStatus, txnAccessCode FROM PublicApi WHERE ((activeStatus = ?) AND (apiId = ?))")
[EL Fine]: sql: 2016-10-27 13:59:39.531--ClientSession(1556641855)--Connection(329236766)--Thread(Thread[Test worker,5,main])--SELECT apiId, apiData, schedulerDetails, versionId, createdBy, createdDate, updatedBy, updatedDate, activeStatus, txnAccessCode FROM PublicApi WHERE ((activeStatus = ?) AND (apiId = ?))
	bind => [1, CB7D2582-46E9-4010-B5E6-A8E69F41731E]
Thu Oct 27 13:59:39 UTC 2016|Unknown Alarm = ABSAA324100200 Alarm Split = ABS-AA-3-2-4-100-200
[EL Finer]: transaction: 2016-10-27 13:59:39.533--UnitOfWork(1833869231)--Thread(Thread[Test worker,5,main])--begin unit of work commit
[EL Finer]: transaction: 2016-10-27 13:59:39.533--ClientSession(1556641855)--Connection(329236766)--Thread(Thread[Test worker,5,main])--commit transaction
[EL Finest]: connection: 2016-10-27 13:59:39.534--ServerSession(1535227590)--Connection(1154863673)--Thread(Thread[Test worker,5,main])--Connection released to connection pool [default].
[EL Finer]: transaction: 2016-10-27 13:59:39.534--UnitOfWork(1833869231)--Thread(Thread[Test worker,5,main])--end unit of work commit
[EL Finer]: transaction: 2016-10-27 13:59:39.535--UnitOfWork(1833869231)--Thread(Thread[Test worker,5,main])--resume unit of work
[EL Finer]: transaction: 2016-10-27 13:59:39.535--UnitOfWork(1833869231)--Thread(Thread[Test worker,5,main])--release unit of work
[EL Finer]: connection: 2016-10-27 13:59:39.535--ClientSession(1556641855)--Thread(Thread[Test worker,5,main])--client released
[EL Finer]: connection: 2016-10-27 13:59:39.6--ServerSession(1535227590)--Thread(Thread[Test worker,5,main])--client acquired: 1369199517
[EL Finer]: transaction: 2016-10-27 13:59:39.6--ClientSession(1369199517)--Thread(Thread[Test worker,5,main])--acquire unit of work: 1849004614
[EL Finest]: connection: 2016-10-27 13:59:39.601--ServerSession(1535227590)--Connection(2132175408)--Thread(Thread[Test worker,5,main])--Connection acquired from connection pool [default].
[EL Finer]: transaction: 2016-10-27 13:59:39.601--ClientSession(1369199517)--Connection(2132175408)--Thread(Thread[Test worker,5,main])--begin transaction
[EL Finest]: connection: 2016-10-27 13:59:39.601--ClientSession(1369199517)--Thread(Thread[Test worker,5,main])--reconnecting to external connection pool
[EL Finest]: query: 2016-10-27 13:59:39.603--UnitOfWork(1849004614)--Thread(Thread[Test worker,5,main])--Execute query ReadObjectQuery(name="readPublicApi" referenceClass=PublicApi sql="SELECT apiId, apiData, schedulerDetails, versionId, createdBy, createdDate, updatedBy, updatedDate, activeStatus, txnAccessCode FROM PublicApi WHERE (apiId = ?)")
[EL Fine]: sql: 2016-10-27 13:59:39.603--ClientSession(1369199517)--Connection(218126453)--Thread(Thread[Test worker,5,main])--SELECT apiId, apiData, schedulerDetails, versionId, createdBy, createdDate, updatedBy, updatedDate, activeStatus, txnAccessCode FROM PublicApi WHERE (apiId = ?)
	bind => [CB7D2582-46E9-4010-B5E6-A8E69F41731E]
[EL Finest]: transaction: 2016-10-27 13:59:39.605--UnitOfWork(1849004614)--Thread(Thread[Test worker,5,main])--remove() operation called on: 
Thu Oct 27 13:59:39 UTC 2016|Unknown Alarm = ABSAA328100200 Alarm Split = ABS-AA-3-2-8-100-200
[EL Finer]: transaction: 2016-10-27 13:59:39.605--UnitOfWork(1849004614)--Thread(Thread[Test worker,5,main])--begin unit of work commit
[EL Finest]: query: 2016-10-27 13:59:39.606--UnitOfWork(1849004614)--Thread(Thread[Test worker,5,main])--Execute query DoesExistQuery(referenceClass=PublicApi )
[EL Finest]: query: 2016-10-27 13:59:39.606--UnitOfWork(1849004614)--Thread(Thread[Test worker,5,main])--Execute query DeleteObjectQuery()
[EL Fine]: sql: 2016-10-27 13:59:39.606--ClientSession(1369199517)--Connection(218126453)--Thread(Thread[Test worker,5,main])--DELETE FROM PublicApi WHERE ((apiId = ?) AND (versionId = ?))
	bind => [CB7D2582-46E9-4010-B5E6-A8E69F41731E, 2]
[EL Finer]: transaction: 2016-10-27 13:59:39.608--ClientSession(1369199517)--Connection(218126453)--Thread(Thread[Test worker,5,main])--commit transaction
[EL Finest]: connection: 2016-10-27 13:59:39.612--ServerSession(1535227590)--Connection(2132175408)--Thread(Thread[Test worker,5,main])--Connection released to connection pool [default].
[EL Finer]: transaction: 2016-10-27 13:59:39.612--UnitOfWork(1849004614)--Thread(Thread[Test worker,5,main])--end unit of work commit
[EL Finer]: transaction: 2016-10-27 13:59:39.612--UnitOfWork(1849004614)--Thread(Thread[Test worker,5,main])--resume unit of work
[EL Finer]: transaction: 2016-10-27 13:59:39.612--UnitOfWork(1849004614)--Thread(Thread[Test worker,5,main])--release unit of work
[EL Finer]: connection: 2016-10-27 13:59:39.613--ClientSession(1369199517)--Thread(Thread[Test worker,5,main])--client released
]]></system-out>
  <system-err><![CDATA[PublicApi.apiData may not be null
java.lang.SecurityException: PublicApi.apiData may not be null
	at com.athena.server.pluggable.utils.helper.EntityValidatorHelper.validateEntity(EntityValidatorHelper.java:37)
	at com.app.shared.appbasicsetup.aaa.PublicApi.isValid(PublicApi.java:161)
	at com.app.server.service.appbasicsetup.aaa.PublicApiTestCase.validatePublicApi(PublicApiTestCase.java:206)
	at com.app.server.service.appbasicsetup.aaa.PublicApiTestCase.test5NegativeTesting(PublicApiTestCase.java:238)
	at sun.reflect.NativeMethodAccessorImpl.invoke0(Native Method)
	at sun.reflect.NativeMethodAccessorImpl.invoke(NativeMethodAccessorImpl.java:57)
	at sun.reflect.DelegatingMethodAccessorImpl.invoke(DelegatingMethodAccessorImpl.java:43)
	at java.lang.reflect.Method.invoke(Method.java:606)
	at org.junit.runners.model.FrameworkMethod$1.runReflectiveCall(FrameworkMethod.java:47)
	at org.junit.internal.runners.model.ReflectiveCallable.run(ReflectiveCallable.java:12)
	at org.junit.runners.model.FrameworkMethod.invokeExplosively(FrameworkMethod.java:44)
	at org.junit.internal.runners.statements.InvokeMethod.evaluate(InvokeMethod.java:17)
	at org.junit.internal.runners.statements.RunBefores.evaluate(RunBefores.java:26)
	at org.springframework.test.context.junit4.statements.RunBeforeTestMethodCallbacks.evaluate(RunBeforeTestMethodCallbacks.java:74)
	at org.junit.internal.runners.statements.RunAfters.evaluate(RunAfters.java:27)
	at org.springframework.test.context.junit4.statements.RunAfterTestMethodCallbacks.evaluate(RunAfterTestMethodCallbacks.java:83)
	at org.springframework.test.context.junit4.statements.SpringRepeat.evaluate(SpringRepeat.java:72)
	at org.springframework.test.context.junit4.SpringJUnit4ClassRunner.runChild(SpringJUnit4ClassRunner.java:233)
	at org.springframework.test.context.junit4.SpringJUnit4ClassRunner.runChild(SpringJUnit4ClassRunner.java:87)
	at org.junit.runners.ParentRunner$3.run(ParentRunner.java:238)
	at org.junit.runners.ParentRunner$1.schedule(ParentRunner.java:63)
	at org.junit.runners.ParentRunner.runChildren(ParentRunner.java:236)
	at org.junit.runners.ParentRunner.access$000(ParentRunner.java:53)
	at org.junit.runners.ParentRunner$2.evaluate(ParentRunner.java:229)
	at org.junit.internal.runners.statements.RunBefores.evaluate(RunBefores.java:26)
	at org.springframework.test.context.junit4.statements.RunBeforeTestClassCallbacks.evaluate(RunBeforeTestClassCallbacks.java:61)
	at org.springframework.test.context.junit4.statements.RunAfterTestClassCallbacks.evaluate(RunAfterTestClassCallbacks.java:71)
	at org.junit.runners.ParentRunner.run(ParentRunner.java:309)
	at org.springframework.test.context.junit4.SpringJUnit4ClassRunner.run(SpringJUnit4ClassRunner.java:176)
	at org.gradle.api.internal.tasks.testing.junit.JUnitTestClassExecuter.runTestClass(JUnitTestClassExecuter.java:86)
	at org.gradle.api.internal.tasks.testing.junit.JUnitTestClassExecuter.execute(JUnitTestClassExecuter.java:49)
	at org.gradle.api.internal.tasks.testing.junit.JUnitTestClassProcessor.processTestClass(JUnitTestClassProcessor.java:64)
	at org.gradle.api.internal.tasks.testing.SuiteTestClassProcessor.processTestClass(SuiteTestClassProcessor.java:50)
	at sun.reflect.NativeMethodAccessorImpl.invoke0(Native Method)
	at sun.reflect.NativeMethodAccessorImpl.invoke(NativeMethodAccessorImpl.java:57)
	at sun.reflect.DelegatingMethodAccessorImpl.invoke(DelegatingMethodAccessorImpl.java:43)
	at java.lang.reflect.Method.invoke(Method.java:606)
	at org.gradle.messaging.dispatch.ReflectionDispatch.dispatch(ReflectionDispatch.java:35)
	at org.gradle.messaging.dispatch.ReflectionDispatch.dispatch(ReflectionDispatch.java:24)
	at org.gradle.messaging.dispatch.ContextClassLoaderDispatch.dispatch(ContextClassLoaderDispatch.java:32)
	at org.gradle.messaging.dispatch.ProxyDispatchAdapter$DispatchingInvocationHandler.invoke(ProxyDispatchAdapter.java:93)
	at com.sun.proxy.$Proxy2.processTestClass(Unknown Source)
	at org.gradle.api.internal.tasks.testing.worker.TestWorker.processTestClass(TestWorker.java:106)
	at sun.reflect.NativeMethodAccessorImpl.invoke0(Native Method)
	at sun.reflect.NativeMethodAccessorImpl.invoke(NativeMethodAccessorImpl.java:57)
	at sun.reflect.DelegatingMethodAccessorImpl.invoke(DelegatingMethodAccessorImpl.java:43)
	at java.lang.reflect.Method.invoke(Method.java:606)
	at org.gradle.messaging.dispatch.ReflectionDispatch.dispatch(ReflectionDispatch.java:35)
	at org.gradle.messaging.dispatch.ReflectionDispatch.dispatch(ReflectionDispatch.java:24)
	at org.gradle.messaging.remote.internal.hub.MessageHub$Handler.run(MessageHub.java:360)
	at org.gradle.internal.concurrent.DefaultExecutorFactory$StoppableExecutorImpl$1.run(DefaultExecutorFactory.java:64)
	at java.util.concurrent.ThreadPoolExecutor.runWorker(ThreadPoolExecutor.java:1145)
	at java.util.concurrent.ThreadPoolExecutor$Worker.run(ThreadPoolExecutor.java:615)
	at java.lang.Thread.run(Thread.java:745)
PublicApi.apiData size must be between 1 and 256
java.lang.SecurityException: PublicApi.apiData size must be between 1 and 256
	at com.athena.server.pluggable.utils.helper.EntityValidatorHelper.validateEntity(EntityValidatorHelper.java:37)
	at com.app.shared.appbasicsetup.aaa.PublicApi.isValid(PublicApi.java:161)
	at com.app.server.service.appbasicsetup.aaa.PublicApiTestCase.validatePublicApi(PublicApiTestCase.java:204)
	at com.app.server.service.appbasicsetup.aaa.PublicApiTestCase.test5NegativeTesting(PublicApiTestCase.java:243)
	at sun.reflect.NativeMethodAccessorImpl.invoke0(Native Method)
	at sun.reflect.NativeMethodAccessorImpl.invoke(NativeMethodAccessorImpl.java:57)
	at sun.reflect.DelegatingMethodAccessorImpl.invoke(DelegatingMethodAccessorImpl.java:43)
	at java.lang.reflect.Method.invoke(Method.java:606)
	at org.junit.runners.model.FrameworkMethod$1.runReflectiveCall(FrameworkMethod.java:47)
	at org.junit.internal.runners.model.ReflectiveCallable.run(ReflectiveCallable.java:12)
	at org.junit.runners.model.FrameworkMethod.invokeExplosively(FrameworkMethod.java:44)
	at org.junit.internal.runners.statements.InvokeMethod.evaluate(InvokeMethod.java:17)
	at org.junit.internal.runners.statements.RunBefores.evaluate(RunBefores.java:26)
	at org.springframework.test.context.junit4.statements.RunBeforeTestMethodCallbacks.evaluate(RunBeforeTestMethodCallbacks.java:74)
	at org.junit.internal.runners.statements.RunAfters.evaluate(RunAfters.java:27)
	at org.springframework.test.context.junit4.statements.RunAfterTestMethodCallbacks.evaluate(RunAfterTestMethodCallbacks.java:83)
	at org.springframework.test.context.junit4.statements.SpringRepeat.evaluate(SpringRepeat.java:72)
	at org.springframework.test.context.junit4.SpringJUnit4ClassRunner.runChild(SpringJUnit4ClassRunner.java:233)
	at org.springframework.test.context.junit4.SpringJUnit4ClassRunner.runChild(SpringJUnit4ClassRunner.java:87)
	at org.junit.runners.ParentRunner$3.run(ParentRunner.java:238)
	at org.junit.runners.ParentRunner$1.schedule(ParentRunner.java:63)
	at org.junit.runners.ParentRunner.runChildren(ParentRunner.java:236)
	at org.junit.runners.ParentRunner.access$000(ParentRunner.java:53)
	at org.junit.runners.ParentRunner$2.evaluate(ParentRunner.java:229)
	at org.junit.internal.runners.statements.RunBefores.evaluate(RunBefores.java:26)
	at org.springframework.test.context.junit4.statements.RunBeforeTestClassCallbacks.evaluate(RunBeforeTestClassCallbacks.java:61)
	at org.springframework.test.context.junit4.statements.RunAfterTestClassCallbacks.evaluate(RunAfterTestClassCallbacks.java:71)
	at org.junit.runners.ParentRunner.run(ParentRunner.java:309)
	at org.springframework.test.context.junit4.SpringJUnit4ClassRunner.run(SpringJUnit4ClassRunner.java:176)
	at org.gradle.api.internal.tasks.testing.junit.JUnitTestClassExecuter.runTestClass(JUnitTestClassExecuter.java:86)
	at org.gradle.api.internal.tasks.testing.junit.JUnitTestClassExecuter.execute(JUnitTestClassExecuter.java:49)
	at org.gradle.api.internal.tasks.testing.junit.JUnitTestClassProcessor.processTestClass(JUnitTestClassProcessor.java:64)
	at org.gradle.api.internal.tasks.testing.SuiteTestClassProcessor.processTestClass(SuiteTestClassProcessor.java:50)
	at sun.reflect.NativeMethodAccessorImpl.invoke0(Native Method)
	at sun.reflect.NativeMethodAccessorImpl.invoke(NativeMethodAccessorImpl.java:57)
	at sun.reflect.DelegatingMethodAccessorImpl.invoke(DelegatingMethodAccessorImpl.java:43)
	at java.lang.reflect.Method.invoke(Method.java:606)
	at org.gradle.messaging.dispatch.ReflectionDispatch.dispatch(ReflectionDispatch.java:35)
	at org.gradle.messaging.dispatch.ReflectionDispatch.dispatch(ReflectionDispatch.java:24)
	at org.gradle.messaging.dispatch.ContextClassLoaderDispatch.dispatch(ContextClassLoaderDispatch.java:32)
	at org.gradle.messaging.dispatch.ProxyDispatchAdapter$DispatchingInvocationHandler.invoke(ProxyDispatchAdapter.java:93)
	at com.sun.proxy.$Proxy2.processTestClass(Unknown Source)
	at org.gradle.api.internal.tasks.testing.worker.TestWorker.processTestClass(TestWorker.java:106)
	at sun.reflect.NativeMethodAccessorImpl.invoke0(Native Method)
	at sun.reflect.NativeMethodAccessorImpl.invoke(NativeMethodAccessorImpl.java:57)
	at sun.reflect.DelegatingMethodAccessorImpl.invoke(DelegatingMethodAccessorImpl.java:43)
	at java.lang.reflect.Method.invoke(Method.java:606)
	at org.gradle.messaging.dispatch.ReflectionDispatch.dispatch(ReflectionDispatch.java:35)
	at org.gradle.messaging.dispatch.ReflectionDispatch.dispatch(ReflectionDispatch.java:24)
	at org.gradle.messaging.remote.internal.hub.MessageHub$Handler.run(MessageHub.java:360)
	at org.gradle.internal.concurrent.DefaultExecutorFactory$StoppableExecutorImpl$1.run(DefaultExecutorFactory.java:64)
	at java.util.concurrent.ThreadPoolExecutor.runWorker(ThreadPoolExecutor.java:1145)
	at java.util.concurrent.ThreadPoolExecutor$Worker.run(ThreadPoolExecutor.java:615)
	at java.lang.Thread.run(Thread.java:745)
PublicApi.schedulerDetails size must be between 0 and 256
java.lang.SecurityException: PublicApi.schedulerDetails size must be between 0 and 256
	at com.athena.server.pluggable.utils.helper.EntityValidatorHelper.validateEntity(EntityValidatorHelper.java:37)
	at com.app.shared.appbasicsetup.aaa.PublicApi.isValid(PublicApi.java:161)
	at com.app.server.service.appbasicsetup.aaa.PublicApiTestCase.validatePublicApi(PublicApiTestCase.java:204)
	at com.app.server.service.appbasicsetup.aaa.PublicApiTestCase.test5NegativeTesting(PublicApiTestCase.java:248)
	at sun.reflect.NativeMethodAccessorImpl.invoke0(Native Method)
	at sun.reflect.NativeMethodAccessorImpl.invoke(NativeMethodAccessorImpl.java:57)
	at sun.reflect.DelegatingMethodAccessorImpl.invoke(DelegatingMethodAccessorImpl.java:43)
	at java.lang.reflect.Method.invoke(Method.java:606)
	at org.junit.runners.model.FrameworkMethod$1.runReflectiveCall(FrameworkMethod.java:47)
	at org.junit.internal.runners.model.ReflectiveCallable.run(ReflectiveCallable.java:12)
	at org.junit.runners.model.FrameworkMethod.invokeExplosively(FrameworkMethod.java:44)
	at org.junit.internal.runners.statements.InvokeMethod.evaluate(InvokeMethod.java:17)
	at org.junit.internal.runners.statements.RunBefores.evaluate(RunBefores.java:26)
	at org.springframework.test.context.junit4.statements.RunBeforeTestMethodCallbacks.evaluate(RunBeforeTestMethodCallbacks.java:74)
	at org.junit.internal.runners.statements.RunAfters.evaluate(RunAfters.java:27)
	at org.springframework.test.context.junit4.statements.RunAfterTestMethodCallbacks.evaluate(RunAfterTestMethodCallbacks.java:83)
	at org.springframework.test.context.junit4.statements.SpringRepeat.evaluate(SpringRepeat.java:72)
	at org.springframework.test.context.junit4.SpringJUnit4ClassRunner.runChild(SpringJUnit4ClassRunner.java:233)
	at org.springframework.test.context.junit4.SpringJUnit4ClassRunner.runChild(SpringJUnit4ClassRunner.java:87)
	at org.junit.runners.ParentRunner$3.run(ParentRunner.java:238)
	at org.junit.runners.ParentRunner$1.schedule(ParentRunner.java:63)
	at org.junit.runners.ParentRunner.runChildren(ParentRunner.java:236)
	at org.junit.runners.ParentRunner.access$000(ParentRunner.java:53)
	at org.junit.runners.ParentRunner$2.evaluate(ParentRunner.java:229)
	at org.junit.internal.runners.statements.RunBefores.evaluate(RunBefores.java:26)
	at org.springframework.test.context.junit4.statements.RunBeforeTestClassCallbacks.evaluate(RunBeforeTestClassCallbacks.java:61)
	at org.springframework.test.context.junit4.statements.RunAfterTestClassCallbacks.evaluate(RunAfterTestClassCallbacks.java:71)
	at org.junit.runners.ParentRunner.run(ParentRunner.java:309)
	at org.springframework.test.context.junit4.SpringJUnit4ClassRunner.run(SpringJUnit4ClassRunner.java:176)
	at org.gradle.api.internal.tasks.testing.junit.JUnitTestClassExecuter.runTestClass(JUnitTestClassExecuter.java:86)
	at org.gradle.api.internal.tasks.testing.junit.JUnitTestClassExecuter.execute(JUnitTestClassExecuter.java:49)
	at org.gradle.api.internal.tasks.testing.junit.JUnitTestClassProcessor.processTestClass(JUnitTestClassProcessor.java:64)
	at org.gradle.api.internal.tasks.testing.SuiteTestClassProcessor.processTestClass(SuiteTestClassProcessor.java:50)
	at sun.reflect.NativeMethodAccessorImpl.invoke0(Native Method)
	at sun.reflect.NativeMethodAccessorImpl.invoke(NativeMethodAccessorImpl.java:57)
	at sun.reflect.DelegatingMethodAccessorImpl.invoke(DelegatingMethodAccessorImpl.java:43)
	at java.lang.reflect.Method.invoke(Method.java:606)
	at org.gradle.messaging.dispatch.ReflectionDispatch.dispatch(ReflectionDispatch.java:35)
	at org.gradle.messaging.dispatch.ReflectionDispatch.dispatch(ReflectionDispatch.java:24)
	at org.gradle.messaging.dispatch.ContextClassLoaderDispatch.dispatch(ContextClassLoaderDispatch.java:32)
	at org.gradle.messaging.dispatch.ProxyDispatchAdapter$DispatchingInvocationHandler.invoke(ProxyDispatchAdapter.java:93)
	at com.sun.proxy.$Proxy2.processTestClass(Unknown Source)
	at org.gradle.api.internal.tasks.testing.worker.TestWorker.processTestClass(TestWorker.java:106)
	at sun.reflect.NativeMethodAccessorImpl.invoke0(Native Method)
	at sun.reflect.NativeMethodAccessorImpl.invoke(NativeMethodAccessorImpl.java:57)
	at sun.reflect.DelegatingMethodAccessorImpl.invoke(DelegatingMethodAccessorImpl.java:43)
	at java.lang.reflect.Method.invoke(Method.java:606)
	at org.gradle.messaging.dispatch.ReflectionDispatch.dispatch(ReflectionDispatch.java:35)
	at org.gradle.messaging.dispatch.ReflectionDispatch.dispatch(ReflectionDispatch.java:24)
	at org.gradle.messaging.remote.internal.hub.MessageHub$Handler.run(MessageHub.java:360)
	at org.gradle.internal.concurrent.DefaultExecutorFactory$StoppableExecutorImpl$1.run(DefaultExecutorFactory.java:64)
	at java.util.concurrent.ThreadPoolExecutor.runWorker(ThreadPoolExecutor.java:1145)
	at java.util.concurrent.ThreadPoolExecutor$Worker.run(ThreadPoolExecutor.java:615)
	at java.lang.Thread.run(Thread.java:745)
]]></system-err>
</testsuite>
