<?xml version="1.0" encoding="UTF-8"?>
<testsuite name="com.app.server.service.organization.contactmanagement.GenderTestCase" tests="5" skipped="0" failures="0" errors="0" timestamp="2016-10-27T13:59:46" hostname="40520a1252e0" time="0.132">
  <properties/>
  <testcase name="test1Save" classname="com.app.server.service.organization.contactmanagement.GenderTestCase" time="0.043"/>
  <testcase name="test2Update" classname="com.app.server.service.organization.contactmanagement.GenderTestCase" time="0.032"/>
  <testcase name="test3FindById" classname="com.app.server.service.organization.contactmanagement.GenderTestCase" time="0.022"/>
  <testcase name="test5NegativeTesting" classname="com.app.server.service.organization.contactmanagement.GenderTestCase" time="0.009"/>
  <testcase name="test6Delete" classname="com.app.server.service.organization.contactmanagement.GenderTestCase" time="0.025"/>
  <system-out><![CDATA[Thu Oct 27 13:59:46 UTC 2016|Log Manager Factory|Initialization Process started.....
Thu Oct 27 13:59:46 UTC 2016|Log Manager|Initialized with Path = [/home/applifire/workspace/appsetup/src/main/webapp/WEB-INF/conf]
Thu Oct 27 13:59:46 UTC 2016|Alarm Manager|Initialized with Path = [/home/applifire/workspace/appsetup/src/main/webapp/WEB-INF/conf]
Thu Oct 27 13:59:46 UTC 2016|Alarm Manager|Loading Alarms ......
Thu Oct 27 13:59:46 UTC 2016|Alarm XML Parser|FWA|XML Parsing Complete........ 
Thu Oct 27 13:59:46 UTC 2016|Alarm File Manager|FWA|Alarm File Status.. [ApplicationFrameworkAlarms.xml]|Version=15|Status=Done 
Thu Oct 27 13:59:46 UTC 2016|Alarm File Manager|FWA|Alarm Stats = ( BC/AL=5/786 SYS=5/11 [786/0]  TPL=0/0 [0/0]  APP= A.Map=[875]  E.Map EC/RC=[391/79] )
Thu Oct 27 13:59:46 UTC 2016|Alarm XML Parser|APP|XML Parsing Complete........ 
Thu Oct 27 13:59:46 UTC 2016|Alarm File Manager|APP|Alarm File Status.. [ApplicationAlarms.xml]|Version=1|Status=Done 
Thu Oct 27 13:59:46 UTC 2016|Alarm File Manager|APP|Alarm Stats = ( BC/AL=5/786 SYS=5/11 [786/0]  TPL=0/0 [0/0]  APP=0/0 [0/0]  A.Map=[875]  E.Map EC/RC=[391/79] )
Thu Oct 27 13:59:46 UTC 2016|ApplicationAlarmContext| <><><><><> Create App Alarms ....  <><><><><> 
Thu Oct 27 13:59:46 UTC 2016|ApplicationAlarmContext|Alarms are generated ONLY in Development Mode.. 
Thu Oct 27 13:59:46 UTC 2016|Alarm Manager|APP|Alarm Stats = ( BC/AL=5/786 SYS=5/11 [786/0]  TPL=0/0 [0/0]  APP=0/0 [0/0]  A.Map=[875]  E.Map EC/RC=[391/79] )
Thu Oct 27 13:59:46 UTC 2016|Alarm Manager|Initialized Exception Lookup...
Thu Oct 27 13:59:46 UTC 2016|Log Manager|Initialize Log Config File ......
Thu Oct 27 13:59:46 UTC 2016|Pluggable Connectors|Adding Connectors : StandardOutputConnector isEnabled=true isDefault=false isFallBack=true
Thu Oct 27 13:59:46 UTC 2016|Pluggable Connectors|Adding Connectors : StandardFileConnector isEnabled=true isDefault=false isFallBack=false
Thu Oct 27 13:59:46 UTC 2016|Pluggable Connectors|Adding Connectors : Sprinkler isEnabled=true isDefault=true isFallBack=false
Thu Oct 27 13:59:46 UTC 2016|Pluggable Connectors|Default Connector Name : com.spartan.logger.core.LogMessenger
Thu Oct 27 13:59:46 UTC 2016|Log Config Parser|Connector Least Log Level =[4]  FallBack Log Level =[3]
Thu Oct 27 13:59:46 UTC 2016|Log Manager|Loading Default Connector for Logging ......
Thu Oct 27 13:59:46 UTC 2016|Log Manager|Loading class .. com.spartan.logger.core.LogMessenger
Thu Oct 27 13:59:46 UTC 2016|Plugggable Connector|Connector class com.spartan.logger.core.LogMessenger Initialized... @ Log Level = 3
Thu Oct 27 13:59:46 UTC 2016|Log Manager|Starting the Default Connector [com.spartan.logger.core.LogMessenger@2c4f5be0] ....
Thu Oct 27 13:59:46 UTC 2016|Scheduler|Starting the Scheduler ......
Thu Oct 27 13:59:46 UTC 2016|Scheduler|Adding [LMID=[9a328665-5dd6-4e7b-b824-be92cc7f8f12]] Delay=5 Time Unit=MINUTES
Thu Oct 27 13:59:46 UTC 2016|Scheduler|Adding [App Alarm Manager File=[ApplicationAlarms.xml]] Delay=30 Time Unit=MINUTES
Thu Oct 27 13:59:46 UTC 2016|Scheduler|Adding [FW Alarm Manager File=[ApplicationFrameworkAlarms.xml]] Delay=3 Time Unit=MINUTES
Thu Oct 27 13:59:46 UTC 2016|Scheduler|Startup Completed..
Thu Oct 27 13:59:46 UTC 2016|Log Manager|Initialization Process Complete ......
Thu Oct 27 13:59:46 UTC 2016|Log Manager Factory|Log Manager READY! ID = 9a328665-5dd6-4e7b-b824-be92cc7f8f12
[EL Finer]: connection: 2016-10-27 13:59:46.337--ServerSession(1535227590)--Thread(Thread[Test worker,5,main])--client acquired: 1521070539
[EL Finer]: transaction: 2016-10-27 13:59:46.338--ClientSession(1521070539)--Thread(Thread[Test worker,5,main])--acquire unit of work: 987215085
[EL Finest]: connection: 2016-10-27 13:59:46.338--ServerSession(1535227590)--Connection(665276873)--Thread(Thread[Test worker,5,main])--Connection acquired from connection pool [default].
[EL Finer]: transaction: 2016-10-27 13:59:46.338--ClientSession(1521070539)--Connection(665276873)--Thread(Thread[Test worker,5,main])--begin transaction
[EL Finest]: connection: 2016-10-27 13:59:46.338--ClientSession(1521070539)--Thread(Thread[Test worker,5,main])--reconnecting to external connection pool
[EL Finest]: transaction: 2016-10-27 13:59:46.339--UnitOfWork(987215085)--Thread(Thread[Test worker,5,main])--persist() operation called on: QP0UWNhqBkexpYtpVItZyuHHgHj75rBS5roPlT6tb5u0jsznQb.
[EL Finest]: sequencing: 2016-10-27 13:59:46.339--UnitOfWork(987215085)--Thread(Thread[Test worker,5,main])--assign sequence to the object (08ED9EA1-40D8-48F3-A892-30595CD06E87 -> QP0UWNhqBkexpYtpVItZyuHHgHj75rBS5roPlT6tb5u0jsznQb)
[EL Finer]: transaction: 2016-10-27 13:59:46.339--UnitOfWork(987215085)--Thread(Thread[Test worker,5,main])--begin unit of work commit
[EL Finest]: query: 2016-10-27 13:59:46.34--UnitOfWork(987215085)--Thread(Thread[Test worker,5,main])--Execute query InsertObjectQuery(QP0UWNhqBkexpYtpVItZyuHHgHj75rBS5roPlT6tb5u0jsznQb)
[EL Fine]: sql: 2016-10-27 13:59:46.34--ClientSession(1521070539)--Connection(357896247)--Thread(Thread[Test worker,5,main])--INSERT INTO Gender (genderId, gender, versionId, createdBy, createdDate, updatedBy, updatedDate, activeStatus, txnAccessCode) VALUES (?, ?, ?, ?, ?, ?, ?, ?, ?)
	bind => [08ED9EA1-40D8-48F3-A892-30595CD06E87, QP0UWNhqBkexpYtpVItZyuHHgHj75rBS5roPlT6tb5u0jsznQb, 1, AAAAA, 2016-10-27 13:59:46.322, AAAAA, 2016-10-27 13:59:46.322, 1, 51000]
[EL Finer]: transaction: 2016-10-27 13:59:46.341--ClientSession(1521070539)--Connection(357896247)--Thread(Thread[Test worker,5,main])--commit transaction
[EL Finest]: connection: 2016-10-27 13:59:46.344--ServerSession(1535227590)--Connection(665276873)--Thread(Thread[Test worker,5,main])--Connection released to connection pool [default].
[EL Finer]: transaction: 2016-10-27 13:59:46.344--UnitOfWork(987215085)--Thread(Thread[Test worker,5,main])--end unit of work commit
[EL Finer]: transaction: 2016-10-27 13:59:46.344--UnitOfWork(987215085)--Thread(Thread[Test worker,5,main])--resume unit of work
[EL Finer]: transaction: 2016-10-27 13:59:46.344--UnitOfWork(987215085)--Thread(Thread[Test worker,5,main])--release unit of work
[EL Finer]: connection: 2016-10-27 13:59:46.344--ClientSession(1521070539)--Thread(Thread[Test worker,5,main])--client released
[EL Finer]: connection: 2016-10-27 13:59:46.363--ServerSession(1535227590)--Thread(Thread[Test worker,5,main])--client acquired: 635294471
[EL Finer]: transaction: 2016-10-27 13:59:46.363--ClientSession(635294471)--Thread(Thread[Test worker,5,main])--acquire unit of work: 105481213
[EL Finest]: connection: 2016-10-27 13:59:46.363--ServerSession(1535227590)--Connection(1148738116)--Thread(Thread[Test worker,5,main])--Connection acquired from connection pool [default].
[EL Finer]: transaction: 2016-10-27 13:59:46.363--ClientSession(635294471)--Connection(1148738116)--Thread(Thread[Test worker,5,main])--begin transaction
[EL Finest]: connection: 2016-10-27 13:59:46.363--ClientSession(635294471)--Thread(Thread[Test worker,5,main])--reconnecting to external connection pool
[EL Finer]: transaction: 2016-10-27 13:59:46.365--UnitOfWork(105481213)--Thread(Thread[Test worker,5,main])--begin unit of work flush
[EL Finer]: transaction: 2016-10-27 13:59:46.365--UnitOfWork(105481213)--Thread(Thread[Test worker,5,main])--end unit of work flush
[EL Finest]: query: 2016-10-27 13:59:46.365--UnitOfWork(105481213)--Thread(Thread[Test worker,5,main])--Execute query ReadAllQuery(name="Gender.findById" referenceClass=Gender sql="SELECT genderId, gender, versionId, createdBy, createdDate, updatedBy, updatedDate, activeStatus, txnAccessCode FROM Gender WHERE ((activeStatus = ?) AND (genderId = ?))")
[EL Fine]: sql: 2016-10-27 13:59:46.365--ClientSession(635294471)--Connection(1436445692)--Thread(Thread[Test worker,5,main])--SELECT genderId, gender, versionId, createdBy, createdDate, updatedBy, updatedDate, activeStatus, txnAccessCode FROM Gender WHERE ((activeStatus = ?) AND (genderId = ?))
	bind => [1, 08ED9EA1-40D8-48F3-A892-30595CD06E87]
[EL Finer]: transaction: 2016-10-27 13:59:46.367--UnitOfWork(105481213)--Thread(Thread[Test worker,5,main])--begin unit of work commit
[EL Finer]: transaction: 2016-10-27 13:59:46.367--ClientSession(635294471)--Connection(1436445692)--Thread(Thread[Test worker,5,main])--commit transaction
[EL Finest]: connection: 2016-10-27 13:59:46.367--ServerSession(1535227590)--Connection(1148738116)--Thread(Thread[Test worker,5,main])--Connection released to connection pool [default].
[EL Finer]: transaction: 2016-10-27 13:59:46.367--UnitOfWork(105481213)--Thread(Thread[Test worker,5,main])--end unit of work commit
[EL Finer]: transaction: 2016-10-27 13:59:46.367--UnitOfWork(105481213)--Thread(Thread[Test worker,5,main])--resume unit of work
[EL Finer]: transaction: 2016-10-27 13:59:46.367--UnitOfWork(105481213)--Thread(Thread[Test worker,5,main])--release unit of work
[EL Finer]: connection: 2016-10-27 13:59:46.368--ClientSession(635294471)--Thread(Thread[Test worker,5,main])--client released
[EL Finer]: connection: 2016-10-27 13:59:46.368--ServerSession(1535227590)--Thread(Thread[Test worker,5,main])--client acquired: 1540188427
[EL Finer]: transaction: 2016-10-27 13:59:46.368--ClientSession(1540188427)--Thread(Thread[Test worker,5,main])--acquire unit of work: 179011651
[EL Finest]: connection: 2016-10-27 13:59:46.368--ServerSession(1535227590)--Connection(24228910)--Thread(Thread[Test worker,5,main])--Connection acquired from connection pool [default].
[EL Finer]: transaction: 2016-10-27 13:59:46.368--ClientSession(1540188427)--Connection(24228910)--Thread(Thread[Test worker,5,main])--begin transaction
[EL Finest]: connection: 2016-10-27 13:59:46.368--ClientSession(1540188427)--Thread(Thread[Test worker,5,main])--reconnecting to external connection pool
[EL Finest]: transaction: 2016-10-27 13:59:46.37--UnitOfWork(179011651)--Thread(Thread[Test worker,5,main])--Merge clone with references 1kPejtEoujNwN4DFUmDKAnCemAKbAkBsBHaR9bcN6jjVQBFW46
[EL Finest]: query: 2016-10-27 13:59:46.37--UnitOfWork(179011651)--Thread(Thread[Test worker,5,main])--Execute query ReadObjectQuery(referenceClass=Gender )
[EL Fine]: sql: 2016-10-27 13:59:46.371--ClientSession(1540188427)--Connection(958224557)--Thread(Thread[Test worker,5,main])--SELECT genderId, gender, versionId, createdBy, createdDate, updatedBy, updatedDate, activeStatus, txnAccessCode FROM Gender WHERE (genderId = ?)
	bind => [08ED9EA1-40D8-48F3-A892-30595CD06E87]
[EL Finer]: transaction: 2016-10-27 13:59:46.372--UnitOfWork(179011651)--Thread(Thread[Test worker,5,main])--begin unit of work commit
[EL Finest]: query: 2016-10-27 13:59:46.372--UnitOfWork(179011651)--Thread(Thread[Test worker,5,main])--Execute query UpdateObjectQuery(1kPejtEoujNwN4DFUmDKAnCemAKbAkBsBHaR9bcN6jjVQBFW46)
[EL Fine]: sql: 2016-10-27 13:59:46.372--ClientSession(1540188427)--Connection(958224557)--Thread(Thread[Test worker,5,main])--UPDATE Gender SET gender = ?, versionId = ? WHERE ((genderId = ?) AND (versionId = ?))
	bind => [1kPejtEoujNwN4DFUmDKAnCemAKbAkBsBHaR9bcN6jjVQBFW46, 2, 08ED9EA1-40D8-48F3-A892-30595CD06E87, 1]
[EL Finer]: transaction: 2016-10-27 13:59:46.373--ClientSession(1540188427)--Connection(958224557)--Thread(Thread[Test worker,5,main])--commit transaction
[EL Finest]: connection: 2016-10-27 13:59:46.376--ServerSession(1535227590)--Connection(24228910)--Thread(Thread[Test worker,5,main])--Connection released to connection pool [default].
[EL Finer]: transaction: 2016-10-27 13:59:46.376--UnitOfWork(179011651)--Thread(Thread[Test worker,5,main])--end unit of work commit
[EL Finer]: transaction: 2016-10-27 13:59:46.376--UnitOfWork(179011651)--Thread(Thread[Test worker,5,main])--resume unit of work
[EL Finer]: transaction: 2016-10-27 13:59:46.376--UnitOfWork(179011651)--Thread(Thread[Test worker,5,main])--release unit of work
[EL Finer]: connection: 2016-10-27 13:59:46.376--ClientSession(1540188427)--Thread(Thread[Test worker,5,main])--client released
[EL Finer]: connection: 2016-10-27 13:59:46.395--ServerSession(1535227590)--Thread(Thread[Test worker,5,main])--client acquired: 154361676
[EL Finer]: transaction: 2016-10-27 13:59:46.395--ClientSession(154361676)--Thread(Thread[Test worker,5,main])--acquire unit of work: 196442956
[EL Finest]: connection: 2016-10-27 13:59:46.395--ServerSession(1535227590)--Connection(934396053)--Thread(Thread[Test worker,5,main])--Connection acquired from connection pool [default].
[EL Finer]: transaction: 2016-10-27 13:59:46.395--ClientSession(154361676)--Connection(934396053)--Thread(Thread[Test worker,5,main])--begin transaction
[EL Finest]: connection: 2016-10-27 13:59:46.395--ClientSession(154361676)--Thread(Thread[Test worker,5,main])--reconnecting to external connection pool
[EL Finer]: transaction: 2016-10-27 13:59:46.396--UnitOfWork(196442956)--Thread(Thread[Test worker,5,main])--begin unit of work flush
[EL Finer]: transaction: 2016-10-27 13:59:46.396--UnitOfWork(196442956)--Thread(Thread[Test worker,5,main])--end unit of work flush
[EL Finest]: query: 2016-10-27 13:59:46.396--UnitOfWork(196442956)--Thread(Thread[Test worker,5,main])--Execute query ReadAllQuery(name="Gender.findById" referenceClass=Gender sql="SELECT genderId, gender, versionId, createdBy, createdDate, updatedBy, updatedDate, activeStatus, txnAccessCode FROM Gender WHERE ((activeStatus = ?) AND (genderId = ?))")
[EL Fine]: sql: 2016-10-27 13:59:46.397--ClientSession(154361676)--Connection(131693867)--Thread(Thread[Test worker,5,main])--SELECT genderId, gender, versionId, createdBy, createdDate, updatedBy, updatedDate, activeStatus, txnAccessCode FROM Gender WHERE ((activeStatus = ?) AND (genderId = ?))
	bind => [1, 08ED9EA1-40D8-48F3-A892-30595CD06E87]
[EL Finer]: transaction: 2016-10-27 13:59:46.398--UnitOfWork(196442956)--Thread(Thread[Test worker,5,main])--begin unit of work commit
[EL Finer]: transaction: 2016-10-27 13:59:46.398--ClientSession(154361676)--Connection(131693867)--Thread(Thread[Test worker,5,main])--commit transaction
[EL Finest]: connection: 2016-10-27 13:59:46.399--ServerSession(1535227590)--Connection(934396053)--Thread(Thread[Test worker,5,main])--Connection released to connection pool [default].
[EL Finer]: transaction: 2016-10-27 13:59:46.399--UnitOfWork(196442956)--Thread(Thread[Test worker,5,main])--end unit of work commit
[EL Finer]: transaction: 2016-10-27 13:59:46.399--UnitOfWork(196442956)--Thread(Thread[Test worker,5,main])--resume unit of work
[EL Finer]: transaction: 2016-10-27 13:59:46.399--UnitOfWork(196442956)--Thread(Thread[Test worker,5,main])--release unit of work
[EL Finer]: connection: 2016-10-27 13:59:46.399--ClientSession(154361676)--Thread(Thread[Test worker,5,main])--client released
[EL Finer]: connection: 2016-10-27 13:59:46.425--ServerSession(1535227590)--Thread(Thread[Test worker,5,main])--client acquired: 197773669
[EL Finer]: transaction: 2016-10-27 13:59:46.426--ClientSession(197773669)--Thread(Thread[Test worker,5,main])--acquire unit of work: 1824852974
[EL Finest]: connection: 2016-10-27 13:59:46.426--ServerSession(1535227590)--Connection(2089971211)--Thread(Thread[Test worker,5,main])--Connection acquired from connection pool [default].
[EL Finer]: transaction: 2016-10-27 13:59:46.426--ClientSession(197773669)--Connection(2089971211)--Thread(Thread[Test worker,5,main])--begin transaction
[EL Finest]: connection: 2016-10-27 13:59:46.426--ClientSession(197773669)--Thread(Thread[Test worker,5,main])--reconnecting to external connection pool
[EL Finest]: query: 2016-10-27 13:59:46.427--UnitOfWork(1824852974)--Thread(Thread[Test worker,5,main])--Execute query ReadObjectQuery(name="readGender" referenceClass=Gender sql="SELECT genderId, gender, versionId, createdBy, createdDate, updatedBy, updatedDate, activeStatus, txnAccessCode FROM Gender WHERE (genderId = ?)")
[EL Fine]: sql: 2016-10-27 13:59:46.427--ClientSession(197773669)--Connection(811393609)--Thread(Thread[Test worker,5,main])--SELECT genderId, gender, versionId, createdBy, createdDate, updatedBy, updatedDate, activeStatus, txnAccessCode FROM Gender WHERE (genderId = ?)
	bind => [08ED9EA1-40D8-48F3-A892-30595CD06E87]
[EL Finest]: transaction: 2016-10-27 13:59:46.429--UnitOfWork(1824852974)--Thread(Thread[Test worker,5,main])--remove() operation called on: 1kPejtEoujNwN4DFUmDKAnCemAKbAkBsBHaR9bcN6jjVQBFW46
[EL Finer]: transaction: 2016-10-27 13:59:46.429--UnitOfWork(1824852974)--Thread(Thread[Test worker,5,main])--begin unit of work commit
[EL Finest]: query: 2016-10-27 13:59:46.429--UnitOfWork(1824852974)--Thread(Thread[Test worker,5,main])--Execute query DoesExistQuery(referenceClass=Gender )
[EL Finest]: query: 2016-10-27 13:59:46.429--UnitOfWork(1824852974)--Thread(Thread[Test worker,5,main])--Execute query DeleteObjectQuery(1kPejtEoujNwN4DFUmDKAnCemAKbAkBsBHaR9bcN6jjVQBFW46)
[EL Fine]: sql: 2016-10-27 13:59:46.429--ClientSession(197773669)--Connection(811393609)--Thread(Thread[Test worker,5,main])--DELETE FROM Gender WHERE ((genderId = ?) AND (versionId = ?))
	bind => [08ED9EA1-40D8-48F3-A892-30595CD06E87, 2]
[EL Finer]: transaction: 2016-10-27 13:59:46.43--ClientSession(197773669)--Connection(811393609)--Thread(Thread[Test worker,5,main])--commit transaction
[EL Finest]: connection: 2016-10-27 13:59:46.433--ServerSession(1535227590)--Connection(2089971211)--Thread(Thread[Test worker,5,main])--Connection released to connection pool [default].
[EL Finer]: transaction: 2016-10-27 13:59:46.433--UnitOfWork(1824852974)--Thread(Thread[Test worker,5,main])--end unit of work commit
[EL Finer]: transaction: 2016-10-27 13:59:46.433--UnitOfWork(1824852974)--Thread(Thread[Test worker,5,main])--resume unit of work
[EL Finer]: transaction: 2016-10-27 13:59:46.433--UnitOfWork(1824852974)--Thread(Thread[Test worker,5,main])--release unit of work
[EL Finer]: connection: 2016-10-27 13:59:46.433--ClientSession(197773669)--Thread(Thread[Test worker,5,main])--client released
]]></system-out>
  <system-err><![CDATA[Gender.gender may not be null
java.lang.SecurityException: Gender.gender may not be null
	at com.athena.server.pluggable.utils.helper.EntityValidatorHelper.validateEntity(EntityValidatorHelper.java:37)
	at com.app.shared.organization.contactmanagement.Gender.isValid(Gender.java:150)
	at com.app.server.service.organization.contactmanagement.GenderTestCase.validateGender(GenderTestCase.java:204)
	at com.app.server.service.organization.contactmanagement.GenderTestCase.test5NegativeTesting(GenderTestCase.java:235)
	at sun.reflect.NativeMethodAccessorImpl.invoke0(Native Method)
	at sun.reflect.NativeMethodAccessorImpl.invoke(NativeMethodAccessorImpl.java:57)
	at sun.reflect.DelegatingMethodAccessorImpl.invoke(DelegatingMethodAccessorImpl.java:43)
	at java.lang.reflect.Method.invoke(Method.java:606)
	at org.junit.runners.model.FrameworkMethod$1.runReflectiveCall(FrameworkMethod.java:47)
	at org.junit.internal.runners.model.ReflectiveCallable.run(ReflectiveCallable.java:12)
	at org.junit.runners.model.FrameworkMethod.invokeExplosively(FrameworkMethod.java:44)
	at org.junit.internal.runners.statements.InvokeMethod.evaluate(InvokeMethod.java:17)
	at org.junit.internal.runners.statements.RunBefores.evaluate(RunBefores.java:26)
	at org.springframework.test.context.junit4.statements.RunBeforeTestMethodCallbacks.evaluate(RunBeforeTestMethodCallbacks.java:74)
	at org.junit.internal.runners.statements.RunAfters.evaluate(RunAfters.java:27)
	at org.springframework.test.context.junit4.statements.RunAfterTestMethodCallbacks.evaluate(RunAfterTestMethodCallbacks.java:83)
	at org.springframework.test.context.junit4.statements.SpringRepeat.evaluate(SpringRepeat.java:72)
	at org.springframework.test.context.junit4.SpringJUnit4ClassRunner.runChild(SpringJUnit4ClassRunner.java:233)
	at org.springframework.test.context.junit4.SpringJUnit4ClassRunner.runChild(SpringJUnit4ClassRunner.java:87)
	at org.junit.runners.ParentRunner$3.run(ParentRunner.java:238)
	at org.junit.runners.ParentRunner$1.schedule(ParentRunner.java:63)
	at org.junit.runners.ParentRunner.runChildren(ParentRunner.java:236)
	at org.junit.runners.ParentRunner.access$000(ParentRunner.java:53)
	at org.junit.runners.ParentRunner$2.evaluate(ParentRunner.java:229)
	at org.junit.internal.runners.statements.RunBefores.evaluate(RunBefores.java:26)
	at org.springframework.test.context.junit4.statements.RunBeforeTestClassCallbacks.evaluate(RunBeforeTestClassCallbacks.java:61)
	at org.springframework.test.context.junit4.statements.RunAfterTestClassCallbacks.evaluate(RunAfterTestClassCallbacks.java:71)
	at org.junit.runners.ParentRunner.run(ParentRunner.java:309)
	at org.springframework.test.context.junit4.SpringJUnit4ClassRunner.run(SpringJUnit4ClassRunner.java:176)
	at org.gradle.api.internal.tasks.testing.junit.JUnitTestClassExecuter.runTestClass(JUnitTestClassExecuter.java:86)
	at org.gradle.api.internal.tasks.testing.junit.JUnitTestClassExecuter.execute(JUnitTestClassExecuter.java:49)
	at org.gradle.api.internal.tasks.testing.junit.JUnitTestClassProcessor.processTestClass(JUnitTestClassProcessor.java:64)
	at org.gradle.api.internal.tasks.testing.SuiteTestClassProcessor.processTestClass(SuiteTestClassProcessor.java:50)
	at sun.reflect.GeneratedMethodAccessor109.invoke(Unknown Source)
	at sun.reflect.DelegatingMethodAccessorImpl.invoke(DelegatingMethodAccessorImpl.java:43)
	at java.lang.reflect.Method.invoke(Method.java:606)
	at org.gradle.messaging.dispatch.ReflectionDispatch.dispatch(ReflectionDispatch.java:35)
	at org.gradle.messaging.dispatch.ReflectionDispatch.dispatch(ReflectionDispatch.java:24)
	at org.gradle.messaging.dispatch.ContextClassLoaderDispatch.dispatch(ContextClassLoaderDispatch.java:32)
	at org.gradle.messaging.dispatch.ProxyDispatchAdapter$DispatchingInvocationHandler.invoke(ProxyDispatchAdapter.java:93)
	at com.sun.proxy.$Proxy2.processTestClass(Unknown Source)
	at org.gradle.api.internal.tasks.testing.worker.TestWorker.processTestClass(TestWorker.java:106)
	at sun.reflect.GeneratedMethodAccessor108.invoke(Unknown Source)
	at sun.reflect.DelegatingMethodAccessorImpl.invoke(DelegatingMethodAccessorImpl.java:43)
	at java.lang.reflect.Method.invoke(Method.java:606)
	at org.gradle.messaging.dispatch.ReflectionDispatch.dispatch(ReflectionDispatch.java:35)
	at org.gradle.messaging.dispatch.ReflectionDispatch.dispatch(ReflectionDispatch.java:24)
	at org.gradle.messaging.remote.internal.hub.MessageHub$Handler.run(MessageHub.java:360)
	at org.gradle.internal.concurrent.DefaultExecutorFactory$StoppableExecutorImpl$1.run(DefaultExecutorFactory.java:64)
	at java.util.concurrent.ThreadPoolExecutor.runWorker(ThreadPoolExecutor.java:1145)
	at java.util.concurrent.ThreadPoolExecutor$Worker.run(ThreadPoolExecutor.java:615)
	at java.lang.Thread.run(Thread.java:745)
Gender.gender size must be between 0 and 256
java.lang.SecurityException: Gender.gender size must be between 0 and 256
	at com.athena.server.pluggable.utils.helper.EntityValidatorHelper.validateEntity(EntityValidatorHelper.java:37)
	at com.app.shared.organization.contactmanagement.Gender.isValid(Gender.java:150)
	at com.app.server.service.organization.contactmanagement.GenderTestCase.validateGender(GenderTestCase.java:202)
	at com.app.server.service.organization.contactmanagement.GenderTestCase.test5NegativeTesting(GenderTestCase.java:240)
	at sun.reflect.NativeMethodAccessorImpl.invoke0(Native Method)
	at sun.reflect.NativeMethodAccessorImpl.invoke(NativeMethodAccessorImpl.java:57)
	at sun.reflect.DelegatingMethodAccessorImpl.invoke(DelegatingMethodAccessorImpl.java:43)
	at java.lang.reflect.Method.invoke(Method.java:606)
	at org.junit.runners.model.FrameworkMethod$1.runReflectiveCall(FrameworkMethod.java:47)
	at org.junit.internal.runners.model.ReflectiveCallable.run(ReflectiveCallable.java:12)
	at org.junit.runners.model.FrameworkMethod.invokeExplosively(FrameworkMethod.java:44)
	at org.junit.internal.runners.statements.InvokeMethod.evaluate(InvokeMethod.java:17)
	at org.junit.internal.runners.statements.RunBefores.evaluate(RunBefores.java:26)
	at org.springframework.test.context.junit4.statements.RunBeforeTestMethodCallbacks.evaluate(RunBeforeTestMethodCallbacks.java:74)
	at org.junit.internal.runners.statements.RunAfters.evaluate(RunAfters.java:27)
	at org.springframework.test.context.junit4.statements.RunAfterTestMethodCallbacks.evaluate(RunAfterTestMethodCallbacks.java:83)
	at org.springframework.test.context.junit4.statements.SpringRepeat.evaluate(SpringRepeat.java:72)
	at org.springframework.test.context.junit4.SpringJUnit4ClassRunner.runChild(SpringJUnit4ClassRunner.java:233)
	at org.springframework.test.context.junit4.SpringJUnit4ClassRunner.runChild(SpringJUnit4ClassRunner.java:87)
	at org.junit.runners.ParentRunner$3.run(ParentRunner.java:238)
	at org.junit.runners.ParentRunner$1.schedule(ParentRunner.java:63)
	at org.junit.runners.ParentRunner.runChildren(ParentRunner.java:236)
	at org.junit.runners.ParentRunner.access$000(ParentRunner.java:53)
	at org.junit.runners.ParentRunner$2.evaluate(ParentRunner.java:229)
	at org.junit.internal.runners.statements.RunBefores.evaluate(RunBefores.java:26)
	at org.springframework.test.context.junit4.statements.RunBeforeTestClassCallbacks.evaluate(RunBeforeTestClassCallbacks.java:61)
	at org.springframework.test.context.junit4.statements.RunAfterTestClassCallbacks.evaluate(RunAfterTestClassCallbacks.java:71)
	at org.junit.runners.ParentRunner.run(ParentRunner.java:309)
	at org.springframework.test.context.junit4.SpringJUnit4ClassRunner.run(SpringJUnit4ClassRunner.java:176)
	at org.gradle.api.internal.tasks.testing.junit.JUnitTestClassExecuter.runTestClass(JUnitTestClassExecuter.java:86)
	at org.gradle.api.internal.tasks.testing.junit.JUnitTestClassExecuter.execute(JUnitTestClassExecuter.java:49)
	at org.gradle.api.internal.tasks.testing.junit.JUnitTestClassProcessor.processTestClass(JUnitTestClassProcessor.java:64)
	at org.gradle.api.internal.tasks.testing.SuiteTestClassProcessor.processTestClass(SuiteTestClassProcessor.java:50)
	at sun.reflect.GeneratedMethodAccessor109.invoke(Unknown Source)
	at sun.reflect.DelegatingMethodAccessorImpl.invoke(DelegatingMethodAccessorImpl.java:43)
	at java.lang.reflect.Method.invoke(Method.java:606)
	at org.gradle.messaging.dispatch.ReflectionDispatch.dispatch(ReflectionDispatch.java:35)
	at org.gradle.messaging.dispatch.ReflectionDispatch.dispatch(ReflectionDispatch.java:24)
	at org.gradle.messaging.dispatch.ContextClassLoaderDispatch.dispatch(ContextClassLoaderDispatch.java:32)
	at org.gradle.messaging.dispatch.ProxyDispatchAdapter$DispatchingInvocationHandler.invoke(ProxyDispatchAdapter.java:93)
	at com.sun.proxy.$Proxy2.processTestClass(Unknown Source)
	at org.gradle.api.internal.tasks.testing.worker.TestWorker.processTestClass(TestWorker.java:106)
	at sun.reflect.GeneratedMethodAccessor108.invoke(Unknown Source)
	at sun.reflect.DelegatingMethodAccessorImpl.invoke(DelegatingMethodAccessorImpl.java:43)
	at java.lang.reflect.Method.invoke(Method.java:606)
	at org.gradle.messaging.dispatch.ReflectionDispatch.dispatch(ReflectionDispatch.java:35)
	at org.gradle.messaging.dispatch.ReflectionDispatch.dispatch(ReflectionDispatch.java:24)
	at org.gradle.messaging.remote.internal.hub.MessageHub$Handler.run(MessageHub.java:360)
	at org.gradle.internal.concurrent.DefaultExecutorFactory$StoppableExecutorImpl$1.run(DefaultExecutorFactory.java:64)
	at java.util.concurrent.ThreadPoolExecutor.runWorker(ThreadPoolExecutor.java:1145)
	at java.util.concurrent.ThreadPoolExecutor$Worker.run(ThreadPoolExecutor.java:615)
	at java.lang.Thread.run(Thread.java:745)
]]></system-err>
</testsuite>
