<?xml version="1.0" encoding="UTF-8"?>
<testsuite name="com.app.server.service.organization.contactmanagement.ContactTypeTestCase" tests="5" skipped="0" failures="0" errors="0" timestamp="2016-10-27T13:59:48" hostname="40520a1252e0" time="0.193">
  <properties/>
  <testcase name="test1Save" classname="com.app.server.service.organization.contactmanagement.ContactTypeTestCase" time="0.103"/>
  <testcase name="test2Update" classname="com.app.server.service.organization.contactmanagement.ContactTypeTestCase" time="0.031"/>
  <testcase name="test3FindById" classname="com.app.server.service.organization.contactmanagement.ContactTypeTestCase" time="0.022"/>
  <testcase name="test5NegativeTesting" classname="com.app.server.service.organization.contactmanagement.ContactTypeTestCase" time="0.012"/>
  <testcase name="test6Delete" classname="com.app.server.service.organization.contactmanagement.ContactTypeTestCase" time="0.025"/>
  <system-out><![CDATA[Thu Oct 27 13:59:48 UTC 2016|Log Manager Factory|Initialization Process started.....
Thu Oct 27 13:59:48 UTC 2016|Log Manager|Initialized with Path = [/home/applifire/workspace/appsetup/src/main/webapp/WEB-INF/conf]
Thu Oct 27 13:59:48 UTC 2016|Alarm Manager|Initialized with Path = [/home/applifire/workspace/appsetup/src/main/webapp/WEB-INF/conf]
Thu Oct 27 13:59:48 UTC 2016|Alarm Manager|Loading Alarms ......
Thu Oct 27 13:59:48 UTC 2016|Alarm XML Parser|FWA|XML Parsing Complete........ 
Thu Oct 27 13:59:48 UTC 2016|Alarm File Manager|FWA|Alarm File Status.. [ApplicationFrameworkAlarms.xml]|Version=15|Status=Done 
Thu Oct 27 13:59:48 UTC 2016|Alarm File Manager|FWA|Alarm Stats = ( BC/AL=5/786 SYS=5/11 [786/0]  TPL=0/0 [0/0]  APP= A.Map=[875]  E.Map EC/RC=[391/79] )
Thu Oct 27 13:59:48 UTC 2016|Alarm XML Parser|APP|XML Parsing Complete........ 
Thu Oct 27 13:59:48 UTC 2016|Alarm File Manager|APP|Alarm File Status.. [ApplicationAlarms.xml]|Version=1|Status=Done 
Thu Oct 27 13:59:48 UTC 2016|Alarm File Manager|APP|Alarm Stats = ( BC/AL=5/786 SYS=5/11 [786/0]  TPL=0/0 [0/0]  APP=0/0 [0/0]  A.Map=[875]  E.Map EC/RC=[391/79] )
Thu Oct 27 13:59:48 UTC 2016|ApplicationAlarmContext| <><><><><> Create App Alarms ....  <><><><><> 
Thu Oct 27 13:59:48 UTC 2016|ApplicationAlarmContext|Alarms are generated ONLY in Development Mode.. 
Thu Oct 27 13:59:48 UTC 2016|Alarm Manager|APP|Alarm Stats = ( BC/AL=5/786 SYS=5/11 [786/0]  TPL=0/0 [0/0]  APP=0/0 [0/0]  A.Map=[875]  E.Map EC/RC=[391/79] )
Thu Oct 27 13:59:48 UTC 2016|Alarm Manager|Initialized Exception Lookup...
Thu Oct 27 13:59:48 UTC 2016|Log Manager|Initialize Log Config File ......
Thu Oct 27 13:59:48 UTC 2016|Pluggable Connectors|Adding Connectors : StandardOutputConnector isEnabled=true isDefault=false isFallBack=true
Thu Oct 27 13:59:48 UTC 2016|Pluggable Connectors|Adding Connectors : StandardFileConnector isEnabled=true isDefault=false isFallBack=false
Thu Oct 27 13:59:48 UTC 2016|Pluggable Connectors|Adding Connectors : Sprinkler isEnabled=true isDefault=true isFallBack=false
Thu Oct 27 13:59:48 UTC 2016|Pluggable Connectors|Default Connector Name : com.spartan.logger.core.LogMessenger
Thu Oct 27 13:59:48 UTC 2016|Log Config Parser|Connector Least Log Level =[4]  FallBack Log Level =[3]
Thu Oct 27 13:59:48 UTC 2016|Log Manager|Loading Default Connector for Logging ......
Thu Oct 27 13:59:48 UTC 2016|Log Manager|Loading class .. com.spartan.logger.core.LogMessenger
Thu Oct 27 13:59:48 UTC 2016|Plugggable Connector|Connector class com.spartan.logger.core.LogMessenger Initialized... @ Log Level = 3
Thu Oct 27 13:59:48 UTC 2016|Log Manager|Starting the Default Connector [com.spartan.logger.core.LogMessenger@e44bad3] ....
Thu Oct 27 13:59:48 UTC 2016|Scheduler|Starting the Scheduler ......
Thu Oct 27 13:59:48 UTC 2016|Scheduler|Adding [LMID=[9a328665-5dd6-4e7b-b824-be92cc7f8f12]] Delay=5 Time Unit=MINUTES
Thu Oct 27 13:59:48 UTC 2016|Scheduler|Adding [App Alarm Manager File=[ApplicationAlarms.xml]] Delay=30 Time Unit=MINUTES
Thu Oct 27 13:59:48 UTC 2016|Scheduler|Adding [FW Alarm Manager File=[ApplicationFrameworkAlarms.xml]] Delay=3 Time Unit=MINUTES
Thu Oct 27 13:59:48 UTC 2016|Scheduler|Startup Completed..
Thu Oct 27 13:59:48 UTC 2016|Log Manager|Initialization Process Complete ......
Thu Oct 27 13:59:48 UTC 2016|Log Manager Factory|Log Manager READY! ID = 9a328665-5dd6-4e7b-b824-be92cc7f8f12
[EL Finer]: connection: 2016-10-27 13:59:48.413--ServerSession(1535227590)--Thread(Thread[Test worker,5,main])--client acquired: 102872110
[EL Finer]: transaction: 2016-10-27 13:59:48.413--ClientSession(102872110)--Thread(Thread[Test worker,5,main])--acquire unit of work: 247216935
[EL Finest]: connection: 2016-10-27 13:59:48.414--ServerSession(1535227590)--Connection(1741653247)--Thread(Thread[Test worker,5,main])--Connection acquired from connection pool [default].
[EL Finer]: transaction: 2016-10-27 13:59:48.414--ClientSession(102872110)--Connection(1741653247)--Thread(Thread[Test worker,5,main])--begin transaction
[EL Finest]: connection: 2016-10-27 13:59:48.414--ClientSession(102872110)--Thread(Thread[Test worker,5,main])--reconnecting to external connection pool
[EL Finest]: transaction: 2016-10-27 13:59:48.418--UnitOfWork(247216935)--Thread(Thread[Test worker,5,main])--persist() operation called on: PoZwpTvrwmVomqHym8RE5nc5oDOFLnSnWo6trr3fXbm9aenrpB.
[EL Finest]: sequencing: 2016-10-27 13:59:48.418--UnitOfWork(247216935)--Thread(Thread[Test worker,5,main])--assign sequence to the object (DBC3B861-A2D4-4F0A-AAA1-AD6AB82509F5 -> PoZwpTvrwmVomqHym8RE5nc5oDOFLnSnWo6trr3fXbm9aenrpB)
[EL Finer]: transaction: 2016-10-27 13:59:48.419--UnitOfWork(247216935)--Thread(Thread[Test worker,5,main])--begin unit of work commit
[EL Finest]: query: 2016-10-27 13:59:48.419--UnitOfWork(247216935)--Thread(Thread[Test worker,5,main])--Execute query InsertObjectQuery(PoZwpTvrwmVomqHym8RE5nc5oDOFLnSnWo6trr3fXbm9aenrpB)
[EL Fine]: sql: 2016-10-27 13:59:48.419--ClientSession(102872110)--Connection(2055384885)--Thread(Thread[Test worker,5,main])--INSERT INTO ContactType (contactTypeId, contactType, contactTypeDesc, contactTypeIcon, versionId, createdBy, createdDate, updatedBy, updatedDate, activeStatus, txnAccessCode) VALUES (?, ?, ?, ?, ?, ?, ?, ?, ?, ?, ?)
	bind => [DBC3B861-A2D4-4F0A-AAA1-AD6AB82509F5, PoZwpTvrwmVomqHym8RE5nc5oDOFLnSnWo6trr3fXbm9aenrpB, SLnRuaOitT7KDvVNGSEfHmy7g2SOEZvmIv7dCHHKElxpc1tmUD, RDw31mOrQ4VL2q3bgm5ps87LKI5kE9ykgqI1I749HBsmMXjWjF, 1, AAAAA, 2016-10-27 13:59:48.347, AAAAA, 2016-10-27 13:59:48.347, 1, 51000]
[EL Finer]: transaction: 2016-10-27 13:59:48.421--ClientSession(102872110)--Connection(2055384885)--Thread(Thread[Test worker,5,main])--commit transaction
[EL Finest]: connection: 2016-10-27 13:59:48.423--ServerSession(1535227590)--Connection(1741653247)--Thread(Thread[Test worker,5,main])--Connection released to connection pool [default].
[EL Finer]: transaction: 2016-10-27 13:59:48.423--UnitOfWork(247216935)--Thread(Thread[Test worker,5,main])--end unit of work commit
[EL Finer]: transaction: 2016-10-27 13:59:48.424--UnitOfWork(247216935)--Thread(Thread[Test worker,5,main])--resume unit of work
[EL Finer]: transaction: 2016-10-27 13:59:48.424--UnitOfWork(247216935)--Thread(Thread[Test worker,5,main])--release unit of work
[EL Finer]: connection: 2016-10-27 13:59:48.424--ClientSession(102872110)--Thread(Thread[Test worker,5,main])--client released
[EL Finer]: connection: 2016-10-27 13:59:48.442--ServerSession(1535227590)--Thread(Thread[Test worker,5,main])--client acquired: 893817521
[EL Finer]: transaction: 2016-10-27 13:59:48.442--ClientSession(893817521)--Thread(Thread[Test worker,5,main])--acquire unit of work: 742964682
[EL Finest]: connection: 2016-10-27 13:59:48.443--ServerSession(1535227590)--Connection(1537486716)--Thread(Thread[Test worker,5,main])--Connection acquired from connection pool [default].
[EL Finer]: transaction: 2016-10-27 13:59:48.443--ClientSession(893817521)--Connection(1537486716)--Thread(Thread[Test worker,5,main])--begin transaction
[EL Finest]: connection: 2016-10-27 13:59:48.443--ClientSession(893817521)--Thread(Thread[Test worker,5,main])--reconnecting to external connection pool
[EL Finer]: transaction: 2016-10-27 13:59:48.444--UnitOfWork(742964682)--Thread(Thread[Test worker,5,main])--begin unit of work flush
[EL Finer]: transaction: 2016-10-27 13:59:48.444--UnitOfWork(742964682)--Thread(Thread[Test worker,5,main])--end unit of work flush
[EL Finest]: query: 2016-10-27 13:59:48.444--UnitOfWork(742964682)--Thread(Thread[Test worker,5,main])--Execute query ReadAllQuery(name="ContactType.findById" referenceClass=ContactType sql="SELECT contactTypeId, contactType, contactTypeDesc, contactTypeIcon, versionId, createdBy, createdDate, updatedBy, updatedDate, activeStatus, txnAccessCode FROM ContactType WHERE ((activeStatus = ?) AND (contactTypeId = ?))")
[EL Fine]: sql: 2016-10-27 13:59:48.445--ClientSession(893817521)--Connection(273575656)--Thread(Thread[Test worker,5,main])--SELECT contactTypeId, contactType, contactTypeDesc, contactTypeIcon, versionId, createdBy, createdDate, updatedBy, updatedDate, activeStatus, txnAccessCode FROM ContactType WHERE ((activeStatus = ?) AND (contactTypeId = ?))
	bind => [1, DBC3B861-A2D4-4F0A-AAA1-AD6AB82509F5]
[EL Finer]: transaction: 2016-10-27 13:59:48.446--UnitOfWork(742964682)--Thread(Thread[Test worker,5,main])--begin unit of work commit
[EL Finer]: transaction: 2016-10-27 13:59:48.446--ClientSession(893817521)--Connection(273575656)--Thread(Thread[Test worker,5,main])--commit transaction
[EL Finest]: connection: 2016-10-27 13:59:48.447--ServerSession(1535227590)--Connection(1537486716)--Thread(Thread[Test worker,5,main])--Connection released to connection pool [default].
[EL Finer]: transaction: 2016-10-27 13:59:48.447--UnitOfWork(742964682)--Thread(Thread[Test worker,5,main])--end unit of work commit
[EL Finer]: transaction: 2016-10-27 13:59:48.447--UnitOfWork(742964682)--Thread(Thread[Test worker,5,main])--resume unit of work
[EL Finer]: transaction: 2016-10-27 13:59:48.447--UnitOfWork(742964682)--Thread(Thread[Test worker,5,main])--release unit of work
[EL Finer]: connection: 2016-10-27 13:59:48.447--ClientSession(893817521)--Thread(Thread[Test worker,5,main])--client released
[EL Finer]: connection: 2016-10-27 13:59:48.447--ServerSession(1535227590)--Thread(Thread[Test worker,5,main])--client acquired: 355519470
[EL Finer]: transaction: 2016-10-27 13:59:48.447--ClientSession(355519470)--Thread(Thread[Test worker,5,main])--acquire unit of work: 916226336
[EL Finest]: connection: 2016-10-27 13:59:48.447--ServerSession(1535227590)--Connection(1558280162)--Thread(Thread[Test worker,5,main])--Connection acquired from connection pool [default].
[EL Finer]: transaction: 2016-10-27 13:59:48.447--ClientSession(355519470)--Connection(1558280162)--Thread(Thread[Test worker,5,main])--begin transaction
[EL Finest]: connection: 2016-10-27 13:59:48.447--ClientSession(355519470)--Thread(Thread[Test worker,5,main])--reconnecting to external connection pool
[EL Finest]: transaction: 2016-10-27 13:59:48.449--UnitOfWork(916226336)--Thread(Thread[Test worker,5,main])--Merge clone with references bLlC6NaxYp5vA2Fq6TaabzIbv53hvBxya8dbsu46paC2dlTgLO
[EL Finest]: query: 2016-10-27 13:59:48.45--UnitOfWork(916226336)--Thread(Thread[Test worker,5,main])--Execute query ReadObjectQuery(referenceClass=ContactType )
[EL Fine]: sql: 2016-10-27 13:59:48.45--ClientSession(355519470)--Connection(883699214)--Thread(Thread[Test worker,5,main])--SELECT contactTypeId, contactType, contactTypeDesc, contactTypeIcon, versionId, createdBy, createdDate, updatedBy, updatedDate, activeStatus, txnAccessCode FROM ContactType WHERE (contactTypeId = ?)
	bind => [DBC3B861-A2D4-4F0A-AAA1-AD6AB82509F5]
[EL Finer]: transaction: 2016-10-27 13:59:48.451--UnitOfWork(916226336)--Thread(Thread[Test worker,5,main])--begin unit of work commit
[EL Finest]: query: 2016-10-27 13:59:48.451--UnitOfWork(916226336)--Thread(Thread[Test worker,5,main])--Execute query UpdateObjectQuery(bLlC6NaxYp5vA2Fq6TaabzIbv53hvBxya8dbsu46paC2dlTgLO)
[EL Fine]: sql: 2016-10-27 13:59:48.452--ClientSession(355519470)--Connection(883699214)--Thread(Thread[Test worker,5,main])--UPDATE ContactType SET contactType = ?, contactTypeDesc = ?, contactTypeIcon = ?, versionId = ? WHERE ((contactTypeId = ?) AND (versionId = ?))
	bind => [bLlC6NaxYp5vA2Fq6TaabzIbv53hvBxya8dbsu46paC2dlTgLO, 6UKiH0Yx5hSovwcUrfnEPQ8m5Qa5juejwbwqIW5XLg9J9ruv5r, UZtuaiSfGD2d6nC0GtIyS3BsWMmIWHZ13o8SCq78JvXq22R4kk, 2, DBC3B861-A2D4-4F0A-AAA1-AD6AB82509F5, 1]
[EL Finer]: transaction: 2016-10-27 13:59:48.452--ClientSession(355519470)--Connection(883699214)--Thread(Thread[Test worker,5,main])--commit transaction
[EL Finest]: connection: 2016-10-27 13:59:48.454--ServerSession(1535227590)--Connection(1558280162)--Thread(Thread[Test worker,5,main])--Connection released to connection pool [default].
[EL Finer]: transaction: 2016-10-27 13:59:48.454--UnitOfWork(916226336)--Thread(Thread[Test worker,5,main])--end unit of work commit
[EL Finer]: transaction: 2016-10-27 13:59:48.454--UnitOfWork(916226336)--Thread(Thread[Test worker,5,main])--resume unit of work
[EL Finer]: transaction: 2016-10-27 13:59:48.455--UnitOfWork(916226336)--Thread(Thread[Test worker,5,main])--release unit of work
[EL Finer]: connection: 2016-10-27 13:59:48.455--ClientSession(355519470)--Thread(Thread[Test worker,5,main])--client released
[EL Finer]: connection: 2016-10-27 13:59:48.473--ServerSession(1535227590)--Thread(Thread[Test worker,5,main])--client acquired: 1040215373
[EL Finer]: transaction: 2016-10-27 13:59:48.473--ClientSession(1040215373)--Thread(Thread[Test worker,5,main])--acquire unit of work: 235403784
[EL Finest]: connection: 2016-10-27 13:59:48.473--ServerSession(1535227590)--Connection(766519914)--Thread(Thread[Test worker,5,main])--Connection acquired from connection pool [default].
[EL Finer]: transaction: 2016-10-27 13:59:48.473--ClientSession(1040215373)--Connection(766519914)--Thread(Thread[Test worker,5,main])--begin transaction
[EL Finest]: connection: 2016-10-27 13:59:48.473--ClientSession(1040215373)--Thread(Thread[Test worker,5,main])--reconnecting to external connection pool
[EL Finer]: transaction: 2016-10-27 13:59:48.474--UnitOfWork(235403784)--Thread(Thread[Test worker,5,main])--begin unit of work flush
[EL Finer]: transaction: 2016-10-27 13:59:48.474--UnitOfWork(235403784)--Thread(Thread[Test worker,5,main])--end unit of work flush
[EL Finest]: query: 2016-10-27 13:59:48.474--UnitOfWork(235403784)--Thread(Thread[Test worker,5,main])--Execute query ReadAllQuery(name="ContactType.findById" referenceClass=ContactType sql="SELECT contactTypeId, contactType, contactTypeDesc, contactTypeIcon, versionId, createdBy, createdDate, updatedBy, updatedDate, activeStatus, txnAccessCode FROM ContactType WHERE ((activeStatus = ?) AND (contactTypeId = ?))")
[EL Fine]: sql: 2016-10-27 13:59:48.475--ClientSession(1040215373)--Connection(118648488)--Thread(Thread[Test worker,5,main])--SELECT contactTypeId, contactType, contactTypeDesc, contactTypeIcon, versionId, createdBy, createdDate, updatedBy, updatedDate, activeStatus, txnAccessCode FROM ContactType WHERE ((activeStatus = ?) AND (contactTypeId = ?))
	bind => [1, DBC3B861-A2D4-4F0A-AAA1-AD6AB82509F5]
[EL Finer]: transaction: 2016-10-27 13:59:48.476--UnitOfWork(235403784)--Thread(Thread[Test worker,5,main])--begin unit of work commit
[EL Finer]: transaction: 2016-10-27 13:59:48.476--ClientSession(1040215373)--Connection(118648488)--Thread(Thread[Test worker,5,main])--commit transaction
[EL Finest]: connection: 2016-10-27 13:59:48.476--ServerSession(1535227590)--Connection(766519914)--Thread(Thread[Test worker,5,main])--Connection released to connection pool [default].
[EL Finer]: transaction: 2016-10-27 13:59:48.476--UnitOfWork(235403784)--Thread(Thread[Test worker,5,main])--end unit of work commit
[EL Finer]: transaction: 2016-10-27 13:59:48.477--UnitOfWork(235403784)--Thread(Thread[Test worker,5,main])--resume unit of work
[EL Finer]: transaction: 2016-10-27 13:59:48.477--UnitOfWork(235403784)--Thread(Thread[Test worker,5,main])--release unit of work
[EL Finer]: connection: 2016-10-27 13:59:48.477--ClientSession(1040215373)--Thread(Thread[Test worker,5,main])--client released
[EL Finer]: connection: 2016-10-27 13:59:48.506--ServerSession(1535227590)--Thread(Thread[Test worker,5,main])--client acquired: 1714602309
[EL Finer]: transaction: 2016-10-27 13:59:48.506--ClientSession(1714602309)--Thread(Thread[Test worker,5,main])--acquire unit of work: 237948270
[EL Finest]: connection: 2016-10-27 13:59:48.506--ServerSession(1535227590)--Connection(582023176)--Thread(Thread[Test worker,5,main])--Connection acquired from connection pool [default].
[EL Finer]: transaction: 2016-10-27 13:59:48.506--ClientSession(1714602309)--Connection(582023176)--Thread(Thread[Test worker,5,main])--begin transaction
[EL Finest]: connection: 2016-10-27 13:59:48.506--ClientSession(1714602309)--Thread(Thread[Test worker,5,main])--reconnecting to external connection pool
[EL Finest]: query: 2016-10-27 13:59:48.508--UnitOfWork(237948270)--Thread(Thread[Test worker,5,main])--Execute query ReadObjectQuery(name="readContactType" referenceClass=ContactType sql="SELECT contactTypeId, contactType, contactTypeDesc, contactTypeIcon, versionId, createdBy, createdDate, updatedBy, updatedDate, activeStatus, txnAccessCode FROM ContactType WHERE (contactTypeId = ?)")
[EL Fine]: sql: 2016-10-27 13:59:48.508--ClientSession(1714602309)--Connection(976900926)--Thread(Thread[Test worker,5,main])--SELECT contactTypeId, contactType, contactTypeDesc, contactTypeIcon, versionId, createdBy, createdDate, updatedBy, updatedDate, activeStatus, txnAccessCode FROM ContactType WHERE (contactTypeId = ?)
	bind => [DBC3B861-A2D4-4F0A-AAA1-AD6AB82509F5]
[EL Finest]: transaction: 2016-10-27 13:59:48.509--UnitOfWork(237948270)--Thread(Thread[Test worker,5,main])--remove() operation called on: bLlC6NaxYp5vA2Fq6TaabzIbv53hvBxya8dbsu46paC2dlTgLO
[EL Finer]: transaction: 2016-10-27 13:59:48.509--UnitOfWork(237948270)--Thread(Thread[Test worker,5,main])--begin unit of work commit
[EL Finest]: query: 2016-10-27 13:59:48.509--UnitOfWork(237948270)--Thread(Thread[Test worker,5,main])--Execute query DoesExistQuery(referenceClass=ContactType )
[EL Finest]: query: 2016-10-27 13:59:48.51--UnitOfWork(237948270)--Thread(Thread[Test worker,5,main])--Execute query DeleteObjectQuery(bLlC6NaxYp5vA2Fq6TaabzIbv53hvBxya8dbsu46paC2dlTgLO)
[EL Fine]: sql: 2016-10-27 13:59:48.51--ClientSession(1714602309)--Connection(976900926)--Thread(Thread[Test worker,5,main])--DELETE FROM ContactType WHERE ((contactTypeId = ?) AND (versionId = ?))
	bind => [DBC3B861-A2D4-4F0A-AAA1-AD6AB82509F5, 2]
[EL Finer]: transaction: 2016-10-27 13:59:48.511--ClientSession(1714602309)--Connection(976900926)--Thread(Thread[Test worker,5,main])--commit transaction
[EL Finest]: connection: 2016-10-27 13:59:48.513--ServerSession(1535227590)--Connection(582023176)--Thread(Thread[Test worker,5,main])--Connection released to connection pool [default].
[EL Finer]: transaction: 2016-10-27 13:59:48.513--UnitOfWork(237948270)--Thread(Thread[Test worker,5,main])--end unit of work commit
[EL Finer]: transaction: 2016-10-27 13:59:48.513--UnitOfWork(237948270)--Thread(Thread[Test worker,5,main])--resume unit of work
[EL Finer]: transaction: 2016-10-27 13:59:48.513--UnitOfWork(237948270)--Thread(Thread[Test worker,5,main])--release unit of work
[EL Finer]: connection: 2016-10-27 13:59:48.513--ClientSession(1714602309)--Thread(Thread[Test worker,5,main])--client released
]]></system-out>
  <system-err><![CDATA[ContactType.contactType may not be null
java.lang.SecurityException: ContactType.contactType may not be null
	at com.athena.server.pluggable.utils.helper.EntityValidatorHelper.validateEntity(EntityValidatorHelper.java:37)
	at com.app.shared.organization.contactmanagement.ContactType.isValid(ContactType.java:176)
	at com.app.server.service.organization.contactmanagement.ContactTypeTestCase.validateContactType(ContactTypeTestCase.java:208)
	at com.app.server.service.organization.contactmanagement.ContactTypeTestCase.test5NegativeTesting(ContactTypeTestCase.java:241)
	at sun.reflect.NativeMethodAccessorImpl.invoke0(Native Method)
	at sun.reflect.NativeMethodAccessorImpl.invoke(NativeMethodAccessorImpl.java:57)
	at sun.reflect.DelegatingMethodAccessorImpl.invoke(DelegatingMethodAccessorImpl.java:43)
	at java.lang.reflect.Method.invoke(Method.java:606)
	at org.junit.runners.model.FrameworkMethod$1.runReflectiveCall(FrameworkMethod.java:47)
	at org.junit.internal.runners.model.ReflectiveCallable.run(ReflectiveCallable.java:12)
	at org.junit.runners.model.FrameworkMethod.invokeExplosively(FrameworkMethod.java:44)
	at org.junit.internal.runners.statements.InvokeMethod.evaluate(InvokeMethod.java:17)
	at org.junit.internal.runners.statements.RunBefores.evaluate(RunBefores.java:26)
	at org.springframework.test.context.junit4.statements.RunBeforeTestMethodCallbacks.evaluate(RunBeforeTestMethodCallbacks.java:74)
	at org.junit.internal.runners.statements.RunAfters.evaluate(RunAfters.java:27)
	at org.springframework.test.context.junit4.statements.RunAfterTestMethodCallbacks.evaluate(RunAfterTestMethodCallbacks.java:83)
	at org.springframework.test.context.junit4.statements.SpringRepeat.evaluate(SpringRepeat.java:72)
	at org.springframework.test.context.junit4.SpringJUnit4ClassRunner.runChild(SpringJUnit4ClassRunner.java:233)
	at org.springframework.test.context.junit4.SpringJUnit4ClassRunner.runChild(SpringJUnit4ClassRunner.java:87)
	at org.junit.runners.ParentRunner$3.run(ParentRunner.java:238)
	at org.junit.runners.ParentRunner$1.schedule(ParentRunner.java:63)
	at org.junit.runners.ParentRunner.runChildren(ParentRunner.java:236)
	at org.junit.runners.ParentRunner.access$000(ParentRunner.java:53)
	at org.junit.runners.ParentRunner$2.evaluate(ParentRunner.java:229)
	at org.junit.internal.runners.statements.RunBefores.evaluate(RunBefores.java:26)
	at org.springframework.test.context.junit4.statements.RunBeforeTestClassCallbacks.evaluate(RunBeforeTestClassCallbacks.java:61)
	at org.springframework.test.context.junit4.statements.RunAfterTestClassCallbacks.evaluate(RunAfterTestClassCallbacks.java:71)
	at org.junit.runners.ParentRunner.run(ParentRunner.java:309)
	at org.springframework.test.context.junit4.SpringJUnit4ClassRunner.run(SpringJUnit4ClassRunner.java:176)
	at org.gradle.api.internal.tasks.testing.junit.JUnitTestClassExecuter.runTestClass(JUnitTestClassExecuter.java:86)
	at org.gradle.api.internal.tasks.testing.junit.JUnitTestClassExecuter.execute(JUnitTestClassExecuter.java:49)
	at org.gradle.api.internal.tasks.testing.junit.JUnitTestClassProcessor.processTestClass(JUnitTestClassProcessor.java:64)
	at org.gradle.api.internal.tasks.testing.SuiteTestClassProcessor.processTestClass(SuiteTestClassProcessor.java:50)
	at sun.reflect.GeneratedMethodAccessor109.invoke(Unknown Source)
	at sun.reflect.DelegatingMethodAccessorImpl.invoke(DelegatingMethodAccessorImpl.java:43)
	at java.lang.reflect.Method.invoke(Method.java:606)
	at org.gradle.messaging.dispatch.ReflectionDispatch.dispatch(ReflectionDispatch.java:35)
	at org.gradle.messaging.dispatch.ReflectionDispatch.dispatch(ReflectionDispatch.java:24)
	at org.gradle.messaging.dispatch.ContextClassLoaderDispatch.dispatch(ContextClassLoaderDispatch.java:32)
	at org.gradle.messaging.dispatch.ProxyDispatchAdapter$DispatchingInvocationHandler.invoke(ProxyDispatchAdapter.java:93)
	at com.sun.proxy.$Proxy2.processTestClass(Unknown Source)
	at org.gradle.api.internal.tasks.testing.worker.TestWorker.processTestClass(TestWorker.java:106)
	at sun.reflect.GeneratedMethodAccessor108.invoke(Unknown Source)
	at sun.reflect.DelegatingMethodAccessorImpl.invoke(DelegatingMethodAccessorImpl.java:43)
	at java.lang.reflect.Method.invoke(Method.java:606)
	at org.gradle.messaging.dispatch.ReflectionDispatch.dispatch(ReflectionDispatch.java:35)
	at org.gradle.messaging.dispatch.ReflectionDispatch.dispatch(ReflectionDispatch.java:24)
	at org.gradle.messaging.remote.internal.hub.MessageHub$Handler.run(MessageHub.java:360)
	at org.gradle.internal.concurrent.DefaultExecutorFactory$StoppableExecutorImpl$1.run(DefaultExecutorFactory.java:64)
	at java.util.concurrent.ThreadPoolExecutor.runWorker(ThreadPoolExecutor.java:1145)
	at java.util.concurrent.ThreadPoolExecutor$Worker.run(ThreadPoolExecutor.java:615)
	at java.lang.Thread.run(Thread.java:745)
ContactType.contactType size must be between 0 and 128
java.lang.SecurityException: ContactType.contactType size must be between 0 and 128
	at com.athena.server.pluggable.utils.helper.EntityValidatorHelper.validateEntity(EntityValidatorHelper.java:37)
	at com.app.shared.organization.contactmanagement.ContactType.isValid(ContactType.java:176)
	at com.app.server.service.organization.contactmanagement.ContactTypeTestCase.validateContactType(ContactTypeTestCase.java:206)
	at com.app.server.service.organization.contactmanagement.ContactTypeTestCase.test5NegativeTesting(ContactTypeTestCase.java:246)
	at sun.reflect.NativeMethodAccessorImpl.invoke0(Native Method)
	at sun.reflect.NativeMethodAccessorImpl.invoke(NativeMethodAccessorImpl.java:57)
	at sun.reflect.DelegatingMethodAccessorImpl.invoke(DelegatingMethodAccessorImpl.java:43)
	at java.lang.reflect.Method.invoke(Method.java:606)
	at org.junit.runners.model.FrameworkMethod$1.runReflectiveCall(FrameworkMethod.java:47)
	at org.junit.internal.runners.model.ReflectiveCallable.run(ReflectiveCallable.java:12)
	at org.junit.runners.model.FrameworkMethod.invokeExplosively(FrameworkMethod.java:44)
	at org.junit.internal.runners.statements.InvokeMethod.evaluate(InvokeMethod.java:17)
	at org.junit.internal.runners.statements.RunBefores.evaluate(RunBefores.java:26)
	at org.springframework.test.context.junit4.statements.RunBeforeTestMethodCallbacks.evaluate(RunBeforeTestMethodCallbacks.java:74)
	at org.junit.internal.runners.statements.RunAfters.evaluate(RunAfters.java:27)
	at org.springframework.test.context.junit4.statements.RunAfterTestMethodCallbacks.evaluate(RunAfterTestMethodCallbacks.java:83)
	at org.springframework.test.context.junit4.statements.SpringRepeat.evaluate(SpringRepeat.java:72)
	at org.springframework.test.context.junit4.SpringJUnit4ClassRunner.runChild(SpringJUnit4ClassRunner.java:233)
	at org.springframework.test.context.junit4.SpringJUnit4ClassRunner.runChild(SpringJUnit4ClassRunner.java:87)
	at org.junit.runners.ParentRunner$3.run(ParentRunner.java:238)
	at org.junit.runners.ParentRunner$1.schedule(ParentRunner.java:63)
	at org.junit.runners.ParentRunner.runChildren(ParentRunner.java:236)
	at org.junit.runners.ParentRunner.access$000(ParentRunner.java:53)
	at org.junit.runners.ParentRunner$2.evaluate(ParentRunner.java:229)
	at org.junit.internal.runners.statements.RunBefores.evaluate(RunBefores.java:26)
	at org.springframework.test.context.junit4.statements.RunBeforeTestClassCallbacks.evaluate(RunBeforeTestClassCallbacks.java:61)
	at org.springframework.test.context.junit4.statements.RunAfterTestClassCallbacks.evaluate(RunAfterTestClassCallbacks.java:71)
	at org.junit.runners.ParentRunner.run(ParentRunner.java:309)
	at org.springframework.test.context.junit4.SpringJUnit4ClassRunner.run(SpringJUnit4ClassRunner.java:176)
	at org.gradle.api.internal.tasks.testing.junit.JUnitTestClassExecuter.runTestClass(JUnitTestClassExecuter.java:86)
	at org.gradle.api.internal.tasks.testing.junit.JUnitTestClassExecuter.execute(JUnitTestClassExecuter.java:49)
	at org.gradle.api.internal.tasks.testing.junit.JUnitTestClassProcessor.processTestClass(JUnitTestClassProcessor.java:64)
	at org.gradle.api.internal.tasks.testing.SuiteTestClassProcessor.processTestClass(SuiteTestClassProcessor.java:50)
	at sun.reflect.GeneratedMethodAccessor109.invoke(Unknown Source)
	at sun.reflect.DelegatingMethodAccessorImpl.invoke(DelegatingMethodAccessorImpl.java:43)
	at java.lang.reflect.Method.invoke(Method.java:606)
	at org.gradle.messaging.dispatch.ReflectionDispatch.dispatch(ReflectionDispatch.java:35)
	at org.gradle.messaging.dispatch.ReflectionDispatch.dispatch(ReflectionDispatch.java:24)
	at org.gradle.messaging.dispatch.ContextClassLoaderDispatch.dispatch(ContextClassLoaderDispatch.java:32)
	at org.gradle.messaging.dispatch.ProxyDispatchAdapter$DispatchingInvocationHandler.invoke(ProxyDispatchAdapter.java:93)
	at com.sun.proxy.$Proxy2.processTestClass(Unknown Source)
	at org.gradle.api.internal.tasks.testing.worker.TestWorker.processTestClass(TestWorker.java:106)
	at sun.reflect.GeneratedMethodAccessor108.invoke(Unknown Source)
	at sun.reflect.DelegatingMethodAccessorImpl.invoke(DelegatingMethodAccessorImpl.java:43)
	at java.lang.reflect.Method.invoke(Method.java:606)
	at org.gradle.messaging.dispatch.ReflectionDispatch.dispatch(ReflectionDispatch.java:35)
	at org.gradle.messaging.dispatch.ReflectionDispatch.dispatch(ReflectionDispatch.java:24)
	at org.gradle.messaging.remote.internal.hub.MessageHub$Handler.run(MessageHub.java:360)
	at org.gradle.internal.concurrent.DefaultExecutorFactory$StoppableExecutorImpl$1.run(DefaultExecutorFactory.java:64)
	at java.util.concurrent.ThreadPoolExecutor.runWorker(ThreadPoolExecutor.java:1145)
	at java.util.concurrent.ThreadPoolExecutor$Worker.run(ThreadPoolExecutor.java:615)
	at java.lang.Thread.run(Thread.java:745)
ContactType.contactTypeDesc size must be between 0 and 256
java.lang.SecurityException: ContactType.contactTypeDesc size must be between 0 and 256
	at com.athena.server.pluggable.utils.helper.EntityValidatorHelper.validateEntity(EntityValidatorHelper.java:37)
	at com.app.shared.organization.contactmanagement.ContactType.isValid(ContactType.java:176)
	at com.app.server.service.organization.contactmanagement.ContactTypeTestCase.validateContactType(ContactTypeTestCase.java:206)
	at com.app.server.service.organization.contactmanagement.ContactTypeTestCase.test5NegativeTesting(ContactTypeTestCase.java:251)
	at sun.reflect.NativeMethodAccessorImpl.invoke0(Native Method)
	at sun.reflect.NativeMethodAccessorImpl.invoke(NativeMethodAccessorImpl.java:57)
	at sun.reflect.DelegatingMethodAccessorImpl.invoke(DelegatingMethodAccessorImpl.java:43)
	at java.lang.reflect.Method.invoke(Method.java:606)
	at org.junit.runners.model.FrameworkMethod$1.runReflectiveCall(FrameworkMethod.java:47)
	at org.junit.internal.runners.model.ReflectiveCallable.run(ReflectiveCallable.java:12)
	at org.junit.runners.model.FrameworkMethod.invokeExplosively(FrameworkMethod.java:44)
	at org.junit.internal.runners.statements.InvokeMethod.evaluate(InvokeMethod.java:17)
	at org.junit.internal.runners.statements.RunBefores.evaluate(RunBefores.java:26)
	at org.springframework.test.context.junit4.statements.RunBeforeTestMethodCallbacks.evaluate(RunBeforeTestMethodCallbacks.java:74)
	at org.junit.internal.runners.statements.RunAfters.evaluate(RunAfters.java:27)
	at org.springframework.test.context.junit4.statements.RunAfterTestMethodCallbacks.evaluate(RunAfterTestMethodCallbacks.java:83)
	at org.springframework.test.context.junit4.statements.SpringRepeat.evaluate(SpringRepeat.java:72)
	at org.springframework.test.context.junit4.SpringJUnit4ClassRunner.runChild(SpringJUnit4ClassRunner.java:233)
	at org.springframework.test.context.junit4.SpringJUnit4ClassRunner.runChild(SpringJUnit4ClassRunner.java:87)
	at org.junit.runners.ParentRunner$3.run(ParentRunner.java:238)
	at org.junit.runners.ParentRunner$1.schedule(ParentRunner.java:63)
	at org.junit.runners.ParentRunner.runChildren(ParentRunner.java:236)
	at org.junit.runners.ParentRunner.access$000(ParentRunner.java:53)
	at org.junit.runners.ParentRunner$2.evaluate(ParentRunner.java:229)
	at org.junit.internal.runners.statements.RunBefores.evaluate(RunBefores.java:26)
	at org.springframework.test.context.junit4.statements.RunBeforeTestClassCallbacks.evaluate(RunBeforeTestClassCallbacks.java:61)
	at org.springframework.test.context.junit4.statements.RunAfterTestClassCallbacks.evaluate(RunAfterTestClassCallbacks.java:71)
	at org.junit.runners.ParentRunner.run(ParentRunner.java:309)
	at org.springframework.test.context.junit4.SpringJUnit4ClassRunner.run(SpringJUnit4ClassRunner.java:176)
	at org.gradle.api.internal.tasks.testing.junit.JUnitTestClassExecuter.runTestClass(JUnitTestClassExecuter.java:86)
	at org.gradle.api.internal.tasks.testing.junit.JUnitTestClassExecuter.execute(JUnitTestClassExecuter.java:49)
	at org.gradle.api.internal.tasks.testing.junit.JUnitTestClassProcessor.processTestClass(JUnitTestClassProcessor.java:64)
	at org.gradle.api.internal.tasks.testing.SuiteTestClassProcessor.processTestClass(SuiteTestClassProcessor.java:50)
	at sun.reflect.GeneratedMethodAccessor109.invoke(Unknown Source)
	at sun.reflect.DelegatingMethodAccessorImpl.invoke(DelegatingMethodAccessorImpl.java:43)
	at java.lang.reflect.Method.invoke(Method.java:606)
	at org.gradle.messaging.dispatch.ReflectionDispatch.dispatch(ReflectionDispatch.java:35)
	at org.gradle.messaging.dispatch.ReflectionDispatch.dispatch(ReflectionDispatch.java:24)
	at org.gradle.messaging.dispatch.ContextClassLoaderDispatch.dispatch(ContextClassLoaderDispatch.java:32)
	at org.gradle.messaging.dispatch.ProxyDispatchAdapter$DispatchingInvocationHandler.invoke(ProxyDispatchAdapter.java:93)
	at com.sun.proxy.$Proxy2.processTestClass(Unknown Source)
	at org.gradle.api.internal.tasks.testing.worker.TestWorker.processTestClass(TestWorker.java:106)
	at sun.reflect.GeneratedMethodAccessor108.invoke(Unknown Source)
	at sun.reflect.DelegatingMethodAccessorImpl.invoke(DelegatingMethodAccessorImpl.java:43)
	at java.lang.reflect.Method.invoke(Method.java:606)
	at org.gradle.messaging.dispatch.ReflectionDispatch.dispatch(ReflectionDispatch.java:35)
	at org.gradle.messaging.dispatch.ReflectionDispatch.dispatch(ReflectionDispatch.java:24)
	at org.gradle.messaging.remote.internal.hub.MessageHub$Handler.run(MessageHub.java:360)
	at org.gradle.internal.concurrent.DefaultExecutorFactory$StoppableExecutorImpl$1.run(DefaultExecutorFactory.java:64)
	at java.util.concurrent.ThreadPoolExecutor.runWorker(ThreadPoolExecutor.java:1145)
	at java.util.concurrent.ThreadPoolExecutor$Worker.run(ThreadPoolExecutor.java:615)
	at java.lang.Thread.run(Thread.java:745)
ContactType.contactTypeIcon size must be between 0 and 128
java.lang.SecurityException: ContactType.contactTypeIcon size must be between 0 and 128
	at com.athena.server.pluggable.utils.helper.EntityValidatorHelper.validateEntity(EntityValidatorHelper.java:37)
	at com.app.shared.organization.contactmanagement.ContactType.isValid(ContactType.java:176)
	at com.app.server.service.organization.contactmanagement.ContactTypeTestCase.validateContactType(ContactTypeTestCase.java:206)
	at com.app.server.service.organization.contactmanagement.ContactTypeTestCase.test5NegativeTesting(ContactTypeTestCase.java:256)
	at sun.reflect.NativeMethodAccessorImpl.invoke0(Native Method)
	at sun.reflect.NativeMethodAccessorImpl.invoke(NativeMethodAccessorImpl.java:57)
	at sun.reflect.DelegatingMethodAccessorImpl.invoke(DelegatingMethodAccessorImpl.java:43)
	at java.lang.reflect.Method.invoke(Method.java:606)
	at org.junit.runners.model.FrameworkMethod$1.runReflectiveCall(FrameworkMethod.java:47)
	at org.junit.internal.runners.model.ReflectiveCallable.run(ReflectiveCallable.java:12)
	at org.junit.runners.model.FrameworkMethod.invokeExplosively(FrameworkMethod.java:44)
	at org.junit.internal.runners.statements.InvokeMethod.evaluate(InvokeMethod.java:17)
	at org.junit.internal.runners.statements.RunBefores.evaluate(RunBefores.java:26)
	at org.springframework.test.context.junit4.statements.RunBeforeTestMethodCallbacks.evaluate(RunBeforeTestMethodCallbacks.java:74)
	at org.junit.internal.runners.statements.RunAfters.evaluate(RunAfters.java:27)
	at org.springframework.test.context.junit4.statements.RunAfterTestMethodCallbacks.evaluate(RunAfterTestMethodCallbacks.java:83)
	at org.springframework.test.context.junit4.statements.SpringRepeat.evaluate(SpringRepeat.java:72)
	at org.springframework.test.context.junit4.SpringJUnit4ClassRunner.runChild(SpringJUnit4ClassRunner.java:233)
	at org.springframework.test.context.junit4.SpringJUnit4ClassRunner.runChild(SpringJUnit4ClassRunner.java:87)
	at org.junit.runners.ParentRunner$3.run(ParentRunner.java:238)
	at org.junit.runners.ParentRunner$1.schedule(ParentRunner.java:63)
	at org.junit.runners.ParentRunner.runChildren(ParentRunner.java:236)
	at org.junit.runners.ParentRunner.access$000(ParentRunner.java:53)
	at org.junit.runners.ParentRunner$2.evaluate(ParentRunner.java:229)
	at org.junit.internal.runners.statements.RunBefores.evaluate(RunBefores.java:26)
	at org.springframework.test.context.junit4.statements.RunBeforeTestClassCallbacks.evaluate(RunBeforeTestClassCallbacks.java:61)
	at org.springframework.test.context.junit4.statements.RunAfterTestClassCallbacks.evaluate(RunAfterTestClassCallbacks.java:71)
	at org.junit.runners.ParentRunner.run(ParentRunner.java:309)
	at org.springframework.test.context.junit4.SpringJUnit4ClassRunner.run(SpringJUnit4ClassRunner.java:176)
	at org.gradle.api.internal.tasks.testing.junit.JUnitTestClassExecuter.runTestClass(JUnitTestClassExecuter.java:86)
	at org.gradle.api.internal.tasks.testing.junit.JUnitTestClassExecuter.execute(JUnitTestClassExecuter.java:49)
	at org.gradle.api.internal.tasks.testing.junit.JUnitTestClassProcessor.processTestClass(JUnitTestClassProcessor.java:64)
	at org.gradle.api.internal.tasks.testing.SuiteTestClassProcessor.processTestClass(SuiteTestClassProcessor.java:50)
	at sun.reflect.GeneratedMethodAccessor109.invoke(Unknown Source)
	at sun.reflect.DelegatingMethodAccessorImpl.invoke(DelegatingMethodAccessorImpl.java:43)
	at java.lang.reflect.Method.invoke(Method.java:606)
	at org.gradle.messaging.dispatch.ReflectionDispatch.dispatch(ReflectionDispatch.java:35)
	at org.gradle.messaging.dispatch.ReflectionDispatch.dispatch(ReflectionDispatch.java:24)
	at org.gradle.messaging.dispatch.ContextClassLoaderDispatch.dispatch(ContextClassLoaderDispatch.java:32)
	at org.gradle.messaging.dispatch.ProxyDispatchAdapter$DispatchingInvocationHandler.invoke(ProxyDispatchAdapter.java:93)
	at com.sun.proxy.$Proxy2.processTestClass(Unknown Source)
	at org.gradle.api.internal.tasks.testing.worker.TestWorker.processTestClass(TestWorker.java:106)
	at sun.reflect.GeneratedMethodAccessor108.invoke(Unknown Source)
	at sun.reflect.DelegatingMethodAccessorImpl.invoke(DelegatingMethodAccessorImpl.java:43)
	at java.lang.reflect.Method.invoke(Method.java:606)
	at org.gradle.messaging.dispatch.ReflectionDispatch.dispatch(ReflectionDispatch.java:35)
	at org.gradle.messaging.dispatch.ReflectionDispatch.dispatch(ReflectionDispatch.java:24)
	at org.gradle.messaging.remote.internal.hub.MessageHub$Handler.run(MessageHub.java:360)
	at org.gradle.internal.concurrent.DefaultExecutorFactory$StoppableExecutorImpl$1.run(DefaultExecutorFactory.java:64)
	at java.util.concurrent.ThreadPoolExecutor.runWorker(ThreadPoolExecutor.java:1145)
	at java.util.concurrent.ThreadPoolExecutor$Worker.run(ThreadPoolExecutor.java:615)
	at java.lang.Thread.run(Thread.java:745)
]]></system-err>
</testsuite>
