<?xml version="1.0" encoding="UTF-8"?>
<testsuite name="com.app.server.service.organization.contactmanagement.EmailCommunicationTestCase" tests="6" skipped="0" failures="0" errors="0" timestamp="2016-10-27T13:59:46" hostname="40520a1252e0" time="0.297">
  <properties/>
  <testcase name="test1Save" classname="com.app.server.service.organization.contactmanagement.EmailCommunicationTestCase" time="0.166"/>
  <testcase name="test2Update" classname="com.app.server.service.organization.contactmanagement.EmailCommunicationTestCase" time="0.032"/>
  <testcase name="test3FindById" classname="com.app.server.service.organization.contactmanagement.EmailCommunicationTestCase" time="0.021"/>
  <testcase name="test3findBycommType" classname="com.app.server.service.organization.contactmanagement.EmailCommunicationTestCase" time="0.022"/>
  <testcase name="test5NegativeTesting" classname="com.app.server.service.organization.contactmanagement.EmailCommunicationTestCase" time="0.008"/>
  <testcase name="test6Delete" classname="com.app.server.service.organization.contactmanagement.EmailCommunicationTestCase" time="0.047"/>
  <system-out><![CDATA[Thu Oct 27 13:59:46 UTC 2016|Log Manager Factory|Initialization Process started.....
Thu Oct 27 13:59:46 UTC 2016|Log Manager|Initialized with Path = [/home/applifire/workspace/appsetup/src/main/webapp/WEB-INF/conf]
Thu Oct 27 13:59:46 UTC 2016|Alarm Manager|Initialized with Path = [/home/applifire/workspace/appsetup/src/main/webapp/WEB-INF/conf]
Thu Oct 27 13:59:46 UTC 2016|Alarm Manager|Loading Alarms ......
Thu Oct 27 13:59:46 UTC 2016|Alarm XML Parser|FWA|XML Parsing Complete........ 
Thu Oct 27 13:59:46 UTC 2016|Alarm File Manager|FWA|Alarm File Status.. [ApplicationFrameworkAlarms.xml]|Version=15|Status=Done 
Thu Oct 27 13:59:46 UTC 2016|Alarm File Manager|FWA|Alarm Stats = ( BC/AL=5/786 SYS=5/11 [786/0]  TPL=0/0 [0/0]  APP= A.Map=[875]  E.Map EC/RC=[391/79] )
Thu Oct 27 13:59:46 UTC 2016|Alarm XML Parser|APP|XML Parsing Complete........ 
Thu Oct 27 13:59:46 UTC 2016|Alarm File Manager|APP|Alarm File Status.. [ApplicationAlarms.xml]|Version=1|Status=Done 
Thu Oct 27 13:59:46 UTC 2016|Alarm File Manager|APP|Alarm Stats = ( BC/AL=5/786 SYS=5/11 [786/0]  TPL=0/0 [0/0]  APP=0/0 [0/0]  A.Map=[875]  E.Map EC/RC=[391/79] )
Thu Oct 27 13:59:46 UTC 2016|ApplicationAlarmContext| <><><><><> Create App Alarms ....  <><><><><> 
Thu Oct 27 13:59:46 UTC 2016|ApplicationAlarmContext|Alarms are generated ONLY in Development Mode.. 
Thu Oct 27 13:59:46 UTC 2016|Alarm Manager|APP|Alarm Stats = ( BC/AL=5/786 SYS=5/11 [786/0]  TPL=0/0 [0/0]  APP=0/0 [0/0]  A.Map=[875]  E.Map EC/RC=[391/79] )
Thu Oct 27 13:59:46 UTC 2016|Alarm Manager|Initialized Exception Lookup...
Thu Oct 27 13:59:46 UTC 2016|Log Manager|Initialize Log Config File ......
Thu Oct 27 13:59:46 UTC 2016|Pluggable Connectors|Adding Connectors : StandardOutputConnector isEnabled=true isDefault=false isFallBack=true
Thu Oct 27 13:59:46 UTC 2016|Pluggable Connectors|Adding Connectors : StandardFileConnector isEnabled=true isDefault=false isFallBack=false
Thu Oct 27 13:59:46 UTC 2016|Pluggable Connectors|Adding Connectors : Sprinkler isEnabled=true isDefault=true isFallBack=false
Thu Oct 27 13:59:46 UTC 2016|Pluggable Connectors|Default Connector Name : com.spartan.logger.core.LogMessenger
Thu Oct 27 13:59:46 UTC 2016|Log Config Parser|Connector Least Log Level =[4]  FallBack Log Level =[3]
Thu Oct 27 13:59:46 UTC 2016|Log Manager|Loading Default Connector for Logging ......
Thu Oct 27 13:59:46 UTC 2016|Log Manager|Loading class .. com.spartan.logger.core.LogMessenger
Thu Oct 27 13:59:46 UTC 2016|Plugggable Connector|Connector class com.spartan.logger.core.LogMessenger Initialized... @ Log Level = 3
Thu Oct 27 13:59:46 UTC 2016|Log Manager|Starting the Default Connector [com.spartan.logger.core.LogMessenger@460edc83] ....
Thu Oct 27 13:59:46 UTC 2016|Scheduler|Starting the Scheduler ......
Thu Oct 27 13:59:46 UTC 2016|Scheduler|Adding [LMID=[9a328665-5dd6-4e7b-b824-be92cc7f8f12]] Delay=5 Time Unit=MINUTES
Thu Oct 27 13:59:46 UTC 2016|Scheduler|Adding [App Alarm Manager File=[ApplicationAlarms.xml]] Delay=30 Time Unit=MINUTES
Thu Oct 27 13:59:46 UTC 2016|Scheduler|Adding [FW Alarm Manager File=[ApplicationFrameworkAlarms.xml]] Delay=3 Time Unit=MINUTES
Thu Oct 27 13:59:46 UTC 2016|Scheduler|Startup Completed..
Thu Oct 27 13:59:46 UTC 2016|Log Manager|Initialization Process Complete ......
Thu Oct 27 13:59:46 UTC 2016|Log Manager Factory|Log Manager READY! ID = 9a328665-5dd6-4e7b-b824-be92cc7f8f12
[EL Finer]: connection: 2016-10-27 13:59:46.528--ServerSession(1535227590)--Thread(Thread[Test worker,5,main])--client acquired: 1816877133
[EL Finer]: transaction: 2016-10-27 13:59:46.528--ClientSession(1816877133)--Thread(Thread[Test worker,5,main])--acquire unit of work: 1183997638
[EL Finest]: connection: 2016-10-27 13:59:46.528--ServerSession(1535227590)--Connection(864828764)--Thread(Thread[Test worker,5,main])--Connection acquired from connection pool [default].
[EL Finer]: transaction: 2016-10-27 13:59:46.528--ClientSession(1816877133)--Connection(864828764)--Thread(Thread[Test worker,5,main])--begin transaction
[EL Finest]: connection: 2016-10-27 13:59:46.528--ClientSession(1816877133)--Thread(Thread[Test worker,5,main])--reconnecting to external connection pool
[EL Finest]: transaction: 2016-10-27 13:59:46.534--UnitOfWork(1183997638)--Thread(Thread[Test worker,5,main])--persist() operation called on: VCSqqQrBKO1eJEFRv3LMFb7fBcimajzuDNi3nxZlfp0L8dQlRn.
[EL Finest]: sequencing: 2016-10-27 13:59:46.534--UnitOfWork(1183997638)--Thread(Thread[Test worker,5,main])--assign sequence to the object (4FD0B6EF-4794-4621-B5CB-FDA014783ED7 -> VCSqqQrBKO1eJEFRv3LMFb7fBcimajzuDNi3nxZlfp0L8dQlRn)
Thu Oct 27 13:59:46 UTC 2016|Unknown Alarm = ORGCM322100200 Alarm Split = ORG-CM-3-2-2-100-200
[EL Finer]: transaction: 2016-10-27 13:59:46.535--UnitOfWork(1183997638)--Thread(Thread[Test worker,5,main])--begin unit of work commit
[EL Finest]: query: 2016-10-27 13:59:46.535--UnitOfWork(1183997638)--Thread(Thread[Test worker,5,main])--Execute query InsertObjectQuery(VCSqqQrBKO1eJEFRv3LMFb7fBcimajzuDNi3nxZlfp0L8dQlRn)
[EL Fine]: sql: 2016-10-27 13:59:46.535--ClientSession(1816877133)--Connection(1323571203)--Thread(Thread[Test worker,5,main])--INSERT INTO EmailCategory (emailCatId, emailCatName, versionId, createdBy, createdDate, updatedBy, updatedDate, activeStatus, txnAccessCode) VALUES (?, ?, ?, ?, ?, ?, ?, ?, ?)
	bind => [4FD0B6EF-4794-4621-B5CB-FDA014783ED7, VCSqqQrBKO1eJEFRv3LMFb7fBcimajzuDNi3nxZlfp0L8dQlRn, 1, AAAAA, 2016-10-27 13:59:46.471, AAAAA, 2016-10-27 13:59:46.471, 1, 51000]
[EL Finer]: transaction: 2016-10-27 13:59:46.537--ClientSession(1816877133)--Connection(1323571203)--Thread(Thread[Test worker,5,main])--commit transaction
[EL Finest]: connection: 2016-10-27 13:59:46.539--ServerSession(1535227590)--Connection(864828764)--Thread(Thread[Test worker,5,main])--Connection released to connection pool [default].
[EL Finer]: transaction: 2016-10-27 13:59:46.539--UnitOfWork(1183997638)--Thread(Thread[Test worker,5,main])--end unit of work commit
[EL Finer]: transaction: 2016-10-27 13:59:46.539--UnitOfWork(1183997638)--Thread(Thread[Test worker,5,main])--resume unit of work
[EL Finer]: transaction: 2016-10-27 13:59:46.539--UnitOfWork(1183997638)--Thread(Thread[Test worker,5,main])--release unit of work
[EL Finer]: connection: 2016-10-27 13:59:46.54--ClientSession(1816877133)--Thread(Thread[Test worker,5,main])--client released
[EL Finer]: connection: 2016-10-27 13:59:46.602--ServerSession(1535227590)--Thread(Thread[Test worker,5,main])--client acquired: 1265454569
[EL Finer]: transaction: 2016-10-27 13:59:46.602--ClientSession(1265454569)--Thread(Thread[Test worker,5,main])--acquire unit of work: 1964384942
[EL Finest]: connection: 2016-10-27 13:59:46.602--ServerSession(1535227590)--Connection(4131216)--Thread(Thread[Test worker,5,main])--Connection acquired from connection pool [default].
[EL Finer]: transaction: 2016-10-27 13:59:46.602--ClientSession(1265454569)--Connection(4131216)--Thread(Thread[Test worker,5,main])--begin transaction
[EL Finest]: connection: 2016-10-27 13:59:46.602--ClientSession(1265454569)--Thread(Thread[Test worker,5,main])--reconnecting to external connection pool
[EL Finest]: transaction: 2016-10-27 13:59:46.607--UnitOfWork(1964384942)--Thread(Thread[Test worker,5,main])--persist() operation called on: .
[EL Finest]: sequencing: 2016-10-27 13:59:46.607--UnitOfWork(1964384942)--Thread(Thread[Test worker,5,main])--assign sequence to the object (74B7DFCA-47AE-420D-8BD2-D07BB8F564B0 -> )
Thu Oct 27 13:59:46 UTC 2016|Unknown Alarm = ORGCM322100200 Alarm Split = ORG-CM-3-2-2-100-200
[EL Finer]: transaction: 2016-10-27 13:59:46.608--UnitOfWork(1964384942)--Thread(Thread[Test worker,5,main])--begin unit of work commit
[EL Finest]: query: 2016-10-27 13:59:46.608--UnitOfWork(1964384942)--Thread(Thread[Test worker,5,main])--Execute query InsertObjectQuery()
[EL Fine]: sql: 2016-10-27 13:59:46.608--ClientSession(1265454569)--Connection(1675384856)--Thread(Thread[Test worker,5,main])--INSERT INTO EmailCommunication (emailCommId, commType, email, versionId, createdBy, createdDate, updatedBy, updatedDate, activeStatus, txnAccessCode) VALUES (?, ?, ?, ?, ?, ?, ?, ?, ?, ?)
	bind => [74B7DFCA-47AE-420D-8BD2-D07BB8F564B0, 4FD0B6EF-4794-4621-B5CB-FDA014783ED7, wp5cb0Ad483oIl7brrK0DfwjuxXUIfqqeCTpS6xEQtNXzs1YcP, 1, AAAAA, 2016-10-27 13:59:46.54, AAAAA, 2016-10-27 13:59:46.54, 1, 51000]
[EL Finer]: transaction: 2016-10-27 13:59:46.61--ClientSession(1265454569)--Connection(1675384856)--Thread(Thread[Test worker,5,main])--commit transaction
[EL Finest]: connection: 2016-10-27 13:59:46.613--ServerSession(1535227590)--Connection(4131216)--Thread(Thread[Test worker,5,main])--Connection released to connection pool [default].
[EL Finer]: transaction: 2016-10-27 13:59:46.613--UnitOfWork(1964384942)--Thread(Thread[Test worker,5,main])--end unit of work commit
[EL Finer]: transaction: 2016-10-27 13:59:46.613--UnitOfWork(1964384942)--Thread(Thread[Test worker,5,main])--resume unit of work
[EL Finer]: transaction: 2016-10-27 13:59:46.613--UnitOfWork(1964384942)--Thread(Thread[Test worker,5,main])--release unit of work
[EL Finer]: connection: 2016-10-27 13:59:46.614--ClientSession(1265454569)--Thread(Thread[Test worker,5,main])--client released
[EL Finer]: connection: 2016-10-27 13:59:46.632--ServerSession(1535227590)--Thread(Thread[Test worker,5,main])--client acquired: 158677671
[EL Finer]: transaction: 2016-10-27 13:59:46.632--ClientSession(158677671)--Thread(Thread[Test worker,5,main])--acquire unit of work: 1868410570
[EL Finest]: connection: 2016-10-27 13:59:46.633--ServerSession(1535227590)--Connection(1870563556)--Thread(Thread[Test worker,5,main])--Connection acquired from connection pool [default].
[EL Finer]: transaction: 2016-10-27 13:59:46.633--ClientSession(158677671)--Connection(1870563556)--Thread(Thread[Test worker,5,main])--begin transaction
[EL Finest]: connection: 2016-10-27 13:59:46.633--ClientSession(158677671)--Thread(Thread[Test worker,5,main])--reconnecting to external connection pool
[EL Finer]: transaction: 2016-10-27 13:59:46.634--UnitOfWork(1868410570)--Thread(Thread[Test worker,5,main])--begin unit of work flush
[EL Finer]: transaction: 2016-10-27 13:59:46.634--UnitOfWork(1868410570)--Thread(Thread[Test worker,5,main])--end unit of work flush
[EL Finest]: query: 2016-10-27 13:59:46.634--UnitOfWork(1868410570)--Thread(Thread[Test worker,5,main])--Execute query ReadAllQuery(name="EmailCommunication.findById" referenceClass=EmailCommunication sql="SELECT emailCommId, commType, email, versionId, createdBy, createdDate, updatedBy, updatedDate, activeStatus, txnAccessCode FROM EmailCommunication WHERE ((activeStatus = ?) AND (emailCommId = ?))")
[EL Fine]: sql: 2016-10-27 13:59:46.634--ClientSession(158677671)--Connection(2104645995)--Thread(Thread[Test worker,5,main])--SELECT emailCommId, commType, email, versionId, createdBy, createdDate, updatedBy, updatedDate, activeStatus, txnAccessCode FROM EmailCommunication WHERE ((activeStatus = ?) AND (emailCommId = ?))
	bind => [1, 74B7DFCA-47AE-420D-8BD2-D07BB8F564B0]
Thu Oct 27 13:59:46 UTC 2016|Unknown Alarm = ORGCM324100200 Alarm Split = ORG-CM-3-2-4-100-200
[EL Finer]: transaction: 2016-10-27 13:59:46.636--UnitOfWork(1868410570)--Thread(Thread[Test worker,5,main])--begin unit of work commit
[EL Finer]: transaction: 2016-10-27 13:59:46.636--ClientSession(158677671)--Connection(2104645995)--Thread(Thread[Test worker,5,main])--commit transaction
[EL Finest]: connection: 2016-10-27 13:59:46.637--ServerSession(1535227590)--Connection(1870563556)--Thread(Thread[Test worker,5,main])--Connection released to connection pool [default].
[EL Finer]: transaction: 2016-10-27 13:59:46.637--UnitOfWork(1868410570)--Thread(Thread[Test worker,5,main])--end unit of work commit
[EL Finer]: transaction: 2016-10-27 13:59:46.637--UnitOfWork(1868410570)--Thread(Thread[Test worker,5,main])--resume unit of work
[EL Finer]: transaction: 2016-10-27 13:59:46.637--UnitOfWork(1868410570)--Thread(Thread[Test worker,5,main])--release unit of work
[EL Finer]: connection: 2016-10-27 13:59:46.637--ClientSession(158677671)--Thread(Thread[Test worker,5,main])--client released
[EL Finer]: connection: 2016-10-27 13:59:46.637--ServerSession(1535227590)--Thread(Thread[Test worker,5,main])--client acquired: 2140643082
[EL Finer]: transaction: 2016-10-27 13:59:46.637--ClientSession(2140643082)--Thread(Thread[Test worker,5,main])--acquire unit of work: 994740983
[EL Finest]: connection: 2016-10-27 13:59:46.637--ServerSession(1535227590)--Connection(451509386)--Thread(Thread[Test worker,5,main])--Connection acquired from connection pool [default].
[EL Finer]: transaction: 2016-10-27 13:59:46.637--ClientSession(2140643082)--Connection(451509386)--Thread(Thread[Test worker,5,main])--begin transaction
[EL Finest]: connection: 2016-10-27 13:59:46.638--ClientSession(2140643082)--Thread(Thread[Test worker,5,main])--reconnecting to external connection pool
[EL Finest]: transaction: 2016-10-27 13:59:46.64--UnitOfWork(994740983)--Thread(Thread[Test worker,5,main])--Merge clone with references 
[EL Finest]: query: 2016-10-27 13:59:46.64--UnitOfWork(994740983)--Thread(Thread[Test worker,5,main])--Execute query ReadObjectQuery(referenceClass=EmailCommunication )
[EL Fine]: sql: 2016-10-27 13:59:46.64--ClientSession(2140643082)--Connection(1169959769)--Thread(Thread[Test worker,5,main])--SELECT emailCommId, commType, email, versionId, createdBy, createdDate, updatedBy, updatedDate, activeStatus, txnAccessCode FROM EmailCommunication WHERE (emailCommId = ?)
	bind => [74B7DFCA-47AE-420D-8BD2-D07BB8F564B0]
Thu Oct 27 13:59:46 UTC 2016|Unknown Alarm = ORGCM321100200 Alarm Split = ORG-CM-3-2-1-100-200
[EL Finer]: transaction: 2016-10-27 13:59:46.641--UnitOfWork(994740983)--Thread(Thread[Test worker,5,main])--begin unit of work commit
[EL Finest]: query: 2016-10-27 13:59:46.641--UnitOfWork(994740983)--Thread(Thread[Test worker,5,main])--Execute query UpdateObjectQuery()
[EL Fine]: sql: 2016-10-27 13:59:46.642--ClientSession(2140643082)--Connection(1169959769)--Thread(Thread[Test worker,5,main])--UPDATE EmailCommunication SET email = ?, versionId = ? WHERE ((emailCommId = ?) AND (versionId = ?))
	bind => [IFEndCK5ymS4UIMnhPV6viwJnxBhvqOz7BqXbxYy8iqpvlivrJ, 2, 74B7DFCA-47AE-420D-8BD2-D07BB8F564B0, 1]
[EL Finer]: transaction: 2016-10-27 13:59:46.643--ClientSession(2140643082)--Connection(1169959769)--Thread(Thread[Test worker,5,main])--commit transaction
[EL Finest]: connection: 2016-10-27 13:59:46.645--ServerSession(1535227590)--Connection(451509386)--Thread(Thread[Test worker,5,main])--Connection released to connection pool [default].
[EL Finer]: transaction: 2016-10-27 13:59:46.645--UnitOfWork(994740983)--Thread(Thread[Test worker,5,main])--end unit of work commit
[EL Finer]: transaction: 2016-10-27 13:59:46.645--UnitOfWork(994740983)--Thread(Thread[Test worker,5,main])--resume unit of work
[EL Finer]: transaction: 2016-10-27 13:59:46.645--UnitOfWork(994740983)--Thread(Thread[Test worker,5,main])--release unit of work
[EL Finer]: connection: 2016-10-27 13:59:46.645--ClientSession(2140643082)--Thread(Thread[Test worker,5,main])--client released
[EL Finer]: connection: 2016-10-27 13:59:46.663--ServerSession(1535227590)--Thread(Thread[Test worker,5,main])--client acquired: 509803289
[EL Finer]: transaction: 2016-10-27 13:59:46.663--ClientSession(509803289)--Thread(Thread[Test worker,5,main])--acquire unit of work: 1951610340
[EL Finest]: connection: 2016-10-27 13:59:46.664--ServerSession(1535227590)--Connection(49760102)--Thread(Thread[Test worker,5,main])--Connection acquired from connection pool [default].
[EL Finer]: transaction: 2016-10-27 13:59:46.664--ClientSession(509803289)--Connection(49760102)--Thread(Thread[Test worker,5,main])--begin transaction
[EL Finest]: connection: 2016-10-27 13:59:46.664--ClientSession(509803289)--Thread(Thread[Test worker,5,main])--reconnecting to external connection pool
[EL Finer]: transaction: 2016-10-27 13:59:46.665--UnitOfWork(1951610340)--Thread(Thread[Test worker,5,main])--begin unit of work flush
[EL Finer]: transaction: 2016-10-27 13:59:46.665--UnitOfWork(1951610340)--Thread(Thread[Test worker,5,main])--end unit of work flush
[EL Finest]: query: 2016-10-27 13:59:46.665--UnitOfWork(1951610340)--Thread(Thread[Test worker,5,main])--Execute query ReadAllQuery(name="EmailCommunication.findById" referenceClass=EmailCommunication sql="SELECT emailCommId, commType, email, versionId, createdBy, createdDate, updatedBy, updatedDate, activeStatus, txnAccessCode FROM EmailCommunication WHERE ((activeStatus = ?) AND (emailCommId = ?))")
[EL Fine]: sql: 2016-10-27 13:59:46.665--ClientSession(509803289)--Connection(1621045947)--Thread(Thread[Test worker,5,main])--SELECT emailCommId, commType, email, versionId, createdBy, createdDate, updatedBy, updatedDate, activeStatus, txnAccessCode FROM EmailCommunication WHERE ((activeStatus = ?) AND (emailCommId = ?))
	bind => [1, 74B7DFCA-47AE-420D-8BD2-D07BB8F564B0]
Thu Oct 27 13:59:46 UTC 2016|Unknown Alarm = ORGCM324100200 Alarm Split = ORG-CM-3-2-4-100-200
[EL Finer]: transaction: 2016-10-27 13:59:46.666--UnitOfWork(1951610340)--Thread(Thread[Test worker,5,main])--begin unit of work commit
[EL Finer]: transaction: 2016-10-27 13:59:46.666--ClientSession(509803289)--Connection(1621045947)--Thread(Thread[Test worker,5,main])--commit transaction
[EL Finest]: connection: 2016-10-27 13:59:46.667--ServerSession(1535227590)--Connection(49760102)--Thread(Thread[Test worker,5,main])--Connection released to connection pool [default].
[EL Finer]: transaction: 2016-10-27 13:59:46.667--UnitOfWork(1951610340)--Thread(Thread[Test worker,5,main])--end unit of work commit
[EL Finer]: transaction: 2016-10-27 13:59:46.667--UnitOfWork(1951610340)--Thread(Thread[Test worker,5,main])--resume unit of work
[EL Finer]: transaction: 2016-10-27 13:59:46.667--UnitOfWork(1951610340)--Thread(Thread[Test worker,5,main])--release unit of work
[EL Finer]: connection: 2016-10-27 13:59:46.667--ClientSession(509803289)--Thread(Thread[Test worker,5,main])--client released
[EL Finer]: connection: 2016-10-27 13:59:46.684--ServerSession(1535227590)--Thread(Thread[Test worker,5,main])--client acquired: 1395386361
[EL Finer]: transaction: 2016-10-27 13:59:46.684--ClientSession(1395386361)--Thread(Thread[Test worker,5,main])--acquire unit of work: 1737144087
[EL Finest]: connection: 2016-10-27 13:59:46.684--ServerSession(1535227590)--Connection(1140489244)--Thread(Thread[Test worker,5,main])--Connection acquired from connection pool [default].
[EL Finer]: transaction: 2016-10-27 13:59:46.684--ClientSession(1395386361)--Connection(1140489244)--Thread(Thread[Test worker,5,main])--begin transaction
[EL Finest]: connection: 2016-10-27 13:59:46.684--ClientSession(1395386361)--Thread(Thread[Test worker,5,main])--reconnecting to external connection pool
[EL Finer]: transaction: 2016-10-27 13:59:46.686--UnitOfWork(1737144087)--Thread(Thread[Test worker,5,main])--begin unit of work flush
[EL Finer]: transaction: 2016-10-27 13:59:46.686--UnitOfWork(1737144087)--Thread(Thread[Test worker,5,main])--end unit of work flush
[EL Finest]: query: 2016-10-27 13:59:46.686--UnitOfWork(1737144087)--Thread(Thread[Test worker,5,main])--Execute query ReadAllQuery(name="EmailCommunication.findByCommType" referenceClass=EmailCommunication sql="SELECT emailCommId, commType, email, versionId, createdBy, createdDate, updatedBy, updatedDate, activeStatus, txnAccessCode FROM EmailCommunication WHERE ((activeStatus = ?) AND (commType = ?))")
[EL Fine]: sql: 2016-10-27 13:59:46.686--ClientSession(1395386361)--Connection(1075898365)--Thread(Thread[Test worker,5,main])--SELECT emailCommId, commType, email, versionId, createdBy, createdDate, updatedBy, updatedDate, activeStatus, txnAccessCode FROM EmailCommunication WHERE ((activeStatus = ?) AND (commType = ?))
	bind => [1, 4FD0B6EF-4794-4621-B5CB-FDA014783ED7]
Thu Oct 27 13:59:46 UTC 2016|Unknown Alarm = ORGCM324100200 Alarm Split = ORG-CM-3-2-4-100-200
[EL Finer]: transaction: 2016-10-27 13:59:46.687--UnitOfWork(1737144087)--Thread(Thread[Test worker,5,main])--begin unit of work commit
[EL Finer]: transaction: 2016-10-27 13:59:46.688--ClientSession(1395386361)--Connection(1075898365)--Thread(Thread[Test worker,5,main])--commit transaction
[EL Finest]: connection: 2016-10-27 13:59:46.688--ServerSession(1535227590)--Connection(1140489244)--Thread(Thread[Test worker,5,main])--Connection released to connection pool [default].
[EL Finer]: transaction: 2016-10-27 13:59:46.688--UnitOfWork(1737144087)--Thread(Thread[Test worker,5,main])--end unit of work commit
[EL Finer]: transaction: 2016-10-27 13:59:46.688--UnitOfWork(1737144087)--Thread(Thread[Test worker,5,main])--resume unit of work
[EL Finer]: transaction: 2016-10-27 13:59:46.688--UnitOfWork(1737144087)--Thread(Thread[Test worker,5,main])--release unit of work
[EL Finer]: connection: 2016-10-27 13:59:46.688--ClientSession(1395386361)--Thread(Thread[Test worker,5,main])--client released
[EL Finer]: connection: 2016-10-27 13:59:46.715--ServerSession(1535227590)--Thread(Thread[Test worker,5,main])--client acquired: 1295924010
[EL Finer]: transaction: 2016-10-27 13:59:46.715--ClientSession(1295924010)--Thread(Thread[Test worker,5,main])--acquire unit of work: 815688196
[EL Finest]: connection: 2016-10-27 13:59:46.715--ServerSession(1535227590)--Connection(1883391371)--Thread(Thread[Test worker,5,main])--Connection acquired from connection pool [default].
[EL Finer]: transaction: 2016-10-27 13:59:46.716--ClientSession(1295924010)--Connection(1883391371)--Thread(Thread[Test worker,5,main])--begin transaction
[EL Finest]: connection: 2016-10-27 13:59:46.716--ClientSession(1295924010)--Thread(Thread[Test worker,5,main])--reconnecting to external connection pool
[EL Finest]: query: 2016-10-27 13:59:46.717--UnitOfWork(815688196)--Thread(Thread[Test worker,5,main])--Execute query ReadObjectQuery(name="readEmailCommunication" referenceClass=EmailCommunication sql="SELECT emailCommId, commType, email, versionId, createdBy, createdDate, updatedBy, updatedDate, activeStatus, txnAccessCode FROM EmailCommunication WHERE (emailCommId = ?)")
[EL Fine]: sql: 2016-10-27 13:59:46.717--ClientSession(1295924010)--Connection(320545034)--Thread(Thread[Test worker,5,main])--SELECT emailCommId, commType, email, versionId, createdBy, createdDate, updatedBy, updatedDate, activeStatus, txnAccessCode FROM EmailCommunication WHERE (emailCommId = ?)
	bind => [74B7DFCA-47AE-420D-8BD2-D07BB8F564B0]
[EL Finest]: transaction: 2016-10-27 13:59:46.718--UnitOfWork(815688196)--Thread(Thread[Test worker,5,main])--remove() operation called on: 
Thu Oct 27 13:59:46 UTC 2016|Unknown Alarm = ORGCM328100200 Alarm Split = ORG-CM-3-2-8-100-200
[EL Finer]: transaction: 2016-10-27 13:59:46.719--UnitOfWork(815688196)--Thread(Thread[Test worker,5,main])--begin unit of work commit
[EL Finest]: query: 2016-10-27 13:59:46.719--UnitOfWork(815688196)--Thread(Thread[Test worker,5,main])--Execute query DoesExistQuery(referenceClass=EmailCommunication )
[EL Finest]: query: 2016-10-27 13:59:46.719--UnitOfWork(815688196)--Thread(Thread[Test worker,5,main])--Execute query DeleteObjectQuery()
[EL Fine]: sql: 2016-10-27 13:59:46.719--ClientSession(1295924010)--Connection(320545034)--Thread(Thread[Test worker,5,main])--DELETE FROM EmailCommunication WHERE ((emailCommId = ?) AND (versionId = ?))
	bind => [74B7DFCA-47AE-420D-8BD2-D07BB8F564B0, 2]
[EL Finer]: transaction: 2016-10-27 13:59:46.72--ClientSession(1295924010)--Connection(320545034)--Thread(Thread[Test worker,5,main])--commit transaction
[EL Finest]: connection: 2016-10-27 13:59:46.723--ServerSession(1535227590)--Connection(1883391371)--Thread(Thread[Test worker,5,main])--Connection released to connection pool [default].
[EL Finer]: transaction: 2016-10-27 13:59:46.723--UnitOfWork(815688196)--Thread(Thread[Test worker,5,main])--end unit of work commit
[EL Finer]: transaction: 2016-10-27 13:59:46.723--UnitOfWork(815688196)--Thread(Thread[Test worker,5,main])--resume unit of work
[EL Finer]: transaction: 2016-10-27 13:59:46.723--UnitOfWork(815688196)--Thread(Thread[Test worker,5,main])--release unit of work
[EL Finer]: connection: 2016-10-27 13:59:46.723--ClientSession(1295924010)--Thread(Thread[Test worker,5,main])--client released
[EL Finer]: connection: 2016-10-27 13:59:46.737--ServerSession(1535227590)--Thread(Thread[Test worker,5,main])--client acquired: 1337974491
[EL Finer]: transaction: 2016-10-27 13:59:46.737--ClientSession(1337974491)--Thread(Thread[Test worker,5,main])--acquire unit of work: 1036002500
[EL Finest]: connection: 2016-10-27 13:59:46.737--ServerSession(1535227590)--Connection(296607624)--Thread(Thread[Test worker,5,main])--Connection acquired from connection pool [default].
[EL Finer]: transaction: 2016-10-27 13:59:46.737--ClientSession(1337974491)--Connection(296607624)--Thread(Thread[Test worker,5,main])--begin transaction
[EL Finest]: connection: 2016-10-27 13:59:46.737--ClientSession(1337974491)--Thread(Thread[Test worker,5,main])--reconnecting to external connection pool
[EL Finest]: query: 2016-10-27 13:59:46.738--UnitOfWork(1036002500)--Thread(Thread[Test worker,5,main])--Execute query ReadObjectQuery(name="readEmailCategory" referenceClass=EmailCategory sql="SELECT emailCatId, emailCatName, versionId, createdBy, createdDate, updatedBy, updatedDate, activeStatus, txnAccessCode FROM EmailCategory WHERE (emailCatId = ?)")
[EL Fine]: sql: 2016-10-27 13:59:46.739--ClientSession(1337974491)--Connection(1798239679)--Thread(Thread[Test worker,5,main])--SELECT emailCatId, emailCatName, versionId, createdBy, createdDate, updatedBy, updatedDate, activeStatus, txnAccessCode FROM EmailCategory WHERE (emailCatId = ?)
	bind => [4FD0B6EF-4794-4621-B5CB-FDA014783ED7]
[EL Finest]: transaction: 2016-10-27 13:59:46.74--UnitOfWork(1036002500)--Thread(Thread[Test worker,5,main])--remove() operation called on: VCSqqQrBKO1eJEFRv3LMFb7fBcimajzuDNi3nxZlfp0L8dQlRn
Thu Oct 27 13:59:46 UTC 2016|Unknown Alarm = ORGCM328100200 Alarm Split = ORG-CM-3-2-8-100-200
[EL Finer]: transaction: 2016-10-27 13:59:46.74--UnitOfWork(1036002500)--Thread(Thread[Test worker,5,main])--begin unit of work commit
[EL Finest]: query: 2016-10-27 13:59:46.74--UnitOfWork(1036002500)--Thread(Thread[Test worker,5,main])--Execute query DoesExistQuery(referenceClass=EmailCategory )
[EL Finest]: query: 2016-10-27 13:59:46.741--UnitOfWork(1036002500)--Thread(Thread[Test worker,5,main])--Execute query DeleteObjectQuery(VCSqqQrBKO1eJEFRv3LMFb7fBcimajzuDNi3nxZlfp0L8dQlRn)
[EL Fine]: sql: 2016-10-27 13:59:46.741--ClientSession(1337974491)--Connection(1798239679)--Thread(Thread[Test worker,5,main])--DELETE FROM EmailCategory WHERE ((emailCatId = ?) AND (versionId = ?))
	bind => [4FD0B6EF-4794-4621-B5CB-FDA014783ED7, 1]
[EL Finer]: transaction: 2016-10-27 13:59:46.742--ClientSession(1337974491)--Connection(1798239679)--Thread(Thread[Test worker,5,main])--commit transaction
[EL Finest]: connection: 2016-10-27 13:59:46.744--ServerSession(1535227590)--Connection(296607624)--Thread(Thread[Test worker,5,main])--Connection released to connection pool [default].
[EL Finer]: transaction: 2016-10-27 13:59:46.745--UnitOfWork(1036002500)--Thread(Thread[Test worker,5,main])--end unit of work commit
[EL Finer]: transaction: 2016-10-27 13:59:46.745--UnitOfWork(1036002500)--Thread(Thread[Test worker,5,main])--resume unit of work
[EL Finer]: transaction: 2016-10-27 13:59:46.745--UnitOfWork(1036002500)--Thread(Thread[Test worker,5,main])--release unit of work
[EL Finer]: connection: 2016-10-27 13:59:46.745--ClientSession(1337974491)--Thread(Thread[Test worker,5,main])--client released
]]></system-out>
  <system-err><![CDATA[EmailCommunication.email may not be null
java.lang.SecurityException: EmailCommunication.email may not be null
	at com.athena.server.pluggable.utils.helper.EntityValidatorHelper.validateEntity(EntityValidatorHelper.java:37)
	at com.app.shared.organization.contactmanagement.EmailCommunication.isValid(EmailCommunication.java:161)
	at com.app.server.service.organization.contactmanagement.EmailCommunicationTestCase.validateEmailCommunication(EmailCommunicationTestCase.java:230)
	at com.app.server.service.organization.contactmanagement.EmailCommunicationTestCase.test5NegativeTesting(EmailCommunicationTestCase.java:261)
	at sun.reflect.NativeMethodAccessorImpl.invoke0(Native Method)
	at sun.reflect.NativeMethodAccessorImpl.invoke(NativeMethodAccessorImpl.java:57)
	at sun.reflect.DelegatingMethodAccessorImpl.invoke(DelegatingMethodAccessorImpl.java:43)
	at java.lang.reflect.Method.invoke(Method.java:606)
	at org.junit.runners.model.FrameworkMethod$1.runReflectiveCall(FrameworkMethod.java:47)
	at org.junit.internal.runners.model.ReflectiveCallable.run(ReflectiveCallable.java:12)
	at org.junit.runners.model.FrameworkMethod.invokeExplosively(FrameworkMethod.java:44)
	at org.junit.internal.runners.statements.InvokeMethod.evaluate(InvokeMethod.java:17)
	at org.junit.internal.runners.statements.RunBefores.evaluate(RunBefores.java:26)
	at org.springframework.test.context.junit4.statements.RunBeforeTestMethodCallbacks.evaluate(RunBeforeTestMethodCallbacks.java:74)
	at org.junit.internal.runners.statements.RunAfters.evaluate(RunAfters.java:27)
	at org.springframework.test.context.junit4.statements.RunAfterTestMethodCallbacks.evaluate(RunAfterTestMethodCallbacks.java:83)
	at org.springframework.test.context.junit4.statements.SpringRepeat.evaluate(SpringRepeat.java:72)
	at org.springframework.test.context.junit4.SpringJUnit4ClassRunner.runChild(SpringJUnit4ClassRunner.java:233)
	at org.springframework.test.context.junit4.SpringJUnit4ClassRunner.runChild(SpringJUnit4ClassRunner.java:87)
	at org.junit.runners.ParentRunner$3.run(ParentRunner.java:238)
	at org.junit.runners.ParentRunner$1.schedule(ParentRunner.java:63)
	at org.junit.runners.ParentRunner.runChildren(ParentRunner.java:236)
	at org.junit.runners.ParentRunner.access$000(ParentRunner.java:53)
	at org.junit.runners.ParentRunner$2.evaluate(ParentRunner.java:229)
	at org.junit.internal.runners.statements.RunBefores.evaluate(RunBefores.java:26)
	at org.springframework.test.context.junit4.statements.RunBeforeTestClassCallbacks.evaluate(RunBeforeTestClassCallbacks.java:61)
	at org.springframework.test.context.junit4.statements.RunAfterTestClassCallbacks.evaluate(RunAfterTestClassCallbacks.java:71)
	at org.junit.runners.ParentRunner.run(ParentRunner.java:309)
	at org.springframework.test.context.junit4.SpringJUnit4ClassRunner.run(SpringJUnit4ClassRunner.java:176)
	at org.gradle.api.internal.tasks.testing.junit.JUnitTestClassExecuter.runTestClass(JUnitTestClassExecuter.java:86)
	at org.gradle.api.internal.tasks.testing.junit.JUnitTestClassExecuter.execute(JUnitTestClassExecuter.java:49)
	at org.gradle.api.internal.tasks.testing.junit.JUnitTestClassProcessor.processTestClass(JUnitTestClassProcessor.java:64)
	at org.gradle.api.internal.tasks.testing.SuiteTestClassProcessor.processTestClass(SuiteTestClassProcessor.java:50)
	at sun.reflect.GeneratedMethodAccessor109.invoke(Unknown Source)
	at sun.reflect.DelegatingMethodAccessorImpl.invoke(DelegatingMethodAccessorImpl.java:43)
	at java.lang.reflect.Method.invoke(Method.java:606)
	at org.gradle.messaging.dispatch.ReflectionDispatch.dispatch(ReflectionDispatch.java:35)
	at org.gradle.messaging.dispatch.ReflectionDispatch.dispatch(ReflectionDispatch.java:24)
	at org.gradle.messaging.dispatch.ContextClassLoaderDispatch.dispatch(ContextClassLoaderDispatch.java:32)
	at org.gradle.messaging.dispatch.ProxyDispatchAdapter$DispatchingInvocationHandler.invoke(ProxyDispatchAdapter.java:93)
	at com.sun.proxy.$Proxy2.processTestClass(Unknown Source)
	at org.gradle.api.internal.tasks.testing.worker.TestWorker.processTestClass(TestWorker.java:106)
	at sun.reflect.GeneratedMethodAccessor108.invoke(Unknown Source)
	at sun.reflect.DelegatingMethodAccessorImpl.invoke(DelegatingMethodAccessorImpl.java:43)
	at java.lang.reflect.Method.invoke(Method.java:606)
	at org.gradle.messaging.dispatch.ReflectionDispatch.dispatch(ReflectionDispatch.java:35)
	at org.gradle.messaging.dispatch.ReflectionDispatch.dispatch(ReflectionDispatch.java:24)
	at org.gradle.messaging.remote.internal.hub.MessageHub$Handler.run(MessageHub.java:360)
	at org.gradle.internal.concurrent.DefaultExecutorFactory$StoppableExecutorImpl$1.run(DefaultExecutorFactory.java:64)
	at java.util.concurrent.ThreadPoolExecutor.runWorker(ThreadPoolExecutor.java:1145)
	at java.util.concurrent.ThreadPoolExecutor$Worker.run(ThreadPoolExecutor.java:615)
	at java.lang.Thread.run(Thread.java:745)
EmailCommunication.email size must be between 1 and 256
java.lang.SecurityException: EmailCommunication.email size must be between 1 and 256
	at com.athena.server.pluggable.utils.helper.EntityValidatorHelper.validateEntity(EntityValidatorHelper.java:37)
	at com.app.shared.organization.contactmanagement.EmailCommunication.isValid(EmailCommunication.java:161)
	at com.app.server.service.organization.contactmanagement.EmailCommunicationTestCase.validateEmailCommunication(EmailCommunicationTestCase.java:228)
	at com.app.server.service.organization.contactmanagement.EmailCommunicationTestCase.test5NegativeTesting(EmailCommunicationTestCase.java:266)
	at sun.reflect.NativeMethodAccessorImpl.invoke0(Native Method)
	at sun.reflect.NativeMethodAccessorImpl.invoke(NativeMethodAccessorImpl.java:57)
	at sun.reflect.DelegatingMethodAccessorImpl.invoke(DelegatingMethodAccessorImpl.java:43)
	at java.lang.reflect.Method.invoke(Method.java:606)
	at org.junit.runners.model.FrameworkMethod$1.runReflectiveCall(FrameworkMethod.java:47)
	at org.junit.internal.runners.model.ReflectiveCallable.run(ReflectiveCallable.java:12)
	at org.junit.runners.model.FrameworkMethod.invokeExplosively(FrameworkMethod.java:44)
	at org.junit.internal.runners.statements.InvokeMethod.evaluate(InvokeMethod.java:17)
	at org.junit.internal.runners.statements.RunBefores.evaluate(RunBefores.java:26)
	at org.springframework.test.context.junit4.statements.RunBeforeTestMethodCallbacks.evaluate(RunBeforeTestMethodCallbacks.java:74)
	at org.junit.internal.runners.statements.RunAfters.evaluate(RunAfters.java:27)
	at org.springframework.test.context.junit4.statements.RunAfterTestMethodCallbacks.evaluate(RunAfterTestMethodCallbacks.java:83)
	at org.springframework.test.context.junit4.statements.SpringRepeat.evaluate(SpringRepeat.java:72)
	at org.springframework.test.context.junit4.SpringJUnit4ClassRunner.runChild(SpringJUnit4ClassRunner.java:233)
	at org.springframework.test.context.junit4.SpringJUnit4ClassRunner.runChild(SpringJUnit4ClassRunner.java:87)
	at org.junit.runners.ParentRunner$3.run(ParentRunner.java:238)
	at org.junit.runners.ParentRunner$1.schedule(ParentRunner.java:63)
	at org.junit.runners.ParentRunner.runChildren(ParentRunner.java:236)
	at org.junit.runners.ParentRunner.access$000(ParentRunner.java:53)
	at org.junit.runners.ParentRunner$2.evaluate(ParentRunner.java:229)
	at org.junit.internal.runners.statements.RunBefores.evaluate(RunBefores.java:26)
	at org.springframework.test.context.junit4.statements.RunBeforeTestClassCallbacks.evaluate(RunBeforeTestClassCallbacks.java:61)
	at org.springframework.test.context.junit4.statements.RunAfterTestClassCallbacks.evaluate(RunAfterTestClassCallbacks.java:71)
	at org.junit.runners.ParentRunner.run(ParentRunner.java:309)
	at org.springframework.test.context.junit4.SpringJUnit4ClassRunner.run(SpringJUnit4ClassRunner.java:176)
	at org.gradle.api.internal.tasks.testing.junit.JUnitTestClassExecuter.runTestClass(JUnitTestClassExecuter.java:86)
	at org.gradle.api.internal.tasks.testing.junit.JUnitTestClassExecuter.execute(JUnitTestClassExecuter.java:49)
	at org.gradle.api.internal.tasks.testing.junit.JUnitTestClassProcessor.processTestClass(JUnitTestClassProcessor.java:64)
	at org.gradle.api.internal.tasks.testing.SuiteTestClassProcessor.processTestClass(SuiteTestClassProcessor.java:50)
	at sun.reflect.GeneratedMethodAccessor109.invoke(Unknown Source)
	at sun.reflect.DelegatingMethodAccessorImpl.invoke(DelegatingMethodAccessorImpl.java:43)
	at java.lang.reflect.Method.invoke(Method.java:606)
	at org.gradle.messaging.dispatch.ReflectionDispatch.dispatch(ReflectionDispatch.java:35)
	at org.gradle.messaging.dispatch.ReflectionDispatch.dispatch(ReflectionDispatch.java:24)
	at org.gradle.messaging.dispatch.ContextClassLoaderDispatch.dispatch(ContextClassLoaderDispatch.java:32)
	at org.gradle.messaging.dispatch.ProxyDispatchAdapter$DispatchingInvocationHandler.invoke(ProxyDispatchAdapter.java:93)
	at com.sun.proxy.$Proxy2.processTestClass(Unknown Source)
	at org.gradle.api.internal.tasks.testing.worker.TestWorker.processTestClass(TestWorker.java:106)
	at sun.reflect.GeneratedMethodAccessor108.invoke(Unknown Source)
	at sun.reflect.DelegatingMethodAccessorImpl.invoke(DelegatingMethodAccessorImpl.java:43)
	at java.lang.reflect.Method.invoke(Method.java:606)
	at org.gradle.messaging.dispatch.ReflectionDispatch.dispatch(ReflectionDispatch.java:35)
	at org.gradle.messaging.dispatch.ReflectionDispatch.dispatch(ReflectionDispatch.java:24)
	at org.gradle.messaging.remote.internal.hub.MessageHub$Handler.run(MessageHub.java:360)
	at org.gradle.internal.concurrent.DefaultExecutorFactory$StoppableExecutorImpl$1.run(DefaultExecutorFactory.java:64)
	at java.util.concurrent.ThreadPoolExecutor.runWorker(ThreadPoolExecutor.java:1145)
	at java.util.concurrent.ThreadPoolExecutor$Worker.run(ThreadPoolExecutor.java:615)
	at java.lang.Thread.run(Thread.java:745)
]]></system-err>
</testsuite>
